<?xml version="1.0" encoding="UTF-8"?>
<!-- Generated by org.testng.reporters.JUnitReportReporter -->
<testsuite hostname="LAPTOP-L9I71BEA" name="com.lima.test.AdjunoLIMADeliveryBookingTest" tests="23" failures="8" timestamp="2 Feb 2018 12:31:24 GMT" time="1202.560" errors="1">
  <testcase name="test_7_VerifyHaulierDropDownValues" time="0.109" classname="com.lima.test.AdjunoLIMADeliveryBookingTest">
    <failure type="java.lang.AssertionError" message="The following asserts failed:
	***** Test ID : 7Haulier Drop Down Won&#039;t have any Value***** expected [true] but found [false]">
      <![CDATA[java.lang.AssertionError: The following asserts failed:
	***** Test ID : 7Haulier Drop Down Won't have any Value***** expected [true] but found [false]
	at org.testng.asserts.SoftAssert.assertAll(SoftAssert.java:43)
	at com.lima.test.AdjunoLIMADeliveryBookingTest.test_7_VerifyHaulierDropDownValues(AdjunoLIMADeliveryBookingTest.java:549)
	at sun.reflect.NativeMethodAccessorImpl.invoke0(Native Method)
	at sun.reflect.NativeMethodAccessorImpl.invoke(Unknown Source)
	at sun.reflect.DelegatingMethodAccessorImpl.invoke(Unknown Source)
	at java.lang.reflect.Method.invoke(Unknown Source)
	at org.testng.internal.MethodInvocationHelper.invokeMethod(MethodInvocationHelper.java:100)
	at org.testng.internal.Invoker.invokeMethod(Invoker.java:646)
	at org.testng.internal.Invoker.invokeTestMethod(Invoker.java:811)
	at org.testng.internal.Invoker.invokeTestMethods(Invoker.java:1129)
	at org.testng.internal.TestMethodWorker.invokeTestMethods(TestMethodWorker.java:129)
	at org.testng.internal.TestMethodWorker.run(TestMethodWorker.java:112)
	at org.testng.TestRunner.privateRun(TestRunner.java:746)
	at org.testng.TestRunner.run(TestRunner.java:600)
	at org.testng.SuiteRunner.runTest(SuiteRunner.java:366)
	at org.testng.SuiteRunner.runSequentially(SuiteRunner.java:361)
	at org.testng.SuiteRunner.privateRun(SuiteRunner.java:319)
	at org.testng.SuiteRunner.run(SuiteRunner.java:268)
	at org.testng.SuiteRunnerWorker.runSuite(SuiteRunnerWorker.java:52)
	at org.testng.SuiteRunnerWorker.run(SuiteRunnerWorker.java:86)
	at org.testng.TestNG.runSuitesSequentially(TestNG.java:1264)
	at org.testng.TestNG.runSuitesLocally(TestNG.java:1189)
	at org.testng.TestNG.runSuites(TestNG.java:1104)
	at org.testng.TestNG.run(TestNG.java:1076)
	at org.testng.remote.AbstractRemoteTestNG.run(AbstractRemoteTestNG.java:126)
	at org.testng.remote.RemoteTestNG.initAndRun(RemoteTestNG.java:152)
	at org.testng.remote.RemoteTestNG.main(RemoteTestNG.java:57)
]]>
    </failure>
  </testcase> <!-- test_7_VerifyHaulierDropDownValues -->
  <testcase name="test_21_verifyLoadingValue" time="142.980" classname="com.lima.test.AdjunoLIMADeliveryBookingTest">
    <failure type="java.lang.AssertionError" message="The following asserts failed:
	***** Test ID:21-   AIR Loading value is not matching with FULL LOAD  AIR Loading value is not matching with CY/CY  AIR Loading value is not matching with CY/CY  AIR Loading value is not matching with CFS/CY  AIR Loading value is not matching with CY/CY  AIR Loading value is not matching with CFS/CY  AIR Loading value is not matching with CFS/CY  AIR Loading value is not matching with CFS/CY  AIR Loading value is not matching with CFS/CY  AIR Loading value is not matching with CFS/CY  AIR Loading value is not matching with CFS/CY  AIR Loading value is not matching with CY/CY  AIR Loading value is not matching with CY/CY  AIR Loading value is not matching with CY/CY  AIR Loading value is not matching with CFS/CY  AIR Loading value is not matching with CY/CY  AIR Loading value is not matching with CFS/CFS  AIR Loading value is not matching with CFS/CFS  AIR Loading value is not matching with CFS/CFS  AIR Loading value is not matching with CFS/CFS  AIR Loading value is not matching with CFS/CFS  AIR Loading value is not matching with CFS/CY  AIR Loading value is not matching with CY/CY  AIR Loading value is not matching with CY/CY  AIR Loading value is not matching with CY/CY  AIR Loading value is not matching with CY/CY  AIR Loading value is not matching with CFS/CY  AIR Loading value is not matching with CFS/CY  AIR Loading value is not matching with CY/CY  AIR Loading value is not matching with CFS/CFS  AIR Loading value is not matching with CFS/CFS  AIR Loading value is not matching with CFS/CFS  AIR Loading value is not matching with CFS/CFS  AIR Loading value is not matching with CFS/CFS  AIR Loading value is not matching with CFS/CY  AIR Loading value is not matching with CFS/CY  AIR Loading value is not matching with CFS/CY  AIR Loading value is not matching with CFS/CY  AIR Loading value is not matching with CY/CY  AIR Loading value is not matching with CY/CY  AIR Loading value is not matching with CFS/CY  AIR Loading value is not matching with CFS/CY  AIR Loading value is not matching with CFS/CFS  AIR Loading value is not matching with CFS/CY  AIR Loading value is not matching with CFS/CFS  AIR Loading value is not matching with CFS/CY  AIR Loading value is not matching with CY/CY  AIR Loading value is not matching with CY/CY  AIR Loading value is not matching with CY/CY  AIR Loading value is not matching with CY/CY  AIR Loading value is not matching with CFS/CY  AIR Loading value is not matching with CFS/CY  AIR Loading value is not matching with CFS/CY  AIR Loading value is not matching with CY/CY  AIR Loading value is not matching with CY/CY  AIR Loading value is not matching with CY/CY  AIR Loading value is not matching with CFS/CY  AIR Loading value is not matching with CY/CY  AIR Loading value is not matching with CY/CY  AIR Loading value is not matching with CFS/CY  AIR Loading value is not matching with CFS/CY  AIR Loading value is not matching with CFS/CY  AIR Loading value is not matching with CFS/CY  AIR Loading value is not matching with CY/CY  AIR Loading value is not matching with CY/CY  AIR Loading value is not matching with CY/CY  AIR Loading value is not matching with CY/CY  AIR Loading value is not matching with CY/CY  AIR Loading value is not matching with CY/CY  AIR Loading value is not matching with CFS/CFS  AIR Loading value is not matching with CFS/CFS  AIR Loading value is not matching with CFS/CFS  AIR Loading value is not matching with CFS/CFS  AIR Loading value is not matching with CFS/CY  AIR Loading value is not matching with CY/CY  AIR Loading value is not matching with CY/CY  AIR Loading value is not matching with CY/CY  AIR Loading value is not matching with CFS/CFS  AIR Loading value is not matching with CFS/CFS  AIR Loading value is not matching with CFS/CFS  AIR Loading value is not matching with CFS/CFS  AIR Loading value is not matching with CFS/CFS *****  expected [true] but found [false]">
      <![CDATA[java.lang.AssertionError: The following asserts failed:
	***** Test ID:21-   AIR Loading value is not matching with FULL LOAD  AIR Loading value is not matching with CY/CY  AIR Loading value is not matching with CY/CY  AIR Loading value is not matching with CFS/CY  AIR Loading value is not matching with CY/CY  AIR Loading value is not matching with CFS/CY  AIR Loading value is not matching with CFS/CY  AIR Loading value is not matching with CFS/CY  AIR Loading value is not matching with CFS/CY  AIR Loading value is not matching with CFS/CY  AIR Loading value is not matching with CFS/CY  AIR Loading value is not matching with CY/CY  AIR Loading value is not matching with CY/CY  AIR Loading value is not matching with CY/CY  AIR Loading value is not matching with CFS/CY  AIR Loading value is not matching with CY/CY  AIR Loading value is not matching with CFS/CFS  AIR Loading value is not matching with CFS/CFS  AIR Loading value is not matching with CFS/CFS  AIR Loading value is not matching with CFS/CFS  AIR Loading value is not matching with CFS/CFS  AIR Loading value is not matching with CFS/CY  AIR Loading value is not matching with CY/CY  AIR Loading value is not matching with CY/CY  AIR Loading value is not matching with CY/CY  AIR Loading value is not matching with CY/CY  AIR Loading value is not matching with CFS/CY  AIR Loading value is not matching with CFS/CY  AIR Loading value is not matching with CY/CY  AIR Loading value is not matching with CFS/CFS  AIR Loading value is not matching with CFS/CFS  AIR Loading value is not matching with CFS/CFS  AIR Loading value is not matching with CFS/CFS  AIR Loading value is not matching with CFS/CFS  AIR Loading value is not matching with CFS/CY  AIR Loading value is not matching with CFS/CY  AIR Loading value is not matching with CFS/CY  AIR Loading value is not matching with CFS/CY  AIR Loading value is not matching with CY/CY  AIR Loading value is not matching with CY/CY  AIR Loading value is not matching with CFS/CY  AIR Loading value is not matching with CFS/CY  AIR Loading value is not matching with CFS/CFS  AIR Loading value is not matching with CFS/CY  AIR Loading value is not matching with CFS/CFS  AIR Loading value is not matching with CFS/CY  AIR Loading value is not matching with CY/CY  AIR Loading value is not matching with CY/CY  AIR Loading value is not matching with CY/CY  AIR Loading value is not matching with CY/CY  AIR Loading value is not matching with CFS/CY  AIR Loading value is not matching with CFS/CY  AIR Loading value is not matching with CFS/CY  AIR Loading value is not matching with CY/CY  AIR Loading value is not matching with CY/CY  AIR Loading value is not matching with CY/CY  AIR Loading value is not matching with CFS/CY  AIR Loading value is not matching with CY/CY  AIR Loading value is not matching with CY/CY  AIR Loading value is not matching with CFS/CY  AIR Loading value is not matching with CFS/CY  AIR Loading value is not matching with CFS/CY  AIR Loading value is not matching with CFS/CY  AIR Loading value is not matching with CY/CY  AIR Loading value is not matching with CY/CY  AIR Loading value is not matching with CY/CY  AIR Loading value is not matching with CY/CY  AIR Loading value is not matching with CY/CY  AIR Loading value is not matching with CY/CY  AIR Loading value is not matching with CFS/CFS  AIR Loading value is not matching with CFS/CFS  AIR Loading value is not matching with CFS/CFS  AIR Loading value is not matching with CFS/CFS  AIR Loading value is not matching with CFS/CY  AIR Loading value is not matching with CY/CY  AIR Loading value is not matching with CY/CY  AIR Loading value is not matching with CY/CY  AIR Loading value is not matching with CFS/CFS  AIR Loading value is not matching with CFS/CFS  AIR Loading value is not matching with CFS/CFS  AIR Loading value is not matching with CFS/CFS  AIR Loading value is not matching with CFS/CFS *****  expected [true] but found [false]
	at org.testng.asserts.SoftAssert.assertAll(SoftAssert.java:43)
	at com.lima.test.AdjunoLIMADeliveryBookingTest.test_21_verifyLoadingValue(AdjunoLIMADeliveryBookingTest.java:1138)
	at sun.reflect.NativeMethodAccessorImpl.invoke0(Native Method)
	at sun.reflect.NativeMethodAccessorImpl.invoke(Unknown Source)
	at sun.reflect.DelegatingMethodAccessorImpl.invoke(Unknown Source)
	at java.lang.reflect.Method.invoke(Unknown Source)
	at org.testng.internal.MethodInvocationHelper.invokeMethod(MethodInvocationHelper.java:100)
	at org.testng.internal.Invoker.invokeMethod(Invoker.java:646)
	at org.testng.internal.Invoker.invokeTestMethod(Invoker.java:811)
	at org.testng.internal.Invoker.invokeTestMethods(Invoker.java:1129)
	at org.testng.internal.TestMethodWorker.invokeTestMethods(TestMethodWorker.java:129)
	at org.testng.internal.TestMethodWorker.run(TestMethodWorker.java:112)
	at org.testng.TestRunner.privateRun(TestRunner.java:746)
	at org.testng.TestRunner.run(TestRunner.java:600)
	at org.testng.SuiteRunner.runTest(SuiteRunner.java:366)
	at org.testng.SuiteRunner.runSequentially(SuiteRunner.java:361)
	at org.testng.SuiteRunner.privateRun(SuiteRunner.java:319)
	at org.testng.SuiteRunner.run(SuiteRunner.java:268)
	at org.testng.SuiteRunnerWorker.runSuite(SuiteRunnerWorker.java:52)
	at org.testng.SuiteRunnerWorker.run(SuiteRunnerWorker.java:86)
	at org.testng.TestNG.runSuitesSequentially(TestNG.java:1264)
	at org.testng.TestNG.runSuitesLocally(TestNG.java:1189)
	at org.testng.TestNG.runSuites(TestNG.java:1104)
	at org.testng.TestNG.run(TestNG.java:1076)
	at org.testng.remote.AbstractRemoteTestNG.run(AbstractRemoteTestNG.java:126)
	at org.testng.remote.RemoteTestNG.initAndRun(RemoteTestNG.java:152)
	at org.testng.remote.RemoteTestNG.main(RemoteTestNG.java:57)
]]>
    </failure>
  </testcase> <!-- test_21_verifyLoadingValue -->
  <testcase name="test_5_VerifyDestinationPortDropDownValues" time="0.094" classname="com.lima.test.AdjunoLIMADeliveryBookingTest">
    <failure type="java.lang.AssertionError" message="The following asserts failed:
	***** Test ID : 5Destination Port Drop Down Won&#039;t have any Value***** expected [true] but found [false]">
      <![CDATA[java.lang.AssertionError: The following asserts failed:
	***** Test ID : 5Destination Port Drop Down Won't have any Value***** expected [true] but found [false]
	at org.testng.asserts.SoftAssert.assertAll(SoftAssert.java:43)
	at com.lima.test.AdjunoLIMADeliveryBookingTest.test_5_VerifyDestinationPortDropDownValues(AdjunoLIMADeliveryBookingTest.java:508)
	at sun.reflect.NativeMethodAccessorImpl.invoke0(Native Method)
	at sun.reflect.NativeMethodAccessorImpl.invoke(Unknown Source)
	at sun.reflect.DelegatingMethodAccessorImpl.invoke(Unknown Source)
	at java.lang.reflect.Method.invoke(Unknown Source)
	at org.testng.internal.MethodInvocationHelper.invokeMethod(MethodInvocationHelper.java:100)
	at org.testng.internal.Invoker.invokeMethod(Invoker.java:646)
	at org.testng.internal.Invoker.invokeTestMethod(Invoker.java:811)
	at org.testng.internal.Invoker.invokeTestMethods(Invoker.java:1129)
	at org.testng.internal.TestMethodWorker.invokeTestMethods(TestMethodWorker.java:129)
	at org.testng.internal.TestMethodWorker.run(TestMethodWorker.java:112)
	at org.testng.TestRunner.privateRun(TestRunner.java:746)
	at org.testng.TestRunner.run(TestRunner.java:600)
	at org.testng.SuiteRunner.runTest(SuiteRunner.java:366)
	at org.testng.SuiteRunner.runSequentially(SuiteRunner.java:361)
	at org.testng.SuiteRunner.privateRun(SuiteRunner.java:319)
	at org.testng.SuiteRunner.run(SuiteRunner.java:268)
	at org.testng.SuiteRunnerWorker.runSuite(SuiteRunnerWorker.java:52)
	at org.testng.SuiteRunnerWorker.run(SuiteRunnerWorker.java:86)
	at org.testng.TestNG.runSuitesSequentially(TestNG.java:1264)
	at org.testng.TestNG.runSuitesLocally(TestNG.java:1189)
	at org.testng.TestNG.runSuites(TestNG.java:1104)
	at org.testng.TestNG.run(TestNG.java:1076)
	at org.testng.remote.AbstractRemoteTestNG.run(AbstractRemoteTestNG.java:126)
	at org.testng.remote.RemoteTestNG.initAndRun(RemoteTestNG.java:152)
	at org.testng.remote.RemoteTestNG.main(RemoteTestNG.java:57)
]]>
    </failure>
  </testcase> <!-- test_5_VerifyDestinationPortDropDownValues -->
  <testcase name="test_4_VerifyMandatoryFields" time="47.464" classname="com.lima.test.AdjunoLIMADeliveryBookingTest"/>
  <testcase name="test_16_verifyDestinationPort" time="89.565" classname="com.lima.test.AdjunoLIMADeliveryBookingTest"/>
  <testcase name="getCatalogData" time="7.844" classname="com.lima.test.AdjunoLIMADeliveryBookingTest">
    <error type="org.openqa.selenium.WebDriverException" message="window.ArenaForms.ArenaQueryParams is undefined
Command duration or timeout: 1.53 seconds
Build info: version: &#039;2.53.1&#039;, revision: &#039;a36b8b1&#039;, time: &#039;2016-06-30 17:32:46&#039;
System info: host: &#039;LAPTOP-L9I71BEA&#039;, ip: &#039;192.168.1.16&#039;, os.name: &#039;Windows 10&#039;, os.arch: &#039;amd64&#039;, os.version: &#039;10.0&#039;, java.version: &#039;1.8.0_121&#039;
Driver info: org.openqa.selenium.firefox.FirefoxDriver
Capabilities [{applicationCacheEnabled=true, rotatable=false, handlesAlerts=true, databaseEnabled=true, version=47.0.1, platform=WINDOWS, nativeEvents=false, acceptSslCerts=true, webStorageEnabled=true, locationContextEnabled=true, browserName=firefox, takesScreenshot=true, javascriptEnabled=true, cssSelectorsEnabled=true}]
Session ID: d7624360-5ab6-4d53-a9fa-c16c8b374a4e">
      <![CDATA[org.openqa.selenium.WebDriverException: window.ArenaForms.ArenaQueryParams is undefined
Command duration or timeout: 1.53 seconds
Build info: version: '2.53.1', revision: 'a36b8b1', time: '2016-06-30 17:32:46'
System info: host: 'LAPTOP-L9I71BEA', ip: '192.168.1.16', os.name: 'Windows 10', os.arch: 'amd64', os.version: '10.0', java.version: '1.8.0_121'
Driver info: org.openqa.selenium.firefox.FirefoxDriver
Capabilities [{applicationCacheEnabled=true, rotatable=false, handlesAlerts=true, databaseEnabled=true, version=47.0.1, platform=WINDOWS, nativeEvents=false, acceptSslCerts=true, webStorageEnabled=true, locationContextEnabled=true, browserName=firefox, takesScreenshot=true, javascriptEnabled=true, cssSelectorsEnabled=true}]
Session ID: d7624360-5ab6-4d53-a9fa-c16c8b374a4e
	at sun.reflect.GeneratedConstructorAccessor19.newInstance(Unknown Source)
	at sun.reflect.DelegatingConstructorAccessorImpl.newInstance(Unknown Source)
	at java.lang.reflect.Constructor.newInstance(Unknown Source)
	at org.openqa.selenium.remote.ErrorHandler.createThrowable(ErrorHandler.java:206)
	at org.openqa.selenium.remote.ErrorHandler.throwIfResponseFailed(ErrorHandler.java:158)
	at org.openqa.selenium.remote.RemoteWebDriver.execute(RemoteWebDriver.java:678)
	at org.openqa.selenium.remote.RemoteWebDriver.executeScript(RemoteWebDriver.java:577)
	at com.lima.library.AdjunoUILibrary.getElement(AdjunoUILibrary.java:91)
	at com.lima.pagefactory.AdjunoLIMADeliveryBookingPOM.clearInputField(AdjunoLIMADeliveryBookingPOM.java:343)
	at com.lima.test.AdjunoLIMADeliveryBookingTest.clearCatalogFields(AdjunoLIMADeliveryBookingTest.java:323)
	at com.lima.test.AdjunoLIMADeliveryBookingTest.getCatalogData(AdjunoLIMADeliveryBookingTest.java:235)
	at sun.reflect.NativeMethodAccessorImpl.invoke0(Native Method)
	at sun.reflect.NativeMethodAccessorImpl.invoke(Unknown Source)
	at sun.reflect.DelegatingMethodAccessorImpl.invoke(Unknown Source)
	at java.lang.reflect.Method.invoke(Unknown Source)
	at org.testng.internal.MethodInvocationHelper.invokeMethod(MethodInvocationHelper.java:100)
	at org.testng.internal.Invoker.invokeMethod(Invoker.java:646)
	at org.testng.internal.Invoker.invokeTestMethod(Invoker.java:811)
	at org.testng.internal.Invoker.invokeTestMethods(Invoker.java:1129)
	at org.testng.internal.TestMethodWorker.invokeTestMethods(TestMethodWorker.java:129)
	at org.testng.internal.TestMethodWorker.run(TestMethodWorker.java:112)
	at org.testng.TestRunner.privateRun(TestRunner.java:746)
	at org.testng.TestRunner.run(TestRunner.java:600)
	at org.testng.SuiteRunner.runTest(SuiteRunner.java:366)
	at org.testng.SuiteRunner.runSequentially(SuiteRunner.java:361)
	at org.testng.SuiteRunner.privateRun(SuiteRunner.java:319)
	at org.testng.SuiteRunner.run(SuiteRunner.java:268)
	at org.testng.SuiteRunnerWorker.runSuite(SuiteRunnerWorker.java:52)
	at org.testng.SuiteRunnerWorker.run(SuiteRunnerWorker.java:86)
	at org.testng.TestNG.runSuitesSequentially(TestNG.java:1264)
	at org.testng.TestNG.runSuitesLocally(TestNG.java:1189)
	at org.testng.TestNG.runSuites(TestNG.java:1104)
	at org.testng.TestNG.run(TestNG.java:1076)
	at org.testng.remote.AbstractRemoteTestNG.run(AbstractRemoteTestNG.java:126)
	at org.testng.remote.RemoteTestNG.initAndRun(RemoteTestNG.java:152)
	at org.testng.remote.RemoteTestNG.main(RemoteTestNG.java:57)
Caused by: org.openqa.selenium.WebDriverException: window.ArenaForms.ArenaQueryParams is undefined
Build info: version: '2.53.1', revision: 'a36b8b1', time: '2016-06-30 17:32:46'
System info: host: 'LAPTOP-L9I71BEA', ip: '192.168.1.16', os.name: 'Windows 10', os.arch: 'amd64', os.version: '10.0', java.version: '1.8.0_121'
Driver info: driver.version: unknown
	at <anonymous class>.anonymous(https://uat-lima46.adjuno.com/default.aspx?Guid=148b9ba296984952a80f2fbe09db3d53&MenuId=&Action=ToolDraw&ActionOption=Catalog&CatalogStage=ItemList&CatalogName=Lighthouse line 69 > Function:1)
	at <anonymous class>.handleEvaluateEvent(https://uat-lima46.adjuno.com/default.aspx?Guid=148b9ba296984952a80f2fbe09db3d53&MenuId=&Action=ToolDraw&ActionOption=Catalog&CatalogStage=ItemList&CatalogName=Lighthouse:69)
]]>
    </error>
  </testcase> <!-- getCatalogData -->
  <testcase name="test_20_verifyHaulierValue" time="262.906" classname="com.lima.test.AdjunoLIMADeliveryBookingTest">
    <failure type="java.lang.AssertionError" message="The following asserts failed:
	***** Test ID:20-   Allport Haulier value is not matching with   Allport Haulier value is not matching with   Allport Haulier value is not matching with   Allport Haulier value is not matching with   Allport Haulier value is not matching with   Allport Haulier value is not matching with   Allport Haulier value is not matching with   Allport Haulier value is not matching with   Allport Haulier value is not matching with   Allport Haulier value is not matching with   Allport Haulier value is not matching with   Allport Haulier value is not matching with   Allport Haulier value is not matching with   Allport Haulier value is not matching with   Allport Haulier value is not matching with   Allport Haulier value is not matching with   Allport Haulier value is not matching with   Allport Haulier value is not matching with   Allport Haulier value is not matching with   Allport Haulier value is not matching with   Allport Haulier value is not matching with   Allport Haulier value is not matching with   Allport Haulier value is not matching with   Allport Haulier value is not matching with   Allport Haulier value is not matching with   Allport Haulier value is not matching with   Allport Haulier value is not matching with   Allport Haulier value is not matching with   Allport Haulier value is not matching with   Allport Haulier value is not matching with   Allport Haulier value is not matching with   Allport Haulier value is not matching with   Allport Haulier value is not matching with   Allport Haulier value is not matching with   Allport Haulier value is not matching with   Allport Haulier value is not matching with   Allport Haulier value is not matching with   Allport Haulier value is not matching with   Allport Haulier value is not matching with   Allport Haulier value is not matching with   Allport Haulier value is not matching with   Allport Haulier value is not matching with   Allport Haulier value is not matching with   Allport Haulier value is not matching with   Allport Haulier value is not matching with   Allport Haulier value is not matching with   Allport Haulier value is not matching with   Allport Haulier value is not matching with   Allport Haulier value is not matching with   Allport Haulier value is not matching with   Allport Haulier value is not matching with   Allport Haulier value is not matching with   Allport Haulier value is not matching with   Allport Haulier value is not matching with   Allport Haulier value is not matching with   Allport Haulier value is not matching with   Allport Haulier value is not matching with   Allport Haulier value is not matching with   Allport Haulier value is not matching with   Allport Haulier value is not matching with   Allport Haulier value is not matching with   Allport Haulier value is not matching with   Allport Haulier value is not matching with   Allport Haulier value is not matching with   Allport Haulier value is not matching with   Allport Haulier value is not matching with   Allport Haulier value is not matching with   Allport Haulier value is not matching with   Allport Haulier value is not matching with   Allport Haulier value is not matching with   Allport Haulier value is not matching with   Allport Haulier value is not matching with   Allport Haulier value is not matching with   Allport Haulier value is not matching with   Allport Haulier value is not matching with   Allport Haulier value is not matching with   Allport Haulier value is not matching with   Allport Haulier value is not matching with   Allport Haulier value is not matching with   Allport Haulier value is not matching with   Allport Haulier value is not matching with   Allport Haulier value is not matching with   Allport Haulier value is not matching with   Allport Haulier value is not matching with   Allport Haulier value is not matching with   Allport Haulier value is not matching with   Allport Haulier value is not matching with   Allport Haulier value is not matching with   Allport Haulier value is not matching with   Allport Haulier value is not matching with   Allport Haulier value is not matching with   Allport Haulier value is not matching with   Allport Haulier value is not matching with   Allport Haulier value is not matching with   Allport Haulier value is not matching with   Allport Haulier value is not matching with   Allport Haulier value is not matching with   Allport Haulier value is not matching with   Allport Haulier value is not matching with   Allport Haulier value is not matching with   Allport Haulier value is not matching with   Allport Haulier value is not matching with   Allport Haulier value is not matching with   Allport Haulier value is not matching with   Allport Haulier value is not matching with   Allport Haulier value is not matching with   Allport Haulier value is not matching with   Allport Haulier value is not matching with   Allport Haulier value is not matching with   Allport Haulier value is not matching with   Allport Haulier value is not matching with   Allport Haulier value is not matching with   Allport Haulier value is not matching with   Allport Haulier value is not matching with   Allport Haulier value is not matching with   Allport Haulier value is not matching with   Allport Haulier value is not matching with   Allport Haulier value is not matching with   Allport Haulier value is not matching with   Allport Haulier value is not matching with   Allport Haulier value is not matching with   Allport Haulier value is not matching with   Allport Haulier value is not matching with   Allport Haulier value is not matching with   Allport Haulier value is not matching with   Allport Haulier value is not matching with   Allport Haulier value is not matching with   Allport Haulier value is not matching with   Allport Haulier value is not matching with   Allport Haulier value is not matching with   Allport Haulier value is not matching with   Allport Haulier value is not matching with   Allport Haulier value is not matching with   Allport Haulier value is not matching with   Allport Haulier value is not matching with   Allport Haulier value is not matching with   Allport Haulier value is not matching with   Allport Haulier value is not matching with   Allport Haulier value is not matching with   Allport Haulier value is not matching with   Allport Haulier value is not matching with   Allport Haulier value is not matching with   Allport Haulier value is not matching with   Allport Haulier value is not matching with   Allport Haulier value is not matching with   Allport Haulier value is not matching with   Allport Haulier value is not matching with   Allport Haulier value is not matching with   Allport Haulier value is not matching with   Allport Haulier value is not matching with   Allport Haulier value is not matching with   Allport Haulier value is not matching with   Allport Haulier value is not matching with   Allport Haulier value is not matching with   Allport Haulier value is not matching with   Allport Haulier value is not matching with   Allport Haulier value is not matching with   Allport Haulier value is not matching with   Allport Haulier value is not matching with   Allport Haulier value is not matching with   Allport Haulier value is not matching with   Allport Haulier value is not matching with   Allport Haulier value is not matching with   Allport Haulier value is not matching with   Allport Haulier value is not matching with   Allport Haulier value is not matching with   Allport Haulier value is not matching with   Allport Haulier value is not matching with   Allport Haulier value is not matching with   Allport Haulier value is not matching with   Allport Haulier value is not matching with   Allport Haulier value is not matching with   Allport Haulier value is not matching with   Allport Haulier value is not matching with   Allport Haulier value is not matching with   Allport Haulier value is not matching with   Allport Haulier value is not matching with   Allport Haulier value is not matching with   Allport Haulier value is not matching with   Allport Haulier value is not matching with   Allport Haulier value is not matching with   Allport Haulier value is not matching with   Allport Haulier value is not matching with   Allport Haulier value is not matching with   Allport Haulier value is not matching with   Allport Haulier value is not matching with  *****  expected [true] but found [false]">
      <![CDATA[java.lang.AssertionError: The following asserts failed:
	***** Test ID:20-   Allport Haulier value is not matching with   Allport Haulier value is not matching with   Allport Haulier value is not matching with   Allport Haulier value is not matching with   Allport Haulier value is not matching with   Allport Haulier value is not matching with   Allport Haulier value is not matching with   Allport Haulier value is not matching with   Allport Haulier value is not matching with   Allport Haulier value is not matching with   Allport Haulier value is not matching with   Allport Haulier value is not matching with   Allport Haulier value is not matching with   Allport Haulier value is not matching with   Allport Haulier value is not matching with   Allport Haulier value is not matching with   Allport Haulier value is not matching with   Allport Haulier value is not matching with   Allport Haulier value is not matching with   Allport Haulier value is not matching with   Allport Haulier value is not matching with   Allport Haulier value is not matching with   Allport Haulier value is not matching with   Allport Haulier value is not matching with   Allport Haulier value is not matching with   Allport Haulier value is not matching with   Allport Haulier value is not matching with   Allport Haulier value is not matching with   Allport Haulier value is not matching with   Allport Haulier value is not matching with   Allport Haulier value is not matching with   Allport Haulier value is not matching with   Allport Haulier value is not matching with   Allport Haulier value is not matching with   Allport Haulier value is not matching with   Allport Haulier value is not matching with   Allport Haulier value is not matching with   Allport Haulier value is not matching with   Allport Haulier value is not matching with   Allport Haulier value is not matching with   Allport Haulier value is not matching with   Allport Haulier value is not matching with   Allport Haulier value is not matching with   Allport Haulier value is not matching with   Allport Haulier value is not matching with   Allport Haulier value is not matching with   Allport Haulier value is not matching with   Allport Haulier value is not matching with   Allport Haulier value is not matching with   Allport Haulier value is not matching with   Allport Haulier value is not matching with   Allport Haulier value is not matching with   Allport Haulier value is not matching with   Allport Haulier value is not matching with   Allport Haulier value is not matching with   Allport Haulier value is not matching with   Allport Haulier value is not matching with   Allport Haulier value is not matching with   Allport Haulier value is not matching with   Allport Haulier value is not matching with   Allport Haulier value is not matching with   Allport Haulier value is not matching with   Allport Haulier value is not matching with   Allport Haulier value is not matching with   Allport Haulier value is not matching with   Allport Haulier value is not matching with   Allport Haulier value is not matching with   Allport Haulier value is not matching with   Allport Haulier value is not matching with   Allport Haulier value is not matching with   Allport Haulier value is not matching with   Allport Haulier value is not matching with   Allport Haulier value is not matching with   Allport Haulier value is not matching with   Allport Haulier value is not matching with   Allport Haulier value is not matching with   Allport Haulier value is not matching with   Allport Haulier value is not matching with   Allport Haulier value is not matching with   Allport Haulier value is not matching with   Allport Haulier value is not matching with   Allport Haulier value is not matching with   Allport Haulier value is not matching with   Allport Haulier value is not matching with   Allport Haulier value is not matching with   Allport Haulier value is not matching with   Allport Haulier value is not matching with   Allport Haulier value is not matching with   Allport Haulier value is not matching with   Allport Haulier value is not matching with   Allport Haulier value is not matching with   Allport Haulier value is not matching with   Allport Haulier value is not matching with   Allport Haulier value is not matching with   Allport Haulier value is not matching with   Allport Haulier value is not matching with   Allport Haulier value is not matching with   Allport Haulier value is not matching with   Allport Haulier value is not matching with   Allport Haulier value is not matching with   Allport Haulier value is not matching with   Allport Haulier value is not matching with   Allport Haulier value is not matching with   Allport Haulier value is not matching with   Allport Haulier value is not matching with   Allport Haulier value is not matching with   Allport Haulier value is not matching with   Allport Haulier value is not matching with   Allport Haulier value is not matching with   Allport Haulier value is not matching with   Allport Haulier value is not matching with   Allport Haulier value is not matching with   Allport Haulier value is not matching with   Allport Haulier value is not matching with   Allport Haulier value is not matching with   Allport Haulier value is not matching with   Allport Haulier value is not matching with   Allport Haulier value is not matching with   Allport Haulier value is not matching with   Allport Haulier value is not matching with   Allport Haulier value is not matching with   Allport Haulier value is not matching with   Allport Haulier value is not matching with   Allport Haulier value is not matching with   Allport Haulier value is not matching with   Allport Haulier value is not matching with   Allport Haulier value is not matching with   Allport Haulier value is not matching with   Allport Haulier value is not matching with   Allport Haulier value is not matching with   Allport Haulier value is not matching with   Allport Haulier value is not matching with   Allport Haulier value is not matching with   Allport Haulier value is not matching with   Allport Haulier value is not matching with   Allport Haulier value is not matching with   Allport Haulier value is not matching with   Allport Haulier value is not matching with   Allport Haulier value is not matching with   Allport Haulier value is not matching with   Allport Haulier value is not matching with   Allport Haulier value is not matching with   Allport Haulier value is not matching with   Allport Haulier value is not matching with   Allport Haulier value is not matching with   Allport Haulier value is not matching with   Allport Haulier value is not matching with   Allport Haulier value is not matching with   Allport Haulier value is not matching with   Allport Haulier value is not matching with   Allport Haulier value is not matching with   Allport Haulier value is not matching with   Allport Haulier value is not matching with   Allport Haulier value is not matching with   Allport Haulier value is not matching with   Allport Haulier value is not matching with   Allport Haulier value is not matching with   Allport Haulier value is not matching with   Allport Haulier value is not matching with   Allport Haulier value is not matching with   Allport Haulier value is not matching with   Allport Haulier value is not matching with   Allport Haulier value is not matching with   Allport Haulier value is not matching with   Allport Haulier value is not matching with   Allport Haulier value is not matching with   Allport Haulier value is not matching with   Allport Haulier value is not matching with   Allport Haulier value is not matching with   Allport Haulier value is not matching with   Allport Haulier value is not matching with   Allport Haulier value is not matching with   Allport Haulier value is not matching with   Allport Haulier value is not matching with   Allport Haulier value is not matching with   Allport Haulier value is not matching with   Allport Haulier value is not matching with   Allport Haulier value is not matching with   Allport Haulier value is not matching with   Allport Haulier value is not matching with   Allport Haulier value is not matching with   Allport Haulier value is not matching with   Allport Haulier value is not matching with   Allport Haulier value is not matching with   Allport Haulier value is not matching with   Allport Haulier value is not matching with  *****  expected [true] but found [false]
	at org.testng.asserts.SoftAssert.assertAll(SoftAssert.java:43)
	at com.lima.test.AdjunoLIMADeliveryBookingTest.test_20_verifyHaulierValue(AdjunoLIMADeliveryBookingTest.java:1081)
	at sun.reflect.NativeMethodAccessorImpl.invoke0(Native Method)
	at sun.reflect.NativeMethodAccessorImpl.invoke(Unknown Source)
	at sun.reflect.DelegatingMethodAccessorImpl.invoke(Unknown Source)
	at java.lang.reflect.Method.invoke(Unknown Source)
	at org.testng.internal.MethodInvocationHelper.invokeMethod(MethodInvocationHelper.java:100)
	at org.testng.internal.Invoker.invokeMethod(Invoker.java:646)
	at org.testng.internal.Invoker.invokeTestMethod(Invoker.java:811)
	at org.testng.internal.Invoker.invokeTestMethods(Invoker.java:1129)
	at org.testng.internal.TestMethodWorker.invokeTestMethods(TestMethodWorker.java:129)
	at org.testng.internal.TestMethodWorker.run(TestMethodWorker.java:112)
	at org.testng.TestRunner.privateRun(TestRunner.java:746)
	at org.testng.TestRunner.run(TestRunner.java:600)
	at org.testng.SuiteRunner.runTest(SuiteRunner.java:366)
	at org.testng.SuiteRunner.runSequentially(SuiteRunner.java:361)
	at org.testng.SuiteRunner.privateRun(SuiteRunner.java:319)
	at org.testng.SuiteRunner.run(SuiteRunner.java:268)
	at org.testng.SuiteRunnerWorker.runSuite(SuiteRunnerWorker.java:52)
	at org.testng.SuiteRunnerWorker.run(SuiteRunnerWorker.java:86)
	at org.testng.TestNG.runSuitesSequentially(TestNG.java:1264)
	at org.testng.TestNG.runSuitesLocally(TestNG.java:1189)
	at org.testng.TestNG.runSuites(TestNG.java:1104)
	at org.testng.TestNG.run(TestNG.java:1076)
	at org.testng.remote.AbstractRemoteTestNG.run(AbstractRemoteTestNG.java:126)
	at org.testng.remote.RemoteTestNG.initAndRun(RemoteTestNG.java:152)
	at org.testng.remote.RemoteTestNG.main(RemoteTestNG.java:57)
]]>
    </failure>
  </testcase> <!-- test_20_verifyHaulierValue -->
  <testcase name="test_14_VerifyButtons" time="42.943" classname="com.lima.test.AdjunoLIMADeliveryBookingTest"/>
  <testcase name="test_18_verifyDestnationValue" time="58.681" classname="com.lima.test.AdjunoLIMADeliveryBookingTest">
    <failure type="java.lang.AssertionError" message="The following asserts failed:
	***** Test ID:18- NO search Result for this criteria ***** expected [true] but found [false]">
      <![CDATA[java.lang.AssertionError: The following asserts failed:
	***** Test ID:18- NO search Result for this criteria ***** expected [true] but found [false]
	at org.testng.asserts.SoftAssert.assertAll(SoftAssert.java:43)
	at com.lima.test.AdjunoLIMADeliveryBookingTest.test_18_verifyDestnationValue(AdjunoLIMADeliveryBookingTest.java:969)
	at sun.reflect.NativeMethodAccessorImpl.invoke0(Native Method)
	at sun.reflect.NativeMethodAccessorImpl.invoke(Unknown Source)
	at sun.reflect.DelegatingMethodAccessorImpl.invoke(Unknown Source)
	at java.lang.reflect.Method.invoke(Unknown Source)
	at org.testng.internal.MethodInvocationHelper.invokeMethod(MethodInvocationHelper.java:100)
	at org.testng.internal.Invoker.invokeMethod(Invoker.java:646)
	at org.testng.internal.Invoker.invokeTestMethod(Invoker.java:811)
	at org.testng.internal.Invoker.invokeTestMethods(Invoker.java:1129)
	at org.testng.internal.TestMethodWorker.invokeTestMethods(TestMethodWorker.java:129)
	at org.testng.internal.TestMethodWorker.run(TestMethodWorker.java:112)
	at org.testng.TestRunner.privateRun(TestRunner.java:746)
	at org.testng.TestRunner.run(TestRunner.java:600)
	at org.testng.SuiteRunner.runTest(SuiteRunner.java:366)
	at org.testng.SuiteRunner.runSequentially(SuiteRunner.java:361)
	at org.testng.SuiteRunner.privateRun(SuiteRunner.java:319)
	at org.testng.SuiteRunner.run(SuiteRunner.java:268)
	at org.testng.SuiteRunnerWorker.runSuite(SuiteRunnerWorker.java:52)
	at org.testng.SuiteRunnerWorker.run(SuiteRunnerWorker.java:86)
	at org.testng.TestNG.runSuitesSequentially(TestNG.java:1264)
	at org.testng.TestNG.runSuitesLocally(TestNG.java:1189)
	at org.testng.TestNG.runSuites(TestNG.java:1104)
	at org.testng.TestNG.run(TestNG.java:1076)
	at org.testng.remote.AbstractRemoteTestNG.run(AbstractRemoteTestNG.java:126)
	at org.testng.remote.RemoteTestNG.initAndRun(RemoteTestNG.java:152)
	at org.testng.remote.RemoteTestNG.main(RemoteTestNG.java:57)
]]>
    </failure>
  </testcase> <!-- test_18_verifyDestnationValue -->
  <testcase name="test_13_verifyFieldsInSelectChevron" time="3.860" classname="com.lima.test.AdjunoLIMADeliveryBookingTest"/>
  <testcase name="test_6_VerifyDestinationDropDownValues" time="0.094" classname="com.lima.test.AdjunoLIMADeliveryBookingTest">
    <failure type="java.lang.AssertionError" message="The following asserts failed:
	***** Test ID : 6Destination Drop Down Won&#039;t have any Value***** expected [true] but found [false]">
      <![CDATA[java.lang.AssertionError: The following asserts failed:
	***** Test ID : 6Destination Drop Down Won't have any Value***** expected [true] but found [false]
	at org.testng.asserts.SoftAssert.assertAll(SoftAssert.java:43)
	at com.lima.test.AdjunoLIMADeliveryBookingTest.test_6_VerifyDestinationDropDownValues(AdjunoLIMADeliveryBookingTest.java:529)
	at sun.reflect.NativeMethodAccessorImpl.invoke0(Native Method)
	at sun.reflect.NativeMethodAccessorImpl.invoke(Unknown Source)
	at sun.reflect.DelegatingMethodAccessorImpl.invoke(Unknown Source)
	at java.lang.reflect.Method.invoke(Unknown Source)
	at org.testng.internal.MethodInvocationHelper.invokeMethod(MethodInvocationHelper.java:100)
	at org.testng.internal.Invoker.invokeMethod(Invoker.java:646)
	at org.testng.internal.Invoker.invokeTestMethod(Invoker.java:811)
	at org.testng.internal.Invoker.invokeTestMethods(Invoker.java:1129)
	at org.testng.internal.TestMethodWorker.invokeTestMethods(TestMethodWorker.java:129)
	at org.testng.internal.TestMethodWorker.run(TestMethodWorker.java:112)
	at org.testng.TestRunner.privateRun(TestRunner.java:746)
	at org.testng.TestRunner.run(TestRunner.java:600)
	at org.testng.SuiteRunner.runTest(SuiteRunner.java:366)
	at org.testng.SuiteRunner.runSequentially(SuiteRunner.java:361)
	at org.testng.SuiteRunner.privateRun(SuiteRunner.java:319)
	at org.testng.SuiteRunner.run(SuiteRunner.java:268)
	at org.testng.SuiteRunnerWorker.runSuite(SuiteRunnerWorker.java:52)
	at org.testng.SuiteRunnerWorker.run(SuiteRunnerWorker.java:86)
	at org.testng.TestNG.runSuitesSequentially(TestNG.java:1264)
	at org.testng.TestNG.runSuitesLocally(TestNG.java:1189)
	at org.testng.TestNG.runSuites(TestNG.java:1104)
	at org.testng.TestNG.run(TestNG.java:1076)
	at org.testng.remote.AbstractRemoteTestNG.run(AbstractRemoteTestNG.java:126)
	at org.testng.remote.RemoteTestNG.initAndRun(RemoteTestNG.java:152)
	at org.testng.remote.RemoteTestNG.main(RemoteTestNG.java:57)
]]>
    </failure>
  </testcase> <!-- test_6_VerifyDestinationDropDownValues -->
  <testcase name="test_accessCatalog" time="28.699" classname="com.lima.test.AdjunoLIMADeliveryBookingTest"/>
  <testcase name="test_22_verifyModeValue" time="118.120" classname="com.lima.test.AdjunoLIMADeliveryBookingTest"/>
  <testcase name="test_12_VerifyValidPONumber" time="71.759" classname="com.lima.test.AdjunoLIMADeliveryBookingTest"/>
  <testcase name="test_19_verifyEtaTo" time="123.501" classname="com.lima.test.AdjunoLIMADeliveryBookingTest"/>
  <testcase name="test_8_VerifyLoadingDropDownValues" time="0.094" classname="com.lima.test.AdjunoLIMADeliveryBookingTest">
    <failure type="java.lang.AssertionError" message="The following asserts failed:
	***** Test ID : 8Loading Drop Down Won&#039;t have any Value***** expected [true] but found [false]">
      <![CDATA[java.lang.AssertionError: The following asserts failed:
	***** Test ID : 8Loading Drop Down Won't have any Value***** expected [true] but found [false]
	at org.testng.asserts.SoftAssert.assertAll(SoftAssert.java:43)
	at com.lima.test.AdjunoLIMADeliveryBookingTest.test_8_VerifyLoadingDropDownValues(AdjunoLIMADeliveryBookingTest.java:568)
	at sun.reflect.NativeMethodAccessorImpl.invoke0(Native Method)
	at sun.reflect.NativeMethodAccessorImpl.invoke(Unknown Source)
	at sun.reflect.DelegatingMethodAccessorImpl.invoke(Unknown Source)
	at java.lang.reflect.Method.invoke(Unknown Source)
	at org.testng.internal.MethodInvocationHelper.invokeMethod(MethodInvocationHelper.java:100)
	at org.testng.internal.Invoker.invokeMethod(Invoker.java:646)
	at org.testng.internal.Invoker.invokeTestMethod(Invoker.java:811)
	at org.testng.internal.Invoker.invokeTestMethods(Invoker.java:1129)
	at org.testng.internal.TestMethodWorker.invokeTestMethods(TestMethodWorker.java:129)
	at org.testng.internal.TestMethodWorker.run(TestMethodWorker.java:112)
	at org.testng.TestRunner.privateRun(TestRunner.java:746)
	at org.testng.TestRunner.run(TestRunner.java:600)
	at org.testng.SuiteRunner.runTest(SuiteRunner.java:366)
	at org.testng.SuiteRunner.runSequentially(SuiteRunner.java:361)
	at org.testng.SuiteRunner.privateRun(SuiteRunner.java:319)
	at org.testng.SuiteRunner.run(SuiteRunner.java:268)
	at org.testng.SuiteRunnerWorker.runSuite(SuiteRunnerWorker.java:52)
	at org.testng.SuiteRunnerWorker.run(SuiteRunnerWorker.java:86)
	at org.testng.TestNG.runSuitesSequentially(TestNG.java:1264)
	at org.testng.TestNG.runSuitesLocally(TestNG.java:1189)
	at org.testng.TestNG.runSuites(TestNG.java:1104)
	at org.testng.TestNG.run(TestNG.java:1076)
	at org.testng.remote.AbstractRemoteTestNG.run(AbstractRemoteTestNG.java:126)
	at org.testng.remote.RemoteTestNG.initAndRun(RemoteTestNG.java:152)
	at org.testng.remote.RemoteTestNG.main(RemoteTestNG.java:57)
]]>
    </failure>
  </testcase> <!-- test_8_VerifyLoadingDropDownValues -->
  <testcase name="test_9_VerifyVesselDropDownValues" time="0.281" classname="com.lima.test.AdjunoLIMADeliveryBookingTest">
    <failure type="java.lang.AssertionError" message="The following asserts failed:
	***** Test ID : 9Vessel Drop Down Won&#039;t have any Value***** expected [true] but found [false]">
      <![CDATA[java.lang.AssertionError: The following asserts failed:
	***** Test ID : 9Vessel Drop Down Won't have any Value***** expected [true] but found [false]
	at org.testng.asserts.SoftAssert.assertAll(SoftAssert.java:43)
	at com.lima.test.AdjunoLIMADeliveryBookingTest.test_9_VerifyVesselDropDownValues(AdjunoLIMADeliveryBookingTest.java:587)
	at sun.reflect.NativeMethodAccessorImpl.invoke0(Native Method)
	at sun.reflect.NativeMethodAccessorImpl.invoke(Unknown Source)
	at sun.reflect.DelegatingMethodAccessorImpl.invoke(Unknown Source)
	at java.lang.reflect.Method.invoke(Unknown Source)
	at org.testng.internal.MethodInvocationHelper.invokeMethod(MethodInvocationHelper.java:100)
	at org.testng.internal.Invoker.invokeMethod(Invoker.java:646)
	at org.testng.internal.Invoker.invokeTestMethod(Invoker.java:811)
	at org.testng.internal.Invoker.invokeTestMethods(Invoker.java:1129)
	at org.testng.internal.TestMethodWorker.invokeTestMethods(TestMethodWorker.java:129)
	at org.testng.internal.TestMethodWorker.run(TestMethodWorker.java:112)
	at org.testng.TestRunner.privateRun(TestRunner.java:746)
	at org.testng.TestRunner.run(TestRunner.java:600)
	at org.testng.SuiteRunner.runTest(SuiteRunner.java:366)
	at org.testng.SuiteRunner.runSequentially(SuiteRunner.java:361)
	at org.testng.SuiteRunner.privateRun(SuiteRunner.java:319)
	at org.testng.SuiteRunner.run(SuiteRunner.java:268)
	at org.testng.SuiteRunnerWorker.runSuite(SuiteRunnerWorker.java:52)
	at org.testng.SuiteRunnerWorker.run(SuiteRunnerWorker.java:86)
	at org.testng.TestNG.runSuitesSequentially(TestNG.java:1264)
	at org.testng.TestNG.runSuitesLocally(TestNG.java:1189)
	at org.testng.TestNG.runSuites(TestNG.java:1104)
	at org.testng.TestNG.run(TestNG.java:1076)
	at org.testng.remote.AbstractRemoteTestNG.run(AbstractRemoteTestNG.java:126)
	at org.testng.remote.RemoteTestNG.initAndRun(RemoteTestNG.java:152)
	at org.testng.remote.RemoteTestNG.main(RemoteTestNG.java:57)
]]>
    </failure>
  </testcase> <!-- test_9_VerifyVesselDropDownValues -->
  <testcase name="test_17_verifyContainerValue" time="70.686" classname="com.lima.test.AdjunoLIMADeliveryBookingTest"/>
  <testcase name="test_2_VerifyExistanceOfChevorns" time="0.954" classname="com.lima.test.AdjunoLIMADeliveryBookingTest"/>
  <testcase name="test_11_VerifyInvalidPONumber" time="59.065" classname="com.lima.test.AdjunoLIMADeliveryBookingTest"/>
  <testcase name="test_1_accessDeliveryBooking" time="10.548" classname="com.lima.test.AdjunoLIMADeliveryBookingTest"/>
  <testcase name="test_3_VerifyExistanceOfFields" time="5.078" classname="com.lima.test.AdjunoLIMADeliveryBookingTest"/>
  <testcase name="test_10_VerifyInvalidContainer" time="57.235" classname="com.lima.test.AdjunoLIMADeliveryBookingTest"/>
</testsuite> <!-- com.lima.test.AdjunoLIMADeliveryBookingTest -->
