<?xml version="1.0" encoding="UTF-8"?>
<!-- Generated by org.testng.reporters.JUnitReportReporter -->
<testsuite hostname="LAPTOP-L9I71BEA" name="com.lima.test.AdjunoLIMABookingConfirmationTest" tests="30" failures="0" timestamp="5 Feb 2018 06:10:51 GMT" time="553.986" errors="1">
  <testcase name="Test_26_VerifyPONumberInAwaitingStatus" time="29.652" classname="com.lima.test.AdjunoLIMABookingConfirmationTest"/>
  <testcase name="Test_29_SetBookingConfirmedStatusYes" time="54.304" classname="com.lima.test.AdjunoLIMABookingConfirmationTest"/>
  <testcase name="Test_33_VerifyConfirmedPOStatus" time="58.944" classname="com.lima.test.AdjunoLIMABookingConfirmationTest"/>
  <testcase name="Test_34_VerifyConfirmedPOInDeclinedStatus" time="28.266" classname="com.lima.test.AdjunoLIMABookingConfirmationTest"/>
  <testcase name="test_13_VerifyMandatoryFields" time="12.355" classname="com.lima.test.AdjunoLIMABookingConfirmationTest"/>
  <testcase name="test_1_accessBookingConfirmation" time="14.654" classname="com.lima.test.AdjunoLIMABookingConfirmationTest"/>
  <testcase name="Test_28_VerifyDeclinedPOStatusInBookingDairy" time="50.265" classname="com.lima.test.AdjunoLIMABookingConfirmationTest"/>
  <testcase name="test_12_VerifyBookingConfirmationPOGridCaptions" time="2.725" classname="com.lima.test.AdjunoLIMABookingConfirmationTest"/>
  <testcase name="test_16_VerifyDiaologsHyperLink" time="8.351" classname="com.lima.test.AdjunoLIMABookingConfirmationTest"/>
  <testcase name="Test_36_VerifyConfirmedPOInBookingDairy" time="38.646" classname="com.lima.test.AdjunoLIMABookingConfirmationTest">
    <error type="org.openqa.selenium.NoSuchWindowException" message="Window not found. The browser window may have been closed.
Command duration or timeout: 1.16 seconds
Build info: version: &#039;2.53.1&#039;, revision: &#039;a36b8b1&#039;, time: &#039;2016-06-30 17:32:46&#039;
System info: host: &#039;LAPTOP-L9I71BEA&#039;, ip: &#039;192.168.1.124&#039;, os.name: &#039;Windows 10&#039;, os.arch: &#039;amd64&#039;, os.version: &#039;10.0&#039;, java.version: &#039;1.8.0_121&#039;
Driver info: org.openqa.selenium.firefox.FirefoxDriver
Capabilities [{applicationCacheEnabled=true, rotatable=false, handlesAlerts=true, databaseEnabled=true, version=47.0.1, platform=WINDOWS, nativeEvents=false, acceptSslCerts=true, webStorageEnabled=true, locationContextEnabled=true, browserName=firefox, takesScreenshot=true, javascriptEnabled=true, cssSelectorsEnabled=true}]
Session ID: 760c86ec-518c-4064-b717-8b6289bc38b1">
      <![CDATA[org.openqa.selenium.NoSuchWindowException: Window not found. The browser window may have been closed.
Command duration or timeout: 1.16 seconds
Build info: version: '2.53.1', revision: 'a36b8b1', time: '2016-06-30 17:32:46'
System info: host: 'LAPTOP-L9I71BEA', ip: '192.168.1.124', os.name: 'Windows 10', os.arch: 'amd64', os.version: '10.0', java.version: '1.8.0_121'
Driver info: org.openqa.selenium.firefox.FirefoxDriver
Capabilities [{applicationCacheEnabled=true, rotatable=false, handlesAlerts=true, databaseEnabled=true, version=47.0.1, platform=WINDOWS, nativeEvents=false, acceptSslCerts=true, webStorageEnabled=true, locationContextEnabled=true, browserName=firefox, takesScreenshot=true, javascriptEnabled=true, cssSelectorsEnabled=true}]
Session ID: 760c86ec-518c-4064-b717-8b6289bc38b1
	at sun.reflect.NativeConstructorAccessorImpl.newInstance0(Native Method)
	at sun.reflect.NativeConstructorAccessorImpl.newInstance(Unknown Source)
	at sun.reflect.DelegatingConstructorAccessorImpl.newInstance(Unknown Source)
	at java.lang.reflect.Constructor.newInstance(Unknown Source)
	at org.openqa.selenium.remote.ErrorHandler.createThrowable(ErrorHandler.java:206)
	at org.openqa.selenium.remote.ErrorHandler.throwIfResponseFailed(ErrorHandler.java:158)
	at org.openqa.selenium.remote.RemoteWebDriver.execute(RemoteWebDriver.java:678)
	at org.openqa.selenium.remote.RemoteWebDriver.executeScript(RemoteWebDriver.java:577)
	at com.lima.library.AdjunoUILibrary.getGridCellElementValue(AdjunoUILibrary.java:416)
	at com.lima.pagefactory.AdjunoLIMABookingConfirmationPOM.getGridCellValue(AdjunoLIMABookingConfirmationPOM.java:794)
	at com.lima.test.AdjunoLIMABookingConfirmationTest.Test_36_VerifyConfirmedPOInBookingDairy(AdjunoLIMABookingConfirmationTest.java:1010)
	at sun.reflect.NativeMethodAccessorImpl.invoke0(Native Method)
	at sun.reflect.NativeMethodAccessorImpl.invoke(Unknown Source)
	at sun.reflect.DelegatingMethodAccessorImpl.invoke(Unknown Source)
	at java.lang.reflect.Method.invoke(Unknown Source)
	at org.testng.internal.MethodInvocationHelper.invokeMethod(MethodInvocationHelper.java:100)
	at org.testng.internal.Invoker.invokeMethod(Invoker.java:646)
	at org.testng.internal.Invoker.invokeTestMethod(Invoker.java:811)
	at org.testng.internal.Invoker.invokeTestMethods(Invoker.java:1129)
	at org.testng.internal.TestMethodWorker.invokeTestMethods(TestMethodWorker.java:129)
	at org.testng.internal.TestMethodWorker.run(TestMethodWorker.java:112)
	at org.testng.TestRunner.privateRun(TestRunner.java:746)
	at org.testng.TestRunner.run(TestRunner.java:600)
	at org.testng.SuiteRunner.runTest(SuiteRunner.java:366)
	at org.testng.SuiteRunner.runSequentially(SuiteRunner.java:361)
	at org.testng.SuiteRunner.privateRun(SuiteRunner.java:319)
	at org.testng.SuiteRunner.run(SuiteRunner.java:268)
	at org.testng.SuiteRunnerWorker.runSuite(SuiteRunnerWorker.java:52)
	at org.testng.SuiteRunnerWorker.run(SuiteRunnerWorker.java:86)
	at org.testng.TestNG.runSuitesSequentially(TestNG.java:1264)
	at org.testng.TestNG.runSuitesLocally(TestNG.java:1189)
	at org.testng.TestNG.runSuites(TestNG.java:1104)
	at org.testng.TestNG.run(TestNG.java:1076)
	at org.testng.remote.AbstractRemoteTestNG.run(AbstractRemoteTestNG.java:126)
	at org.testng.remote.RemoteTestNG.initAndRun(RemoteTestNG.java:152)
	at org.testng.remote.RemoteTestNG.main(RemoteTestNG.java:57)
Caused by: org.openqa.selenium.NoSuchWindowException: Window not found. The browser window may have been closed.
Build info: version: '2.53.1', revision: 'a36b8b1', time: '2016-06-30 17:32:46'
System info: host: 'LAPTOP-L9I71BEA', ip: '192.168.1.124', os.name: 'Windows 10', os.arch: 'amd64', os.version: '10.0', java.version: '1.8.0_121'
Driver info: driver.version: unknown
	at <anonymous class>.nsCommandProcessor.prototype.execute(file:///C:/Users/Anand/AppData/Local/Temp/anonymous7932571166864051089webdriver-profile/extensions/fxdriver@googlecode.com/components/command-processor.js:12719)
	at <anonymous class>.Dispatcher.executeAs/<(file:///C:/Users/Anand/AppData/Local/Temp/anonymous7932571166864051089webdriver-profile/extensions/fxdriver@googlecode.com/components/driver-component.js:9558)
	at <anonymous class>.Resource.prototype.handle(file:///C:/Users/Anand/AppData/Local/Temp/anonymous7932571166864051089webdriver-profile/extensions/fxdriver@googlecode.com/components/driver-component.js:9705)
	at <anonymous class>.Dispatcher.prototype.dispatch(file:///C:/Users/Anand/AppData/Local/Temp/anonymous7932571166864051089webdriver-profile/extensions/fxdriver@googlecode.com/components/driver-component.js:9652)
	at <anonymous class>.WebDriverServer/<.handle(file:///C:/Users/Anand/AppData/Local/Temp/anonymous7932571166864051089webdriver-profile/extensions/fxdriver@googlecode.com/components/driver-component.js:12517)
	at <anonymous class>.createHandlerFunc/<(file:///C:/Users/Anand/AppData/Local/Temp/anonymous7932571166864051089webdriver-profile/extensions/fxdriver@googlecode.com/components/httpd.js:2054)
	at <anonymous class>.ServerHandler.prototype.handleResponse(file:///C:/Users/Anand/AppData/Local/Temp/anonymous7932571166864051089webdriver-profile/extensions/fxdriver@googlecode.com/components/httpd.js:2387)
	at <anonymous class>.Connection.prototype.process(file:///C:/Users/Anand/AppData/Local/Temp/anonymous7932571166864051089webdriver-profile/extensions/fxdriver@googlecode.com/components/httpd.js:1223)
	at <anonymous class>.RequestReader.prototype._handleResponse(file:///C:/Users/Anand/AppData/Local/Temp/anonymous7932571166864051089webdriver-profile/extensions/fxdriver@googlecode.com/components/httpd.js:1677)
	at <anonymous class>.RequestReader.prototype._processBody(file:///C:/Users/Anand/AppData/Local/Temp/anonymous7932571166864051089webdriver-profile/extensions/fxdriver@googlecode.com/components/httpd.js:1525)
	at <anonymous class>.RequestReader.prototype.onInputStreamReady(file:///C:/Users/Anand/AppData/Local/Temp/anonymous7932571166864051089webdriver-profile/extensions/fxdriver@googlecode.com/components/httpd.js:1393)
]]>
    </error>
  </testcase> <!-- Test_36_VerifyConfirmedPOInBookingDairy -->
  <testcase name="test_8_VerifyUpdatePageLoaded" time="16.400" classname="com.lima.test.AdjunoLIMABookingConfirmationTest"/>
  <testcase name="test_10_VerifyCopyDownsDisplayed" time="1.421" classname="com.lima.test.AdjunoLIMABookingConfirmationTest"/>
  <testcase name="test_11_VerifyBookingConfirmationGridCaptions" time="5.333" classname="com.lima.test.AdjunoLIMABookingConfirmationTest"/>
  <testcase name="test_2_VerifyChevrons" time="1.298" classname="com.lima.test.AdjunoLIMABookingConfirmationTest"/>
  <testcase name="test_4_SetAwaitingAndInvalidPONumber" time="36.156" classname="com.lima.test.AdjunoLIMABookingConfirmationTest"/>
  <testcase name="test_21_VerifyCompletePage" time="25.321" classname="com.lima.test.AdjunoLIMABookingConfirmationTest"/>
  <testcase name="test_7_VerifyErrorMessageAtUpdateChev" time="11.378" classname="com.lima.test.AdjunoLIMABookingConfirmationTest"/>
  <testcase name="test_17_VerifyMandatoryFieldInDailogPopUp" time="4.702" classname="com.lima.test.AdjunoLIMABookingConfirmationTest"/>
  <testcase name="test_15_SetReasonValue" time="4.301" classname="com.lima.test.AdjunoLIMABookingConfirmationTest"/>
  <testcase name="test_3_VerifySearchFields" time="2.705" classname="com.lima.test.AdjunoLIMABookingConfirmationTest"/>
  <testcase name="Test_27_VerifyPONumberInDeclinedStatus" time="15.520" classname="com.lima.test.AdjunoLIMABookingConfirmationTest"/>
  <testcase name="test_19_CloseDailogPopUp" time="5.001" classname="com.lima.test.AdjunoLIMABookingConfirmationTest"/>
  <testcase name="Test_35_VerifyConfirmedPOInConfirmedStatus" time="13.372" classname="com.lima.test.AdjunoLIMABookingConfirmationTest"/>
  <testcase name="test_5_SetAwaitingAndValidPONumber" time="37.445" classname="com.lima.test.AdjunoLIMABookingConfirmationTest"/>
  <testcase name="test_20_VerifyPONumberHyperLink" time="23.738" classname="com.lima.test.AdjunoLIMABookingConfirmationTest"/>
  <testcase name="test_6_VerifyGridHeader" time="4.183" classname="com.lima.test.AdjunoLIMABookingConfirmationTest"/>
  <testcase name="test_14_SetConfirmedStatusNo" time="6.280" classname="com.lima.test.AdjunoLIMABookingConfirmationTest"/>
  <testcase name="test_25_VerifyPOStatus" time="33.569" classname="com.lima.test.AdjunoLIMABookingConfirmationTest"/>
  <testcase name="test_18_SetMessageField" time="6.888" classname="com.lima.test.AdjunoLIMABookingConfirmationTest"/>
  <testcase name="test_9_VerifyGridsInUpdatePage" time="0.813" classname="com.lima.test.AdjunoLIMABookingConfirmationTest"/>
</testsuite> <!-- com.lima.test.AdjunoLIMABookingConfirmationTest -->
