<?xml version="1.0" encoding="UTF-8"?>
<!-- Generated by org.testng.reporters.JUnitReportReporter -->
<testsuite hostname="LAPTOP-L9I71BEA" name="com.lima.test.AdjunoLIMAVendorBookingTest" tests="43" failures="3" timestamp="2 Feb 2018 12:31:24 GMT" time="1370.415" errors="2">
  <testcase name="test_23_VerifyConsigneeDetailsHyperLink" time="23.979" classname="com.lima.test.AdjunoLIMAVendorBookingTest"/>
  <testcase name="test_5_CheckForPendingStatusAndInvalidContainerNumberInSearchPage" time="22.160" classname="com.lima.test.AdjunoLIMAVendorBookingTest"/>
  <testcase name="test_15_16_VerifyColumnHeaderInCYConatinerRequirementsGrid" time="55.113" classname="com.lima.test.AdjunoLIMAVendorBookingTest"/>
  <testcase name="test_46_47_VerifyBookedPOInBookedStatus" time="23.845" classname="com.lima.test.AdjunoLIMAVendorBookingTest"/>
  <testcase name="test_2_VerifyChevronsInVendorBookingSearchPage" time="0.844" classname="com.lima.test.AdjunoLIMAVendorBookingTest"/>
  <testcase name="test_25_ChangeModeFieldInShipmentDetailsPanel" time="19.379" classname="com.lima.test.AdjunoLIMAVendorBookingTest">
    <failure type="java.lang.AssertionError" message="The following asserts failed:
	*****test ID:25_Changing Mode pop up is not displayed in Booking page***** expected [true] but found [false],
	*****test ID:25_Validation Message in Changing Mode pop up is wrong***** expected [true] but found [false]">
      <![CDATA[java.lang.AssertionError: The following asserts failed:
	*****test ID:25_Changing Mode pop up is not displayed in Booking page***** expected [true] but found [false],
	*****test ID:25_Validation Message in Changing Mode pop up is wrong***** expected [true] but found [false]
	at org.testng.asserts.SoftAssert.assertAll(SoftAssert.java:43)
	at com.lima.test.AdjunoLIMAVendorBookingTest.test_25_ChangeModeFieldInShipmentDetailsPanel(AdjunoLIMAVendorBookingTest.java:1389)
	at sun.reflect.NativeMethodAccessorImpl.invoke0(Native Method)
	at sun.reflect.NativeMethodAccessorImpl.invoke(Unknown Source)
	at sun.reflect.DelegatingMethodAccessorImpl.invoke(Unknown Source)
	at java.lang.reflect.Method.invoke(Unknown Source)
	at org.testng.internal.MethodInvocationHelper.invokeMethod(MethodInvocationHelper.java:100)
	at org.testng.internal.Invoker.invokeMethod(Invoker.java:646)
	at org.testng.internal.Invoker.invokeTestMethod(Invoker.java:811)
	at org.testng.internal.Invoker.invokeTestMethods(Invoker.java:1129)
	at org.testng.internal.TestMethodWorker.invokeTestMethods(TestMethodWorker.java:129)
	at org.testng.internal.TestMethodWorker.run(TestMethodWorker.java:112)
	at org.testng.TestRunner.privateRun(TestRunner.java:746)
	at org.testng.TestRunner.run(TestRunner.java:600)
	at org.testng.SuiteRunner.runTest(SuiteRunner.java:366)
	at org.testng.SuiteRunner.runSequentially(SuiteRunner.java:361)
	at org.testng.SuiteRunner.privateRun(SuiteRunner.java:319)
	at org.testng.SuiteRunner.run(SuiteRunner.java:268)
	at org.testng.SuiteRunnerWorker.runSuite(SuiteRunnerWorker.java:52)
	at org.testng.SuiteRunnerWorker.run(SuiteRunnerWorker.java:86)
	at org.testng.TestNG.runSuitesSequentially(TestNG.java:1264)
	at org.testng.TestNG.runSuitesLocally(TestNG.java:1189)
	at org.testng.TestNG.runSuites(TestNG.java:1104)
	at org.testng.TestNG.run(TestNG.java:1076)
	at org.testng.remote.AbstractRemoteTestNG.run(AbstractRemoteTestNG.java:126)
	at org.testng.remote.RemoteTestNG.initAndRun(RemoteTestNG.java:152)
	at org.testng.remote.RemoteTestNG.main(RemoteTestNG.java:57)
]]>
    </failure>
  </testcase> <!-- test_25_ChangeModeFieldInShipmentDetailsPanel -->
  <testcase name="test_18_ProductDetailsGridMandatoryFieldCheckInBookingPage" time="20.849" classname="com.lima.test.AdjunoLIMAVendorBookingTest"/>
  <testcase name="test_35_36_37_38_39_40_VerifyCYContainerRequirementGridFunctionality" time="21.504" classname="com.lima.test.AdjunoLIMAVendorBookingTest"/>
  <testcase name="test_8_VerifyValidationMessageWithoutSelectingAnyRecordInSelectChevron" time="12.700" classname="com.lima.test.AdjunoLIMAVendorBookingTest"/>
  <testcase name="test_14_CheckForShipmentDetailsPanel" time="1.110" classname="com.lima.test.AdjunoLIMAVendorBookingTest"/>
  <testcase name="test_51_CheckForPOStatusFunctionalityForCancelBooking" time="42.381" classname="com.lima.test.AdjunoLIMAVendorBookingTest"/>
  <testcase name="test_23_VerifyVendorAddressIsEditableInCatalog" time="135.668" classname="com.lima.test.AdjunoLIMAVendorBookingTest"/>
  <testcase name="test_46_CheckForBookedPOStatusFunctionality" time="43.277" classname="com.lima.test.AdjunoLIMAVendorBookingTest"/>
  <testcase name="test_29_VerifyAddtionalRequirementHyperLinkInProductsGrid" time="7.064" classname="com.lima.test.AdjunoLIMAVendorBookingTest"/>
  <testcase name="test_4_CheckMandatoryFieldsInSearchChevron" time="6.391" classname="com.lima.test.AdjunoLIMAVendorBookingTest"/>
  <testcase name="test_27_ClickYesButtonInChangeModePopUp" time="24.557" classname="com.lima.test.AdjunoLIMAVendorBookingTest">
    <error type="org.openqa.selenium.ElementNotVisibleException" message="Element is not currently visible and so may not be interacted with
Command duration or timeout: 10.15 seconds
Build info: version: &#039;2.53.1&#039;, revision: &#039;a36b8b1&#039;, time: &#039;2016-06-30 17:32:46&#039;
System info: host: &#039;LAPTOP-L9I71BEA&#039;, ip: &#039;192.168.1.16&#039;, os.name: &#039;Windows 10&#039;, os.arch: &#039;amd64&#039;, os.version: &#039;10.0&#039;, java.version: &#039;1.8.0_121&#039;
Driver info: org.openqa.selenium.firefox.FirefoxDriver
Capabilities [{applicationCacheEnabled=true, rotatable=false, handlesAlerts=true, databaseEnabled=true, version=47.0.1, platform=WINDOWS, nativeEvents=false, acceptSslCerts=true, webStorageEnabled=true, locationContextEnabled=true, browserName=firefox, takesScreenshot=true, javascriptEnabled=true, cssSelectorsEnabled=true}]
Session ID: edb92ee1-63d1-4d31-869c-efaff906b106">
      <![CDATA[org.openqa.selenium.ElementNotVisibleException: Element is not currently visible and so may not be interacted with
Command duration or timeout: 10.15 seconds
Build info: version: '2.53.1', revision: 'a36b8b1', time: '2016-06-30 17:32:46'
System info: host: 'LAPTOP-L9I71BEA', ip: '192.168.1.16', os.name: 'Windows 10', os.arch: 'amd64', os.version: '10.0', java.version: '1.8.0_121'
Driver info: org.openqa.selenium.firefox.FirefoxDriver
Capabilities [{applicationCacheEnabled=true, rotatable=false, handlesAlerts=true, databaseEnabled=true, version=47.0.1, platform=WINDOWS, nativeEvents=false, acceptSslCerts=true, webStorageEnabled=true, locationContextEnabled=true, browserName=firefox, takesScreenshot=true, javascriptEnabled=true, cssSelectorsEnabled=true}]
Session ID: edb92ee1-63d1-4d31-869c-efaff906b106
	at sun.reflect.NativeConstructorAccessorImpl.newInstance0(Native Method)
	at sun.reflect.NativeConstructorAccessorImpl.newInstance(Unknown Source)
	at sun.reflect.DelegatingConstructorAccessorImpl.newInstance(Unknown Source)
	at java.lang.reflect.Constructor.newInstance(Unknown Source)
	at org.openqa.selenium.remote.ErrorHandler.createThrowable(ErrorHandler.java:206)
	at org.openqa.selenium.remote.ErrorHandler.throwIfResponseFailed(ErrorHandler.java:158)
	at org.openqa.selenium.remote.RemoteWebDriver.execute(RemoteWebDriver.java:678)
	at org.openqa.selenium.remote.RemoteWebElement.execute(RemoteWebElement.java:327)
	at org.openqa.selenium.remote.RemoteWebElement.click(RemoteWebElement.java:85)
	at com.lima.pagefactory.AdjunoLIMAVendorBookingPOM.clickButton(AdjunoLIMAVendorBookingPOM.java:716)
	at com.lima.test.AdjunoLIMAVendorBookingTest.test_27_ClickYesButtonInChangeModePopUp(AdjunoLIMAVendorBookingTest.java:1436)
	at sun.reflect.NativeMethodAccessorImpl.invoke0(Native Method)
	at sun.reflect.NativeMethodAccessorImpl.invoke(Unknown Source)
	at sun.reflect.DelegatingMethodAccessorImpl.invoke(Unknown Source)
	at java.lang.reflect.Method.invoke(Unknown Source)
	at org.testng.internal.MethodInvocationHelper.invokeMethod(MethodInvocationHelper.java:100)
	at org.testng.internal.Invoker.invokeMethod(Invoker.java:646)
	at org.testng.internal.Invoker.invokeTestMethod(Invoker.java:811)
	at org.testng.internal.Invoker.invokeTestMethods(Invoker.java:1129)
	at org.testng.internal.TestMethodWorker.invokeTestMethods(TestMethodWorker.java:129)
	at org.testng.internal.TestMethodWorker.run(TestMethodWorker.java:112)
	at org.testng.TestRunner.privateRun(TestRunner.java:746)
	at org.testng.TestRunner.run(TestRunner.java:600)
	at org.testng.SuiteRunner.runTest(SuiteRunner.java:366)
	at org.testng.SuiteRunner.runSequentially(SuiteRunner.java:361)
	at org.testng.SuiteRunner.privateRun(SuiteRunner.java:319)
	at org.testng.SuiteRunner.run(SuiteRunner.java:268)
	at org.testng.SuiteRunnerWorker.runSuite(SuiteRunnerWorker.java:52)
	at org.testng.SuiteRunnerWorker.run(SuiteRunnerWorker.java:86)
	at org.testng.TestNG.runSuitesSequentially(TestNG.java:1264)
	at org.testng.TestNG.runSuitesLocally(TestNG.java:1189)
	at org.testng.TestNG.runSuites(TestNG.java:1104)
	at org.testng.TestNG.run(TestNG.java:1076)
	at org.testng.remote.AbstractRemoteTestNG.run(AbstractRemoteTestNG.java:126)
	at org.testng.remote.RemoteTestNG.initAndRun(RemoteTestNG.java:152)
	at org.testng.remote.RemoteTestNG.main(RemoteTestNG.java:57)
Caused by: org.openqa.selenium.ElementNotVisibleException: Element is not currently visible and so may not be interacted with
Build info: version: '2.53.1', revision: 'a36b8b1', time: '2016-06-30 17:32:46'
System info: host: 'LAPTOP-L9I71BEA', ip: '192.168.1.16', os.name: 'Windows 10', os.arch: 'amd64', os.version: '10.0', java.version: '1.8.0_121'
Driver info: driver.version: unknown
	at <anonymous class>.fxdriver.preconditions.visible(file:///C:/Users/Anand/AppData/Local/Temp/anonymous6977059626027483131webdriver-profile/extensions/fxdriver@googlecode.com/components/command-processor.js:10092)
	at <anonymous class>.DelayedCommand.prototype.checkPreconditions_(file:///C:/Users/Anand/AppData/Local/Temp/anonymous6977059626027483131webdriver-profile/extensions/fxdriver@googlecode.com/components/command-processor.js:12644)
	at <anonymous class>.DelayedCommand.prototype.executeInternal_/h(file:///C:/Users/Anand/AppData/Local/Temp/anonymous6977059626027483131webdriver-profile/extensions/fxdriver@googlecode.com/components/command-processor.js:12661)
	at <anonymous class>.fxdriver.Timer.prototype.setTimeout/<.notify(file:///C:/Users/Anand/AppData/Local/Temp/anonymous6977059626027483131webdriver-profile/extensions/fxdriver@googlecode.com/components/command-processor.js:625)
]]>
    </error>
  </testcase> <!-- test_27_ClickYesButtonInChangeModePopUp -->
  <testcase name="test_34_CloseAdditionalRequirementPopUp" time="4.250" classname="com.lima.test.AdjunoLIMAVendorBookingTest"/>
  <testcase name="test_11_VerifyGridsInBookingPage" time="48.386" classname="com.lima.test.AdjunoLIMAVendorBookingTest"/>
  <testcase name="test_3_VerifySearchFeildsUnderSearchChevron" time="2.266" classname="com.lima.test.AdjunoLIMAVendorBookingTest"/>
  <testcase name="test_13_CheckForPODetailsGridInBookingPage" time="54.755" classname="com.lima.test.AdjunoLIMAVendorBookingTest"/>
  <testcase name="test_15_InspectOriginPortDropDownInShipmentDetailsPanel" time="147.548" classname="com.lima.test.AdjunoLIMAVendorBookingTest"/>
  <testcase name="test_22_VerifyVendorDetailsHyperLink" time="15.803" classname="com.lima.test.AdjunoLIMAVendorBookingTest"/>
  <testcase name="test_45_VerifyBookedPOInAwaitingStatus" time="32.236" classname="com.lima.test.AdjunoLIMAVendorBookingTest"/>
  <testcase name="test_10_SelectOneRecordAndVerifyInBookingPage" time="55.727" classname="com.lima.test.AdjunoLIMAVendorBookingTest">
    <failure type="java.lang.AssertionError" message="The following asserts failed:
	For PONumber &#039;71217&#039;, BkdQty field has issues on PO Details Grid in Bookings page expected [true] but found [false]">
      <![CDATA[java.lang.AssertionError: The following asserts failed:
	For PONumber '71217', BkdQty field has issues on PO Details Grid in Bookings page expected [true] but found [false]
	at org.testng.asserts.SoftAssert.assertAll(SoftAssert.java:43)
	at com.lima.test.AdjunoLIMAVendorBookingTest.test_10_SelectOneRecordAndVerifyInBookingPage(AdjunoLIMAVendorBookingTest.java:663)
	at sun.reflect.NativeMethodAccessorImpl.invoke0(Native Method)
	at sun.reflect.NativeMethodAccessorImpl.invoke(Unknown Source)
	at sun.reflect.DelegatingMethodAccessorImpl.invoke(Unknown Source)
	at java.lang.reflect.Method.invoke(Unknown Source)
	at org.testng.internal.MethodInvocationHelper.invokeMethod(MethodInvocationHelper.java:100)
	at org.testng.internal.Invoker.invokeMethod(Invoker.java:646)
	at org.testng.internal.Invoker.invokeTestMethod(Invoker.java:811)
	at org.testng.internal.Invoker.invokeTestMethods(Invoker.java:1129)
	at org.testng.internal.TestMethodWorker.invokeTestMethods(TestMethodWorker.java:129)
	at org.testng.internal.TestMethodWorker.run(TestMethodWorker.java:112)
	at org.testng.TestRunner.privateRun(TestRunner.java:746)
	at org.testng.TestRunner.run(TestRunner.java:600)
	at org.testng.SuiteRunner.runTest(SuiteRunner.java:366)
	at org.testng.SuiteRunner.runSequentially(SuiteRunner.java:361)
	at org.testng.SuiteRunner.privateRun(SuiteRunner.java:319)
	at org.testng.SuiteRunner.run(SuiteRunner.java:268)
	at org.testng.SuiteRunnerWorker.runSuite(SuiteRunnerWorker.java:52)
	at org.testng.SuiteRunnerWorker.run(SuiteRunnerWorker.java:86)
	at org.testng.TestNG.runSuitesSequentially(TestNG.java:1264)
	at org.testng.TestNG.runSuitesLocally(TestNG.java:1189)
	at org.testng.TestNG.runSuites(TestNG.java:1104)
	at org.testng.TestNG.run(TestNG.java:1076)
	at org.testng.remote.AbstractRemoteTestNG.run(AbstractRemoteTestNG.java:126)
	at org.testng.remote.RemoteTestNG.initAndRun(RemoteTestNG.java:152)
	at org.testng.remote.RemoteTestNG.main(RemoteTestNG.java:57)
]]>
    </failure>
  </testcase> <!-- test_10_SelectOneRecordAndVerifyInBookingPage -->
  <testcase name="test_5_SetShipmentDueFieldAndCheckMandtoryFields" time="9.782" classname="com.lima.test.AdjunoLIMAVendorBookingTest"/>
  <testcase name="test_15_InspectNotifyPartyDetailsDropDown" time="24.586" classname="com.lima.test.AdjunoLIMAVendorBookingTest"/>
  <testcase name="test_41_42_43_VerifyCompleteFunctionality" time="73.974" classname="com.lima.test.AdjunoLIMAVendorBookingTest"/>
  <testcase name="test_45_VerifyLatestShipmentRelatedLinkInPurchaseOrderPage" time="13.111" classname="com.lima.test.AdjunoLIMAVendorBookingTest"/>
  <testcase name="test_48_49_50_VerifyCancelBookingFunctionality" time="159.265" classname="com.lima.test.AdjunoLIMAVendorBookingTest"/>
  <testcase name="test_28_InspectOriginPortDropDown" time="0.672" classname="com.lima.test.AdjunoLIMAVendorBookingTest"/>
  <testcase name="test_9_SelectMultipleRecordsAndVerifyInBookingPage" time="59.553" classname="com.lima.test.AdjunoLIMAVendorBookingTest">
    <failure type="java.lang.AssertionError" message="The following asserts failed:
	For PONumber &#039;71217&#039;, BkdQty field has issues on PO Details Grid in Bookings pageFor PONumber &#039;testABC09&#039;, BkdQty field has issues on PO Details Grid in Bookings pageFor PONumber &#039;testABC09&#039;, BkdCtns field has issues on PO Details Grid in Bookings pageFor PONumber &#039;testABC09&#039;, BkdCBM field has issues on PO Details Grid in Bookings page expected [true] but found [false]">
      <![CDATA[java.lang.AssertionError: The following asserts failed:
	For PONumber '71217', BkdQty field has issues on PO Details Grid in Bookings pageFor PONumber 'testABC09', BkdQty field has issues on PO Details Grid in Bookings pageFor PONumber 'testABC09', BkdCtns field has issues on PO Details Grid in Bookings pageFor PONumber 'testABC09', BkdCBM field has issues on PO Details Grid in Bookings page expected [true] but found [false]
	at org.testng.asserts.SoftAssert.assertAll(SoftAssert.java:43)
	at com.lima.test.AdjunoLIMAVendorBookingTest.test_9_SelectMultipleRecordsAndVerifyInBookingPage(AdjunoLIMAVendorBookingTest.java:611)
	at sun.reflect.NativeMethodAccessorImpl.invoke0(Native Method)
	at sun.reflect.NativeMethodAccessorImpl.invoke(Unknown Source)
	at sun.reflect.DelegatingMethodAccessorImpl.invoke(Unknown Source)
	at java.lang.reflect.Method.invoke(Unknown Source)
	at org.testng.internal.MethodInvocationHelper.invokeMethod(MethodInvocationHelper.java:100)
	at org.testng.internal.Invoker.invokeMethod(Invoker.java:646)
	at org.testng.internal.Invoker.invokeTestMethod(Invoker.java:811)
	at org.testng.internal.Invoker.invokeTestMethods(Invoker.java:1129)
	at org.testng.internal.TestMethodWorker.invokeTestMethods(TestMethodWorker.java:129)
	at org.testng.internal.TestMethodWorker.run(TestMethodWorker.java:112)
	at org.testng.TestRunner.privateRun(TestRunner.java:746)
	at org.testng.TestRunner.run(TestRunner.java:600)
	at org.testng.SuiteRunner.runTest(SuiteRunner.java:366)
	at org.testng.SuiteRunner.runSequentially(SuiteRunner.java:361)
	at org.testng.SuiteRunner.privateRun(SuiteRunner.java:319)
	at org.testng.SuiteRunner.run(SuiteRunner.java:268)
	at org.testng.SuiteRunnerWorker.runSuite(SuiteRunnerWorker.java:52)
	at org.testng.SuiteRunnerWorker.run(SuiteRunnerWorker.java:86)
	at org.testng.TestNG.runSuitesSequentially(TestNG.java:1264)
	at org.testng.TestNG.runSuitesLocally(TestNG.java:1189)
	at org.testng.TestNG.runSuites(TestNG.java:1104)
	at org.testng.TestNG.run(TestNG.java:1076)
	at org.testng.remote.AbstractRemoteTestNG.run(AbstractRemoteTestNG.java:126)
	at org.testng.remote.RemoteTestNG.initAndRun(RemoteTestNG.java:152)
	at org.testng.remote.RemoteTestNG.main(RemoteTestNG.java:57)
]]>
    </failure>
  </testcase> <!-- test_9_SelectMultipleRecordsAndVerifyInBookingPage -->
  <testcase name="test_7_CheckForResultantGridHeadersInSelectPage" time="5.235" classname="com.lima.test.AdjunoLIMAVendorBookingTest"/>
  <testcase name="test_6_CheckForPendingStatusAndValidContainerNumberInSearchPage" time="45.694" classname="com.lima.test.AdjunoLIMAVendorBookingTest"/>
  <testcase name="test_26_ClickNoButtonInChangeModePopUp" time="15.334" classname="com.lima.test.AdjunoLIMAVendorBookingTest">
    <error type="org.openqa.selenium.ElementNotVisibleException" message="Element is not currently visible and so may not be interacted with
Command duration or timeout: 10.22 seconds
Build info: version: &#039;2.53.1&#039;, revision: &#039;a36b8b1&#039;, time: &#039;2016-06-30 17:32:46&#039;
System info: host: &#039;LAPTOP-L9I71BEA&#039;, ip: &#039;192.168.1.16&#039;, os.name: &#039;Windows 10&#039;, os.arch: &#039;amd64&#039;, os.version: &#039;10.0&#039;, java.version: &#039;1.8.0_121&#039;
Driver info: org.openqa.selenium.firefox.FirefoxDriver
Capabilities [{applicationCacheEnabled=true, rotatable=false, handlesAlerts=true, databaseEnabled=true, version=47.0.1, platform=WINDOWS, nativeEvents=false, acceptSslCerts=true, webStorageEnabled=true, locationContextEnabled=true, browserName=firefox, takesScreenshot=true, javascriptEnabled=true, cssSelectorsEnabled=true}]
Session ID: edb92ee1-63d1-4d31-869c-efaff906b106">
      <![CDATA[org.openqa.selenium.ElementNotVisibleException: Element is not currently visible and so may not be interacted with
Command duration or timeout: 10.22 seconds
Build info: version: '2.53.1', revision: 'a36b8b1', time: '2016-06-30 17:32:46'
System info: host: 'LAPTOP-L9I71BEA', ip: '192.168.1.16', os.name: 'Windows 10', os.arch: 'amd64', os.version: '10.0', java.version: '1.8.0_121'
Driver info: org.openqa.selenium.firefox.FirefoxDriver
Capabilities [{applicationCacheEnabled=true, rotatable=false, handlesAlerts=true, databaseEnabled=true, version=47.0.1, platform=WINDOWS, nativeEvents=false, acceptSslCerts=true, webStorageEnabled=true, locationContextEnabled=true, browserName=firefox, takesScreenshot=true, javascriptEnabled=true, cssSelectorsEnabled=true}]
Session ID: edb92ee1-63d1-4d31-869c-efaff906b106
	at sun.reflect.NativeConstructorAccessorImpl.newInstance0(Native Method)
	at sun.reflect.NativeConstructorAccessorImpl.newInstance(Unknown Source)
	at sun.reflect.DelegatingConstructorAccessorImpl.newInstance(Unknown Source)
	at java.lang.reflect.Constructor.newInstance(Unknown Source)
	at org.openqa.selenium.remote.ErrorHandler.createThrowable(ErrorHandler.java:206)
	at org.openqa.selenium.remote.ErrorHandler.throwIfResponseFailed(ErrorHandler.java:158)
	at org.openqa.selenium.remote.RemoteWebDriver.execute(RemoteWebDriver.java:678)
	at org.openqa.selenium.remote.RemoteWebElement.execute(RemoteWebElement.java:327)
	at org.openqa.selenium.remote.RemoteWebElement.click(RemoteWebElement.java:85)
	at com.lima.pagefactory.AdjunoLIMAVendorBookingPOM.clickButton(AdjunoLIMAVendorBookingPOM.java:716)
	at com.lima.test.AdjunoLIMAVendorBookingTest.test_26_ClickNoButtonInChangeModePopUp(AdjunoLIMAVendorBookingTest.java:1401)
	at sun.reflect.NativeMethodAccessorImpl.invoke0(Native Method)
	at sun.reflect.NativeMethodAccessorImpl.invoke(Unknown Source)
	at sun.reflect.DelegatingMethodAccessorImpl.invoke(Unknown Source)
	at java.lang.reflect.Method.invoke(Unknown Source)
	at org.testng.internal.MethodInvocationHelper.invokeMethod(MethodInvocationHelper.java:100)
	at org.testng.internal.Invoker.invokeMethod(Invoker.java:646)
	at org.testng.internal.Invoker.invokeTestMethod(Invoker.java:811)
	at org.testng.internal.Invoker.invokeTestMethods(Invoker.java:1129)
	at org.testng.internal.TestMethodWorker.invokeTestMethods(TestMethodWorker.java:129)
	at org.testng.internal.TestMethodWorker.run(TestMethodWorker.java:112)
	at org.testng.TestRunner.privateRun(TestRunner.java:746)
	at org.testng.TestRunner.run(TestRunner.java:600)
	at org.testng.SuiteRunner.runTest(SuiteRunner.java:366)
	at org.testng.SuiteRunner.runSequentially(SuiteRunner.java:361)
	at org.testng.SuiteRunner.privateRun(SuiteRunner.java:319)
	at org.testng.SuiteRunner.run(SuiteRunner.java:268)
	at org.testng.SuiteRunnerWorker.runSuite(SuiteRunnerWorker.java:52)
	at org.testng.SuiteRunnerWorker.run(SuiteRunnerWorker.java:86)
	at org.testng.TestNG.runSuitesSequentially(TestNG.java:1264)
	at org.testng.TestNG.runSuitesLocally(TestNG.java:1189)
	at org.testng.TestNG.runSuites(TestNG.java:1104)
	at org.testng.TestNG.run(TestNG.java:1076)
	at org.testng.remote.AbstractRemoteTestNG.run(AbstractRemoteTestNG.java:126)
	at org.testng.remote.RemoteTestNG.initAndRun(RemoteTestNG.java:152)
	at org.testng.remote.RemoteTestNG.main(RemoteTestNG.java:57)
Caused by: org.openqa.selenium.ElementNotVisibleException: Element is not currently visible and so may not be interacted with
Build info: version: '2.53.1', revision: 'a36b8b1', time: '2016-06-30 17:32:46'
System info: host: 'LAPTOP-L9I71BEA', ip: '192.168.1.16', os.name: 'Windows 10', os.arch: 'amd64', os.version: '10.0', java.version: '1.8.0_121'
Driver info: driver.version: unknown
	at <anonymous class>.fxdriver.preconditions.visible(file:///C:/Users/Anand/AppData/Local/Temp/anonymous6977059626027483131webdriver-profile/extensions/fxdriver@googlecode.com/components/command-processor.js:10092)
	at <anonymous class>.DelayedCommand.prototype.checkPreconditions_(file:///C:/Users/Anand/AppData/Local/Temp/anonymous6977059626027483131webdriver-profile/extensions/fxdriver@googlecode.com/components/command-processor.js:12644)
	at <anonymous class>.DelayedCommand.prototype.executeInternal_/h(file:///C:/Users/Anand/AppData/Local/Temp/anonymous6977059626027483131webdriver-profile/extensions/fxdriver@googlecode.com/components/command-processor.js:12661)
	at <anonymous class>.fxdriver.Timer.prototype.setTimeout/<.notify(file:///C:/Users/Anand/AppData/Local/Temp/anonymous6977059626027483131webdriver-profile/extensions/fxdriver@googlecode.com/components/command-processor.js:625)
]]>
    </error>
  </testcase> <!-- test_26_ClickNoButtonInChangeModePopUp -->
  <testcase name="test_12_VerifyFieldsInConatinerDetailsPanel" time="0.812" classname="com.lima.test.AdjunoLIMAVendorBookingTest"/>
  <testcase name="test_21_SetFieldValuesInContainerDetailsPanel" time="3.015" classname="com.lima.test.AdjunoLIMAVendorBookingTest"/>
  <testcase name="test_17_ContainerDetailsGridMandatoryFieldCheckInBookingPage" time="0.078" classname="com.lima.test.AdjunoLIMAVendorBookingTest"/>
  <testcase name="test_19_ShipmentDetailsGridMandatoryFieldCheckInBookingPage" time="4.064" classname="com.lima.test.AdjunoLIMAVendorBookingTest"/>
  <testcase name="test_1_verifyAccessConfirmArrival" time="12.484" classname="com.lima.test.AdjunoLIMAVendorBookingTest"/>
  <testcase name="test_14_InspectFactoryDetailsDropDown" time="44.565" classname="com.lima.test.AdjunoLIMAVendorBookingTest"/>
  <testcase name="test_24_VerifyProductDetailsGridFunctionality" time="57.896" classname="com.lima.test.AdjunoLIMAVendorBookingTest"/>
  <testcase name="test_28_SetDataInAllFieldsUnderShipmentDetailsPanel" time="9.518" classname="com.lima.test.AdjunoLIMAVendorBookingTest"/>
  <testcase name="test_44_VerifyPurchaseOrderPage" time="8.985" classname="com.lima.test.AdjunoLIMAVendorBookingTest"/>
</testsuite> <!-- com.lima.test.AdjunoLIMAVendorBookingTest -->
