<?xml version="1.0" encoding="UTF-8"?>
<!-- Generated by org.testng.reporters.JUnitReportReporter -->
<testsuite hostname="LAPTOP-L9I71BEA" name="com.lima.test.AdjunoLIMAProductionCheckTest" tests="20" failures="1" timestamp="2 Feb 2018 12:31:25 GMT" time="456.973" errors="0">
  <testcase name="test_24_verifyPOStatus" time="44.002" classname="com.lima.test.AdjunoLIMAProductionCheckTest">
    <failure type="java.lang.AssertionError" message="The following asserts failed:
	*****_24_Status is not Order Progressed for the progressed Po number under PO status report page***** expected [true] but found [false]">
      <![CDATA[java.lang.AssertionError: The following asserts failed:
	*****_24_Status is not Order Progressed for the progressed Po number under PO status report page***** expected [true] but found [false]
	at org.testng.asserts.SoftAssert.assertAll(SoftAssert.java:43)
	at com.lima.test.AdjunoLIMAProductionCheckTest.test_24_verifyPOStatus(AdjunoLIMAProductionCheckTest.java:785)
	at sun.reflect.NativeMethodAccessorImpl.invoke0(Native Method)
	at sun.reflect.NativeMethodAccessorImpl.invoke(Unknown Source)
	at sun.reflect.DelegatingMethodAccessorImpl.invoke(Unknown Source)
	at java.lang.reflect.Method.invoke(Unknown Source)
	at org.testng.internal.MethodInvocationHelper.invokeMethod(MethodInvocationHelper.java:100)
	at org.testng.internal.Invoker.invokeMethod(Invoker.java:646)
	at org.testng.internal.Invoker.invokeTestMethod(Invoker.java:811)
	at org.testng.internal.Invoker.invokeTestMethods(Invoker.java:1129)
	at org.testng.internal.TestMethodWorker.invokeTestMethods(TestMethodWorker.java:129)
	at org.testng.internal.TestMethodWorker.run(TestMethodWorker.java:112)
	at org.testng.TestRunner.privateRun(TestRunner.java:746)
	at org.testng.TestRunner.run(TestRunner.java:600)
	at org.testng.SuiteRunner.runTest(SuiteRunner.java:366)
	at org.testng.SuiteRunner.runSequentially(SuiteRunner.java:361)
	at org.testng.SuiteRunner.privateRun(SuiteRunner.java:319)
	at org.testng.SuiteRunner.run(SuiteRunner.java:268)
	at org.testng.SuiteRunnerWorker.runSuite(SuiteRunnerWorker.java:52)
	at org.testng.SuiteRunnerWorker.run(SuiteRunnerWorker.java:86)
	at org.testng.TestNG.runSuitesSequentially(TestNG.java:1264)
	at org.testng.TestNG.runSuitesLocally(TestNG.java:1189)
	at org.testng.TestNG.runSuites(TestNG.java:1104)
	at org.testng.TestNG.run(TestNG.java:1076)
	at org.testng.remote.AbstractRemoteTestNG.run(AbstractRemoteTestNG.java:126)
	at org.testng.remote.RemoteTestNG.initAndRun(RemoteTestNG.java:152)
	at org.testng.remote.RemoteTestNG.main(RemoteTestNG.java:57)
]]>
    </failure>
  </testcase> <!-- test_24_verifyPOStatus -->
  <testcase name="Test_14_verifyCaptionsInProductsGrid" time="3.188" classname="com.lima.test.AdjunoLIMAProductionCheckTest"/>
  <testcase name="Test_7_verifyProductionStatusAny" time="32.784" classname="com.lima.test.AdjunoLIMAProductionCheckTest"/>
  <testcase name="Test_9_verifyProductionStatusPartProgressed" time="23.455" classname="com.lima.test.AdjunoLIMAProductionCheckTest"/>
  <testcase name="test_1_accessProductionCheck" time="18.035" classname="com.lima.test.AdjunoLIMAProductionCheckTest"/>
  <testcase name="Test_18_verifyProductConfirmation" time="22.135" classname="com.lima.test.AdjunoLIMAProductionCheckTest"/>
  <testcase name="Test_12_verifyCaptionsInOrdersGrid" time="1.375" classname="com.lima.test.AdjunoLIMAProductionCheckTest"/>
  <testcase name="Test_2_checkChevrons" time="0.922" classname="com.lima.test.AdjunoLIMAProductionCheckTest"/>
  <testcase name="Test_8_verifyProductionStatusPending" time="34.183" classname="com.lima.test.AdjunoLIMAProductionCheckTest"/>
  <testcase name="Test_21_verifyCompleteProcess" time="3.012" classname="com.lima.test.AdjunoLIMAProductionCheckTest"/>
  <testcase name="Test_4_verifyMandatoryFieldSearchParam" time="20.253" classname="com.lima.test.AdjunoLIMAProductionCheckTest"/>
  <testcase name="Test_17_verifyMandatoryFieldInProductsGrid" time="31.869" classname="com.lima.test.AdjunoLIMAProductionCheckTest"/>
  <testcase name="Test_16_verifyDetailsInProductsGrid" time="86.744" classname="com.lima.test.AdjunoLIMAProductionCheckTest"/>
  <testcase name="verify_Test_6_ProductionStatusProgressed" time="30.004" classname="com.lima.test.AdjunoLIMAProductionCheckTest"/>
  <testcase name="test_24_accessEdit" time="46.538" classname="com.lima.test.AdjunoLIMAProductionCheckTest"/>
  <testcase name="Test_5_checkForInvalidPoNumber" time="12.033" classname="com.lima.test.AdjunoLIMAProductionCheckTest"/>
  <testcase name="Test_13_verifyCopyDownsDisplayed" time="0.625" classname="com.lima.test.AdjunoLIMAProductionCheckTest"/>
  <testcase name="Test_12_verifyRecordsInOrderGrid" time="0.609" classname="com.lima.test.AdjunoLIMAProductionCheckTest"/>
  <testcase name="Test_3_checkSearchParamsFields" time="1.703" classname="com.lima.test.AdjunoLIMAProductionCheckTest"/>
  <testcase name="Test_11_verifyCheckBoxClicked" time="43.504" classname="com.lima.test.AdjunoLIMAProductionCheckTest"/>
</testsuite> <!-- com.lima.test.AdjunoLIMAProductionCheckTest -->
