<?xml version="1.0" encoding="UTF-8"?>
<!-- Generated by org.testng.reporters.JUnitReportReporter -->
<testsuite hostname="LAPTOP-L9I71BEA" name="com.lima.test.AdjunoLIMACargoReceiptTest" tests="34" failures="0" timestamp="2 Feb 2018 12:31:25 GMT" time="540.868" errors="2">
  <testcase name="test_13_StatusReceipted" time="44.667" classname="com.lima.test.AdjunoLIMACargoReceiptTest"/>
  <testcase name="test_40_CheckForShipmentOrderDisplay" time="7.657" classname="com.lima.test.AdjunoLIMACargoReceiptTest"/>
  <testcase name="test_48_VerifyCargoReceiptPOStatus" time="20.440" classname="com.lima.test.AdjunoLIMACargoReceiptTest"/>
  <testcase name="test_42_CargoReceiptEvent" time="41.196" classname="com.lima.test.AdjunoLIMACargoReceiptTest"/>
  <testcase name="test_11_SelectSingleInvalid" time="19.399" classname="com.lima.test.AdjunoLIMACargoReceiptTest"/>
  <testcase name="test_39_Tracktab" time="41.369" classname="com.lima.test.AdjunoLIMACargoReceiptTest"/>
  <testcase name="test_20_ClickBack" time="5.422" classname="com.lima.test.AdjunoLIMACargoReceiptTest"/>
  <testcase name="clearFeilds" time="5.251" classname="com.lima.test.AdjunoLIMACargoReceiptTest"/>
  <testcase name="test_18_CheckForHyperLink" time="1.531" classname="com.lima.test.AdjunoLIMACargoReceiptTest"/>
  <testcase name="test_26_VerifyMandatoryfieldReceivedDate" time="0.079" classname="com.lima.test.AdjunoLIMACargoReceiptTest"/>
  <testcase name="test_8_SearchProducts" time="16.755" classname="com.lima.test.AdjunoLIMACargoReceiptTest"/>
  <testcase name="test_32_VerifyReceiptInvalidReceivedDate" time="18.763" classname="com.lima.test.AdjunoLIMACargoReceiptTest"/>
  <testcase name="verifyReceiptDetailGridsCaption" time="3.078" classname="com.lima.test.AdjunoLIMACargoReceiptTest"/>
  <testcase name="test_12_StatusAwaiting" time="68.505" classname="com.lima.test.AdjunoLIMACargoReceiptTest"/>
  <testcase name="verifyReceiptGridsCaption" time="1.954" classname="com.lima.test.AdjunoLIMACargoReceiptTest"/>
  <testcase name="test_43_CheckStatusTrackRef" time="10.173" classname="com.lima.test.AdjunoLIMACargoReceiptTest">
    <error type="org.openqa.selenium.NoSuchElementException" message="Unable to locate element: {&quot;method&quot;:&quot;xpath&quot;,&quot;selector&quot;:&quot;.//*[@id=&#039;InnerContent&#039;]/div/table/tbody/tr[2]/td[21]&quot;}
Command duration or timeout: 10.17 seconds
For documentation on this error, please visit: http://seleniumhq.org/exceptions/no_such_element.html
Build info: version: &#039;2.53.1&#039;, revision: &#039;a36b8b1&#039;, time: &#039;2016-06-30 17:32:46&#039;
System info: host: &#039;LAPTOP-L9I71BEA&#039;, ip: &#039;192.168.1.16&#039;, os.name: &#039;Windows 10&#039;, os.arch: &#039;amd64&#039;, os.version: &#039;10.0&#039;, java.version: &#039;1.8.0_121&#039;
Driver info: org.openqa.selenium.firefox.FirefoxDriver
Capabilities [{applicationCacheEnabled=true, rotatable=false, handlesAlerts=true, databaseEnabled=true, version=47.0.1, platform=WINDOWS, nativeEvents=false, acceptSslCerts=true, webStorageEnabled=true, locationContextEnabled=true, browserName=firefox, takesScreenshot=true, javascriptEnabled=true, cssSelectorsEnabled=true}]
Session ID: 905577d5-afbb-4218-8110-c581cdaf7e0b
*** Element info: {Using=xpath, value=.//*[@id=&#039;InnerContent&#039;]/div/table/tbody/tr[2]/td[21]}">
      <![CDATA[org.openqa.selenium.NoSuchElementException: Unable to locate element: {"method":"xpath","selector":".//*[@id='InnerContent']/div/table/tbody/tr[2]/td[21]"}
Command duration or timeout: 10.17 seconds
For documentation on this error, please visit: http://seleniumhq.org/exceptions/no_such_element.html
Build info: version: '2.53.1', revision: 'a36b8b1', time: '2016-06-30 17:32:46'
System info: host: 'LAPTOP-L9I71BEA', ip: '192.168.1.16', os.name: 'Windows 10', os.arch: 'amd64', os.version: '10.0', java.version: '1.8.0_121'
Driver info: org.openqa.selenium.firefox.FirefoxDriver
Capabilities [{applicationCacheEnabled=true, rotatable=false, handlesAlerts=true, databaseEnabled=true, version=47.0.1, platform=WINDOWS, nativeEvents=false, acceptSslCerts=true, webStorageEnabled=true, locationContextEnabled=true, browserName=firefox, takesScreenshot=true, javascriptEnabled=true, cssSelectorsEnabled=true}]
Session ID: 905577d5-afbb-4218-8110-c581cdaf7e0b
*** Element info: {Using=xpath, value=.//*[@id='InnerContent']/div/table/tbody/tr[2]/td[21]}
	at sun.reflect.NativeConstructorAccessorImpl.newInstance0(Native Method)
	at sun.reflect.NativeConstructorAccessorImpl.newInstance(Unknown Source)
	at sun.reflect.DelegatingConstructorAccessorImpl.newInstance(Unknown Source)
	at java.lang.reflect.Constructor.newInstance(Unknown Source)
	at org.openqa.selenium.remote.ErrorHandler.createThrowable(ErrorHandler.java:206)
	at org.openqa.selenium.remote.ErrorHandler.throwIfResponseFailed(ErrorHandler.java:158)
	at org.openqa.selenium.remote.RemoteWebDriver.execute(RemoteWebDriver.java:678)
	at org.openqa.selenium.remote.RemoteWebDriver.findElement(RemoteWebDriver.java:363)
	at org.openqa.selenium.remote.RemoteWebDriver.findElementByXPath(RemoteWebDriver.java:500)
	at org.openqa.selenium.By$ByXPath.findElement(By.java:361)
	at org.openqa.selenium.remote.RemoteWebDriver.findElement(RemoteWebDriver.java:355)
	at org.openqa.selenium.support.pagefactory.DefaultElementLocator.findElement(DefaultElementLocator.java:69)
	at org.openqa.selenium.support.pagefactory.internal.LocatingElementHandler.invoke(LocatingElementHandler.java:38)
	at com.sun.proxy.$Proxy9.getText(Unknown Source)
	at com.lima.pagefactory.AdjunoLIMACargoReceiptPOM.getWebElementValue(AdjunoLIMACargoReceiptPOM.java:716)
	at com.lima.test.AdjunoLIMACargoReceiptTest.test_43_CheckStatusTrackRef(AdjunoLIMACargoReceiptTest.java:1163)
	at sun.reflect.NativeMethodAccessorImpl.invoke0(Native Method)
	at sun.reflect.NativeMethodAccessorImpl.invoke(Unknown Source)
	at sun.reflect.DelegatingMethodAccessorImpl.invoke(Unknown Source)
	at java.lang.reflect.Method.invoke(Unknown Source)
	at org.testng.internal.MethodInvocationHelper.invokeMethod(MethodInvocationHelper.java:100)
	at org.testng.internal.Invoker.invokeMethod(Invoker.java:646)
	at org.testng.internal.Invoker.invokeTestMethod(Invoker.java:811)
	at org.testng.internal.Invoker.invokeTestMethods(Invoker.java:1129)
	at org.testng.internal.TestMethodWorker.invokeTestMethods(TestMethodWorker.java:129)
	at org.testng.internal.TestMethodWorker.run(TestMethodWorker.java:112)
	at org.testng.TestRunner.privateRun(TestRunner.java:746)
	at org.testng.TestRunner.run(TestRunner.java:600)
	at org.testng.SuiteRunner.runTest(SuiteRunner.java:366)
	at org.testng.SuiteRunner.runSequentially(SuiteRunner.java:361)
	at org.testng.SuiteRunner.privateRun(SuiteRunner.java:319)
	at org.testng.SuiteRunner.run(SuiteRunner.java:268)
	at org.testng.SuiteRunnerWorker.runSuite(SuiteRunnerWorker.java:52)
	at org.testng.SuiteRunnerWorker.run(SuiteRunnerWorker.java:86)
	at org.testng.TestNG.runSuitesSequentially(TestNG.java:1264)
	at org.testng.TestNG.runSuitesLocally(TestNG.java:1189)
	at org.testng.TestNG.runSuites(TestNG.java:1104)
	at org.testng.TestNG.run(TestNG.java:1076)
	at org.testng.remote.AbstractRemoteTestNG.run(AbstractRemoteTestNG.java:126)
	at org.testng.remote.RemoteTestNG.initAndRun(RemoteTestNG.java:152)
	at org.testng.remote.RemoteTestNG.main(RemoteTestNG.java:57)
Caused by: org.openqa.selenium.NoSuchElementException: Unable to locate element: {"method":"xpath","selector":".//*[@id='InnerContent']/div/table/tbody/tr[2]/td[21]"}
For documentation on this error, please visit: http://seleniumhq.org/exceptions/no_such_element.html
Build info: version: '2.53.1', revision: 'a36b8b1', time: '2016-06-30 17:32:46'
System info: host: 'LAPTOP-L9I71BEA', ip: '192.168.1.16', os.name: 'Windows 10', os.arch: 'amd64', os.version: '10.0', java.version: '1.8.0_121'
Driver info: driver.version: unknown
	at <anonymous class>.FirefoxDriver.prototype.findElementInternal_(file:///C:/Users/Anand/AppData/Local/Temp/anonymous234132725208412916webdriver-profile/extensions/fxdriver@googlecode.com/components/driver-component.js:10770)
	at <anonymous class>.fxdriver.Timer.prototype.setTimeout/<.notify(file:///C:/Users/Anand/AppData/Local/Temp/anonymous234132725208412916webdriver-profile/extensions/fxdriver@googlecode.com/components/driver-component.js:625)
]]>
    </error>
  </testcase> <!-- test_43_CheckStatusTrackRef -->
  <testcase name="test_25_VerifyReceiptGridValues" time="0.281" classname="com.lima.test.AdjunoLIMACargoReceiptTest"/>
  <testcase name="test_38_GetTrackRefNo" time="5.996" classname="com.lima.test.AdjunoLIMACargoReceiptTest"/>
  <testcase name="test_26_VerifyGridUserEnterable" time="42.862" classname="com.lima.test.AdjunoLIMACargoReceiptTest"/>
  <testcase name="test_21_ReceiptChevron" time="16.246" classname="com.lima.test.AdjunoLIMACargoReceiptTest"/>
  <testcase name="checkForChevorons" time="0.922" classname="com.lima.test.AdjunoLIMACargoReceiptTest"/>
  <testcase name="test_31_VerifyReceiptDetailsdropdown" time="3.569" classname="com.lima.test.AdjunoLIMACargoReceiptTest"/>
  <testcase name="test_37_CompeleteChev" time="12.364" classname="com.lima.test.AdjunoLIMACargoReceiptTest"/>
  <testcase name="test_29_VerifyReceiptDetailsGridValue" time="23.560" classname="com.lima.test.AdjunoLIMACargoReceiptTest"/>
  <testcase name="test_20_VerifyingIdentifiersDetails" time="14.283" classname="com.lima.test.AdjunoLIMACargoReceiptTest"/>
  <testcase name="verifyingPoDetails" time="26.659" classname="com.lima.test.AdjunoLIMACargoReceiptTest"/>
  <testcase name="test_47_VerifyCompletedPOStatus" time="22.440" classname="com.lima.test.AdjunoLIMACargoReceiptTest"/>
  <testcase name="test_9_SelectChevron" time="12.390" classname="com.lima.test.AdjunoLIMACargoReceiptTest"/>
  <testcase name="test_15_ShippmentDetails" time="24.246" classname="com.lima.test.AdjunoLIMACargoReceiptTest"/>
  <testcase name="test_24_VerifyReceiptGrids" time="0.624" classname="com.lima.test.AdjunoLIMACargoReceiptTest"/>
  <testcase name="test_16_VerifyShipmentDetailsData" time="3.875" classname="com.lima.test.AdjunoLIMACargoReceiptTest"/>
  <testcase name="test_46_CheckBkdHistory" time="0.000" classname="com.lima.test.AdjunoLIMACargoReceiptTest">
    <error type="java.lang.Throwable" message="Method AdjunoLIMACargoReceiptTest.test_46_CheckBkdHistory()[pri:109, instance:com.lima.test.AdjunoLIMACargoReceiptTest@73ad2d6] depends on not successfully finished methods">
      <![CDATA[java.lang.Throwable: Method AdjunoLIMACargoReceiptTest.test_46_CheckBkdHistory()[pri:109, instance:com.lima.test.AdjunoLIMACargoReceiptTest@73ad2d6] depends on not successfully finished methods
	at org.testng.internal.Invoker.invokeTestMethods(Invoker.java:1028)
	at org.testng.internal.TestMethodWorker.invokeTestMethods(TestMethodWorker.java:129)
	at org.testng.internal.TestMethodWorker.run(TestMethodWorker.java:112)
	at org.testng.TestRunner.privateRun(TestRunner.java:746)
	at org.testng.TestRunner.run(TestRunner.java:600)
	at org.testng.SuiteRunner.runTest(SuiteRunner.java:366)
	at org.testng.SuiteRunner.runSequentially(SuiteRunner.java:361)
	at org.testng.SuiteRunner.privateRun(SuiteRunner.java:319)
	at org.testng.SuiteRunner.run(SuiteRunner.java:268)
	at org.testng.SuiteRunnerWorker.runSuite(SuiteRunnerWorker.java:52)
	at org.testng.SuiteRunnerWorker.run(SuiteRunnerWorker.java:86)
	at org.testng.TestNG.runSuitesSequentially(TestNG.java:1264)
	at org.testng.TestNG.runSuitesLocally(TestNG.java:1189)
	at org.testng.TestNG.runSuites(TestNG.java:1104)
	at org.testng.TestNG.run(TestNG.java:1076)
	at org.testng.remote.AbstractRemoteTestNG.run(AbstractRemoteTestNG.java:126)
	at org.testng.remote.RemoteTestNG.initAndRun(RemoteTestNG.java:152)
	at org.testng.remote.RemoteTestNG.main(RemoteTestNG.java:57)
]]>
    </error>
  </testcase> <!-- test_46_CheckBkdHistory -->
  <testcase name="test_1_AccessCargoReceipt" time="22.546" classname="com.lima.test.AdjunoLIMACargoReceiptTest"/>
  <testcase name="test_2_CheckForExistanceOfFields" time="1.766" classname="com.lima.test.AdjunoLIMACargoReceiptTest"/>
</testsuite> <!-- com.lima.test.AdjunoLIMACargoReceiptTest -->
