<?xml version="1.0" encoding="UTF-8"?>
<!-- Generated by org.testng.reporters.JUnitReportReporter -->
<testsuite hostname="LAPTOP-L9I71BEA" name="com.lima.test.AdjunoLIMADespatchTest" tests="32" failures="1" timestamp="2 Feb 2018 12:31:25 GMT" time="581.342" errors="1">
  <testcase name="Test_39_verifyDespatchComplete" time="31.244" classname="com.lima.test.AdjunoLIMADespatchTest">
    <failure type="java.lang.AssertionError" message="The following asserts failed:
	*****test ID:39_&#039;1 Shipment has been Despatched&#039; message is not displayed in Despatch Complete page****** expected [true] but found [false],
	*****test ID:39_100% processed message is not displayed in Despatch Complete page****** expected [true] but found [false]">
      <![CDATA[java.lang.AssertionError: The following asserts failed:
	*****test ID:39_'1 Shipment has been Despatched' message is not displayed in Despatch Complete page****** expected [true] but found [false],
	*****test ID:39_100% processed message is not displayed in Despatch Complete page****** expected [true] but found [false]
	at org.testng.asserts.SoftAssert.assertAll(SoftAssert.java:43)
	at com.lima.test.AdjunoLIMADespatchTest.Test_39_verifyDespatchComplete(AdjunoLIMADespatchTest.java:804)
	at sun.reflect.NativeMethodAccessorImpl.invoke0(Native Method)
	at sun.reflect.NativeMethodAccessorImpl.invoke(Unknown Source)
	at sun.reflect.DelegatingMethodAccessorImpl.invoke(Unknown Source)
	at java.lang.reflect.Method.invoke(Unknown Source)
	at org.testng.internal.MethodInvocationHelper.invokeMethod(MethodInvocationHelper.java:100)
	at org.testng.internal.Invoker.invokeMethod(Invoker.java:646)
	at org.testng.internal.Invoker.invokeTestMethod(Invoker.java:811)
	at org.testng.internal.Invoker.invokeTestMethods(Invoker.java:1129)
	at org.testng.internal.TestMethodWorker.invokeTestMethods(TestMethodWorker.java:129)
	at org.testng.internal.TestMethodWorker.run(TestMethodWorker.java:112)
	at org.testng.TestRunner.privateRun(TestRunner.java:746)
	at org.testng.TestRunner.run(TestRunner.java:600)
	at org.testng.SuiteRunner.runTest(SuiteRunner.java:366)
	at org.testng.SuiteRunner.runSequentially(SuiteRunner.java:361)
	at org.testng.SuiteRunner.privateRun(SuiteRunner.java:319)
	at org.testng.SuiteRunner.run(SuiteRunner.java:268)
	at org.testng.SuiteRunnerWorker.runSuite(SuiteRunnerWorker.java:52)
	at org.testng.SuiteRunnerWorker.run(SuiteRunnerWorker.java:86)
	at org.testng.TestNG.runSuitesSequentially(TestNG.java:1264)
	at org.testng.TestNG.runSuitesLocally(TestNG.java:1189)
	at org.testng.TestNG.runSuites(TestNG.java:1104)
	at org.testng.TestNG.run(TestNG.java:1076)
	at org.testng.remote.AbstractRemoteTestNG.run(AbstractRemoteTestNG.java:126)
	at org.testng.remote.RemoteTestNG.initAndRun(RemoteTestNG.java:152)
	at org.testng.remote.RemoteTestNG.main(RemoteTestNG.java:57)
]]>
    </failure>
  </testcase> <!-- Test_39_verifyDespatchComplete -->
  <testcase name="Test_36_37_38_verifyDeleteLegFunction" time="5.110" classname="com.lima.test.AdjunoLIMADespatchTest"/>
  <testcase name="Test_45_clickHyperlinkStatus" time="5.329" classname="com.lima.test.AdjunoLIMADespatchTest"/>
  <testcase name="Test_15_verifyAwaitingTranshipmentStatus" time="20.308" classname="com.lima.test.AdjunoLIMADespatchTest"/>
  <testcase name="Test_41_checkForShipmentOrderDisplay" time="7.923" classname="com.lima.test.AdjunoLIMADespatchTest"/>
  <testcase name="Test_28_verifyContainersGridCaption" time="2.157" classname="com.lima.test.AdjunoLIMADespatchTest"/>
  <testcase name="Test_48_verifyDespatchedContainerInAwaitingStatus" time="27.533" classname="com.lima.test.AdjunoLIMADespatchTest"/>
  <testcase name="Test_13_verifyAwaitingStatus" time="19.382" classname="com.lima.test.AdjunoLIMADespatchTest"/>
  <testcase name="Test_46_verifyHyperLinkPONumber" time="10.401" classname="com.lima.test.AdjunoLIMADespatchTest"/>
  <testcase name="Test_12_verifyMultiInvalidValue" time="20.781" classname="com.lima.test.AdjunoLIMADespatchTest"/>
  <testcase name="Test_16_manifestedContainerStatus" time="11.539" classname="com.lima.test.AdjunoLIMADespatchTest"/>
  <testcase name="Test_30_verifyInvalidTransShipmentStatus" time="13.783" classname="com.lima.test.AdjunoLIMADespatchTest"/>
  <testcase name="Test_21_22_verifyDispatchPageLoaded" time="45.178" classname="com.lima.test.AdjunoLIMADespatchTest"/>
  <testcase name="Test_43_verifyPOStatusReport" time="42.805" classname="com.lima.test.AdjunoLIMADespatchTest"/>
  <testcase name="Test_41_AccessEdit" time="39.441" classname="com.lima.test.AdjunoLIMADespatchTest"/>
  <testcase name="Test_23_verifyLegsGridCaption" time="2.719" classname="com.lima.test.AdjunoLIMADespatchTest"/>
  <testcase name="Test_25_verifyCTDDateField" time="27.333" classname="com.lima.test.AdjunoLIMADespatchTest"/>
  <testcase name="Test_1_accessDespatch" time="13.270" classname="com.lima.test.AdjunoLIMADespatchTest"/>
  <testcase name="Test_9_verifyValidSingleSearchCriteria" time="33.241" classname="com.lima.test.AdjunoLIMADespatchTest"/>
  <testcase name="Test_17_verifyContainerData" time="23.731" classname="com.lima.test.AdjunoLIMADespatchTest"/>
  <testcase name="Test_44_verifyPOStatus" time="0.219" classname="com.lima.test.AdjunoLIMADespatchTest"/>
  <testcase name="Test_35_verifyMultiVoyageType" time="9.963" classname="com.lima.test.AdjunoLIMADespatchTest"/>
  <testcase name="Test_32_enterValueInFields" time="45.413" classname="com.lima.test.AdjunoLIMADespatchTest"/>
  <testcase name="Test_1_checkSearchParamsFields" time="1.766" classname="com.lima.test.AdjunoLIMADespatchTest"/>
  <testcase name="Test_27_verifyInvalidETADate" time="48.756" classname="com.lima.test.AdjunoLIMADespatchTest"/>
  <testcase name="Test_31_verifyAddLegFunction" time="4.440" classname="com.lima.test.AdjunoLIMADespatchTest"/>
  <testcase name="Test_49_verifyDespatchedContainerStatus" time="9.165" classname="com.lima.test.AdjunoLIMADespatchTest"/>
  <testcase name="Test_14_verifyDespatchedStatus" time="16.611" classname="com.lima.test.AdjunoLIMADespatchTest"/>
  <testcase name="Test_11_verifySingleInvalidValue" time="34.628" classname="com.lima.test.AdjunoLIMADespatchTest"/>
  <testcase name="Test_1_checkChevrons" time="1.078" classname="com.lima.test.AdjunoLIMADespatchTest"/>
  <testcase name="Test_29_verifyContainerGridStatus" time="0.078" classname="com.lima.test.AdjunoLIMADespatchTest"/>
  <testcase name="Test_40_verifyViewDetail" time="6.017" classname="com.lima.test.AdjunoLIMADespatchTest">
    <error type="java.lang.ArrayIndexOutOfBoundsException" message="1">
      <![CDATA[java.lang.ArrayIndexOutOfBoundsException: 1
	at com.lima.test.AdjunoLIMADespatchTest.Test_40_verifyViewDetail(AdjunoLIMADespatchTest.java:820)
	at sun.reflect.NativeMethodAccessorImpl.invoke0(Native Method)
	at sun.reflect.NativeMethodAccessorImpl.invoke(Unknown Source)
	at sun.reflect.DelegatingMethodAccessorImpl.invoke(Unknown Source)
	at java.lang.reflect.Method.invoke(Unknown Source)
	at org.testng.internal.MethodInvocationHelper.invokeMethod(MethodInvocationHelper.java:100)
	at org.testng.internal.Invoker.invokeMethod(Invoker.java:646)
	at org.testng.internal.Invoker.invokeTestMethod(Invoker.java:811)
	at org.testng.internal.Invoker.invokeTestMethods(Invoker.java:1129)
	at org.testng.internal.TestMethodWorker.invokeTestMethods(TestMethodWorker.java:129)
	at org.testng.internal.TestMethodWorker.run(TestMethodWorker.java:112)
	at org.testng.TestRunner.privateRun(TestRunner.java:746)
	at org.testng.TestRunner.run(TestRunner.java:600)
	at org.testng.SuiteRunner.runTest(SuiteRunner.java:366)
	at org.testng.SuiteRunner.runSequentially(SuiteRunner.java:361)
	at org.testng.SuiteRunner.privateRun(SuiteRunner.java:319)
	at org.testng.SuiteRunner.run(SuiteRunner.java:268)
	at org.testng.SuiteRunnerWorker.runSuite(SuiteRunnerWorker.java:52)
	at org.testng.SuiteRunnerWorker.run(SuiteRunnerWorker.java:86)
	at org.testng.TestNG.runSuitesSequentially(TestNG.java:1264)
	at org.testng.TestNG.runSuitesLocally(TestNG.java:1189)
	at org.testng.TestNG.runSuites(TestNG.java:1104)
	at org.testng.TestNG.run(TestNG.java:1076)
	at org.testng.remote.AbstractRemoteTestNG.run(AbstractRemoteTestNG.java:126)
	at org.testng.remote.RemoteTestNG.initAndRun(RemoteTestNG.java:152)
	at org.testng.remote.RemoteTestNG.main(RemoteTestNG.java:57)
]]>
    </error>
  </testcase> <!-- Test_40_verifyViewDetail -->
</testsuite> <!-- com.lima.test.AdjunoLIMADespatchTest -->
