<?xml version="1.0" encoding="UTF-8"?>
<!-- Generated by org.testng.reporters.JUnitReportReporter -->
<testsuite hostname="LAPTOP-L9I71BEA" name="com.lima.test.AdjunoLIMAShipmentBookingTest" tests="58" failures="2" timestamp="2 Feb 2018 12:31:25 GMT" time="1185.989" errors="2">
  <testcase name="Test_66_verifyBookingeditViewDetails" time="39.561" classname="com.lima.test.AdjunoLIMAShipmentBookingTest">
    <error type="org.openqa.selenium.NoSuchElementException" message="Unable to locate element: {&quot;method&quot;:&quot;xpath&quot;,&quot;selector&quot;:&quot;.//*[@id=&#039;ProgressForm_FeedbackControl_inner&#039;]&quot;}
Command duration or timeout: 10.15 seconds
For documentation on this error, please visit: http://seleniumhq.org/exceptions/no_such_element.html
Build info: version: &#039;2.53.1&#039;, revision: &#039;a36b8b1&#039;, time: &#039;2016-06-30 17:32:46&#039;
System info: host: &#039;LAPTOP-L9I71BEA&#039;, ip: &#039;192.168.1.16&#039;, os.name: &#039;Windows 10&#039;, os.arch: &#039;amd64&#039;, os.version: &#039;10.0&#039;, java.version: &#039;1.8.0_121&#039;
Driver info: org.openqa.selenium.firefox.FirefoxDriver
Capabilities [{applicationCacheEnabled=true, rotatable=false, handlesAlerts=true, databaseEnabled=true, version=47.0.1, platform=WINDOWS, nativeEvents=false, acceptSslCerts=true, webStorageEnabled=true, locationContextEnabled=true, browserName=firefox, takesScreenshot=true, javascriptEnabled=true, cssSelectorsEnabled=true}]
Session ID: 322b7965-7c85-460d-b8d1-2c0525ea26d7
*** Element info: {Using=xpath, value=.//*[@id=&#039;ProgressForm_FeedbackControl_inner&#039;]}">
      <![CDATA[org.openqa.selenium.NoSuchElementException: Unable to locate element: {"method":"xpath","selector":".//*[@id='ProgressForm_FeedbackControl_inner']"}
Command duration or timeout: 10.15 seconds
For documentation on this error, please visit: http://seleniumhq.org/exceptions/no_such_element.html
Build info: version: '2.53.1', revision: 'a36b8b1', time: '2016-06-30 17:32:46'
System info: host: 'LAPTOP-L9I71BEA', ip: '192.168.1.16', os.name: 'Windows 10', os.arch: 'amd64', os.version: '10.0', java.version: '1.8.0_121'
Driver info: org.openqa.selenium.firefox.FirefoxDriver
Capabilities [{applicationCacheEnabled=true, rotatable=false, handlesAlerts=true, databaseEnabled=true, version=47.0.1, platform=WINDOWS, nativeEvents=false, acceptSslCerts=true, webStorageEnabled=true, locationContextEnabled=true, browserName=firefox, takesScreenshot=true, javascriptEnabled=true, cssSelectorsEnabled=true}]
Session ID: 322b7965-7c85-460d-b8d1-2c0525ea26d7
*** Element info: {Using=xpath, value=.//*[@id='ProgressForm_FeedbackControl_inner']}
	at sun.reflect.NativeConstructorAccessorImpl.newInstance0(Native Method)
	at sun.reflect.NativeConstructorAccessorImpl.newInstance(Unknown Source)
	at sun.reflect.DelegatingConstructorAccessorImpl.newInstance(Unknown Source)
	at java.lang.reflect.Constructor.newInstance(Unknown Source)
	at org.openqa.selenium.remote.ErrorHandler.createThrowable(ErrorHandler.java:206)
	at org.openqa.selenium.remote.ErrorHandler.throwIfResponseFailed(ErrorHandler.java:158)
	at org.openqa.selenium.remote.RemoteWebDriver.execute(RemoteWebDriver.java:678)
	at org.openqa.selenium.remote.RemoteWebDriver.findElement(RemoteWebDriver.java:363)
	at org.openqa.selenium.remote.RemoteWebDriver.findElementByXPath(RemoteWebDriver.java:500)
	at org.openqa.selenium.By$ByXPath.findElement(By.java:361)
	at org.openqa.selenium.remote.RemoteWebDriver.findElement(RemoteWebDriver.java:355)
	at org.openqa.selenium.support.pagefactory.DefaultElementLocator.findElement(DefaultElementLocator.java:69)
	at org.openqa.selenium.support.pagefactory.internal.LocatingElementHandler.invoke(LocatingElementHandler.java:38)
	at com.sun.proxy.$Proxy9.getText(Unknown Source)
	at com.lima.test.AdjunoLIMAShipmentBookingTest.Test_66_verifyBookingeditViewDetails(AdjunoLIMAShipmentBookingTest.java:1648)
	at sun.reflect.NativeMethodAccessorImpl.invoke0(Native Method)
	at sun.reflect.NativeMethodAccessorImpl.invoke(Unknown Source)
	at sun.reflect.DelegatingMethodAccessorImpl.invoke(Unknown Source)
	at java.lang.reflect.Method.invoke(Unknown Source)
	at org.testng.internal.MethodInvocationHelper.invokeMethod(MethodInvocationHelper.java:100)
	at org.testng.internal.Invoker.invokeMethod(Invoker.java:646)
	at org.testng.internal.Invoker.invokeTestMethod(Invoker.java:811)
	at org.testng.internal.Invoker.invokeTestMethods(Invoker.java:1129)
	at org.testng.internal.TestMethodWorker.invokeTestMethods(TestMethodWorker.java:129)
	at org.testng.internal.TestMethodWorker.run(TestMethodWorker.java:112)
	at org.testng.TestRunner.privateRun(TestRunner.java:746)
	at org.testng.TestRunner.run(TestRunner.java:600)
	at org.testng.SuiteRunner.runTest(SuiteRunner.java:366)
	at org.testng.SuiteRunner.runSequentially(SuiteRunner.java:361)
	at org.testng.SuiteRunner.privateRun(SuiteRunner.java:319)
	at org.testng.SuiteRunner.run(SuiteRunner.java:268)
	at org.testng.SuiteRunnerWorker.runSuite(SuiteRunnerWorker.java:52)
	at org.testng.SuiteRunnerWorker.run(SuiteRunnerWorker.java:86)
	at org.testng.TestNG.runSuitesSequentially(TestNG.java:1264)
	at org.testng.TestNG.runSuitesLocally(TestNG.java:1189)
	at org.testng.TestNG.runSuites(TestNG.java:1104)
	at org.testng.TestNG.run(TestNG.java:1076)
	at org.testng.remote.AbstractRemoteTestNG.run(AbstractRemoteTestNG.java:126)
	at org.testng.remote.RemoteTestNG.initAndRun(RemoteTestNG.java:152)
	at org.testng.remote.RemoteTestNG.main(RemoteTestNG.java:57)
Caused by: org.openqa.selenium.NoSuchElementException: Unable to locate element: {"method":"xpath","selector":".//*[@id='ProgressForm_FeedbackControl_inner']"}
For documentation on this error, please visit: http://seleniumhq.org/exceptions/no_such_element.html
Build info: version: '2.53.1', revision: 'a36b8b1', time: '2016-06-30 17:32:46'
System info: host: 'LAPTOP-L9I71BEA', ip: '192.168.1.16', os.name: 'Windows 10', os.arch: 'amd64', os.version: '10.0', java.version: '1.8.0_121'
Driver info: driver.version: unknown
	at <anonymous class>.FirefoxDriver.prototype.findElementInternal_(file:///C:/Users/Anand/AppData/Local/Temp/anonymous6648700584634059831webdriver-profile/extensions/fxdriver@googlecode.com/components/driver-component.js:10770)
	at <anonymous class>.fxdriver.Timer.prototype.setTimeout/<.notify(file:///C:/Users/Anand/AppData/Local/Temp/anonymous6648700584634059831webdriver-profile/extensions/fxdriver@googlecode.com/components/driver-component.js:625)
]]>
    </error>
  </testcase> <!-- Test_66_verifyBookingeditViewDetails -->
  <testcase name="Test_47_selectamenmendshipmentcheckbox" time="18.316" classname="com.lima.test.AdjunoLIMAShipmentBookingTest"/>
  <testcase name="Test_72_verifySearchtabFields3" time="17.376" classname="com.lima.test.AdjunoLIMAShipmentBookingTest"/>
  <testcase name="Test_10_verifyPODetails" time="44.870" classname="com.lima.test.AdjunoLIMAShipmentBookingTest"/>
  <testcase name="Test_33_checkForVoyageLegsSectionField" time="1.407" classname="com.lima.test.AdjunoLIMAShipmentBookingTest"/>
  <testcase name="Test_51_verifyeditViewDetails" time="6.198" classname="com.lima.test.AdjunoLIMAShipmentBookingTest"/>
  <testcase name="compareEDITShipmentGridData" time="20.281" classname="com.lima.test.AdjunoLIMAShipmentBookingTest"/>
  <testcase name="Test_69_verifyBookingPOStatus" time="51.665" classname="com.lima.test.AdjunoLIMAShipmentBookingTest"/>
  <testcase name="Test_83_verifyVendorBookingStatus" time="33.311" classname="com.lima.test.AdjunoLIMAShipmentBookingTest"/>
  <testcase name="Test_45_clickSearchTab1" time="11.282" classname="com.lima.test.AdjunoLIMAShipmentBookingTest"/>
  <testcase name="Test_63_clickcancelbutton" time="19.410" classname="com.lima.test.AdjunoLIMAShipmentBookingTest"/>
  <testcase name="Test_67_accessBookingEditDetails" time="50.460" classname="com.lima.test.AdjunoLIMAShipmentBookingTest"/>
  <testcase name="Test_52_accessEditDetails" time="49.285" classname="com.lima.test.AdjunoLIMAShipmentBookingTest"/>
  <testcase name="Test_42_verifyPOStatus" time="47.379" classname="com.lima.test.AdjunoLIMAShipmentBookingTest"/>
  <testcase name="Test_36_verifyKPIdetails" time="6.501" classname="com.lima.test.AdjunoLIMAShipmentBookingTest"/>
  <testcase name="Test_22_clickPOHyperlink" time="8.687" classname="com.lima.test.AdjunoLIMAShipmentBookingTest"/>
  <testcase name="Test_55_verifyeditPOStatus" time="45.451" classname="com.lima.test.AdjunoLIMAShipmentBookingTest"/>
  <testcase name="Test_32_setValueForShipmentSectionField" time="8.470" classname="com.lima.test.AdjunoLIMAShipmentBookingTest"/>
  <testcase name="Test_61_verifySearchtabFields2" time="17.569" classname="com.lima.test.AdjunoLIMAShipmentBookingTest"/>
  <testcase name="Test_77_verifyCompleteMessage" time="27.571" classname="com.lima.test.AdjunoLIMAShipmentBookingTest"/>
  <testcase name="compareBookingGridData" time="20.349" classname="com.lima.test.AdjunoLIMAShipmentBookingTest"/>
  <testcase name="Test_31_checkForShipmentSectionField" time="1.515" classname="com.lima.test.AdjunoLIMAShipmentBookingTest"/>
  <testcase name="setVoyageField" time="19.987" classname="com.lima.test.AdjunoLIMAShipmentBookingTest"/>
  <testcase name="Test_21_verifyBookingDetails" time="3.109" classname="com.lima.test.AdjunoLIMAShipmentBookingTest"/>
  <testcase name="Test_38_setKPIReasonField" time="17.987" classname="com.lima.test.AdjunoLIMAShipmentBookingTest"/>
  <testcase name="Test_23_26_clickBookingProduct" time="17.613" classname="com.lima.test.AdjunoLIMAShipmentBookingTest"/>
  <testcase name="Test_11_compareGridData" time="0.740" classname="com.lima.test.AdjunoLIMAShipmentBookingTest"/>
  <testcase name="clkshipmentbooking" time="1.438" classname="com.lima.test.AdjunoLIMAShipmentBookingTest"/>
  <testcase name="Test_62_verifyBookingmadeStatus" time="26.288" classname="com.lima.test.AdjunoLIMAShipmentBookingTest"/>
  <testcase name="Test_84_verifyShipAuthorityBookingStatus" time="34.999" classname="com.lima.test.AdjunoLIMAShipmentBookingTest">
    <failure type="java.lang.AssertionError" message="The following asserts failed:
	***** Test Id:84 - No results are found  ***** expected [true] but found [false]">
      <![CDATA[java.lang.AssertionError: The following asserts failed:
	***** Test Id:84 - No results are found  ***** expected [true] but found [false]
	at org.testng.asserts.SoftAssert.assertAll(SoftAssert.java:43)
	at com.lima.test.AdjunoLIMAShipmentBookingTest.Test_84_verifyShipAuthorityBookingStatus(AdjunoLIMAShipmentBookingTest.java:2021)
	at sun.reflect.NativeMethodAccessorImpl.invoke0(Native Method)
	at sun.reflect.NativeMethodAccessorImpl.invoke(Unknown Source)
	at sun.reflect.DelegatingMethodAccessorImpl.invoke(Unknown Source)
	at java.lang.reflect.Method.invoke(Unknown Source)
	at org.testng.internal.MethodInvocationHelper.invokeMethod(MethodInvocationHelper.java:100)
	at org.testng.internal.Invoker.invokeMethod(Invoker.java:646)
	at org.testng.internal.Invoker.invokeTestMethod(Invoker.java:811)
	at org.testng.internal.Invoker.invokeTestMethods(Invoker.java:1129)
	at org.testng.internal.TestMethodWorker.invokeTestMethods(TestMethodWorker.java:129)
	at org.testng.internal.TestMethodWorker.run(TestMethodWorker.java:112)
	at org.testng.TestRunner.privateRun(TestRunner.java:746)
	at org.testng.TestRunner.run(TestRunner.java:600)
	at org.testng.SuiteRunner.runTest(SuiteRunner.java:366)
	at org.testng.SuiteRunner.runSequentially(SuiteRunner.java:361)
	at org.testng.SuiteRunner.privateRun(SuiteRunner.java:319)
	at org.testng.SuiteRunner.run(SuiteRunner.java:268)
	at org.testng.SuiteRunnerWorker.runSuite(SuiteRunnerWorker.java:52)
	at org.testng.SuiteRunnerWorker.run(SuiteRunnerWorker.java:86)
	at org.testng.TestNG.runSuitesSequentially(TestNG.java:1264)
	at org.testng.TestNG.runSuitesLocally(TestNG.java:1189)
	at org.testng.TestNG.runSuites(TestNG.java:1104)
	at org.testng.TestNG.run(TestNG.java:1076)
	at org.testng.remote.AbstractRemoteTestNG.run(AbstractRemoteTestNG.java:126)
	at org.testng.remote.RemoteTestNG.initAndRun(RemoteTestNG.java:152)
	at org.testng.remote.RemoteTestNG.main(RemoteTestNG.java:57)
]]>
    </failure>
  </testcase> <!-- Test_84_verifyShipAuthorityBookingStatus -->
  <testcase name="Test_74_clickAddDialogbutton" time="12.827" classname="com.lima.test.AdjunoLIMAShipmentBookingTest"/>
  <testcase name="Test_64_verifyMandatoryFieldCommentKPI" time="14.287" classname="com.lima.test.AdjunoLIMAShipmentBookingTest"/>
  <testcase name="compareEditGridData" time="20.268" classname="com.lima.test.AdjunoLIMAShipmentBookingTest"/>
  <testcase name="Test_19_verifyinvalidcheckbox" time="50.254" classname="com.lima.test.AdjunoLIMAShipmentBookingTest"/>
  <testcase name="Test_76_verifyMandatoryDialogMessage" time="32.167" classname="com.lima.test.AdjunoLIMAShipmentBookingTest"/>
  <testcase name="Test_30_clickRoutingTab" time="11.814" classname="com.lima.test.AdjunoLIMAShipmentBookingTest"/>
  <testcase name="Test_46_amendedPOdetails" time="35.990" classname="com.lima.test.AdjunoLIMAShipmentBookingTest"/>
  <testcase name="Test_0_accessshipmentBooking" time="28.799" classname="com.lima.test.AdjunoLIMAShipmentBookingTest"/>
  <testcase name="Test_75_checkDialogFields" time="0.781" classname="com.lima.test.AdjunoLIMAShipmentBookingTest"/>
  <testcase name="Test_35_deleteLegButton" time="5.094" classname="com.lima.test.AdjunoLIMAShipmentBookingTest"/>
  <testcase name="Test_34_clickaddLegButton" time="4.454" classname="com.lima.test.AdjunoLIMAShipmentBookingTest"/>
  <testcase name="Test_20_verifyBookingCheveron" time="47.920" classname="com.lima.test.AdjunoLIMAShipmentBookingTest"/>
  <testcase name="Test_39_verifyViewDetails" time="8.309" classname="com.lima.test.AdjunoLIMAShipmentBookingTest"/>
  <testcase name="Test_13_verifyGridHeader" time="5.610" classname="com.lima.test.AdjunoLIMAShipmentBookingTest"/>
  <testcase name="Test_9_verifyIncorrectmsg" time="25.664" classname="com.lima.test.AdjunoLIMAShipmentBookingTest"/>
  <testcase name="Test_40_accessEdit" time="50.162" classname="com.lima.test.AdjunoLIMAShipmentBookingTest"/>
  <testcase name="clickKPICheveron" time="12.961" classname="com.lima.test.AdjunoLIMAShipmentBookingTest"/>
  <testcase name="Test_49_veifyKPIfielddetils" time="38.383" classname="com.lima.test.AdjunoLIMAShipmentBookingTest"/>
  <testcase name="Test_81_verifyDailogColumn" time="15.192" classname="com.lima.test.AdjunoLIMAShipmentBookingTest">
    <error type="org.openqa.selenium.NoSuchElementException" message="Unable to locate element: {&quot;method&quot;:&quot;xpath&quot;,&quot;selector&quot;:&quot;.//*[@id=&#039;InnerContent&#039;]/div[3]/div[2]/div[2]/table/tbody/tr[2]/td[25]/span/a&quot;}
Command duration or timeout: 10.16 seconds
For documentation on this error, please visit: http://seleniumhq.org/exceptions/no_such_element.html
Build info: version: &#039;2.53.1&#039;, revision: &#039;a36b8b1&#039;, time: &#039;2016-06-30 17:32:46&#039;
System info: host: &#039;LAPTOP-L9I71BEA&#039;, ip: &#039;192.168.1.16&#039;, os.name: &#039;Windows 10&#039;, os.arch: &#039;amd64&#039;, os.version: &#039;10.0&#039;, java.version: &#039;1.8.0_121&#039;
Driver info: org.openqa.selenium.firefox.FirefoxDriver
Capabilities [{applicationCacheEnabled=true, rotatable=false, handlesAlerts=true, databaseEnabled=true, version=47.0.1, platform=WINDOWS, nativeEvents=false, acceptSslCerts=true, webStorageEnabled=true, locationContextEnabled=true, browserName=firefox, takesScreenshot=true, javascriptEnabled=true, cssSelectorsEnabled=true}]
Session ID: 322b7965-7c85-460d-b8d1-2c0525ea26d7
*** Element info: {Using=xpath, value=.//*[@id=&#039;InnerContent&#039;]/div[3]/div[2]/div[2]/table/tbody/tr[2]/td[25]/span/a}">
      <![CDATA[org.openqa.selenium.NoSuchElementException: Unable to locate element: {"method":"xpath","selector":".//*[@id='InnerContent']/div[3]/div[2]/div[2]/table/tbody/tr[2]/td[25]/span/a"}
Command duration or timeout: 10.16 seconds
For documentation on this error, please visit: http://seleniumhq.org/exceptions/no_such_element.html
Build info: version: '2.53.1', revision: 'a36b8b1', time: '2016-06-30 17:32:46'
System info: host: 'LAPTOP-L9I71BEA', ip: '192.168.1.16', os.name: 'Windows 10', os.arch: 'amd64', os.version: '10.0', java.version: '1.8.0_121'
Driver info: org.openqa.selenium.firefox.FirefoxDriver
Capabilities [{applicationCacheEnabled=true, rotatable=false, handlesAlerts=true, databaseEnabled=true, version=47.0.1, platform=WINDOWS, nativeEvents=false, acceptSslCerts=true, webStorageEnabled=true, locationContextEnabled=true, browserName=firefox, takesScreenshot=true, javascriptEnabled=true, cssSelectorsEnabled=true}]
Session ID: 322b7965-7c85-460d-b8d1-2c0525ea26d7
*** Element info: {Using=xpath, value=.//*[@id='InnerContent']/div[3]/div[2]/div[2]/table/tbody/tr[2]/td[25]/span/a}
	at sun.reflect.NativeConstructorAccessorImpl.newInstance0(Native Method)
	at sun.reflect.NativeConstructorAccessorImpl.newInstance(Unknown Source)
	at sun.reflect.DelegatingConstructorAccessorImpl.newInstance(Unknown Source)
	at java.lang.reflect.Constructor.newInstance(Unknown Source)
	at org.openqa.selenium.remote.ErrorHandler.createThrowable(ErrorHandler.java:206)
	at org.openqa.selenium.remote.ErrorHandler.throwIfResponseFailed(ErrorHandler.java:158)
	at org.openqa.selenium.remote.RemoteWebDriver.execute(RemoteWebDriver.java:678)
	at org.openqa.selenium.remote.RemoteWebDriver.findElement(RemoteWebDriver.java:363)
	at org.openqa.selenium.remote.RemoteWebDriver.findElementByXPath(RemoteWebDriver.java:500)
	at org.openqa.selenium.By$ByXPath.findElement(By.java:361)
	at org.openqa.selenium.remote.RemoteWebDriver.findElement(RemoteWebDriver.java:355)
	at org.openqa.selenium.support.pagefactory.DefaultElementLocator.findElement(DefaultElementLocator.java:69)
	at org.openqa.selenium.support.pagefactory.internal.LocatingElementHandler.invoke(LocatingElementHandler.java:38)
	at com.sun.proxy.$Proxy9.getAttribute(Unknown Source)
	at com.lima.test.AdjunoLIMAShipmentBookingTest.Test_81_verifyDailogColumn(AdjunoLIMAShipmentBookingTest.java:1916)
	at sun.reflect.NativeMethodAccessorImpl.invoke0(Native Method)
	at sun.reflect.NativeMethodAccessorImpl.invoke(Unknown Source)
	at sun.reflect.DelegatingMethodAccessorImpl.invoke(Unknown Source)
	at java.lang.reflect.Method.invoke(Unknown Source)
	at org.testng.internal.MethodInvocationHelper.invokeMethod(MethodInvocationHelper.java:100)
	at org.testng.internal.Invoker.invokeMethod(Invoker.java:646)
	at org.testng.internal.Invoker.invokeTestMethod(Invoker.java:811)
	at org.testng.internal.Invoker.invokeTestMethods(Invoker.java:1129)
	at org.testng.internal.TestMethodWorker.invokeTestMethods(TestMethodWorker.java:129)
	at org.testng.internal.TestMethodWorker.run(TestMethodWorker.java:112)
	at org.testng.TestRunner.privateRun(TestRunner.java:746)
	at org.testng.TestRunner.run(TestRunner.java:600)
	at org.testng.SuiteRunner.runTest(SuiteRunner.java:366)
	at org.testng.SuiteRunner.runSequentially(SuiteRunner.java:361)
	at org.testng.SuiteRunner.privateRun(SuiteRunner.java:319)
	at org.testng.SuiteRunner.run(SuiteRunner.java:268)
	at org.testng.SuiteRunnerWorker.runSuite(SuiteRunnerWorker.java:52)
	at org.testng.SuiteRunnerWorker.run(SuiteRunnerWorker.java:86)
	at org.testng.TestNG.runSuitesSequentially(TestNG.java:1264)
	at org.testng.TestNG.runSuitesLocally(TestNG.java:1189)
	at org.testng.TestNG.runSuites(TestNG.java:1104)
	at org.testng.TestNG.run(TestNG.java:1076)
	at org.testng.remote.AbstractRemoteTestNG.run(AbstractRemoteTestNG.java:126)
	at org.testng.remote.RemoteTestNG.initAndRun(RemoteTestNG.java:152)
	at org.testng.remote.RemoteTestNG.main(RemoteTestNG.java:57)
Caused by: org.openqa.selenium.NoSuchElementException: Unable to locate element: {"method":"xpath","selector":".//*[@id='InnerContent']/div[3]/div[2]/div[2]/table/tbody/tr[2]/td[25]/span/a"}
For documentation on this error, please visit: http://seleniumhq.org/exceptions/no_such_element.html
Build info: version: '2.53.1', revision: 'a36b8b1', time: '2016-06-30 17:32:46'
System info: host: 'LAPTOP-L9I71BEA', ip: '192.168.1.16', os.name: 'Windows 10', os.arch: 'amd64', os.version: '10.0', java.version: '1.8.0_121'
Driver info: driver.version: unknown
	at <anonymous class>.FirefoxDriver.prototype.findElementInternal_(file:///C:/Users/Anand/AppData/Local/Temp/anonymous6648700584634059831webdriver-profile/extensions/fxdriver@googlecode.com/components/driver-component.js:10770)
	at <anonymous class>.fxdriver.Timer.prototype.setTimeout/<.notify(file:///C:/Users/Anand/AppData/Local/Temp/anonymous6648700584634059831webdriver-profile/extensions/fxdriver@googlecode.com/components/driver-component.js:625)
]]>
    </error>
  </testcase> <!-- Test_81_verifyDailogColumn -->
  <testcase name="Test_27_29_verifyBookingValue" time="12.410" classname="com.lima.test.AdjunoLIMAShipmentBookingTest"/>
  <testcase name="Test_2_checkForChevorons" time="1.532" classname="com.lima.test.AdjunoLIMAShipmentBookingTest"/>
  <testcase name="Test_48_EditBookingfielddetils" time="29.105" classname="com.lima.test.AdjunoLIMAShipmentBookingTest"/>
  <testcase name="Test_65_setBookingKPIReasonField" time="17.892" classname="com.lima.test.AdjunoLIMAShipmentBookingTest"/>
  <testcase name="Test_37_verifyMandatoryFieldComment" time="0.093" classname="com.lima.test.AdjunoLIMAShipmentBookingTest">
    <failure type="java.lang.AssertionError" message="The following asserts failed:
	*****test ID:_37_&#039;&gt; KPI Reason is a required field&#039; message is not displayed***** expected [true] but found [false]">
      <![CDATA[java.lang.AssertionError: The following asserts failed:
	*****test ID:_37_'> KPI Reason is a required field' message is not displayed***** expected [true] but found [false]
	at org.testng.asserts.SoftAssert.assertAll(SoftAssert.java:43)
	at com.lima.test.AdjunoLIMAShipmentBookingTest.Test_37_verifyMandatoryFieldComment(AdjunoLIMAShipmentBookingTest.java:1163)
	at sun.reflect.NativeMethodAccessorImpl.invoke0(Native Method)
	at sun.reflect.NativeMethodAccessorImpl.invoke(Unknown Source)
	at sun.reflect.DelegatingMethodAccessorImpl.invoke(Unknown Source)
	at java.lang.reflect.Method.invoke(Unknown Source)
	at org.testng.internal.MethodInvocationHelper.invokeMethod(MethodInvocationHelper.java:100)
	at org.testng.internal.Invoker.invokeMethod(Invoker.java:646)
	at org.testng.internal.Invoker.invokeTestMethod(Invoker.java:811)
	at org.testng.internal.Invoker.invokeTestMethods(Invoker.java:1129)
	at org.testng.internal.TestMethodWorker.invokeTestMethods(TestMethodWorker.java:129)
	at org.testng.internal.TestMethodWorker.run(TestMethodWorker.java:112)
	at org.testng.TestRunner.privateRun(TestRunner.java:746)
	at org.testng.TestRunner.run(TestRunner.java:600)
	at org.testng.SuiteRunner.runTest(SuiteRunner.java:366)
	at org.testng.SuiteRunner.runSequentially(SuiteRunner.java:361)
	at org.testng.SuiteRunner.privateRun(SuiteRunner.java:319)
	at org.testng.SuiteRunner.run(SuiteRunner.java:268)
	at org.testng.SuiteRunnerWorker.runSuite(SuiteRunnerWorker.java:52)
	at org.testng.SuiteRunnerWorker.run(SuiteRunnerWorker.java:86)
	at org.testng.TestNG.runSuitesSequentially(TestNG.java:1264)
	at org.testng.TestNG.runSuitesLocally(TestNG.java:1189)
	at org.testng.TestNG.runSuites(TestNG.java:1104)
	at org.testng.TestNG.run(TestNG.java:1076)
	at org.testng.remote.AbstractRemoteTestNG.run(AbstractRemoteTestNG.java:126)
	at org.testng.remote.RemoteTestNG.initAndRun(RemoteTestNG.java:152)
	at org.testng.remote.RemoteTestNG.main(RemoteTestNG.java:57)
]]>
    </failure>
  </testcase> <!-- Test_37_verifyMandatoryFieldComment -->
  <testcase name="Test_68_lnkshipmentbooking" time="1.900" classname="com.lima.test.AdjunoLIMAShipmentBookingTest"/>
  <testcase name="Test_73_verifyBookingmadeStatus3" time="27.795" classname="com.lima.test.AdjunoLIMAShipmentBookingTest"/>
  <testcase name="Test_16_17_verifyShipmentDetailsData" time="3.469" classname="com.lima.test.AdjunoLIMAShipmentBookingTest"/>
  <testcase name="Test_3_checkForShipmentBookingfields" time="1.782" classname="com.lima.test.AdjunoLIMAShipmentBookingTest"/>
</testsuite> <!-- com.lima.test.AdjunoLIMAShipmentBookingTest -->
