<?xml version="1.0" encoding="UTF-8"?>
<!-- Generated by org.testng.reporters.JUnitXMLReporter -->
<testsuite hostname="LAPTOP-L9I71BEA" name="Booking Confirmation" tests="30" failures="7" timestamp="5 Feb 2018 07:52:29 GMT" time="488.361" errors="0">
  <testcase name="test_1_accessBookingConfirmation" time="11.283" classname="com.lima.test.AdjunoLIMABookingConfirmationTest"/>
  <testcase name="test_2_VerifyChevrons" time="0.891" classname="com.lima.test.AdjunoLIMABookingConfirmationTest"/>
  <testcase name="test_3_VerifySearchFields" time="2.031" classname="com.lima.test.AdjunoLIMABookingConfirmationTest"/>
  <testcase name="test_4_SetAwaitingAndInvalidPONumber" time="31.435" classname="com.lima.test.AdjunoLIMABookingConfirmationTest"/>
  <testcase name="test_5_SetAwaitingAndValidPONumber" time="29.335" classname="com.lima.test.AdjunoLIMABookingConfirmationTest"/>
  <testcase name="test_6_VerifyGridHeader" time="2.937" classname="com.lima.test.AdjunoLIMABookingConfirmationTest"/>
  <testcase name="test_7_VerifyErrorMessageAtUpdateChev" time="8.079" classname="com.lima.test.AdjunoLIMABookingConfirmationTest"/>
  <testcase name="test_8_VerifyUpdatePageLoaded" time="9.506" classname="com.lima.test.AdjunoLIMABookingConfirmationTest"/>
  <testcase name="test_9_VerifyGridsInUpdatePage" time="0.421" classname="com.lima.test.AdjunoLIMABookingConfirmationTest"/>
  <testcase name="test_10_VerifyCopyDownsDisplayed" time="0.922" classname="com.lima.test.AdjunoLIMABookingConfirmationTest"/>
  <testcase name="test_11_VerifyBookingConfirmationGridCaptions" time="3.375" classname="com.lima.test.AdjunoLIMABookingConfirmationTest"/>
  <testcase name="test_12_VerifyBookingConfirmationPOGridCaptions" time="2.532" classname="com.lima.test.AdjunoLIMABookingConfirmationTest"/>
  <testcase name="test_13_VerifyMandatoryFields" time="9.272" classname="com.lima.test.AdjunoLIMABookingConfirmationTest"/>
  <testcase name="test_14_SetConfirmedStatusNo" time="5.277" classname="com.lima.test.AdjunoLIMABookingConfirmationTest"/>
  <testcase name="test_15_SetReasonValue" time="3.897" classname="com.lima.test.AdjunoLIMABookingConfirmationTest"/>
  <testcase name="test_16_VerifyDiaologsHyperLink" time="7.331" classname="com.lima.test.AdjunoLIMABookingConfirmationTest"/>
  <testcase name="test_17_VerifyMandatoryFieldInDailogPopUp" time="3.688" classname="com.lima.test.AdjunoLIMABookingConfirmationTest"/>
  <testcase name="test_18_SetMessageField" time="6.573" classname="com.lima.test.AdjunoLIMABookingConfirmationTest"/>
  <testcase name="test_19_CloseDailogPopUp" time="4.114" classname="com.lima.test.AdjunoLIMABookingConfirmationTest"/>
  <testcase name="test_20_VerifyPONumberHyperLink" time="20.036" classname="com.lima.test.AdjunoLIMABookingConfirmationTest"/>
  <testcase name="test_21_VerifyCompletePage" time="9.095" classname="com.lima.test.AdjunoLIMABookingConfirmationTest">
    <failure type="org.openqa.selenium.WebDriverException" message="window.ArenaForms.LH_Delivery_DeliveryBookingConfirm_INPUT_SUT is undefined
Command duration or timeout: 2.02 seconds
Build info: version: &amp;apos;2.53.1&amp;apos;, revision: &amp;apos;a36b8b1&amp;apos;, time: &amp;apos;2016-06-30 17:32:46&amp;apos;
System info: host: &amp;apos;LAPTOP-L9I71BEA&amp;apos;, ip: &amp;apos;192.168.1.16&amp;apos;, os.name: &amp;apos;Windows 10&amp;apos;, os.arch: &amp;apos;amd64&amp;apos;, os.version: &amp;apos;10.0&amp;apos;, java.version: &amp;apos;1.8.0_121&amp;apos;
Driver info: org.openqa.selenium.firefox.FirefoxDriver
Capabilities [{applicationCacheEnabled=true, rotatable=false, handlesAlerts=true, databaseEnabled=true, version=47.0.1, platform=WINDOWS, nativeEvents=false, acceptSslCerts=true, webStorageEnabled=true, locationContextEnabled=true, browserName=firefox, takesScreenshot=true, javascriptEnabled=true, cssSelectorsEnabled=true}]
Session ID: 354f8754-2b35-4dbf-819f-62514ce97507">
      <![CDATA[org.openqa.selenium.WebDriverException: window.ArenaForms.LH_Delivery_DeliveryBookingConfirm_INPUT_SUT is undefined
Command duration or timeout: 2.02 seconds
Build info: version: '2.53.1', revision: 'a36b8b1', time: '2016-06-30 17:32:46'
System info: host: 'LAPTOP-L9I71BEA', ip: '192.168.1.16', os.name: 'Windows 10', os.arch: 'amd64', os.version: '10.0', java.version: '1.8.0_121'
Driver info: org.openqa.selenium.firefox.FirefoxDriver
Capabilities [{applicationCacheEnabled=true, rotatable=false, handlesAlerts=true, databaseEnabled=true, version=47.0.1, platform=WINDOWS, nativeEvents=false, acceptSslCerts=true, webStorageEnabled=true, locationContextEnabled=true, browserName=firefox, takesScreenshot=true, javascriptEnabled=true, cssSelectorsEnabled=true}]
Session ID: 354f8754-2b35-4dbf-819f-62514ce97507
	at org.openqa.selenium.remote.ErrorHandler.createThrowable(ErrorHandler.java:206)
	at org.openqa.selenium.remote.ErrorHandler.throwIfResponseFailed(ErrorHandler.java:158)
	at org.openqa.selenium.remote.RemoteWebDriver.execute(RemoteWebDriver.java:678)
	at org.openqa.selenium.remote.RemoteWebDriver.executeScript(RemoteWebDriver.java:577)
	at com.lima.library.AdjunoUILibrary.getNoOfRowsGrid(AdjunoUILibrary.java:181)
	at com.lima.pagefactory.AdjunoLIMABookingConfirmationPOM.clickAllCheckBox(AdjunoLIMABookingConfirmationPOM.java:828)
	at com.lima.test.AdjunoLIMABookingConfirmationTest.test_21_VerifyCompletePage(AdjunoLIMABookingConfirmationTest.java:703)
Caused by: org.openqa.selenium.WebDriverException: window.ArenaForms.LH_Delivery_DeliveryBookingConfirm_INPUT_SUT is undefined
Build info: version: '2.53.1', revision: 'a36b8b1', time: '2016-06-30 17:32:46'
System info: host: 'LAPTOP-L9I71BEA', ip: '192.168.1.16', os.name: 'Windows 10', os.arch: 'amd64', os.version: '10.0', java.version: '1.8.0_121'
Driver info: driver.version: unknown
	at <anonymous class>.anonymous(https://uat-lima46.adjuno.com/default.aspx?Guid=1d143d076c4e432390cfc408352969b4&MenuId=&Action=ToolApply&ActionOption=Booking%20Confirmation line 69 > Function:1)
	at <anonymous class>.handleEvaluateEvent(https://uat-lima46.adjuno.com/default.aspx?Guid=1d143d076c4e432390cfc408352969b4&MenuId=&Action=ToolApply&ActionOption=Booking%20Confirmation:69)
... Removed 28 stack frames]]>
    </failure>
  </testcase> <!-- test_21_VerifyCompletePage -->
  <testcase name="test_25_VerifyPOStatus" time="27.684" classname="com.lima.test.AdjunoLIMABookingConfirmationTest">
    <failure type="java.lang.AssertionError" message="The following asserts failed:
	*****_25_Status is not DC Booking Declined when the PO is made as &amp;quot;Declined&amp;quot; in Booking Confirmation***** expected [true] but found [false]">
      <![CDATA[java.lang.AssertionError: The following asserts failed:
	*****_25_Status is not DC Booking Declined when the PO is made as "Declined" in Booking Confirmation***** expected [true] but found [false]
	at com.lima.test.AdjunoLIMABookingConfirmationTest.test_25_VerifyPOStatus(AdjunoLIMABookingConfirmationTest.java:773)
... Removed 26 stack frames]]>
    </failure>
  </testcase> <!-- test_25_VerifyPOStatus -->
  <testcase name="Test_26_VerifyPONumberInAwaitingStatus" time="35.698" classname="com.lima.test.AdjunoLIMABookingConfirmationTest">
    <failure type="java.lang.AssertionError" message="The following asserts failed:
	*****_26_No items were found. message is not displayed when Invalid PO Number is set in Container field in Booking Confirmation Search page***** expected [true] but found [false]">
      <![CDATA[java.lang.AssertionError: The following asserts failed:
	*****_26_No items were found. message is not displayed when Invalid PO Number is set in Container field in Booking Confirmation Search page***** expected [true] but found [false]
	at com.lima.test.AdjunoLIMABookingConfirmationTest.Test_26_VerifyPONumberInAwaitingStatus(AdjunoLIMABookingConfirmationTest.java:790)
... Removed 26 stack frames]]>
    </failure>
  </testcase> <!-- Test_26_VerifyPONumberInAwaitingStatus -->
  <testcase name="Test_27_VerifyPONumberInDeclinedStatus" time="23.298" classname="com.lima.test.AdjunoLIMABookingConfirmationTest">
    <failure type="org.openqa.selenium.NoSuchElementException" message="Unable to locate element: {&amp;quot;method&amp;quot;:&amp;quot;xpath&amp;quot;,&amp;quot;selector&amp;quot;:&amp;quot;.//*[@id=&amp;apos;InnerContent&amp;apos;]/div[3]/div[2]/table/tbody/tr[2]/td[5]&amp;quot;}
Command duration or timeout: 10.16 seconds
For documentation on this error, please visit: http://seleniumhq.org/exceptions/no_such_element.html
Build info: version: &amp;apos;2.53.1&amp;apos;, revision: &amp;apos;a36b8b1&amp;apos;, time: &amp;apos;2016-06-30 17:32:46&amp;apos;
System info: host: &amp;apos;LAPTOP-L9I71BEA&amp;apos;, ip: &amp;apos;192.168.1.16&amp;apos;, os.name: &amp;apos;Windows 10&amp;apos;, os.arch: &amp;apos;amd64&amp;apos;, os.version: &amp;apos;10.0&amp;apos;, java.version: &amp;apos;1.8.0_121&amp;apos;
Driver info: org.openqa.selenium.firefox.FirefoxDriver
Capabilities [{applicationCacheEnabled=true, rotatable=false, handlesAlerts=true, databaseEnabled=true, version=47.0.1, platform=WINDOWS, nativeEvents=false, acceptSslCerts=true, webStorageEnabled=true, locationContextEnabled=true, browserName=firefox, takesScreenshot=true, javascriptEnabled=true, cssSelectorsEnabled=true}]
Session ID: 354f8754-2b35-4dbf-819f-62514ce97507
*** Element info: {Using=xpath, value=.//*[@id=&amp;apos;InnerContent&amp;apos;]/div[3]/div[2]/table/tbody/tr[2]/td[5]}">
      <![CDATA[org.openqa.selenium.NoSuchElementException: Unable to locate element: {"method":"xpath","selector":".//*[@id='InnerContent']/div[3]/div[2]/table/tbody/tr[2]/td[5]"}
Command duration or timeout: 10.16 seconds
For documentation on this error, please visit: http://seleniumhq.org/exceptions/no_such_element.html
Build info: version: '2.53.1', revision: 'a36b8b1', time: '2016-06-30 17:32:46'
System info: host: 'LAPTOP-L9I71BEA', ip: '192.168.1.16', os.name: 'Windows 10', os.arch: 'amd64', os.version: '10.0', java.version: '1.8.0_121'
Driver info: org.openqa.selenium.firefox.FirefoxDriver
Capabilities [{applicationCacheEnabled=true, rotatable=false, handlesAlerts=true, databaseEnabled=true, version=47.0.1, platform=WINDOWS, nativeEvents=false, acceptSslCerts=true, webStorageEnabled=true, locationContextEnabled=true, browserName=firefox, takesScreenshot=true, javascriptEnabled=true, cssSelectorsEnabled=true}]
Session ID: 354f8754-2b35-4dbf-819f-62514ce97507
*** Element info: {Using=xpath, value=.//*[@id='InnerContent']/div[3]/div[2]/table/tbody/tr[2]/td[5]}
	at org.openqa.selenium.remote.ErrorHandler.createThrowable(ErrorHandler.java:206)
	at org.openqa.selenium.remote.ErrorHandler.throwIfResponseFailed(ErrorHandler.java:158)
	at org.openqa.selenium.remote.RemoteWebDriver.execute(RemoteWebDriver.java:678)
	at org.openqa.selenium.remote.RemoteWebDriver.findElement(RemoteWebDriver.java:363)
	at org.openqa.selenium.remote.RemoteWebDriver.findElementByXPath(RemoteWebDriver.java:500)
	at org.openqa.selenium.By$ByXPath.findElement(By.java:361)
	at org.openqa.selenium.remote.RemoteWebDriver.findElement(RemoteWebDriver.java:355)
	at org.openqa.selenium.support.pagefactory.DefaultElementLocator.findElement(DefaultElementLocator.java:69)
	at org.openqa.selenium.support.pagefactory.internal.LocatingElementHandler.invoke(LocatingElementHandler.java:38)
	at com.sun.proxy.$Proxy9.getText(Unknown Source)
	at com.lima.pagefactory.AdjunoLIMABookingConfirmationPOM.getWebElementCellValue(AdjunoLIMABookingConfirmationPOM.java:932)
	at com.lima.test.AdjunoLIMABookingConfirmationTest.Test_27_VerifyPONumberInDeclinedStatus(AdjunoLIMABookingConfirmationTest.java:804)
Caused by: org.openqa.selenium.NoSuchElementException: Unable to locate element: {"method":"xpath","selector":".//*[@id='InnerContent']/div[3]/div[2]/table/tbody/tr[2]/td[5]"}
For documentation on this error, please visit: http://seleniumhq.org/exceptions/no_such_element.html
Build info: version: '2.53.1', revision: 'a36b8b1', time: '2016-06-30 17:32:46'
System info: host: 'LAPTOP-L9I71BEA', ip: '192.168.1.16', os.name: 'Windows 10', os.arch: 'amd64', os.version: '10.0', java.version: '1.8.0_121'
Driver info: driver.version: unknown
	at <anonymous class>.FirefoxDriver.prototype.findElementInternal_(file:///C:/Users/Anand/AppData/Local/Temp/anonymous2517551087930767125webdriver-profile/extensions/fxdriver@googlecode.com/components/driver-component.js:10770)
	at <anonymous class>.fxdriver.Timer.prototype.setTimeout/<.notify(file:///C:/Users/Anand/AppData/Local/Temp/anonymous2517551087930767125webdriver-profile/extensions/fxdriver@googlecode.com/components/driver-component.js:625)
... Removed 29 stack frames]]>
    </failure>
  </testcase> <!-- Test_27_VerifyPONumberInDeclinedStatus -->
  <testcase name="Test_28_VerifyDeclinedPOStatusInBookingDairy" time="31.547" classname="com.lima.test.AdjunoLIMABookingConfirmationTest"/>
  <testcase name="Test_29_SetBookingConfirmedStatusYes" time="39.746" classname="com.lima.test.AdjunoLIMABookingConfirmationTest">
    <failure type="org.openqa.selenium.WebDriverException" message="window.ArenaForms.LH_Delivery_DeliveryBookingConfirm_INPUT_SUT is undefined
Command duration or timeout: 140 milliseconds
Build info: version: &amp;apos;2.53.1&amp;apos;, revision: &amp;apos;a36b8b1&amp;apos;, time: &amp;apos;2016-06-30 17:32:46&amp;apos;
System info: host: &amp;apos;LAPTOP-L9I71BEA&amp;apos;, ip: &amp;apos;192.168.1.16&amp;apos;, os.name: &amp;apos;Windows 10&amp;apos;, os.arch: &amp;apos;amd64&amp;apos;, os.version: &amp;apos;10.0&amp;apos;, java.version: &amp;apos;1.8.0_121&amp;apos;
Driver info: org.openqa.selenium.firefox.FirefoxDriver
Capabilities [{applicationCacheEnabled=true, rotatable=false, handlesAlerts=true, databaseEnabled=true, version=47.0.1, platform=WINDOWS, nativeEvents=false, acceptSslCerts=true, webStorageEnabled=true, locationContextEnabled=true, browserName=firefox, takesScreenshot=true, javascriptEnabled=true, cssSelectorsEnabled=true}]
Session ID: 354f8754-2b35-4dbf-819f-62514ce97507">
      <![CDATA[org.openqa.selenium.WebDriverException: window.ArenaForms.LH_Delivery_DeliveryBookingConfirm_INPUT_SUT is undefined
Command duration or timeout: 140 milliseconds
Build info: version: '2.53.1', revision: 'a36b8b1', time: '2016-06-30 17:32:46'
System info: host: 'LAPTOP-L9I71BEA', ip: '192.168.1.16', os.name: 'Windows 10', os.arch: 'amd64', os.version: '10.0', java.version: '1.8.0_121'
Driver info: org.openqa.selenium.firefox.FirefoxDriver
Capabilities [{applicationCacheEnabled=true, rotatable=false, handlesAlerts=true, databaseEnabled=true, version=47.0.1, platform=WINDOWS, nativeEvents=false, acceptSslCerts=true, webStorageEnabled=true, locationContextEnabled=true, browserName=firefox, takesScreenshot=true, javascriptEnabled=true, cssSelectorsEnabled=true}]
Session ID: 354f8754-2b35-4dbf-819f-62514ce97507
	at org.openqa.selenium.remote.ErrorHandler.createThrowable(ErrorHandler.java:206)
	at org.openqa.selenium.remote.ErrorHandler.throwIfResponseFailed(ErrorHandler.java:158)
	at org.openqa.selenium.remote.RemoteWebDriver.execute(RemoteWebDriver.java:678)
	at org.openqa.selenium.remote.RemoteWebDriver.executeScript(RemoteWebDriver.java:577)
	at com.lima.library.AdjunoUILibrary.getNoOfRowsGrid(AdjunoUILibrary.java:181)
	at com.lima.pagefactory.AdjunoLIMABookingConfirmationPOM.clickAllCheckBox(AdjunoLIMABookingConfirmationPOM.java:828)
	at com.lima.test.AdjunoLIMABookingConfirmationTest.Test_29_SetBookingConfirmedStatusYes(AdjunoLIMABookingConfirmationTest.java:866)
Caused by: org.openqa.selenium.WebDriverException: window.ArenaForms.LH_Delivery_DeliveryBookingConfirm_INPUT_SUT is undefined
Build info: version: '2.53.1', revision: 'a36b8b1', time: '2016-06-30 17:32:46'
System info: host: 'LAPTOP-L9I71BEA', ip: '192.168.1.16', os.name: 'Windows 10', os.arch: 'amd64', os.version: '10.0', java.version: '1.8.0_121'
Driver info: driver.version: unknown
	at <anonymous class>.anonymous(https://uat-lima46.adjuno.com/default.aspx?Guid=1d143d076c4e432390cfc408352969b4&MenuId=&Action=ToolApply&ActionOption=Booking%20Confirmation line 69 > Function:1)
	at <anonymous class>.handleEvaluateEvent(https://uat-lima46.adjuno.com/default.aspx?Guid=1d143d076c4e432390cfc408352969b4&MenuId=&Action=ToolApply&ActionOption=Booking%20Confirmation:69)
... Removed 28 stack frames]]>
    </failure>
  </testcase> <!-- Test_29_SetBookingConfirmedStatusYes -->
  <testcase name="Test_33_VerifyConfirmedPOStatus" time="45.302" classname="com.lima.test.AdjunoLIMABookingConfirmationTest">
    <failure type="java.lang.AssertionError" message="The following asserts failed:
	*****_33_Status is not DC Booking Confirmed when the PO is made as &amp;quot;Confirmed&amp;quot; in Booking Confirmation***** expected [true] but found [false]">
      <![CDATA[java.lang.AssertionError: The following asserts failed:
	*****_33_Status is not DC Booking Confirmed when the PO is made as "Confirmed" in Booking Confirmation***** expected [true] but found [false]
	at com.lima.test.AdjunoLIMABookingConfirmationTest.Test_33_VerifyConfirmedPOStatus(AdjunoLIMABookingConfirmationTest.java:952)
... Removed 26 stack frames]]>
    </failure>
  </testcase> <!-- Test_33_VerifyConfirmedPOStatus -->
  <testcase name="Test_34_VerifyConfirmedPOInDeclinedStatus" time="23.781" classname="com.lima.test.AdjunoLIMABookingConfirmationTest"/>
  <testcase name="Test_35_VerifyConfirmedPOInConfirmedStatus" time="20.346" classname="com.lima.test.AdjunoLIMABookingConfirmationTest">
    <failure type="org.openqa.selenium.NoSuchElementException" message="Unable to locate element: {&amp;quot;method&amp;quot;:&amp;quot;xpath&amp;quot;,&amp;quot;selector&amp;quot;:&amp;quot;.//*[@id=&amp;apos;InnerContent&amp;apos;]/div[3]/div[2]/table/tbody/tr[2]/td[5]&amp;quot;}
Command duration or timeout: 10.13 seconds
For documentation on this error, please visit: http://seleniumhq.org/exceptions/no_such_element.html
Build info: version: &amp;apos;2.53.1&amp;apos;, revision: &amp;apos;a36b8b1&amp;apos;, time: &amp;apos;2016-06-30 17:32:46&amp;apos;
System info: host: &amp;apos;LAPTOP-L9I71BEA&amp;apos;, ip: &amp;apos;192.168.1.16&amp;apos;, os.name: &amp;apos;Windows 10&amp;apos;, os.arch: &amp;apos;amd64&amp;apos;, os.version: &amp;apos;10.0&amp;apos;, java.version: &amp;apos;1.8.0_121&amp;apos;
Driver info: org.openqa.selenium.firefox.FirefoxDriver
Capabilities [{applicationCacheEnabled=true, rotatable=false, handlesAlerts=true, databaseEnabled=true, version=47.0.1, platform=WINDOWS, nativeEvents=false, acceptSslCerts=true, webStorageEnabled=true, locationContextEnabled=true, browserName=firefox, takesScreenshot=true, javascriptEnabled=true, cssSelectorsEnabled=true}]
Session ID: 354f8754-2b35-4dbf-819f-62514ce97507
*** Element info: {Using=xpath, value=.//*[@id=&amp;apos;InnerContent&amp;apos;]/div[3]/div[2]/table/tbody/tr[2]/td[5]}">
      <![CDATA[org.openqa.selenium.NoSuchElementException: Unable to locate element: {"method":"xpath","selector":".//*[@id='InnerContent']/div[3]/div[2]/table/tbody/tr[2]/td[5]"}
Command duration or timeout: 10.13 seconds
For documentation on this error, please visit: http://seleniumhq.org/exceptions/no_such_element.html
Build info: version: '2.53.1', revision: 'a36b8b1', time: '2016-06-30 17:32:46'
System info: host: 'LAPTOP-L9I71BEA', ip: '192.168.1.16', os.name: 'Windows 10', os.arch: 'amd64', os.version: '10.0', java.version: '1.8.0_121'
Driver info: org.openqa.selenium.firefox.FirefoxDriver
Capabilities [{applicationCacheEnabled=true, rotatable=false, handlesAlerts=true, databaseEnabled=true, version=47.0.1, platform=WINDOWS, nativeEvents=false, acceptSslCerts=true, webStorageEnabled=true, locationContextEnabled=true, browserName=firefox, takesScreenshot=true, javascriptEnabled=true, cssSelectorsEnabled=true}]
Session ID: 354f8754-2b35-4dbf-819f-62514ce97507
*** Element info: {Using=xpath, value=.//*[@id='InnerContent']/div[3]/div[2]/table/tbody/tr[2]/td[5]}
	at org.openqa.selenium.remote.ErrorHandler.createThrowable(ErrorHandler.java:206)
	at org.openqa.selenium.remote.ErrorHandler.throwIfResponseFailed(ErrorHandler.java:158)
	at org.openqa.selenium.remote.RemoteWebDriver.execute(RemoteWebDriver.java:678)
	at org.openqa.selenium.remote.RemoteWebDriver.findElement(RemoteWebDriver.java:363)
	at org.openqa.selenium.remote.RemoteWebDriver.findElementByXPath(RemoteWebDriver.java:500)
	at org.openqa.selenium.By$ByXPath.findElement(By.java:361)
	at org.openqa.selenium.remote.RemoteWebDriver.findElement(RemoteWebDriver.java:355)
	at org.openqa.selenium.support.pagefactory.DefaultElementLocator.findElement(DefaultElementLocator.java:69)
	at org.openqa.selenium.support.pagefactory.internal.LocatingElementHandler.invoke(LocatingElementHandler.java:38)
	at com.sun.proxy.$Proxy9.getText(Unknown Source)
	at com.lima.pagefactory.AdjunoLIMABookingConfirmationPOM.getWebElementCellValue(AdjunoLIMABookingConfirmationPOM.java:932)
	at com.lima.test.AdjunoLIMABookingConfirmationTest.Test_35_VerifyConfirmedPOInConfirmedStatus(AdjunoLIMABookingConfirmationTest.java:981)
Caused by: org.openqa.selenium.NoSuchElementException: Unable to locate element: {"method":"xpath","selector":".//*[@id='InnerContent']/div[3]/div[2]/table/tbody/tr[2]/td[5]"}
For documentation on this error, please visit: http://seleniumhq.org/exceptions/no_such_element.html
Build info: version: '2.53.1', revision: 'a36b8b1', time: '2016-06-30 17:32:46'
System info: host: 'LAPTOP-L9I71BEA', ip: '192.168.1.16', os.name: 'Windows 10', os.arch: 'amd64', os.version: '10.0', java.version: '1.8.0_121'
Driver info: driver.version: unknown
	at <anonymous class>.FirefoxDriver.prototype.findElementInternal_(file:///C:/Users/Anand/AppData/Local/Temp/anonymous2517551087930767125webdriver-profile/extensions/fxdriver@googlecode.com/components/driver-component.js:10770)
	at <anonymous class>.fxdriver.Timer.prototype.setTimeout/<.notify(file:///C:/Users/Anand/AppData/Local/Temp/anonymous2517551087930767125webdriver-profile/extensions/fxdriver@googlecode.com/components/driver-component.js:625)
... Removed 29 stack frames]]>
    </failure>
  </testcase> <!-- Test_35_VerifyConfirmedPOInConfirmedStatus -->
  <testcase name="Test_36_VerifyConfirmedPOInBookingDairy" time="29.286" classname="com.lima.test.AdjunoLIMABookingConfirmationTest"/>
</testsuite> <!-- Booking Confirmation -->
