<html>
<head>
<title>TestNG:  Booking Confirmation</title>
<link href="../testng.css" rel="stylesheet" type="text/css" />
<link href="../my-testng.css" rel="stylesheet" type="text/css" />

<style type="text/css">
.log { display: none;} 
.stack-trace { display: none;} 
</style>
<script type="text/javascript">
<!--
function flip(e) {
  current = e.style.display;
  if (current == 'block') {
    e.style.display = 'none';
    return 0;
  }
  else {
    e.style.display = 'block';
    return 1;
  }
}

function toggleBox(szDivId, elem, msg1, msg2)
{
  var res = -1;  if (document.getElementById) {
    res = flip(document.getElementById(szDivId));
  }
  else if (document.all) {
    // this is the way old msie versions work
    res = flip(document.all[szDivId]);
  }
  if(elem) {
    if(res == 0) elem.innerHTML = msg1; else elem.innerHTML = msg2;
  }

}

function toggleAllBoxes() {
  if (document.getElementsByTagName) {
    d = document.getElementsByTagName('div');
    for (i = 0; i < d.length; i++) {
      if (d[i].className == 'log') {
        flip(d[i]);
      }
    }
  }
}

// -->
</script>

</head>
<body>
<h2 align='center'>Booking Confirmation</h2><table border='1' align="center">
<tr>
<td>Tests passed/Failed/Skipped:</td><td>23/7/0</td>
</tr><tr>
<td>Started on:</td><td>Mon Feb 05 13:14:21 IST 2018</td>
</tr>
<tr><td>Total time:</td><td>488 seconds (488361 ms)</td>
</tr><tr>
<td>Included groups:</td><td></td>
</tr><tr>
<td>Excluded groups:</td><td></td>
</tr>
</table><p/>
<small><i>(Hover the method name to see the test class name)</i></small><p/>
<table width='100%' border='1' class='invocation-failed'>
<tr><td colspan='4' align='center'><b>FAILED TESTS</b></td></tr>
<tr><td><b>Test method</b></td>
<td width="30%"><b>Exception</b></td>
<td width="10%"><b>Time (seconds)</b></td>
<td><b>Instance</b></td>
</tr>
<tr>
<td title='com.lima.test.AdjunoLIMABookingConfirmationTest.Test_26_VerifyPONumberInAwaitingStatus()'><b>Test_26_VerifyPONumberInAwaitingStatus</b><br>Test class: com.lima.test.AdjunoLIMABookingConfirmationTest</td>
<td><div><pre>java.lang.AssertionError: The following asserts failed:
	*****_26_No items were found. message is not displayed when Invalid PO Number is set in Container field in Booking Confirmation Search page***** expected [true] but found [false]
	at com.lima.test.AdjunoLIMABookingConfirmationTest.Test_26_VerifyPONumberInAwaitingStatus(AdjunoLIMABookingConfirmationTest.java:790)
... Removed 26 stack frames</pre></div><a href='#' onClick='toggleBox("stack-trace1246807878", this, "Click to show all stack frames", "Click to hide stack frames")'>Click to show all stack frames</a>
<div class='stack-trace' id='stack-trace1246807878'><pre>java.lang.AssertionError: The following asserts failed:
	*****_26_No items were found. message is not displayed when Invalid PO Number is set in Container field in Booking Confirmation Search page***** expected [true] but found [false]
	at org.testng.asserts.SoftAssert.assertAll(SoftAssert.java:43)
	at com.lima.test.AdjunoLIMABookingConfirmationTest.Test_26_VerifyPONumberInAwaitingStatus(AdjunoLIMABookingConfirmationTest.java:790)
	at sun.reflect.NativeMethodAccessorImpl.invoke0(Native Method)
	at sun.reflect.NativeMethodAccessorImpl.invoke(Unknown Source)
	at sun.reflect.DelegatingMethodAccessorImpl.invoke(Unknown Source)
	at java.lang.reflect.Method.invoke(Unknown Source)
	at org.testng.internal.MethodInvocationHelper.invokeMethod(MethodInvocationHelper.java:100)
	at org.testng.internal.Invoker.invokeMethod(Invoker.java:646)
	at org.testng.internal.Invoker.invokeTestMethod(Invoker.java:811)
	at org.testng.internal.Invoker.invokeTestMethods(Invoker.java:1129)
	at org.testng.internal.TestMethodWorker.invokeTestMethods(TestMethodWorker.java:129)
	at org.testng.internal.TestMethodWorker.run(TestMethodWorker.java:112)
	at org.testng.TestRunner.privateRun(TestRunner.java:746)
	at org.testng.TestRunner.run(TestRunner.java:600)
	at org.testng.SuiteRunner.runTest(SuiteRunner.java:366)
	at org.testng.SuiteRunner.runSequentially(SuiteRunner.java:361)
	at org.testng.SuiteRunner.privateRun(SuiteRunner.java:319)
	at org.testng.SuiteRunner.run(SuiteRunner.java:268)
	at org.testng.SuiteRunnerWorker.runSuite(SuiteRunnerWorker.java:52)
	at org.testng.SuiteRunnerWorker.run(SuiteRunnerWorker.java:86)
	at org.testng.TestNG.runSuitesSequentially(TestNG.java:1264)
	at org.testng.TestNG.runSuitesLocally(TestNG.java:1189)
	at org.testng.TestNG.runSuites(TestNG.java:1104)
	at org.testng.TestNG.run(TestNG.java:1076)
	at org.testng.remote.AbstractRemoteTestNG.run(AbstractRemoteTestNG.java:126)
	at org.testng.remote.RemoteTestNG.initAndRun(RemoteTestNG.java:152)
	at org.testng.remote.RemoteTestNG.main(RemoteTestNG.java:57)
</pre></div></td>
<td>35</td>
<td>com.lima.test.AdjunoLIMABookingConfirmationTest@55d56113</td></tr>
<tr>
<td title='com.lima.test.AdjunoLIMABookingConfirmationTest.Test_27_VerifyPONumberInDeclinedStatus()'><b>Test_27_VerifyPONumberInDeclinedStatus</b><br>Test class: com.lima.test.AdjunoLIMABookingConfirmationTest</td>
<td><div><pre>org.openqa.selenium.NoSuchElementException: Unable to locate element: {&quot;method&quot;:&quot;xpath&quot;,&quot;selector&quot;:&quot;.//*[@id=&apos;InnerContent&apos;]/div[3]/div[2]/table/tbody/tr[2]/td[5]&quot;}
Command duration or timeout: 10.16 seconds
For documentation on this error, please visit: http://seleniumhq.org/exceptions/no_such_element.html
Build info: version: &apos;2.53.1&apos;, revision: &apos;a36b8b1&apos;, time: &apos;2016-06-30 17:32:46&apos;
System info: host: &apos;LAPTOP-L9I71BEA&apos;, ip: &apos;192.168.1.16&apos;, os.name: &apos;Windows 10&apos;, os.arch: &apos;amd64&apos;, os.version: &apos;10.0&apos;, java.version: &apos;1.8.0_121&apos;
Driver info: org.openqa.selenium.firefox.FirefoxDriver
Capabilities [{applicationCacheEnabled=true, rotatable=false, handlesAlerts=true, databaseEnabled=true, version=47.0.1, platform=WINDOWS, nativeEvents=false, acceptSslCerts=true, webStorageEnabled=true, locationContextEnabled=true, browserName=firefox, takesScreenshot=true, javascriptEnabled=true, cssSelectorsEnabled=true}]
Session ID: 354f8754-2b35-4dbf-819f-62514ce97507
*** Element info: {Using=xpath, value=.//*[@id=&apos;InnerContent&apos;]/div[3]/div[2]/table/tbody/tr[2]/td[5]}
	at org.openqa.selenium.remote.ErrorHandler.createThrowable(ErrorHandler.java:206)
	at org.openqa.selenium.remote.ErrorHandler.throwIfResponseFailed(ErrorHandler.java:158)
	at org.openqa.selenium.remote.RemoteWebDriver.execute(RemoteWebDriver.java:678)
	at org.openqa.selenium.remote.RemoteWebDriver.findElement(RemoteWebDriver.java:363)
	at org.openqa.selenium.remote.RemoteWebDriver.findElementByXPath(RemoteWebDriver.java:500)
	at org.openqa.selenium.By$ByXPath.findElement(By.java:361)
	at org.openqa.selenium.remote.RemoteWebDriver.findElement(RemoteWebDriver.java:355)
	at org.openqa.selenium.support.pagefactory.DefaultElementLocator.findElement(DefaultElementLocator.java:69)
	at org.openqa.selenium.support.pagefactory.internal.LocatingElementHandler.invoke(LocatingElementHandler.java:38)
	at com.sun.proxy.$Proxy9.getText(Unknown Source)
	at com.lima.pagefactory.AdjunoLIMABookingConfirmationPOM.getWebElementCellValue(AdjunoLIMABookingConfirmationPOM.java:932)
	at com.lima.test.AdjunoLIMABookingConfirmationTest.Test_27_VerifyPONumberInDeclinedStatus(AdjunoLIMABookingConfirmationTest.java:804)
Caused by: org.openqa.selenium.NoSuchElementException: Unable to locate element: {&quot;method&quot;:&quot;xpath&quot;,&quot;selector&quot;:&quot;.//*[@id=&apos;InnerContent&apos;]/div[3]/div[2]/table/tbody/tr[2]/td[5]&quot;}
For documentation on this error, please visit: http://seleniumhq.org/exceptions/no_such_element.html
Build info: version: &apos;2.53.1&apos;, revision: &apos;a36b8b1&apos;, time: &apos;2016-06-30 17:32:46&apos;
System info: host: &apos;LAPTOP-L9I71BEA&apos;, ip: &apos;192.168.1.16&apos;, os.name: &apos;Windows 10&apos;, os.arch: &apos;amd64&apos;, os.version: &apos;10.0&apos;, java.version: &apos;1.8.0_121&apos;
Driver info: driver.version: unknown
	at &lt;anonymous class&gt;.FirefoxDriver.prototype.findElementInternal_(file:///C:/Users/Anand/AppData/Local/Temp/anonymous2517551087930767125webdriver-profile/extensions/fxdriver@googlecode.com/components/driver-component.js:10770)
	at &lt;anonymous class&gt;.fxdriver.Timer.prototype.setTimeout/&lt;.notify(file:///C:/Users/Anand/AppData/Local/Temp/anonymous2517551087930767125webdriver-profile/extensions/fxdriver@googlecode.com/components/driver-component.js:625)
... Removed 29 stack frames</pre></div><a href='#' onClick='toggleBox("stack-trace1992844647", this, "Click to show all stack frames", "Click to hide stack frames")'>Click to show all stack frames</a>
<div class='stack-trace' id='stack-trace1992844647'><pre>org.openqa.selenium.NoSuchElementException: Unable to locate element: {&quot;method&quot;:&quot;xpath&quot;,&quot;selector&quot;:&quot;.//*[@id=&apos;InnerContent&apos;]/div[3]/div[2]/table/tbody/tr[2]/td[5]&quot;}
Command duration or timeout: 10.16 seconds
For documentation on this error, please visit: http://seleniumhq.org/exceptions/no_such_element.html
Build info: version: &apos;2.53.1&apos;, revision: &apos;a36b8b1&apos;, time: &apos;2016-06-30 17:32:46&apos;
System info: host: &apos;LAPTOP-L9I71BEA&apos;, ip: &apos;192.168.1.16&apos;, os.name: &apos;Windows 10&apos;, os.arch: &apos;amd64&apos;, os.version: &apos;10.0&apos;, java.version: &apos;1.8.0_121&apos;
Driver info: org.openqa.selenium.firefox.FirefoxDriver
Capabilities [{applicationCacheEnabled=true, rotatable=false, handlesAlerts=true, databaseEnabled=true, version=47.0.1, platform=WINDOWS, nativeEvents=false, acceptSslCerts=true, webStorageEnabled=true, locationContextEnabled=true, browserName=firefox, takesScreenshot=true, javascriptEnabled=true, cssSelectorsEnabled=true}]
Session ID: 354f8754-2b35-4dbf-819f-62514ce97507
*** Element info: {Using=xpath, value=.//*[@id=&apos;InnerContent&apos;]/div[3]/div[2]/table/tbody/tr[2]/td[5]}
	at sun.reflect.NativeConstructorAccessorImpl.newInstance0(Native Method)
	at sun.reflect.NativeConstructorAccessorImpl.newInstance(Unknown Source)
	at sun.reflect.DelegatingConstructorAccessorImpl.newInstance(Unknown Source)
	at java.lang.reflect.Constructor.newInstance(Unknown Source)
	at org.openqa.selenium.remote.ErrorHandler.createThrowable(ErrorHandler.java:206)
	at org.openqa.selenium.remote.ErrorHandler.throwIfResponseFailed(ErrorHandler.java:158)
	at org.openqa.selenium.remote.RemoteWebDriver.execute(RemoteWebDriver.java:678)
	at org.openqa.selenium.remote.RemoteWebDriver.findElement(RemoteWebDriver.java:363)
	at org.openqa.selenium.remote.RemoteWebDriver.findElementByXPath(RemoteWebDriver.java:500)
	at org.openqa.selenium.By$ByXPath.findElement(By.java:361)
	at org.openqa.selenium.remote.RemoteWebDriver.findElement(RemoteWebDriver.java:355)
	at org.openqa.selenium.support.pagefactory.DefaultElementLocator.findElement(DefaultElementLocator.java:69)
	at org.openqa.selenium.support.pagefactory.internal.LocatingElementHandler.invoke(LocatingElementHandler.java:38)
	at com.sun.proxy.$Proxy9.getText(Unknown Source)
	at com.lima.pagefactory.AdjunoLIMABookingConfirmationPOM.getWebElementCellValue(AdjunoLIMABookingConfirmationPOM.java:932)
	at com.lima.test.AdjunoLIMABookingConfirmationTest.Test_27_VerifyPONumberInDeclinedStatus(AdjunoLIMABookingConfirmationTest.java:804)
	at sun.reflect.NativeMethodAccessorImpl.invoke0(Native Method)
	at sun.reflect.NativeMethodAccessorImpl.invoke(Unknown Source)
	at sun.reflect.DelegatingMethodAccessorImpl.invoke(Unknown Source)
	at java.lang.reflect.Method.invoke(Unknown Source)
	at org.testng.internal.MethodInvocationHelper.invokeMethod(MethodInvocationHelper.java:100)
	at org.testng.internal.Invoker.invokeMethod(Invoker.java:646)
	at org.testng.internal.Invoker.invokeTestMethod(Invoker.java:811)
	at org.testng.internal.Invoker.invokeTestMethods(Invoker.java:1129)
	at org.testng.internal.TestMethodWorker.invokeTestMethods(TestMethodWorker.java:129)
	at org.testng.internal.TestMethodWorker.run(TestMethodWorker.java:112)
	at org.testng.TestRunner.privateRun(TestRunner.java:746)
	at org.testng.TestRunner.run(TestRunner.java:600)
	at org.testng.SuiteRunner.runTest(SuiteRunner.java:366)
	at org.testng.SuiteRunner.runSequentially(SuiteRunner.java:361)
	at org.testng.SuiteRunner.privateRun(SuiteRunner.java:319)
	at org.testng.SuiteRunner.run(SuiteRunner.java:268)
	at org.testng.SuiteRunnerWorker.runSuite(SuiteRunnerWorker.java:52)
	at org.testng.SuiteRunnerWorker.run(SuiteRunnerWorker.java:86)
	at org.testng.TestNG.runSuitesSequentially(TestNG.java:1264)
	at org.testng.TestNG.runSuitesLocally(TestNG.java:1189)
	at org.testng.TestNG.runSuites(TestNG.java:1104)
	at org.testng.TestNG.run(TestNG.java:1076)
	at org.testng.remote.AbstractRemoteTestNG.run(AbstractRemoteTestNG.java:126)
	at org.testng.remote.RemoteTestNG.initAndRun(RemoteTestNG.java:152)
	at org.testng.remote.RemoteTestNG.main(RemoteTestNG.java:57)
Caused by: org.openqa.selenium.NoSuchElementException: Unable to locate element: {&quot;method&quot;:&quot;xpath&quot;,&quot;selector&quot;:&quot;.//*[@id=&apos;InnerContent&apos;]/div[3]/div[2]/table/tbody/tr[2]/td[5]&quot;}
For documentation on this error, please visit: http://seleniumhq.org/exceptions/no_such_element.html
Build info: version: &apos;2.53.1&apos;, revision: &apos;a36b8b1&apos;, time: &apos;2016-06-30 17:32:46&apos;
System info: host: &apos;LAPTOP-L9I71BEA&apos;, ip: &apos;192.168.1.16&apos;, os.name: &apos;Windows 10&apos;, os.arch: &apos;amd64&apos;, os.version: &apos;10.0&apos;, java.version: &apos;1.8.0_121&apos;
Driver info: driver.version: unknown
	at &lt;anonymous class&gt;.FirefoxDriver.prototype.findElementInternal_(file:///C:/Users/Anand/AppData/Local/Temp/anonymous2517551087930767125webdriver-profile/extensions/fxdriver@googlecode.com/components/driver-component.js:10770)
	at &lt;anonymous class&gt;.fxdriver.Timer.prototype.setTimeout/&lt;.notify(file:///C:/Users/Anand/AppData/Local/Temp/anonymous2517551087930767125webdriver-profile/extensions/fxdriver@googlecode.com/components/driver-component.js:625)
</pre></div></td>
<td>23</td>
<td>com.lima.test.AdjunoLIMABookingConfirmationTest@55d56113</td></tr>
<tr>
<td title='com.lima.test.AdjunoLIMABookingConfirmationTest.Test_29_SetBookingConfirmedStatusYes()'><b>Test_29_SetBookingConfirmedStatusYes</b><br>Test class: com.lima.test.AdjunoLIMABookingConfirmationTest</td>
<td><div><pre>org.openqa.selenium.WebDriverException: window.ArenaForms.LH_Delivery_DeliveryBookingConfirm_INPUT_SUT is undefined
Command duration or timeout: 140 milliseconds
Build info: version: &apos;2.53.1&apos;, revision: &apos;a36b8b1&apos;, time: &apos;2016-06-30 17:32:46&apos;
System info: host: &apos;LAPTOP-L9I71BEA&apos;, ip: &apos;192.168.1.16&apos;, os.name: &apos;Windows 10&apos;, os.arch: &apos;amd64&apos;, os.version: &apos;10.0&apos;, java.version: &apos;1.8.0_121&apos;
Driver info: org.openqa.selenium.firefox.FirefoxDriver
Capabilities [{applicationCacheEnabled=true, rotatable=false, handlesAlerts=true, databaseEnabled=true, version=47.0.1, platform=WINDOWS, nativeEvents=false, acceptSslCerts=true, webStorageEnabled=true, locationContextEnabled=true, browserName=firefox, takesScreenshot=true, javascriptEnabled=true, cssSelectorsEnabled=true}]
Session ID: 354f8754-2b35-4dbf-819f-62514ce97507
	at org.openqa.selenium.remote.ErrorHandler.createThrowable(ErrorHandler.java:206)
	at org.openqa.selenium.remote.ErrorHandler.throwIfResponseFailed(ErrorHandler.java:158)
	at org.openqa.selenium.remote.RemoteWebDriver.execute(RemoteWebDriver.java:678)
	at org.openqa.selenium.remote.RemoteWebDriver.executeScript(RemoteWebDriver.java:577)
	at com.lima.library.AdjunoUILibrary.getNoOfRowsGrid(AdjunoUILibrary.java:181)
	at com.lima.pagefactory.AdjunoLIMABookingConfirmationPOM.clickAllCheckBox(AdjunoLIMABookingConfirmationPOM.java:828)
	at com.lima.test.AdjunoLIMABookingConfirmationTest.Test_29_SetBookingConfirmedStatusYes(AdjunoLIMABookingConfirmationTest.java:866)
Caused by: org.openqa.selenium.WebDriverException: window.ArenaForms.LH_Delivery_DeliveryBookingConfirm_INPUT_SUT is undefined
Build info: version: &apos;2.53.1&apos;, revision: &apos;a36b8b1&apos;, time: &apos;2016-06-30 17:32:46&apos;
System info: host: &apos;LAPTOP-L9I71BEA&apos;, ip: &apos;192.168.1.16&apos;, os.name: &apos;Windows 10&apos;, os.arch: &apos;amd64&apos;, os.version: &apos;10.0&apos;, java.version: &apos;1.8.0_121&apos;
Driver info: driver.version: unknown
	at &lt;anonymous class&gt;.anonymous(https://uat-lima46.adjuno.com/default.aspx?Guid=1d143d076c4e432390cfc408352969b4&amp;MenuId=&amp;Action=ToolApply&amp;ActionOption=Booking%20Confirmation line 69 &gt; Function:1)
	at &lt;anonymous class&gt;.handleEvaluateEvent(https://uat-lima46.adjuno.com/default.aspx?Guid=1d143d076c4e432390cfc408352969b4&amp;MenuId=&amp;Action=ToolApply&amp;ActionOption=Booking%20Confirmation:69)
... Removed 28 stack frames</pre></div><a href='#' onClick='toggleBox("stack-trace2111615196", this, "Click to show all stack frames", "Click to hide stack frames")'>Click to show all stack frames</a>
<div class='stack-trace' id='stack-trace2111615196'><pre>org.openqa.selenium.WebDriverException: window.ArenaForms.LH_Delivery_DeliveryBookingConfirm_INPUT_SUT is undefined
Command duration or timeout: 140 milliseconds
Build info: version: &apos;2.53.1&apos;, revision: &apos;a36b8b1&apos;, time: &apos;2016-06-30 17:32:46&apos;
System info: host: &apos;LAPTOP-L9I71BEA&apos;, ip: &apos;192.168.1.16&apos;, os.name: &apos;Windows 10&apos;, os.arch: &apos;amd64&apos;, os.version: &apos;10.0&apos;, java.version: &apos;1.8.0_121&apos;
Driver info: org.openqa.selenium.firefox.FirefoxDriver
Capabilities [{applicationCacheEnabled=true, rotatable=false, handlesAlerts=true, databaseEnabled=true, version=47.0.1, platform=WINDOWS, nativeEvents=false, acceptSslCerts=true, webStorageEnabled=true, locationContextEnabled=true, browserName=firefox, takesScreenshot=true, javascriptEnabled=true, cssSelectorsEnabled=true}]
Session ID: 354f8754-2b35-4dbf-819f-62514ce97507
	at sun.reflect.GeneratedConstructorAccessor19.newInstance(Unknown Source)
	at sun.reflect.DelegatingConstructorAccessorImpl.newInstance(Unknown Source)
	at java.lang.reflect.Constructor.newInstance(Unknown Source)
	at org.openqa.selenium.remote.ErrorHandler.createThrowable(ErrorHandler.java:206)
	at org.openqa.selenium.remote.ErrorHandler.throwIfResponseFailed(ErrorHandler.java:158)
	at org.openqa.selenium.remote.RemoteWebDriver.execute(RemoteWebDriver.java:678)
	at org.openqa.selenium.remote.RemoteWebDriver.executeScript(RemoteWebDriver.java:577)
	at com.lima.library.AdjunoUILibrary.getNoOfRowsGrid(AdjunoUILibrary.java:181)
	at com.lima.pagefactory.AdjunoLIMABookingConfirmationPOM.clickAllCheckBox(AdjunoLIMABookingConfirmationPOM.java:828)
	at com.lima.test.AdjunoLIMABookingConfirmationTest.Test_29_SetBookingConfirmedStatusYes(AdjunoLIMABookingConfirmationTest.java:866)
	at sun.reflect.NativeMethodAccessorImpl.invoke0(Native Method)
	at sun.reflect.NativeMethodAccessorImpl.invoke(Unknown Source)
	at sun.reflect.DelegatingMethodAccessorImpl.invoke(Unknown Source)
	at java.lang.reflect.Method.invoke(Unknown Source)
	at org.testng.internal.MethodInvocationHelper.invokeMethod(MethodInvocationHelper.java:100)
	at org.testng.internal.Invoker.invokeMethod(Invoker.java:646)
	at org.testng.internal.Invoker.invokeTestMethod(Invoker.java:811)
	at org.testng.internal.Invoker.invokeTestMethods(Invoker.java:1129)
	at org.testng.internal.TestMethodWorker.invokeTestMethods(TestMethodWorker.java:129)
	at org.testng.internal.TestMethodWorker.run(TestMethodWorker.java:112)
	at org.testng.TestRunner.privateRun(TestRunner.java:746)
	at org.testng.TestRunner.run(TestRunner.java:600)
	at org.testng.SuiteRunner.runTest(SuiteRunner.java:366)
	at org.testng.SuiteRunner.runSequentially(SuiteRunner.java:361)
	at org.testng.SuiteRunner.privateRun(SuiteRunner.java:319)
	at org.testng.SuiteRunner.run(SuiteRunner.java:268)
	at org.testng.SuiteRunnerWorker.runSuite(SuiteRunnerWorker.java:52)
	at org.testng.SuiteRunnerWorker.run(SuiteRunnerWorker.java:86)
	at org.testng.TestNG.runSuitesSequentially(TestNG.java:1264)
	at org.testng.TestNG.runSuitesLocally(TestNG.java:1189)
	at org.testng.TestNG.runSuites(TestNG.java:1104)
	at org.testng.TestNG.run(TestNG.java:1076)
	at org.testng.remote.AbstractRemoteTestNG.run(AbstractRemoteTestNG.java:126)
	at org.testng.remote.RemoteTestNG.initAndRun(RemoteTestNG.java:152)
	at org.testng.remote.RemoteTestNG.main(RemoteTestNG.java:57)
Caused by: org.openqa.selenium.WebDriverException: window.ArenaForms.LH_Delivery_DeliveryBookingConfirm_INPUT_SUT is undefined
Build info: version: &apos;2.53.1&apos;, revision: &apos;a36b8b1&apos;, time: &apos;2016-06-30 17:32:46&apos;
System info: host: &apos;LAPTOP-L9I71BEA&apos;, ip: &apos;192.168.1.16&apos;, os.name: &apos;Windows 10&apos;, os.arch: &apos;amd64&apos;, os.version: &apos;10.0&apos;, java.version: &apos;1.8.0_121&apos;
Driver info: driver.version: unknown
	at &lt;anonymous class&gt;.anonymous(https://uat-lima46.adjuno.com/default.aspx?Guid=1d143d076c4e432390cfc408352969b4&amp;MenuId=&amp;Action=ToolApply&amp;ActionOption=Booking%20Confirmation line 69 &gt; Function:1)
	at &lt;anonymous class&gt;.handleEvaluateEvent(https://uat-lima46.adjuno.com/default.aspx?Guid=1d143d076c4e432390cfc408352969b4&amp;MenuId=&amp;Action=ToolApply&amp;ActionOption=Booking%20Confirmation:69)
</pre></div></td>
<td>39</td>
<td>com.lima.test.AdjunoLIMABookingConfirmationTest@55d56113</td></tr>
<tr>
<td title='com.lima.test.AdjunoLIMABookingConfirmationTest.Test_33_VerifyConfirmedPOStatus()'><b>Test_33_VerifyConfirmedPOStatus</b><br>Test class: com.lima.test.AdjunoLIMABookingConfirmationTest</td>
<td><div><pre>java.lang.AssertionError: The following asserts failed:
	*****_33_Status is not DC Booking Confirmed when the PO is made as &quot;Confirmed&quot; in Booking Confirmation***** expected [true] but found [false]
	at com.lima.test.AdjunoLIMABookingConfirmationTest.Test_33_VerifyConfirmedPOStatus(AdjunoLIMABookingConfirmationTest.java:952)
... Removed 26 stack frames</pre></div><a href='#' onClick='toggleBox("stack-trace1045250282", this, "Click to show all stack frames", "Click to hide stack frames")'>Click to show all stack frames</a>
<div class='stack-trace' id='stack-trace1045250282'><pre>java.lang.AssertionError: The following asserts failed:
	*****_33_Status is not DC Booking Confirmed when the PO is made as &quot;Confirmed&quot; in Booking Confirmation***** expected [true] but found [false]
	at org.testng.asserts.SoftAssert.assertAll(SoftAssert.java:43)
	at com.lima.test.AdjunoLIMABookingConfirmationTest.Test_33_VerifyConfirmedPOStatus(AdjunoLIMABookingConfirmationTest.java:952)
	at sun.reflect.NativeMethodAccessorImpl.invoke0(Native Method)
	at sun.reflect.NativeMethodAccessorImpl.invoke(Unknown Source)
	at sun.reflect.DelegatingMethodAccessorImpl.invoke(Unknown Source)
	at java.lang.reflect.Method.invoke(Unknown Source)
	at org.testng.internal.MethodInvocationHelper.invokeMethod(MethodInvocationHelper.java:100)
	at org.testng.internal.Invoker.invokeMethod(Invoker.java:646)
	at org.testng.internal.Invoker.invokeTestMethod(Invoker.java:811)
	at org.testng.internal.Invoker.invokeTestMethods(Invoker.java:1129)
	at org.testng.internal.TestMethodWorker.invokeTestMethods(TestMethodWorker.java:129)
	at org.testng.internal.TestMethodWorker.run(TestMethodWorker.java:112)
	at org.testng.TestRunner.privateRun(TestRunner.java:746)
	at org.testng.TestRunner.run(TestRunner.java:600)
	at org.testng.SuiteRunner.runTest(SuiteRunner.java:366)
	at org.testng.SuiteRunner.runSequentially(SuiteRunner.java:361)
	at org.testng.SuiteRunner.privateRun(SuiteRunner.java:319)
	at org.testng.SuiteRunner.run(SuiteRunner.java:268)
	at org.testng.SuiteRunnerWorker.runSuite(SuiteRunnerWorker.java:52)
	at org.testng.SuiteRunnerWorker.run(SuiteRunnerWorker.java:86)
	at org.testng.TestNG.runSuitesSequentially(TestNG.java:1264)
	at org.testng.TestNG.runSuitesLocally(TestNG.java:1189)
	at org.testng.TestNG.runSuites(TestNG.java:1104)
	at org.testng.TestNG.run(TestNG.java:1076)
	at org.testng.remote.AbstractRemoteTestNG.run(AbstractRemoteTestNG.java:126)
	at org.testng.remote.RemoteTestNG.initAndRun(RemoteTestNG.java:152)
	at org.testng.remote.RemoteTestNG.main(RemoteTestNG.java:57)
</pre></div></td>
<td>45</td>
<td>com.lima.test.AdjunoLIMABookingConfirmationTest@55d56113</td></tr>
<tr>
<td title='com.lima.test.AdjunoLIMABookingConfirmationTest.Test_35_VerifyConfirmedPOInConfirmedStatus()'><b>Test_35_VerifyConfirmedPOInConfirmedStatus</b><br>Test class: com.lima.test.AdjunoLIMABookingConfirmationTest</td>
<td><div><pre>org.openqa.selenium.NoSuchElementException: Unable to locate element: {&quot;method&quot;:&quot;xpath&quot;,&quot;selector&quot;:&quot;.//*[@id=&apos;InnerContent&apos;]/div[3]/div[2]/table/tbody/tr[2]/td[5]&quot;}
Command duration or timeout: 10.13 seconds
For documentation on this error, please visit: http://seleniumhq.org/exceptions/no_such_element.html
Build info: version: &apos;2.53.1&apos;, revision: &apos;a36b8b1&apos;, time: &apos;2016-06-30 17:32:46&apos;
System info: host: &apos;LAPTOP-L9I71BEA&apos;, ip: &apos;192.168.1.16&apos;, os.name: &apos;Windows 10&apos;, os.arch: &apos;amd64&apos;, os.version: &apos;10.0&apos;, java.version: &apos;1.8.0_121&apos;
Driver info: org.openqa.selenium.firefox.FirefoxDriver
Capabilities [{applicationCacheEnabled=true, rotatable=false, handlesAlerts=true, databaseEnabled=true, version=47.0.1, platform=WINDOWS, nativeEvents=false, acceptSslCerts=true, webStorageEnabled=true, locationContextEnabled=true, browserName=firefox, takesScreenshot=true, javascriptEnabled=true, cssSelectorsEnabled=true}]
Session ID: 354f8754-2b35-4dbf-819f-62514ce97507
*** Element info: {Using=xpath, value=.//*[@id=&apos;InnerContent&apos;]/div[3]/div[2]/table/tbody/tr[2]/td[5]}
	at org.openqa.selenium.remote.ErrorHandler.createThrowable(ErrorHandler.java:206)
	at org.openqa.selenium.remote.ErrorHandler.throwIfResponseFailed(ErrorHandler.java:158)
	at org.openqa.selenium.remote.RemoteWebDriver.execute(RemoteWebDriver.java:678)
	at org.openqa.selenium.remote.RemoteWebDriver.findElement(RemoteWebDriver.java:363)
	at org.openqa.selenium.remote.RemoteWebDriver.findElementByXPath(RemoteWebDriver.java:500)
	at org.openqa.selenium.By$ByXPath.findElement(By.java:361)
	at org.openqa.selenium.remote.RemoteWebDriver.findElement(RemoteWebDriver.java:355)
	at org.openqa.selenium.support.pagefactory.DefaultElementLocator.findElement(DefaultElementLocator.java:69)
	at org.openqa.selenium.support.pagefactory.internal.LocatingElementHandler.invoke(LocatingElementHandler.java:38)
	at com.sun.proxy.$Proxy9.getText(Unknown Source)
	at com.lima.pagefactory.AdjunoLIMABookingConfirmationPOM.getWebElementCellValue(AdjunoLIMABookingConfirmationPOM.java:932)
	at com.lima.test.AdjunoLIMABookingConfirmationTest.Test_35_VerifyConfirmedPOInConfirmedStatus(AdjunoLIMABookingConfirmationTest.java:981)
Caused by: org.openqa.selenium.NoSuchElementException: Unable to locate element: {&quot;method&quot;:&quot;xpath&quot;,&quot;selector&quot;:&quot;.//*[@id=&apos;InnerContent&apos;]/div[3]/div[2]/table/tbody/tr[2]/td[5]&quot;}
For documentation on this error, please visit: http://seleniumhq.org/exceptions/no_such_element.html
Build info: version: &apos;2.53.1&apos;, revision: &apos;a36b8b1&apos;, time: &apos;2016-06-30 17:32:46&apos;
System info: host: &apos;LAPTOP-L9I71BEA&apos;, ip: &apos;192.168.1.16&apos;, os.name: &apos;Windows 10&apos;, os.arch: &apos;amd64&apos;, os.version: &apos;10.0&apos;, java.version: &apos;1.8.0_121&apos;
Driver info: driver.version: unknown
	at &lt;anonymous class&gt;.FirefoxDriver.prototype.findElementInternal_(file:///C:/Users/Anand/AppData/Local/Temp/anonymous2517551087930767125webdriver-profile/extensions/fxdriver@googlecode.com/components/driver-component.js:10770)
	at &lt;anonymous class&gt;.fxdriver.Timer.prototype.setTimeout/&lt;.notify(file:///C:/Users/Anand/AppData/Local/Temp/anonymous2517551087930767125webdriver-profile/extensions/fxdriver@googlecode.com/components/driver-component.js:625)
... Removed 29 stack frames</pre></div><a href='#' onClick='toggleBox("stack-trace1461216550", this, "Click to show all stack frames", "Click to hide stack frames")'>Click to show all stack frames</a>
<div class='stack-trace' id='stack-trace1461216550'><pre>org.openqa.selenium.NoSuchElementException: Unable to locate element: {&quot;method&quot;:&quot;xpath&quot;,&quot;selector&quot;:&quot;.//*[@id=&apos;InnerContent&apos;]/div[3]/div[2]/table/tbody/tr[2]/td[5]&quot;}
Command duration or timeout: 10.13 seconds
For documentation on this error, please visit: http://seleniumhq.org/exceptions/no_such_element.html
Build info: version: &apos;2.53.1&apos;, revision: &apos;a36b8b1&apos;, time: &apos;2016-06-30 17:32:46&apos;
System info: host: &apos;LAPTOP-L9I71BEA&apos;, ip: &apos;192.168.1.16&apos;, os.name: &apos;Windows 10&apos;, os.arch: &apos;amd64&apos;, os.version: &apos;10.0&apos;, java.version: &apos;1.8.0_121&apos;
Driver info: org.openqa.selenium.firefox.FirefoxDriver
Capabilities [{applicationCacheEnabled=true, rotatable=false, handlesAlerts=true, databaseEnabled=true, version=47.0.1, platform=WINDOWS, nativeEvents=false, acceptSslCerts=true, webStorageEnabled=true, locationContextEnabled=true, browserName=firefox, takesScreenshot=true, javascriptEnabled=true, cssSelectorsEnabled=true}]
Session ID: 354f8754-2b35-4dbf-819f-62514ce97507
*** Element info: {Using=xpath, value=.//*[@id=&apos;InnerContent&apos;]/div[3]/div[2]/table/tbody/tr[2]/td[5]}
	at sun.reflect.NativeConstructorAccessorImpl.newInstance0(Native Method)
	at sun.reflect.NativeConstructorAccessorImpl.newInstance(Unknown Source)
	at sun.reflect.DelegatingConstructorAccessorImpl.newInstance(Unknown Source)
	at java.lang.reflect.Constructor.newInstance(Unknown Source)
	at org.openqa.selenium.remote.ErrorHandler.createThrowable(ErrorHandler.java:206)
	at org.openqa.selenium.remote.ErrorHandler.throwIfResponseFailed(ErrorHandler.java:158)
	at org.openqa.selenium.remote.RemoteWebDriver.execute(RemoteWebDriver.java:678)
	at org.openqa.selenium.remote.RemoteWebDriver.findElement(RemoteWebDriver.java:363)
	at org.openqa.selenium.remote.RemoteWebDriver.findElementByXPath(RemoteWebDriver.java:500)
	at org.openqa.selenium.By$ByXPath.findElement(By.java:361)
	at org.openqa.selenium.remote.RemoteWebDriver.findElement(RemoteWebDriver.java:355)
	at org.openqa.selenium.support.pagefactory.DefaultElementLocator.findElement(DefaultElementLocator.java:69)
	at org.openqa.selenium.support.pagefactory.internal.LocatingElementHandler.invoke(LocatingElementHandler.java:38)
	at com.sun.proxy.$Proxy9.getText(Unknown Source)
	at com.lima.pagefactory.AdjunoLIMABookingConfirmationPOM.getWebElementCellValue(AdjunoLIMABookingConfirmationPOM.java:932)
	at com.lima.test.AdjunoLIMABookingConfirmationTest.Test_35_VerifyConfirmedPOInConfirmedStatus(AdjunoLIMABookingConfirmationTest.java:981)
	at sun.reflect.NativeMethodAccessorImpl.invoke0(Native Method)
	at sun.reflect.NativeMethodAccessorImpl.invoke(Unknown Source)
	at sun.reflect.DelegatingMethodAccessorImpl.invoke(Unknown Source)
	at java.lang.reflect.Method.invoke(Unknown Source)
	at org.testng.internal.MethodInvocationHelper.invokeMethod(MethodInvocationHelper.java:100)
	at org.testng.internal.Invoker.invokeMethod(Invoker.java:646)
	at org.testng.internal.Invoker.invokeTestMethod(Invoker.java:811)
	at org.testng.internal.Invoker.invokeTestMethods(Invoker.java:1129)
	at org.testng.internal.TestMethodWorker.invokeTestMethods(TestMethodWorker.java:129)
	at org.testng.internal.TestMethodWorker.run(TestMethodWorker.java:112)
	at org.testng.TestRunner.privateRun(TestRunner.java:746)
	at org.testng.TestRunner.run(TestRunner.java:600)
	at org.testng.SuiteRunner.runTest(SuiteRunner.java:366)
	at org.testng.SuiteRunner.runSequentially(SuiteRunner.java:361)
	at org.testng.SuiteRunner.privateRun(SuiteRunner.java:319)
	at org.testng.SuiteRunner.run(SuiteRunner.java:268)
	at org.testng.SuiteRunnerWorker.runSuite(SuiteRunnerWorker.java:52)
	at org.testng.SuiteRunnerWorker.run(SuiteRunnerWorker.java:86)
	at org.testng.TestNG.runSuitesSequentially(TestNG.java:1264)
	at org.testng.TestNG.runSuitesLocally(TestNG.java:1189)
	at org.testng.TestNG.runSuites(TestNG.java:1104)
	at org.testng.TestNG.run(TestNG.java:1076)
	at org.testng.remote.AbstractRemoteTestNG.run(AbstractRemoteTestNG.java:126)
	at org.testng.remote.RemoteTestNG.initAndRun(RemoteTestNG.java:152)
	at org.testng.remote.RemoteTestNG.main(RemoteTestNG.java:57)
Caused by: org.openqa.selenium.NoSuchElementException: Unable to locate element: {&quot;method&quot;:&quot;xpath&quot;,&quot;selector&quot;:&quot;.//*[@id=&apos;InnerContent&apos;]/div[3]/div[2]/table/tbody/tr[2]/td[5]&quot;}
For documentation on this error, please visit: http://seleniumhq.org/exceptions/no_such_element.html
Build info: version: &apos;2.53.1&apos;, revision: &apos;a36b8b1&apos;, time: &apos;2016-06-30 17:32:46&apos;
System info: host: &apos;LAPTOP-L9I71BEA&apos;, ip: &apos;192.168.1.16&apos;, os.name: &apos;Windows 10&apos;, os.arch: &apos;amd64&apos;, os.version: &apos;10.0&apos;, java.version: &apos;1.8.0_121&apos;
Driver info: driver.version: unknown
	at &lt;anonymous class&gt;.FirefoxDriver.prototype.findElementInternal_(file:///C:/Users/Anand/AppData/Local/Temp/anonymous2517551087930767125webdriver-profile/extensions/fxdriver@googlecode.com/components/driver-component.js:10770)
	at &lt;anonymous class&gt;.fxdriver.Timer.prototype.setTimeout/&lt;.notify(file:///C:/Users/Anand/AppData/Local/Temp/anonymous2517551087930767125webdriver-profile/extensions/fxdriver@googlecode.com/components/driver-component.js:625)
</pre></div></td>
<td>20</td>
<td>com.lima.test.AdjunoLIMABookingConfirmationTest@55d56113</td></tr>
<tr>
<td title='com.lima.test.AdjunoLIMABookingConfirmationTest.test_21_VerifyCompletePage()'><b>test_21_VerifyCompletePage</b><br>Test class: com.lima.test.AdjunoLIMABookingConfirmationTest</td>
<td><div><pre>org.openqa.selenium.WebDriverException: window.ArenaForms.LH_Delivery_DeliveryBookingConfirm_INPUT_SUT is undefined
Command duration or timeout: 2.02 seconds
Build info: version: &apos;2.53.1&apos;, revision: &apos;a36b8b1&apos;, time: &apos;2016-06-30 17:32:46&apos;
System info: host: &apos;LAPTOP-L9I71BEA&apos;, ip: &apos;192.168.1.16&apos;, os.name: &apos;Windows 10&apos;, os.arch: &apos;amd64&apos;, os.version: &apos;10.0&apos;, java.version: &apos;1.8.0_121&apos;
Driver info: org.openqa.selenium.firefox.FirefoxDriver
Capabilities [{applicationCacheEnabled=true, rotatable=false, handlesAlerts=true, databaseEnabled=true, version=47.0.1, platform=WINDOWS, nativeEvents=false, acceptSslCerts=true, webStorageEnabled=true, locationContextEnabled=true, browserName=firefox, takesScreenshot=true, javascriptEnabled=true, cssSelectorsEnabled=true}]
Session ID: 354f8754-2b35-4dbf-819f-62514ce97507
	at org.openqa.selenium.remote.ErrorHandler.createThrowable(ErrorHandler.java:206)
	at org.openqa.selenium.remote.ErrorHandler.throwIfResponseFailed(ErrorHandler.java:158)
	at org.openqa.selenium.remote.RemoteWebDriver.execute(RemoteWebDriver.java:678)
	at org.openqa.selenium.remote.RemoteWebDriver.executeScript(RemoteWebDriver.java:577)
	at com.lima.library.AdjunoUILibrary.getNoOfRowsGrid(AdjunoUILibrary.java:181)
	at com.lima.pagefactory.AdjunoLIMABookingConfirmationPOM.clickAllCheckBox(AdjunoLIMABookingConfirmationPOM.java:828)
	at com.lima.test.AdjunoLIMABookingConfirmationTest.test_21_VerifyCompletePage(AdjunoLIMABookingConfirmationTest.java:703)
Caused by: org.openqa.selenium.WebDriverException: window.ArenaForms.LH_Delivery_DeliveryBookingConfirm_INPUT_SUT is undefined
Build info: version: &apos;2.53.1&apos;, revision: &apos;a36b8b1&apos;, time: &apos;2016-06-30 17:32:46&apos;
System info: host: &apos;LAPTOP-L9I71BEA&apos;, ip: &apos;192.168.1.16&apos;, os.name: &apos;Windows 10&apos;, os.arch: &apos;amd64&apos;, os.version: &apos;10.0&apos;, java.version: &apos;1.8.0_121&apos;
Driver info: driver.version: unknown
	at &lt;anonymous class&gt;.anonymous(https://uat-lima46.adjuno.com/default.aspx?Guid=1d143d076c4e432390cfc408352969b4&amp;MenuId=&amp;Action=ToolApply&amp;ActionOption=Booking%20Confirmation line 69 &gt; Function:1)
	at &lt;anonymous class&gt;.handleEvaluateEvent(https://uat-lima46.adjuno.com/default.aspx?Guid=1d143d076c4e432390cfc408352969b4&amp;MenuId=&amp;Action=ToolApply&amp;ActionOption=Booking%20Confirmation:69)
... Removed 28 stack frames</pre></div><a href='#' onClick='toggleBox("stack-trace1984954272", this, "Click to show all stack frames", "Click to hide stack frames")'>Click to show all stack frames</a>
<div class='stack-trace' id='stack-trace1984954272'><pre>org.openqa.selenium.WebDriverException: window.ArenaForms.LH_Delivery_DeliveryBookingConfirm_INPUT_SUT is undefined
Command duration or timeout: 2.02 seconds
Build info: version: &apos;2.53.1&apos;, revision: &apos;a36b8b1&apos;, time: &apos;2016-06-30 17:32:46&apos;
System info: host: &apos;LAPTOP-L9I71BEA&apos;, ip: &apos;192.168.1.16&apos;, os.name: &apos;Windows 10&apos;, os.arch: &apos;amd64&apos;, os.version: &apos;10.0&apos;, java.version: &apos;1.8.0_121&apos;
Driver info: org.openqa.selenium.firefox.FirefoxDriver
Capabilities [{applicationCacheEnabled=true, rotatable=false, handlesAlerts=true, databaseEnabled=true, version=47.0.1, platform=WINDOWS, nativeEvents=false, acceptSslCerts=true, webStorageEnabled=true, locationContextEnabled=true, browserName=firefox, takesScreenshot=true, javascriptEnabled=true, cssSelectorsEnabled=true}]
Session ID: 354f8754-2b35-4dbf-819f-62514ce97507
	at sun.reflect.GeneratedConstructorAccessor19.newInstance(Unknown Source)
	at sun.reflect.DelegatingConstructorAccessorImpl.newInstance(Unknown Source)
	at java.lang.reflect.Constructor.newInstance(Unknown Source)
	at org.openqa.selenium.remote.ErrorHandler.createThrowable(ErrorHandler.java:206)
	at org.openqa.selenium.remote.ErrorHandler.throwIfResponseFailed(ErrorHandler.java:158)
	at org.openqa.selenium.remote.RemoteWebDriver.execute(RemoteWebDriver.java:678)
	at org.openqa.selenium.remote.RemoteWebDriver.executeScript(RemoteWebDriver.java:577)
	at com.lima.library.AdjunoUILibrary.getNoOfRowsGrid(AdjunoUILibrary.java:181)
	at com.lima.pagefactory.AdjunoLIMABookingConfirmationPOM.clickAllCheckBox(AdjunoLIMABookingConfirmationPOM.java:828)
	at com.lima.test.AdjunoLIMABookingConfirmationTest.test_21_VerifyCompletePage(AdjunoLIMABookingConfirmationTest.java:703)
	at sun.reflect.NativeMethodAccessorImpl.invoke0(Native Method)
	at sun.reflect.NativeMethodAccessorImpl.invoke(Unknown Source)
	at sun.reflect.DelegatingMethodAccessorImpl.invoke(Unknown Source)
	at java.lang.reflect.Method.invoke(Unknown Source)
	at org.testng.internal.MethodInvocationHelper.invokeMethod(MethodInvocationHelper.java:100)
	at org.testng.internal.Invoker.invokeMethod(Invoker.java:646)
	at org.testng.internal.Invoker.invokeTestMethod(Invoker.java:811)
	at org.testng.internal.Invoker.invokeTestMethods(Invoker.java:1129)
	at org.testng.internal.TestMethodWorker.invokeTestMethods(TestMethodWorker.java:129)
	at org.testng.internal.TestMethodWorker.run(TestMethodWorker.java:112)
	at org.testng.TestRunner.privateRun(TestRunner.java:746)
	at org.testng.TestRunner.run(TestRunner.java:600)
	at org.testng.SuiteRunner.runTest(SuiteRunner.java:366)
	at org.testng.SuiteRunner.runSequentially(SuiteRunner.java:361)
	at org.testng.SuiteRunner.privateRun(SuiteRunner.java:319)
	at org.testng.SuiteRunner.run(SuiteRunner.java:268)
	at org.testng.SuiteRunnerWorker.runSuite(SuiteRunnerWorker.java:52)
	at org.testng.SuiteRunnerWorker.run(SuiteRunnerWorker.java:86)
	at org.testng.TestNG.runSuitesSequentially(TestNG.java:1264)
	at org.testng.TestNG.runSuitesLocally(TestNG.java:1189)
	at org.testng.TestNG.runSuites(TestNG.java:1104)
	at org.testng.TestNG.run(TestNG.java:1076)
	at org.testng.remote.AbstractRemoteTestNG.run(AbstractRemoteTestNG.java:126)
	at org.testng.remote.RemoteTestNG.initAndRun(RemoteTestNG.java:152)
	at org.testng.remote.RemoteTestNG.main(RemoteTestNG.java:57)
Caused by: org.openqa.selenium.WebDriverException: window.ArenaForms.LH_Delivery_DeliveryBookingConfirm_INPUT_SUT is undefined
Build info: version: &apos;2.53.1&apos;, revision: &apos;a36b8b1&apos;, time: &apos;2016-06-30 17:32:46&apos;
System info: host: &apos;LAPTOP-L9I71BEA&apos;, ip: &apos;192.168.1.16&apos;, os.name: &apos;Windows 10&apos;, os.arch: &apos;amd64&apos;, os.version: &apos;10.0&apos;, java.version: &apos;1.8.0_121&apos;
Driver info: driver.version: unknown
	at &lt;anonymous class&gt;.anonymous(https://uat-lima46.adjuno.com/default.aspx?Guid=1d143d076c4e432390cfc408352969b4&amp;MenuId=&amp;Action=ToolApply&amp;ActionOption=Booking%20Confirmation line 69 &gt; Function:1)
	at &lt;anonymous class&gt;.handleEvaluateEvent(https://uat-lima46.adjuno.com/default.aspx?Guid=1d143d076c4e432390cfc408352969b4&amp;MenuId=&amp;Action=ToolApply&amp;ActionOption=Booking%20Confirmation:69)
</pre></div></td>
<td>9</td>
<td>com.lima.test.AdjunoLIMABookingConfirmationTest@55d56113</td></tr>
<tr>
<td title='com.lima.test.AdjunoLIMABookingConfirmationTest.test_25_VerifyPOStatus()'><b>test_25_VerifyPOStatus</b><br>Test class: com.lima.test.AdjunoLIMABookingConfirmationTest</td>
<td><div><pre>java.lang.AssertionError: The following asserts failed:
	*****_25_Status is not DC Booking Declined when the PO is made as &quot;Declined&quot; in Booking Confirmation***** expected [true] but found [false]
	at com.lima.test.AdjunoLIMABookingConfirmationTest.test_25_VerifyPOStatus(AdjunoLIMABookingConfirmationTest.java:773)
... Removed 26 stack frames</pre></div><a href='#' onClick='toggleBox("stack-trace1250315597", this, "Click to show all stack frames", "Click to hide stack frames")'>Click to show all stack frames</a>
<div class='stack-trace' id='stack-trace1250315597'><pre>java.lang.AssertionError: The following asserts failed:
	*****_25_Status is not DC Booking Declined when the PO is made as &quot;Declined&quot; in Booking Confirmation***** expected [true] but found [false]
	at org.testng.asserts.SoftAssert.assertAll(SoftAssert.java:43)
	at com.lima.test.AdjunoLIMABookingConfirmationTest.test_25_VerifyPOStatus(AdjunoLIMABookingConfirmationTest.java:773)
	at sun.reflect.NativeMethodAccessorImpl.invoke0(Native Method)
	at sun.reflect.NativeMethodAccessorImpl.invoke(Unknown Source)
	at sun.reflect.DelegatingMethodAccessorImpl.invoke(Unknown Source)
	at java.lang.reflect.Method.invoke(Unknown Source)
	at org.testng.internal.MethodInvocationHelper.invokeMethod(MethodInvocationHelper.java:100)
	at org.testng.internal.Invoker.invokeMethod(Invoker.java:646)
	at org.testng.internal.Invoker.invokeTestMethod(Invoker.java:811)
	at org.testng.internal.Invoker.invokeTestMethods(Invoker.java:1129)
	at org.testng.internal.TestMethodWorker.invokeTestMethods(TestMethodWorker.java:129)
	at org.testng.internal.TestMethodWorker.run(TestMethodWorker.java:112)
	at org.testng.TestRunner.privateRun(TestRunner.java:746)
	at org.testng.TestRunner.run(TestRunner.java:600)
	at org.testng.SuiteRunner.runTest(SuiteRunner.java:366)
	at org.testng.SuiteRunner.runSequentially(SuiteRunner.java:361)
	at org.testng.SuiteRunner.privateRun(SuiteRunner.java:319)
	at org.testng.SuiteRunner.run(SuiteRunner.java:268)
	at org.testng.SuiteRunnerWorker.runSuite(SuiteRunnerWorker.java:52)
	at org.testng.SuiteRunnerWorker.run(SuiteRunnerWorker.java:86)
	at org.testng.TestNG.runSuitesSequentially(TestNG.java:1264)
	at org.testng.TestNG.runSuitesLocally(TestNG.java:1189)
	at org.testng.TestNG.runSuites(TestNG.java:1104)
	at org.testng.TestNG.run(TestNG.java:1076)
	at org.testng.remote.AbstractRemoteTestNG.run(AbstractRemoteTestNG.java:126)
	at org.testng.remote.RemoteTestNG.initAndRun(RemoteTestNG.java:152)
	at org.testng.remote.RemoteTestNG.main(RemoteTestNG.java:57)
</pre></div></td>
<td>27</td>
<td>com.lima.test.AdjunoLIMABookingConfirmationTest@55d56113</td></tr>
</table><p>
<table width='100%' border='1' class='invocation-passed'>
<tr><td colspan='4' align='center'><b>PASSED TESTS</b></td></tr>
<tr><td><b>Test method</b></td>
<td width="30%"><b>Exception</b></td>
<td width="10%"><b>Time (seconds)</b></td>
<td><b>Instance</b></td>
</tr>
<tr>
<td title='com.lima.test.AdjunoLIMABookingConfirmationTest.Test_28_VerifyDeclinedPOStatusInBookingDairy()'><b>Test_28_VerifyDeclinedPOStatusInBookingDairy</b><br>Test class: com.lima.test.AdjunoLIMABookingConfirmationTest</td>
<td></td>
<td>31</td>
<td>com.lima.test.AdjunoLIMABookingConfirmationTest@55d56113</td></tr>
<tr>
<td title='com.lima.test.AdjunoLIMABookingConfirmationTest.Test_34_VerifyConfirmedPOInDeclinedStatus()'><b>Test_34_VerifyConfirmedPOInDeclinedStatus</b><br>Test class: com.lima.test.AdjunoLIMABookingConfirmationTest</td>
<td></td>
<td>23</td>
<td>com.lima.test.AdjunoLIMABookingConfirmationTest@55d56113</td></tr>
<tr>
<td title='com.lima.test.AdjunoLIMABookingConfirmationTest.Test_36_VerifyConfirmedPOInBookingDairy()'><b>Test_36_VerifyConfirmedPOInBookingDairy</b><br>Test class: com.lima.test.AdjunoLIMABookingConfirmationTest</td>
<td></td>
<td>29</td>
<td>com.lima.test.AdjunoLIMABookingConfirmationTest@55d56113</td></tr>
<tr>
<td title='com.lima.test.AdjunoLIMABookingConfirmationTest.test_10_VerifyCopyDownsDisplayed()'><b>test_10_VerifyCopyDownsDisplayed</b><br>Test class: com.lima.test.AdjunoLIMABookingConfirmationTest</td>
<td></td>
<td>0</td>
<td>com.lima.test.AdjunoLIMABookingConfirmationTest@55d56113</td></tr>
<tr>
<td title='com.lima.test.AdjunoLIMABookingConfirmationTest.test_11_VerifyBookingConfirmationGridCaptions()'><b>test_11_VerifyBookingConfirmationGridCaptions</b><br>Test class: com.lima.test.AdjunoLIMABookingConfirmationTest</td>
<td></td>
<td>3</td>
<td>com.lima.test.AdjunoLIMABookingConfirmationTest@55d56113</td></tr>
<tr>
<td title='com.lima.test.AdjunoLIMABookingConfirmationTest.test_12_VerifyBookingConfirmationPOGridCaptions()'><b>test_12_VerifyBookingConfirmationPOGridCaptions</b><br>Test class: com.lima.test.AdjunoLIMABookingConfirmationTest</td>
<td></td>
<td>2</td>
<td>com.lima.test.AdjunoLIMABookingConfirmationTest@55d56113</td></tr>
<tr>
<td title='com.lima.test.AdjunoLIMABookingConfirmationTest.test_13_VerifyMandatoryFields()'><b>test_13_VerifyMandatoryFields</b><br>Test class: com.lima.test.AdjunoLIMABookingConfirmationTest</td>
<td></td>
<td>9</td>
<td>com.lima.test.AdjunoLIMABookingConfirmationTest@55d56113</td></tr>
<tr>
<td title='com.lima.test.AdjunoLIMABookingConfirmationTest.test_14_SetConfirmedStatusNo()'><b>test_14_SetConfirmedStatusNo</b><br>Test class: com.lima.test.AdjunoLIMABookingConfirmationTest</td>
<td></td>
<td>5</td>
<td>com.lima.test.AdjunoLIMABookingConfirmationTest@55d56113</td></tr>
<tr>
<td title='com.lima.test.AdjunoLIMABookingConfirmationTest.test_15_SetReasonValue()'><b>test_15_SetReasonValue</b><br>Test class: com.lima.test.AdjunoLIMABookingConfirmationTest</td>
<td></td>
<td>3</td>
<td>com.lima.test.AdjunoLIMABookingConfirmationTest@55d56113</td></tr>
<tr>
<td title='com.lima.test.AdjunoLIMABookingConfirmationTest.test_16_VerifyDiaologsHyperLink()'><b>test_16_VerifyDiaologsHyperLink</b><br>Test class: com.lima.test.AdjunoLIMABookingConfirmationTest</td>
<td></td>
<td>7</td>
<td>com.lima.test.AdjunoLIMABookingConfirmationTest@55d56113</td></tr>
<tr>
<td title='com.lima.test.AdjunoLIMABookingConfirmationTest.test_17_VerifyMandatoryFieldInDailogPopUp()'><b>test_17_VerifyMandatoryFieldInDailogPopUp</b><br>Test class: com.lima.test.AdjunoLIMABookingConfirmationTest</td>
<td></td>
<td>3</td>
<td>com.lima.test.AdjunoLIMABookingConfirmationTest@55d56113</td></tr>
<tr>
<td title='com.lima.test.AdjunoLIMABookingConfirmationTest.test_18_SetMessageField()'><b>test_18_SetMessageField</b><br>Test class: com.lima.test.AdjunoLIMABookingConfirmationTest</td>
<td></td>
<td>6</td>
<td>com.lima.test.AdjunoLIMABookingConfirmationTest@55d56113</td></tr>
<tr>
<td title='com.lima.test.AdjunoLIMABookingConfirmationTest.test_19_CloseDailogPopUp()'><b>test_19_CloseDailogPopUp</b><br>Test class: com.lima.test.AdjunoLIMABookingConfirmationTest</td>
<td></td>
<td>4</td>
<td>com.lima.test.AdjunoLIMABookingConfirmationTest@55d56113</td></tr>
<tr>
<td title='com.lima.test.AdjunoLIMABookingConfirmationTest.test_1_accessBookingConfirmation()'><b>test_1_accessBookingConfirmation</b><br>Test class: com.lima.test.AdjunoLIMABookingConfirmationTest</td>
<td></td>
<td>11</td>
<td>com.lima.test.AdjunoLIMABookingConfirmationTest@55d56113</td></tr>
<tr>
<td title='com.lima.test.AdjunoLIMABookingConfirmationTest.test_20_VerifyPONumberHyperLink()'><b>test_20_VerifyPONumberHyperLink</b><br>Test class: com.lima.test.AdjunoLIMABookingConfirmationTest</td>
<td></td>
<td>20</td>
<td>com.lima.test.AdjunoLIMABookingConfirmationTest@55d56113</td></tr>
<tr>
<td title='com.lima.test.AdjunoLIMABookingConfirmationTest.test_2_VerifyChevrons()'><b>test_2_VerifyChevrons</b><br>Test class: com.lima.test.AdjunoLIMABookingConfirmationTest</td>
<td></td>
<td>0</td>
<td>com.lima.test.AdjunoLIMABookingConfirmationTest@55d56113</td></tr>
<tr>
<td title='com.lima.test.AdjunoLIMABookingConfirmationTest.test_3_VerifySearchFields()'><b>test_3_VerifySearchFields</b><br>Test class: com.lima.test.AdjunoLIMABookingConfirmationTest</td>
<td></td>
<td>2</td>
<td>com.lima.test.AdjunoLIMABookingConfirmationTest@55d56113</td></tr>
<tr>
<td title='com.lima.test.AdjunoLIMABookingConfirmationTest.test_4_SetAwaitingAndInvalidPONumber()'><b>test_4_SetAwaitingAndInvalidPONumber</b><br>Test class: com.lima.test.AdjunoLIMABookingConfirmationTest</td>
<td></td>
<td>31</td>
<td>com.lima.test.AdjunoLIMABookingConfirmationTest@55d56113</td></tr>
<tr>
<td title='com.lima.test.AdjunoLIMABookingConfirmationTest.test_5_SetAwaitingAndValidPONumber()'><b>test_5_SetAwaitingAndValidPONumber</b><br>Test class: com.lima.test.AdjunoLIMABookingConfirmationTest</td>
<td></td>
<td>29</td>
<td>com.lima.test.AdjunoLIMABookingConfirmationTest@55d56113</td></tr>
<tr>
<td title='com.lima.test.AdjunoLIMABookingConfirmationTest.test_6_VerifyGridHeader()'><b>test_6_VerifyGridHeader</b><br>Test class: com.lima.test.AdjunoLIMABookingConfirmationTest</td>
<td></td>
<td>2</td>
<td>com.lima.test.AdjunoLIMABookingConfirmationTest@55d56113</td></tr>
<tr>
<td title='com.lima.test.AdjunoLIMABookingConfirmationTest.test_7_VerifyErrorMessageAtUpdateChev()'><b>test_7_VerifyErrorMessageAtUpdateChev</b><br>Test class: com.lima.test.AdjunoLIMABookingConfirmationTest</td>
<td></td>
<td>8</td>
<td>com.lima.test.AdjunoLIMABookingConfirmationTest@55d56113</td></tr>
<tr>
<td title='com.lima.test.AdjunoLIMABookingConfirmationTest.test_8_VerifyUpdatePageLoaded()'><b>test_8_VerifyUpdatePageLoaded</b><br>Test class: com.lima.test.AdjunoLIMABookingConfirmationTest</td>
<td></td>
<td>9</td>
<td>com.lima.test.AdjunoLIMABookingConfirmationTest@55d56113</td></tr>
<tr>
<td title='com.lima.test.AdjunoLIMABookingConfirmationTest.test_9_VerifyGridsInUpdatePage()'><b>test_9_VerifyGridsInUpdatePage</b><br>Test class: com.lima.test.AdjunoLIMABookingConfirmationTest</td>
<td></td>
<td>0</td>
<td>com.lima.test.AdjunoLIMABookingConfirmationTest@55d56113</td></tr>
</table><p>
</body>
</html>