<?xml version="1.0" encoding="UTF-8"?>
<!-- Generated by org.testng.reporters.JUnitXMLReporter -->
<testsuite hostname="LAPTOP-L9I71BEA" name="CargoReceipt" tests="34" failures="1" timestamp="5 Feb 2018 07:11:22 GMT" time="573.143" errors="0">
  <testcase name="test_1_AccessCargoReceipt" time="22.117" classname="com.lima.test.AdjunoLIMACargoReceiptTest"/>
  <testcase name="checkForChevorons" time="0.906" classname="com.lima.test.AdjunoLIMACargoReceiptTest"/>
  <testcase name="test_2_CheckForExistanceOfFields" time="1.704" classname="com.lima.test.AdjunoLIMACargoReceiptTest"/>
  <testcase name="clearFeilds" time="4.563" classname="com.lima.test.AdjunoLIMACargoReceiptTest"/>
  <testcase name="test_8_SearchProducts" time="17.216" classname="com.lima.test.AdjunoLIMACargoReceiptTest"/>
  <testcase name="test_12_StatusAwaiting" time="66.29" classname="com.lima.test.AdjunoLIMACargoReceiptTest"/>
  <testcase name="test_9_SelectChevron" time="12.208" classname="com.lima.test.AdjunoLIMACargoReceiptTest"/>
  <testcase name="test_11_SelectSingleInvalid" time="19.503" classname="com.lima.test.AdjunoLIMACargoReceiptTest"/>
  <testcase name="test_13_StatusReceipted" time="46.497" classname="com.lima.test.AdjunoLIMACargoReceiptTest"/>
  <testcase name="test_15_ShippmentDetails" time="24.088" classname="com.lima.test.AdjunoLIMACargoReceiptTest"/>
  <testcase name="test_16_VerifyShipmentDetailsData" time="3.813" classname="com.lima.test.AdjunoLIMACargoReceiptTest"/>
  <testcase name="verifyingPoDetails" time="25.411" classname="com.lima.test.AdjunoLIMACargoReceiptTest"/>
  <testcase name="test_18_CheckForHyperLink" time="1.453" classname="com.lima.test.AdjunoLIMACargoReceiptTest"/>
  <testcase name="test_20_VerifyingIdentifiersDetails" time="13.893" classname="com.lima.test.AdjunoLIMACargoReceiptTest"/>
  <testcase name="test_20_ClickBack" time="5.36" classname="com.lima.test.AdjunoLIMACargoReceiptTest"/>
  <testcase name="test_21_ReceiptChevron" time="15.676" classname="com.lima.test.AdjunoLIMACargoReceiptTest"/>
  <testcase name="test_24_VerifyReceiptGrids" time="0.515" classname="com.lima.test.AdjunoLIMACargoReceiptTest"/>
  <testcase name="verifyReceiptGridsCaption" time="1.5" classname="com.lima.test.AdjunoLIMACargoReceiptTest"/>
  <testcase name="test_25_VerifyReceiptGridValues" time="0.297" classname="com.lima.test.AdjunoLIMACargoReceiptTest"/>
  <testcase name="verifyReceiptDetailGridsCaption" time="2.751" classname="com.lima.test.AdjunoLIMACargoReceiptTest"/>
  <testcase name="test_26_VerifyMandatoryfieldReceivedDate" time="0.078" classname="com.lima.test.AdjunoLIMACargoReceiptTest"/>
  <testcase name="test_26_VerifyGridUserEnterable" time="42.876" classname="com.lima.test.AdjunoLIMACargoReceiptTest"/>
  <testcase name="test_29_VerifyReceiptDetailsGridValue" time="24.047" classname="com.lima.test.AdjunoLIMACargoReceiptTest"/>
  <testcase name="test_31_VerifyReceiptDetailsdropdown" time="3.434" classname="com.lima.test.AdjunoLIMACargoReceiptTest"/>
  <testcase name="test_32_VerifyReceiptInvalidReceivedDate" time="18.794" classname="com.lima.test.AdjunoLIMACargoReceiptTest"/>
  <testcase name="test_37_CompeleteChev" time="12.756" classname="com.lima.test.AdjunoLIMACargoReceiptTest"/>
  <testcase name="test_38_GetTrackRefNo" time="5.93" classname="com.lima.test.AdjunoLIMACargoReceiptTest"/>
  <testcase name="test_39_Tracktab" time="41.23" classname="com.lima.test.AdjunoLIMACargoReceiptTest"/>
  <testcase name="test_40_CheckForShipmentOrderDisplay" time="7.704" classname="com.lima.test.AdjunoLIMACargoReceiptTest"/>
  <testcase name="test_42_CargoReceiptEvent" time="39.697" classname="com.lima.test.AdjunoLIMACargoReceiptTest"/>
  <testcase name="test_43_CheckStatusTrackRef" time="10.081" classname="com.lima.test.AdjunoLIMACargoReceiptTest">
    <failure type="org.openqa.selenium.NoSuchElementException" message="Unable to locate element: {&amp;quot;method&amp;quot;:&amp;quot;xpath&amp;quot;,&amp;quot;selector&amp;quot;:&amp;quot;.//*[@id=&amp;apos;InnerContent&amp;apos;]/div/table/tbody/tr[2]/td[21]&amp;quot;}
Command duration or timeout: 10.08 seconds
For documentation on this error, please visit: http://seleniumhq.org/exceptions/no_such_element.html
Build info: version: &amp;apos;2.53.1&amp;apos;, revision: &amp;apos;a36b8b1&amp;apos;, time: &amp;apos;2016-06-30 17:32:46&amp;apos;
System info: host: &amp;apos;LAPTOP-L9I71BEA&amp;apos;, ip: &amp;apos;192.168.1.16&amp;apos;, os.name: &amp;apos;Windows 10&amp;apos;, os.arch: &amp;apos;amd64&amp;apos;, os.version: &amp;apos;10.0&amp;apos;, java.version: &amp;apos;1.8.0_121&amp;apos;
Driver info: org.openqa.selenium.firefox.FirefoxDriver
Capabilities [{applicationCacheEnabled=true, rotatable=false, handlesAlerts=true, databaseEnabled=true, version=47.0.1, platform=WINDOWS, nativeEvents=false, acceptSslCerts=true, webStorageEnabled=true, locationContextEnabled=true, browserName=firefox, takesScreenshot=true, javascriptEnabled=true, cssSelectorsEnabled=true}]
Session ID: 101fcf7c-098b-4db2-a9da-278b8ca9ac21
*** Element info: {Using=xpath, value=.//*[@id=&amp;apos;InnerContent&amp;apos;]/div/table/tbody/tr[2]/td[21]}">
      <![CDATA[org.openqa.selenium.NoSuchElementException: Unable to locate element: {"method":"xpath","selector":".//*[@id='InnerContent']/div/table/tbody/tr[2]/td[21]"}
Command duration or timeout: 10.08 seconds
For documentation on this error, please visit: http://seleniumhq.org/exceptions/no_such_element.html
Build info: version: '2.53.1', revision: 'a36b8b1', time: '2016-06-30 17:32:46'
System info: host: 'LAPTOP-L9I71BEA', ip: '192.168.1.16', os.name: 'Windows 10', os.arch: 'amd64', os.version: '10.0', java.version: '1.8.0_121'
Driver info: org.openqa.selenium.firefox.FirefoxDriver
Capabilities [{applicationCacheEnabled=true, rotatable=false, handlesAlerts=true, databaseEnabled=true, version=47.0.1, platform=WINDOWS, nativeEvents=false, acceptSslCerts=true, webStorageEnabled=true, locationContextEnabled=true, browserName=firefox, takesScreenshot=true, javascriptEnabled=true, cssSelectorsEnabled=true}]
Session ID: 101fcf7c-098b-4db2-a9da-278b8ca9ac21
*** Element info: {Using=xpath, value=.//*[@id='InnerContent']/div/table/tbody/tr[2]/td[21]}
	at org.openqa.selenium.remote.ErrorHandler.createThrowable(ErrorHandler.java:206)
	at org.openqa.selenium.remote.ErrorHandler.throwIfResponseFailed(ErrorHandler.java:158)
	at org.openqa.selenium.remote.RemoteWebDriver.execute(RemoteWebDriver.java:678)
	at org.openqa.selenium.remote.RemoteWebDriver.findElement(RemoteWebDriver.java:363)
	at org.openqa.selenium.remote.RemoteWebDriver.findElementByXPath(RemoteWebDriver.java:500)
	at org.openqa.selenium.By$ByXPath.findElement(By.java:361)
	at org.openqa.selenium.remote.RemoteWebDriver.findElement(RemoteWebDriver.java:355)
	at org.openqa.selenium.support.pagefactory.DefaultElementLocator.findElement(DefaultElementLocator.java:69)
	at org.openqa.selenium.support.pagefactory.internal.LocatingElementHandler.invoke(LocatingElementHandler.java:38)
	at com.sun.proxy.$Proxy9.getText(Unknown Source)
	at com.lima.pagefactory.AdjunoLIMACargoReceiptPOM.getWebElementValue(AdjunoLIMACargoReceiptPOM.java:716)
	at com.lima.test.AdjunoLIMACargoReceiptTest.test_43_CheckStatusTrackRef(AdjunoLIMACargoReceiptTest.java:1163)
Caused by: org.openqa.selenium.NoSuchElementException: Unable to locate element: {"method":"xpath","selector":".//*[@id='InnerContent']/div/table/tbody/tr[2]/td[21]"}
For documentation on this error, please visit: http://seleniumhq.org/exceptions/no_such_element.html
Build info: version: '2.53.1', revision: 'a36b8b1', time: '2016-06-30 17:32:46'
System info: host: 'LAPTOP-L9I71BEA', ip: '192.168.1.16', os.name: 'Windows 10', os.arch: 'amd64', os.version: '10.0', java.version: '1.8.0_121'
Driver info: driver.version: unknown
	at <anonymous class>.FirefoxDriver.prototype.findElementInternal_(file:///C:/Users/Anand/AppData/Local/Temp/anonymous8241138406031407462webdriver-profile/extensions/fxdriver@googlecode.com/components/driver-component.js:10770)
	at <anonymous class>.fxdriver.Timer.prototype.setTimeout/<.notify(file:///C:/Users/Anand/AppData/Local/Temp/anonymous8241138406031407462webdriver-profile/extensions/fxdriver@googlecode.com/components/driver-component.js:625)
... Removed 29 stack frames]]>
    </failure>
  </testcase> <!-- test_43_CheckStatusTrackRef -->
  <testcase name="test_46_CheckBkdHistory" time="0.0" classname="com.lima.test.AdjunoLIMACargoReceiptTest">
    <skipped/>
  </testcase> <!-- test_46_CheckBkdHistory -->
  <testcase name="test_47_VerifyCompletedPOStatus" time="21.658" classname="com.lima.test.AdjunoLIMACargoReceiptTest"/>
  <testcase name="test_48_VerifyCargoReceiptPOStatus" time="20.324" classname="com.lima.test.AdjunoLIMACargoReceiptTest"/>
</testsuite> <!-- CargoReceipt -->
