<html>
<head>
<title>TestNG:  Container Restitution</title>
<link href="../testng.css" rel="stylesheet" type="text/css" />
<link href="../my-testng.css" rel="stylesheet" type="text/css" />

<style type="text/css">
.log { display: none;} 
.stack-trace { display: none;} 
</style>
<script type="text/javascript">
<!--
function flip(e) {
  current = e.style.display;
  if (current == 'block') {
    e.style.display = 'none';
    return 0;
  }
  else {
    e.style.display = 'block';
    return 1;
  }
}

function toggleBox(szDivId, elem, msg1, msg2)
{
  var res = -1;  if (document.getElementById) {
    res = flip(document.getElementById(szDivId));
  }
  else if (document.all) {
    // this is the way old msie versions work
    res = flip(document.all[szDivId]);
  }
  if(elem) {
    if(res == 0) elem.innerHTML = msg1; else elem.innerHTML = msg2;
  }

}

function toggleAllBoxes() {
  if (document.getElementsByTagName) {
    d = document.getElementsByTagName('div');
    for (i = 0; i < d.length; i++) {
      if (d[i].className == 'log') {
        flip(d[i]);
      }
    }
  }
}

// -->
</script>

</head>
<body>
<h2 align='center'>Container Restitution</h2><table border='1' align="center">
<tr>
<td>Tests passed/Failed/Skipped:</td><td>28/20/2</td>
</tr><tr>
<td>Started on:</td><td>Mon Feb 05 16:05:29 IST 2018</td>
</tr>
<tr><td>Total time:</td><td>1032 seconds (1032603 ms)</td>
</tr><tr>
<td>Included groups:</td><td></td>
</tr><tr>
<td>Excluded groups:</td><td></td>
</tr>
</table><p/>
<small><i>(Hover the method name to see the test class name)</i></small><p/>
<table width='100%' border='1' class='invocation-failed'>
<tr><td colspan='4' align='center'><b>FAILED TESTS</b></td></tr>
<tr><td><b>Test method</b></td>
<td width="30%"><b>Exception</b></td>
<td width="10%"><b>Time (seconds)</b></td>
<td><b>Instance</b></td>
</tr>
<tr>
<td title='com.lima.test.AdjunoLIMAContainerRestitutionTest.test_11_verifyDestinationdropdown()'><b>test_11_verifyDestinationdropdown</b><br>Test class: com.lima.test.AdjunoLIMAContainerRestitutionTest</td>
<td><div><pre>java.lang.AssertionError: The following asserts failed:
	***** Test ID:11- For this  :Destination Port is not matching with DC1For this  :Destination Port is not matching with DC1For this  :Destination Port is not matching with DC1For this  :DC2Destination Port is not matching with DC1For this  :DC2Destination Port is not matching with DC1For this  :DC2Destination Port is not matching with DC1For this  :DC2Destination Port is not matching with DC1For this  :DC2Destination Port is not matching with DC1For this  :DC2Destination Port is not matching with DC1For this  :DC2Destination Port is not matching with DC1For this  :DC3Destination Port is not matching with DC1For this  :DC3Destination Port is not matching with DC1For this  :DC3Destination Port is not matching with DC1For this  :Dest 1Destination Port is not matching with DC1For this  :Dest 1Destination Port is not matching with DC1For this  :Dest 1Destination Port is not matching with DC1For this  :Dest 1Destination Port is not matching with DC1For this  :Dest 1Destination Port is not matching with DC1For this  :Dest 1Destination Port is not matching with DC1For this  :Dest 1Destination Port is not matching with DC1For this  :Dest 1Destination Port is not matching with DC1For this  :Dest 1Destination Port is not matching with DC1For this  :Dest 1Destination Port is not matching with DC1For this  :Dest 1Destination Port is not matching with DC1For this  :Dest 1Destination Port is not matching with DC1For this  :Dest 1Destination Port is not matching with DC1For this  :Dest 1Destination Port is not matching with DC1For this  :Dest 1Destination Port is not matching with DC1For this  :Dest 1Destination Port is not matching with DC1For this  :Dest 1Destination Port is not matching with DC1For this  :Dest 1Destination Port is not matching with DC1For this  :Dest 1Destination Port is not matching with DC1For this  :Dest 1Destination Port is not matching with DC1For this  :Dest 1Destination Port is not matching with DC1For this  :Dest 1Destination Port is not matching with DC1For this  :Dest 1Destination Port is not matching with DC1For this  :Dest 1Destination Port is not matching with DC1For this  :Dest 1Destination Port is not matching with DC1For this  :Dest 1Destination Port is not matching with DC1For this  :Dest 1Destination Port is not matching with DC1For this  :Dest 1Destination Port is not matching with DC1For this  :Dest 1Destination Port is not matching with DC1For this  :Dest 1Destination Port is not matching with DC1For this  :The Range Distribution CentreDestination Port is not matching with DC1For this  :The Range Distribution CentreDestination Port is not matching with DC1For this  :The Range Distribution CentreDestination Port is not matching with DC1 *****  expected [true] but found [false]
	at com.lima.test.AdjunoLIMAContainerRestitutionTest.test_11_verifyDestinationdropdown(AdjunoLIMAContainerRestitutionTest.java:606)
... Removed 26 stack frames</pre></div><a href='#' onClick='toggleBox("stack-trace402104751", this, "Click to show all stack frames", "Click to hide stack frames")'>Click to show all stack frames</a>
<div class='stack-trace' id='stack-trace402104751'><pre>java.lang.AssertionError: The following asserts failed:
	***** Test ID:11- For this  :Destination Port is not matching with DC1For this  :Destination Port is not matching with DC1For this  :Destination Port is not matching with DC1For this  :DC2Destination Port is not matching with DC1For this  :DC2Destination Port is not matching with DC1For this  :DC2Destination Port is not matching with DC1For this  :DC2Destination Port is not matching with DC1For this  :DC2Destination Port is not matching with DC1For this  :DC2Destination Port is not matching with DC1For this  :DC2Destination Port is not matching with DC1For this  :DC3Destination Port is not matching with DC1For this  :DC3Destination Port is not matching with DC1For this  :DC3Destination Port is not matching with DC1For this  :Dest 1Destination Port is not matching with DC1For this  :Dest 1Destination Port is not matching with DC1For this  :Dest 1Destination Port is not matching with DC1For this  :Dest 1Destination Port is not matching with DC1For this  :Dest 1Destination Port is not matching with DC1For this  :Dest 1Destination Port is not matching with DC1For this  :Dest 1Destination Port is not matching with DC1For this  :Dest 1Destination Port is not matching with DC1For this  :Dest 1Destination Port is not matching with DC1For this  :Dest 1Destination Port is not matching with DC1For this  :Dest 1Destination Port is not matching with DC1For this  :Dest 1Destination Port is not matching with DC1For this  :Dest 1Destination Port is not matching with DC1For this  :Dest 1Destination Port is not matching with DC1For this  :Dest 1Destination Port is not matching with DC1For this  :Dest 1Destination Port is not matching with DC1For this  :Dest 1Destination Port is not matching with DC1For this  :Dest 1Destination Port is not matching with DC1For this  :Dest 1Destination Port is not matching with DC1For this  :Dest 1Destination Port is not matching with DC1For this  :Dest 1Destination Port is not matching with DC1For this  :Dest 1Destination Port is not matching with DC1For this  :Dest 1Destination Port is not matching with DC1For this  :Dest 1Destination Port is not matching with DC1For this  :Dest 1Destination Port is not matching with DC1For this  :Dest 1Destination Port is not matching with DC1For this  :Dest 1Destination Port is not matching with DC1For this  :Dest 1Destination Port is not matching with DC1For this  :Dest 1Destination Port is not matching with DC1For this  :Dest 1Destination Port is not matching with DC1For this  :The Range Distribution CentreDestination Port is not matching with DC1For this  :The Range Distribution CentreDestination Port is not matching with DC1For this  :The Range Distribution CentreDestination Port is not matching with DC1 *****  expected [true] but found [false]
	at org.testng.asserts.SoftAssert.assertAll(SoftAssert.java:43)
	at com.lima.test.AdjunoLIMAContainerRestitutionTest.test_11_verifyDestinationdropdown(AdjunoLIMAContainerRestitutionTest.java:606)
	at sun.reflect.NativeMethodAccessorImpl.invoke0(Native Method)
	at sun.reflect.NativeMethodAccessorImpl.invoke(Unknown Source)
	at sun.reflect.DelegatingMethodAccessorImpl.invoke(Unknown Source)
	at java.lang.reflect.Method.invoke(Unknown Source)
	at org.testng.internal.MethodInvocationHelper.invokeMethod(MethodInvocationHelper.java:100)
	at org.testng.internal.Invoker.invokeMethod(Invoker.java:646)
	at org.testng.internal.Invoker.invokeTestMethod(Invoker.java:811)
	at org.testng.internal.Invoker.invokeTestMethods(Invoker.java:1129)
	at org.testng.internal.TestMethodWorker.invokeTestMethods(TestMethodWorker.java:129)
	at org.testng.internal.TestMethodWorker.run(TestMethodWorker.java:112)
	at org.testng.TestRunner.privateRun(TestRunner.java:746)
	at org.testng.TestRunner.run(TestRunner.java:600)
	at org.testng.SuiteRunner.runTest(SuiteRunner.java:366)
	at org.testng.SuiteRunner.runSequentially(SuiteRunner.java:361)
	at org.testng.SuiteRunner.privateRun(SuiteRunner.java:319)
	at org.testng.SuiteRunner.run(SuiteRunner.java:268)
	at org.testng.SuiteRunnerWorker.runSuite(SuiteRunnerWorker.java:52)
	at org.testng.SuiteRunnerWorker.run(SuiteRunnerWorker.java:86)
	at org.testng.TestNG.runSuitesSequentially(TestNG.java:1264)
	at org.testng.TestNG.runSuitesLocally(TestNG.java:1189)
	at org.testng.TestNG.runSuites(TestNG.java:1104)
	at org.testng.TestNG.run(TestNG.java:1076)
	at org.testng.remote.AbstractRemoteTestNG.run(AbstractRemoteTestNG.java:126)
	at org.testng.remote.RemoteTestNG.initAndRun(RemoteTestNG.java:152)
	at org.testng.remote.RemoteTestNG.main(RemoteTestNG.java:57)
</pre></div></td>
<td>44</td>
<td>com.lima.test.AdjunoLIMAContainerRestitutionTest@65e2dbf3</td></tr>
<tr>
<td title='com.lima.test.AdjunoLIMAContainerRestitutionTest.test_18_downloadContainerRestitutiontemplate()'><b>test_18_downloadContainerRestitutiontemplate</b><br>Test class: com.lima.test.AdjunoLIMAContainerRestitutionTest</td>
<td><div><pre>java.lang.AssertionError: The following asserts failed:
	***** Test ID:21- Container Restitution Template File is not downloaded ***** expected [true] but found [false]
	at com.lima.test.AdjunoLIMAContainerRestitutionTest.test_18_downloadContainerRestitutiontemplate(AdjunoLIMAContainerRestitutionTest.java:817)
... Removed 26 stack frames</pre></div><a href='#' onClick='toggleBox("stack-trace938539778", this, "Click to show all stack frames", "Click to hide stack frames")'>Click to show all stack frames</a>
<div class='stack-trace' id='stack-trace938539778'><pre>java.lang.AssertionError: The following asserts failed:
	***** Test ID:21- Container Restitution Template File is not downloaded ***** expected [true] but found [false]
	at org.testng.asserts.SoftAssert.assertAll(SoftAssert.java:43)
	at com.lima.test.AdjunoLIMAContainerRestitutionTest.test_18_downloadContainerRestitutiontemplate(AdjunoLIMAContainerRestitutionTest.java:817)
	at sun.reflect.NativeMethodAccessorImpl.invoke0(Native Method)
	at sun.reflect.NativeMethodAccessorImpl.invoke(Unknown Source)
	at sun.reflect.DelegatingMethodAccessorImpl.invoke(Unknown Source)
	at java.lang.reflect.Method.invoke(Unknown Source)
	at org.testng.internal.MethodInvocationHelper.invokeMethod(MethodInvocationHelper.java:100)
	at org.testng.internal.Invoker.invokeMethod(Invoker.java:646)
	at org.testng.internal.Invoker.invokeTestMethod(Invoker.java:811)
	at org.testng.internal.Invoker.invokeTestMethods(Invoker.java:1129)
	at org.testng.internal.TestMethodWorker.invokeTestMethods(TestMethodWorker.java:129)
	at org.testng.internal.TestMethodWorker.run(TestMethodWorker.java:112)
	at org.testng.TestRunner.privateRun(TestRunner.java:746)
	at org.testng.TestRunner.run(TestRunner.java:600)
	at org.testng.SuiteRunner.runTest(SuiteRunner.java:366)
	at org.testng.SuiteRunner.runSequentially(SuiteRunner.java:361)
	at org.testng.SuiteRunner.privateRun(SuiteRunner.java:319)
	at org.testng.SuiteRunner.run(SuiteRunner.java:268)
	at org.testng.SuiteRunnerWorker.runSuite(SuiteRunnerWorker.java:52)
	at org.testng.SuiteRunnerWorker.run(SuiteRunnerWorker.java:86)
	at org.testng.TestNG.runSuitesSequentially(TestNG.java:1264)
	at org.testng.TestNG.runSuitesLocally(TestNG.java:1189)
	at org.testng.TestNG.runSuites(TestNG.java:1104)
	at org.testng.TestNG.run(TestNG.java:1076)
	at org.testng.remote.AbstractRemoteTestNG.run(AbstractRemoteTestNG.java:126)
	at org.testng.remote.RemoteTestNG.initAndRun(RemoteTestNG.java:152)
	at org.testng.remote.RemoteTestNG.main(RemoteTestNG.java:57)
</pre></div></td>
<td>14</td>
<td>com.lima.test.AdjunoLIMAContainerRestitutionTest@65e2dbf3</td></tr>
<tr>
<td title='com.lima.test.AdjunoLIMAContainerRestitutionTest.test_19_verifyUpdateChevronFields()'><b>test_19_verifyUpdateChevronFields</b><br>Test class: com.lima.test.AdjunoLIMAContainerRestitutionTest</td>
<td><div><pre>org.openqa.selenium.ElementNotVisibleException: Element is not currently visible and so may not be interacted with
Command duration or timeout: 10.17 seconds
Build info: version: &apos;2.53.1&apos;, revision: &apos;a36b8b1&apos;, time: &apos;2016-06-30 17:32:46&apos;
System info: host: &apos;LAPTOP-L9I71BEA&apos;, ip: &apos;192.168.1.16&apos;, os.name: &apos;Windows 10&apos;, os.arch: &apos;amd64&apos;, os.version: &apos;10.0&apos;, java.version: &apos;1.8.0_121&apos;
Driver info: org.openqa.selenium.firefox.FirefoxDriver
Capabilities [{applicationCacheEnabled=true, rotatable=false, handlesAlerts=true, databaseEnabled=true, version=47.0.1, platform=WINDOWS, nativeEvents=false, acceptSslCerts=true, webStorageEnabled=true, locationContextEnabled=true, browserName=firefox, takesScreenshot=true, javascriptEnabled=true, cssSelectorsEnabled=true}]
Session ID: 29d31581-160a-41e5-abcf-34d64d1a5e16
	at org.openqa.selenium.remote.ErrorHandler.createThrowable(ErrorHandler.java:206)
	at org.openqa.selenium.remote.ErrorHandler.throwIfResponseFailed(ErrorHandler.java:158)
	at org.openqa.selenium.remote.RemoteWebDriver.execute(RemoteWebDriver.java:678)
	at org.openqa.selenium.remote.RemoteWebElement.execute(RemoteWebElement.java:327)
	at org.openqa.selenium.remote.RemoteWebElement.click(RemoteWebElement.java:85)
	at com.lima.pagefactory.AdjunoLIMAContainerRestitutionPOM.clickButton(AdjunoLIMAContainerRestitutionPOM.java:1099)
	at com.lima.test.AdjunoLIMAContainerRestitutionTest.test_19_verifyUpdateChevronFields(AdjunoLIMAContainerRestitutionTest.java:825)
Caused by: org.openqa.selenium.ElementNotVisibleException: Element is not currently visible and so may not be interacted with
Build info: version: &apos;2.53.1&apos;, revision: &apos;a36b8b1&apos;, time: &apos;2016-06-30 17:32:46&apos;
System info: host: &apos;LAPTOP-L9I71BEA&apos;, ip: &apos;192.168.1.16&apos;, os.name: &apos;Windows 10&apos;, os.arch: &apos;amd64&apos;, os.version: &apos;10.0&apos;, java.version: &apos;1.8.0_121&apos;
Driver info: driver.version: unknown
	at &lt;anonymous class&gt;.fxdriver.preconditions.visible(file:///C:/Users/Anand/AppData/Local/Temp/anonymous7784099055573371073webdriver-profile/extensions/fxdriver@googlecode.com/components/command-processor.js:10092)
	at &lt;anonymous class&gt;.DelayedCommand.prototype.checkPreconditions_(file:///C:/Users/Anand/AppData/Local/Temp/anonymous7784099055573371073webdriver-profile/extensions/fxdriver@googlecode.com/components/command-processor.js:12644)
	at &lt;anonymous class&gt;.DelayedCommand.prototype.executeInternal_/h(file:///C:/Users/Anand/AppData/Local/Temp/anonymous7784099055573371073webdriver-profile/extensions/fxdriver@googlecode.com/components/command-processor.js:12661)
	at &lt;anonymous class&gt;.fxdriver.Timer.prototype.setTimeout/&lt;.notify(file:///C:/Users/Anand/AppData/Local/Temp/anonymous7784099055573371073webdriver-profile/extensions/fxdriver@googlecode.com/components/command-processor.js:625)
... Removed 29 stack frames</pre></div><a href='#' onClick='toggleBox("stack-trace1777207393", this, "Click to show all stack frames", "Click to hide stack frames")'>Click to show all stack frames</a>
<div class='stack-trace' id='stack-trace1777207393'><pre>org.openqa.selenium.ElementNotVisibleException: Element is not currently visible and so may not be interacted with
Command duration or timeout: 10.17 seconds
Build info: version: &apos;2.53.1&apos;, revision: &apos;a36b8b1&apos;, time: &apos;2016-06-30 17:32:46&apos;
System info: host: &apos;LAPTOP-L9I71BEA&apos;, ip: &apos;192.168.1.16&apos;, os.name: &apos;Windows 10&apos;, os.arch: &apos;amd64&apos;, os.version: &apos;10.0&apos;, java.version: &apos;1.8.0_121&apos;
Driver info: org.openqa.selenium.firefox.FirefoxDriver
Capabilities [{applicationCacheEnabled=true, rotatable=false, handlesAlerts=true, databaseEnabled=true, version=47.0.1, platform=WINDOWS, nativeEvents=false, acceptSslCerts=true, webStorageEnabled=true, locationContextEnabled=true, browserName=firefox, takesScreenshot=true, javascriptEnabled=true, cssSelectorsEnabled=true}]
Session ID: 29d31581-160a-41e5-abcf-34d64d1a5e16
	at sun.reflect.NativeConstructorAccessorImpl.newInstance0(Native Method)
	at sun.reflect.NativeConstructorAccessorImpl.newInstance(Unknown Source)
	at sun.reflect.DelegatingConstructorAccessorImpl.newInstance(Unknown Source)
	at java.lang.reflect.Constructor.newInstance(Unknown Source)
	at org.openqa.selenium.remote.ErrorHandler.createThrowable(ErrorHandler.java:206)
	at org.openqa.selenium.remote.ErrorHandler.throwIfResponseFailed(ErrorHandler.java:158)
	at org.openqa.selenium.remote.RemoteWebDriver.execute(RemoteWebDriver.java:678)
	at org.openqa.selenium.remote.RemoteWebElement.execute(RemoteWebElement.java:327)
	at org.openqa.selenium.remote.RemoteWebElement.click(RemoteWebElement.java:85)
	at com.lima.pagefactory.AdjunoLIMAContainerRestitutionPOM.clickButton(AdjunoLIMAContainerRestitutionPOM.java:1099)
	at com.lima.test.AdjunoLIMAContainerRestitutionTest.test_19_verifyUpdateChevronFields(AdjunoLIMAContainerRestitutionTest.java:825)
	at sun.reflect.NativeMethodAccessorImpl.invoke0(Native Method)
	at sun.reflect.NativeMethodAccessorImpl.invoke(Unknown Source)
	at sun.reflect.DelegatingMethodAccessorImpl.invoke(Unknown Source)
	at java.lang.reflect.Method.invoke(Unknown Source)
	at org.testng.internal.MethodInvocationHelper.invokeMethod(MethodInvocationHelper.java:100)
	at org.testng.internal.Invoker.invokeMethod(Invoker.java:646)
	at org.testng.internal.Invoker.invokeTestMethod(Invoker.java:811)
	at org.testng.internal.Invoker.invokeTestMethods(Invoker.java:1129)
	at org.testng.internal.TestMethodWorker.invokeTestMethods(TestMethodWorker.java:129)
	at org.testng.internal.TestMethodWorker.run(TestMethodWorker.java:112)
	at org.testng.TestRunner.privateRun(TestRunner.java:746)
	at org.testng.TestRunner.run(TestRunner.java:600)
	at org.testng.SuiteRunner.runTest(SuiteRunner.java:366)
	at org.testng.SuiteRunner.runSequentially(SuiteRunner.java:361)
	at org.testng.SuiteRunner.privateRun(SuiteRunner.java:319)
	at org.testng.SuiteRunner.run(SuiteRunner.java:268)
	at org.testng.SuiteRunnerWorker.runSuite(SuiteRunnerWorker.java:52)
	at org.testng.SuiteRunnerWorker.run(SuiteRunnerWorker.java:86)
	at org.testng.TestNG.runSuitesSequentially(TestNG.java:1264)
	at org.testng.TestNG.runSuitesLocally(TestNG.java:1189)
	at org.testng.TestNG.runSuites(TestNG.java:1104)
	at org.testng.TestNG.run(TestNG.java:1076)
	at org.testng.remote.AbstractRemoteTestNG.run(AbstractRemoteTestNG.java:126)
	at org.testng.remote.RemoteTestNG.initAndRun(RemoteTestNG.java:152)
	at org.testng.remote.RemoteTestNG.main(RemoteTestNG.java:57)
Caused by: org.openqa.selenium.ElementNotVisibleException: Element is not currently visible and so may not be interacted with
Build info: version: &apos;2.53.1&apos;, revision: &apos;a36b8b1&apos;, time: &apos;2016-06-30 17:32:46&apos;
System info: host: &apos;LAPTOP-L9I71BEA&apos;, ip: &apos;192.168.1.16&apos;, os.name: &apos;Windows 10&apos;, os.arch: &apos;amd64&apos;, os.version: &apos;10.0&apos;, java.version: &apos;1.8.0_121&apos;
Driver info: driver.version: unknown
	at &lt;anonymous class&gt;.fxdriver.preconditions.visible(file:///C:/Users/Anand/AppData/Local/Temp/anonymous7784099055573371073webdriver-profile/extensions/fxdriver@googlecode.com/components/command-processor.js:10092)
	at &lt;anonymous class&gt;.DelayedCommand.prototype.checkPreconditions_(file:///C:/Users/Anand/AppData/Local/Temp/anonymous7784099055573371073webdriver-profile/extensions/fxdriver@googlecode.com/components/command-processor.js:12644)
	at &lt;anonymous class&gt;.DelayedCommand.prototype.executeInternal_/h(file:///C:/Users/Anand/AppData/Local/Temp/anonymous7784099055573371073webdriver-profile/extensions/fxdriver@googlecode.com/components/command-processor.js:12661)
	at &lt;anonymous class&gt;.fxdriver.Timer.prototype.setTimeout/&lt;.notify(file:///C:/Users/Anand/AppData/Local/Temp/anonymous7784099055573371073webdriver-profile/extensions/fxdriver@googlecode.com/components/command-processor.js:625)
</pre></div></td>
<td>10</td>
<td>com.lima.test.AdjunoLIMAContainerRestitutionTest@65e2dbf3</td></tr>
<tr>
<td title='com.lima.test.AdjunoLIMAContainerRestitutionTest.test_20_uploadContainerRestitutionTemplate()'><b>test_20_uploadContainerRestitutionTemplate</b><br>Test class: com.lima.test.AdjunoLIMAContainerRestitutionTest</td>
<td><div><pre>org.openqa.selenium.WebDriverException: window.ArenaForms.LH_Container_Restitution_Upload_SUT is undefined
Command duration or timeout: 141 milliseconds
Build info: version: &apos;2.53.1&apos;, revision: &apos;a36b8b1&apos;, time: &apos;2016-06-30 17:32:46&apos;
System info: host: &apos;LAPTOP-L9I71BEA&apos;, ip: &apos;192.168.1.16&apos;, os.name: &apos;Windows 10&apos;, os.arch: &apos;amd64&apos;, os.version: &apos;10.0&apos;, java.version: &apos;1.8.0_121&apos;
Driver info: org.openqa.selenium.firefox.FirefoxDriver
Capabilities [{applicationCacheEnabled=true, rotatable=false, handlesAlerts=true, databaseEnabled=true, version=47.0.1, platform=WINDOWS, nativeEvents=false, acceptSslCerts=true, webStorageEnabled=true, locationContextEnabled=true, browserName=firefox, takesScreenshot=true, javascriptEnabled=true, cssSelectorsEnabled=true}]
Session ID: 29d31581-160a-41e5-abcf-34d64d1a5e16
	at org.openqa.selenium.remote.ErrorHandler.createThrowable(ErrorHandler.java:206)
	at org.openqa.selenium.remote.ErrorHandler.throwIfResponseFailed(ErrorHandler.java:158)
	at org.openqa.selenium.remote.RemoteWebDriver.execute(RemoteWebDriver.java:678)
	at org.openqa.selenium.remote.RemoteWebDriver.executeScript(RemoteWebDriver.java:577)
	at com.lima.library.AdjunoUILibrary.getElement(AdjunoUILibrary.java:91)
	at com.lima.pagefactory.AdjunoLIMAContainerRestitutionPOM.clickButton(AdjunoLIMAContainerRestitutionPOM.java:1098)
	at com.lima.test.AdjunoLIMAContainerRestitutionTest.test_20_uploadContainerRestitutionTemplate(AdjunoLIMAContainerRestitutionTest.java:867)
Caused by: org.openqa.selenium.WebDriverException: window.ArenaForms.LH_Container_Restitution_Upload_SUT is undefined
Build info: version: &apos;2.53.1&apos;, revision: &apos;a36b8b1&apos;, time: &apos;2016-06-30 17:32:46&apos;
System info: host: &apos;LAPTOP-L9I71BEA&apos;, ip: &apos;192.168.1.16&apos;, os.name: &apos;Windows 10&apos;, os.arch: &apos;amd64&apos;, os.version: &apos;10.0&apos;, java.version: &apos;1.8.0_121&apos;
Driver info: driver.version: unknown
	at &lt;anonymous class&gt;.anonymous(https://uat-lima46.adjuno.com/default.aspx?Guid=0f10994c8bf44e03bf55cafacb36a7d9&amp;MenuId=&amp;Action=ToolDraw&amp;ActionOption=Reports&amp;Reference=&amp;Id=&amp;_Stage=InstantGenerate&amp;ReportName=ContainerRestitutionTemplate&amp;_ReportFormat=ExcelOpenXml line 69 &gt; Function:1)
	at &lt;anonymous class&gt;.handleEvaluateEvent(https://uat-lima46.adjuno.com/default.aspx?Guid=0f10994c8bf44e03bf55cafacb36a7d9&amp;MenuId=&amp;Action=ToolDraw&amp;ActionOption=Reports&amp;Reference=&amp;Id=&amp;_Stage=InstantGenerate&amp;ReportName=ContainerRestitutionTemplate&amp;_ReportFormat=ExcelOpenXml:69)
... Removed 28 stack frames</pre></div><a href='#' onClick='toggleBox("stack-trace839099566", this, "Click to show all stack frames", "Click to hide stack frames")'>Click to show all stack frames</a>
<div class='stack-trace' id='stack-trace839099566'><pre>org.openqa.selenium.WebDriverException: window.ArenaForms.LH_Container_Restitution_Upload_SUT is undefined
Command duration or timeout: 141 milliseconds
Build info: version: &apos;2.53.1&apos;, revision: &apos;a36b8b1&apos;, time: &apos;2016-06-30 17:32:46&apos;
System info: host: &apos;LAPTOP-L9I71BEA&apos;, ip: &apos;192.168.1.16&apos;, os.name: &apos;Windows 10&apos;, os.arch: &apos;amd64&apos;, os.version: &apos;10.0&apos;, java.version: &apos;1.8.0_121&apos;
Driver info: org.openqa.selenium.firefox.FirefoxDriver
Capabilities [{applicationCacheEnabled=true, rotatable=false, handlesAlerts=true, databaseEnabled=true, version=47.0.1, platform=WINDOWS, nativeEvents=false, acceptSslCerts=true, webStorageEnabled=true, locationContextEnabled=true, browserName=firefox, takesScreenshot=true, javascriptEnabled=true, cssSelectorsEnabled=true}]
Session ID: 29d31581-160a-41e5-abcf-34d64d1a5e16
	at sun.reflect.GeneratedConstructorAccessor19.newInstance(Unknown Source)
	at sun.reflect.DelegatingConstructorAccessorImpl.newInstance(Unknown Source)
	at java.lang.reflect.Constructor.newInstance(Unknown Source)
	at org.openqa.selenium.remote.ErrorHandler.createThrowable(ErrorHandler.java:206)
	at org.openqa.selenium.remote.ErrorHandler.throwIfResponseFailed(ErrorHandler.java:158)
	at org.openqa.selenium.remote.RemoteWebDriver.execute(RemoteWebDriver.java:678)
	at org.openqa.selenium.remote.RemoteWebDriver.executeScript(RemoteWebDriver.java:577)
	at com.lima.library.AdjunoUILibrary.getElement(AdjunoUILibrary.java:91)
	at com.lima.pagefactory.AdjunoLIMAContainerRestitutionPOM.clickButton(AdjunoLIMAContainerRestitutionPOM.java:1098)
	at com.lima.test.AdjunoLIMAContainerRestitutionTest.test_20_uploadContainerRestitutionTemplate(AdjunoLIMAContainerRestitutionTest.java:867)
	at sun.reflect.NativeMethodAccessorImpl.invoke0(Native Method)
	at sun.reflect.NativeMethodAccessorImpl.invoke(Unknown Source)
	at sun.reflect.DelegatingMethodAccessorImpl.invoke(Unknown Source)
	at java.lang.reflect.Method.invoke(Unknown Source)
	at org.testng.internal.MethodInvocationHelper.invokeMethod(MethodInvocationHelper.java:100)
	at org.testng.internal.Invoker.invokeMethod(Invoker.java:646)
	at org.testng.internal.Invoker.invokeTestMethod(Invoker.java:811)
	at org.testng.internal.Invoker.invokeTestMethods(Invoker.java:1129)
	at org.testng.internal.TestMethodWorker.invokeTestMethods(TestMethodWorker.java:129)
	at org.testng.internal.TestMethodWorker.run(TestMethodWorker.java:112)
	at org.testng.TestRunner.privateRun(TestRunner.java:746)
	at org.testng.TestRunner.run(TestRunner.java:600)
	at org.testng.SuiteRunner.runTest(SuiteRunner.java:366)
	at org.testng.SuiteRunner.runSequentially(SuiteRunner.java:361)
	at org.testng.SuiteRunner.privateRun(SuiteRunner.java:319)
	at org.testng.SuiteRunner.run(SuiteRunner.java:268)
	at org.testng.SuiteRunnerWorker.runSuite(SuiteRunnerWorker.java:52)
	at org.testng.SuiteRunnerWorker.run(SuiteRunnerWorker.java:86)
	at org.testng.TestNG.runSuitesSequentially(TestNG.java:1264)
	at org.testng.TestNG.runSuitesLocally(TestNG.java:1189)
	at org.testng.TestNG.runSuites(TestNG.java:1104)
	at org.testng.TestNG.run(TestNG.java:1076)
	at org.testng.remote.AbstractRemoteTestNG.run(AbstractRemoteTestNG.java:126)
	at org.testng.remote.RemoteTestNG.initAndRun(RemoteTestNG.java:152)
	at org.testng.remote.RemoteTestNG.main(RemoteTestNG.java:57)
Caused by: org.openqa.selenium.WebDriverException: window.ArenaForms.LH_Container_Restitution_Upload_SUT is undefined
Build info: version: &apos;2.53.1&apos;, revision: &apos;a36b8b1&apos;, time: &apos;2016-06-30 17:32:46&apos;
System info: host: &apos;LAPTOP-L9I71BEA&apos;, ip: &apos;192.168.1.16&apos;, os.name: &apos;Windows 10&apos;, os.arch: &apos;amd64&apos;, os.version: &apos;10.0&apos;, java.version: &apos;1.8.0_121&apos;
Driver info: driver.version: unknown
	at &lt;anonymous class&gt;.anonymous(https://uat-lima46.adjuno.com/default.aspx?Guid=0f10994c8bf44e03bf55cafacb36a7d9&amp;MenuId=&amp;Action=ToolDraw&amp;ActionOption=Reports&amp;Reference=&amp;Id=&amp;_Stage=InstantGenerate&amp;ReportName=ContainerRestitutionTemplate&amp;_ReportFormat=ExcelOpenXml line 69 &gt; Function:1)
	at &lt;anonymous class&gt;.handleEvaluateEvent(https://uat-lima46.adjuno.com/default.aspx?Guid=0f10994c8bf44e03bf55cafacb36a7d9&amp;MenuId=&amp;Action=ToolDraw&amp;ActionOption=Reports&amp;Reference=&amp;Id=&amp;_Stage=InstantGenerate&amp;ReportName=ContainerRestitutionTemplate&amp;_ReportFormat=ExcelOpenXml:69)
</pre></div></td>
<td>0</td>
<td>com.lima.test.AdjunoLIMAContainerRestitutionTest@65e2dbf3</td></tr>
<tr>
<td title='com.lima.test.AdjunoLIMAContainerRestitutionTest.test_22_VerifyGridValue()'><b>test_22_VerifyGridValue</b><br>Test class: com.lima.test.AdjunoLIMAContainerRestitutionTest</td>
<td><div><pre>org.openqa.selenium.WebDriverException: window.ArenaForms.LH_Container_Restitution_Upload_SUT is undefined
Command duration or timeout: 140 milliseconds
Build info: version: &apos;2.53.1&apos;, revision: &apos;a36b8b1&apos;, time: &apos;2016-06-30 17:32:46&apos;
System info: host: &apos;LAPTOP-L9I71BEA&apos;, ip: &apos;192.168.1.16&apos;, os.name: &apos;Windows 10&apos;, os.arch: &apos;amd64&apos;, os.version: &apos;10.0&apos;, java.version: &apos;1.8.0_121&apos;
Driver info: org.openqa.selenium.firefox.FirefoxDriver
Capabilities [{applicationCacheEnabled=true, rotatable=false, handlesAlerts=true, databaseEnabled=true, version=47.0.1, platform=WINDOWS, nativeEvents=false, acceptSslCerts=true, webStorageEnabled=true, locationContextEnabled=true, browserName=firefox, takesScreenshot=true, javascriptEnabled=true, cssSelectorsEnabled=true}]
Session ID: 29d31581-160a-41e5-abcf-34d64d1a5e16
	at org.openqa.selenium.remote.ErrorHandler.createThrowable(ErrorHandler.java:206)
	at org.openqa.selenium.remote.ErrorHandler.throwIfResponseFailed(ErrorHandler.java:158)
	at org.openqa.selenium.remote.RemoteWebDriver.execute(RemoteWebDriver.java:678)
	at org.openqa.selenium.remote.RemoteWebDriver.executeScript(RemoteWebDriver.java:577)
	at com.lima.library.AdjunoUILibrary.getNoOfRowsGrid(AdjunoUILibrary.java:181)
	at com.lima.pagefactory.AdjunoLIMAContainerRestitutionPOM.getNoOfRowsGrid(AdjunoLIMAContainerRestitutionPOM.java:796)
	at com.lima.test.AdjunoLIMAContainerRestitutionTest.test_22_VerifyGridValue(AdjunoLIMAContainerRestitutionTest.java:944)
Caused by: org.openqa.selenium.WebDriverException: window.ArenaForms.LH_Container_Restitution_Upload_SUT is undefined
Build info: version: &apos;2.53.1&apos;, revision: &apos;a36b8b1&apos;, time: &apos;2016-06-30 17:32:46&apos;
System info: host: &apos;LAPTOP-L9I71BEA&apos;, ip: &apos;192.168.1.16&apos;, os.name: &apos;Windows 10&apos;, os.arch: &apos;amd64&apos;, os.version: &apos;10.0&apos;, java.version: &apos;1.8.0_121&apos;
Driver info: driver.version: unknown
	at &lt;anonymous class&gt;.anonymous(https://uat-lima46.adjuno.com/default.aspx?Guid=0f10994c8bf44e03bf55cafacb36a7d9&amp;MenuId=&amp;Action=ToolDraw&amp;ActionOption=Reports&amp;Reference=&amp;Id=&amp;_Stage=InstantGenerate&amp;ReportName=ContainerRestitutionTemplate&amp;_ReportFormat=ExcelOpenXml line 69 &gt; Function:1)
	at &lt;anonymous class&gt;.handleEvaluateEvent(https://uat-lima46.adjuno.com/default.aspx?Guid=0f10994c8bf44e03bf55cafacb36a7d9&amp;MenuId=&amp;Action=ToolDraw&amp;ActionOption=Reports&amp;Reference=&amp;Id=&amp;_Stage=InstantGenerate&amp;ReportName=ContainerRestitutionTemplate&amp;_ReportFormat=ExcelOpenXml:69)
... Removed 28 stack frames</pre></div><a href='#' onClick='toggleBox("stack-trace68389623", this, "Click to show all stack frames", "Click to hide stack frames")'>Click to show all stack frames</a>
<div class='stack-trace' id='stack-trace68389623'><pre>org.openqa.selenium.WebDriverException: window.ArenaForms.LH_Container_Restitution_Upload_SUT is undefined
Command duration or timeout: 140 milliseconds
Build info: version: &apos;2.53.1&apos;, revision: &apos;a36b8b1&apos;, time: &apos;2016-06-30 17:32:46&apos;
System info: host: &apos;LAPTOP-L9I71BEA&apos;, ip: &apos;192.168.1.16&apos;, os.name: &apos;Windows 10&apos;, os.arch: &apos;amd64&apos;, os.version: &apos;10.0&apos;, java.version: &apos;1.8.0_121&apos;
Driver info: org.openqa.selenium.firefox.FirefoxDriver
Capabilities [{applicationCacheEnabled=true, rotatable=false, handlesAlerts=true, databaseEnabled=true, version=47.0.1, platform=WINDOWS, nativeEvents=false, acceptSslCerts=true, webStorageEnabled=true, locationContextEnabled=true, browserName=firefox, takesScreenshot=true, javascriptEnabled=true, cssSelectorsEnabled=true}]
Session ID: 29d31581-160a-41e5-abcf-34d64d1a5e16
	at sun.reflect.GeneratedConstructorAccessor19.newInstance(Unknown Source)
	at sun.reflect.DelegatingConstructorAccessorImpl.newInstance(Unknown Source)
	at java.lang.reflect.Constructor.newInstance(Unknown Source)
	at org.openqa.selenium.remote.ErrorHandler.createThrowable(ErrorHandler.java:206)
	at org.openqa.selenium.remote.ErrorHandler.throwIfResponseFailed(ErrorHandler.java:158)
	at org.openqa.selenium.remote.RemoteWebDriver.execute(RemoteWebDriver.java:678)
	at org.openqa.selenium.remote.RemoteWebDriver.executeScript(RemoteWebDriver.java:577)
	at com.lima.library.AdjunoUILibrary.getNoOfRowsGrid(AdjunoUILibrary.java:181)
	at com.lima.pagefactory.AdjunoLIMAContainerRestitutionPOM.getNoOfRowsGrid(AdjunoLIMAContainerRestitutionPOM.java:796)
	at com.lima.test.AdjunoLIMAContainerRestitutionTest.test_22_VerifyGridValue(AdjunoLIMAContainerRestitutionTest.java:944)
	at sun.reflect.NativeMethodAccessorImpl.invoke0(Native Method)
	at sun.reflect.NativeMethodAccessorImpl.invoke(Unknown Source)
	at sun.reflect.DelegatingMethodAccessorImpl.invoke(Unknown Source)
	at java.lang.reflect.Method.invoke(Unknown Source)
	at org.testng.internal.MethodInvocationHelper.invokeMethod(MethodInvocationHelper.java:100)
	at org.testng.internal.Invoker.invokeMethod(Invoker.java:646)
	at org.testng.internal.Invoker.invokeTestMethod(Invoker.java:811)
	at org.testng.internal.Invoker.invokeTestMethods(Invoker.java:1129)
	at org.testng.internal.TestMethodWorker.invokeTestMethods(TestMethodWorker.java:129)
	at org.testng.internal.TestMethodWorker.run(TestMethodWorker.java:112)
	at org.testng.TestRunner.privateRun(TestRunner.java:746)
	at org.testng.TestRunner.run(TestRunner.java:600)
	at org.testng.SuiteRunner.runTest(SuiteRunner.java:366)
	at org.testng.SuiteRunner.runSequentially(SuiteRunner.java:361)
	at org.testng.SuiteRunner.privateRun(SuiteRunner.java:319)
	at org.testng.SuiteRunner.run(SuiteRunner.java:268)
	at org.testng.SuiteRunnerWorker.runSuite(SuiteRunnerWorker.java:52)
	at org.testng.SuiteRunnerWorker.run(SuiteRunnerWorker.java:86)
	at org.testng.TestNG.runSuitesSequentially(TestNG.java:1264)
	at org.testng.TestNG.runSuitesLocally(TestNG.java:1189)
	at org.testng.TestNG.runSuites(TestNG.java:1104)
	at org.testng.TestNG.run(TestNG.java:1076)
	at org.testng.remote.AbstractRemoteTestNG.run(AbstractRemoteTestNG.java:126)
	at org.testng.remote.RemoteTestNG.initAndRun(RemoteTestNG.java:152)
	at org.testng.remote.RemoteTestNG.main(RemoteTestNG.java:57)
Caused by: org.openqa.selenium.WebDriverException: window.ArenaForms.LH_Container_Restitution_Upload_SUT is undefined
Build info: version: &apos;2.53.1&apos;, revision: &apos;a36b8b1&apos;, time: &apos;2016-06-30 17:32:46&apos;
System info: host: &apos;LAPTOP-L9I71BEA&apos;, ip: &apos;192.168.1.16&apos;, os.name: &apos;Windows 10&apos;, os.arch: &apos;amd64&apos;, os.version: &apos;10.0&apos;, java.version: &apos;1.8.0_121&apos;
Driver info: driver.version: unknown
	at &lt;anonymous class&gt;.anonymous(https://uat-lima46.adjuno.com/default.aspx?Guid=0f10994c8bf44e03bf55cafacb36a7d9&amp;MenuId=&amp;Action=ToolDraw&amp;ActionOption=Reports&amp;Reference=&amp;Id=&amp;_Stage=InstantGenerate&amp;ReportName=ContainerRestitutionTemplate&amp;_ReportFormat=ExcelOpenXml line 69 &gt; Function:1)
	at &lt;anonymous class&gt;.handleEvaluateEvent(https://uat-lima46.adjuno.com/default.aspx?Guid=0f10994c8bf44e03bf55cafacb36a7d9&amp;MenuId=&amp;Action=ToolDraw&amp;ActionOption=Reports&amp;Reference=&amp;Id=&amp;_Stage=InstantGenerate&amp;ReportName=ContainerRestitutionTemplate&amp;_ReportFormat=ExcelOpenXml:69)
</pre></div></td>
<td>0</td>
<td>com.lima.test.AdjunoLIMAContainerRestitutionTest@65e2dbf3</td></tr>
<tr>
<td title='com.lima.test.AdjunoLIMAContainerRestitutionTest.test_23_deleteRow()'><b>test_23_deleteRow</b><br>Test class: com.lima.test.AdjunoLIMAContainerRestitutionTest</td>
<td><div><pre>org.openqa.selenium.WebDriverException: window.ArenaForms.LH_Container_Restitution_Upload_SUT is undefined
Command duration or timeout: 141 milliseconds
Build info: version: &apos;2.53.1&apos;, revision: &apos;a36b8b1&apos;, time: &apos;2016-06-30 17:32:46&apos;
System info: host: &apos;LAPTOP-L9I71BEA&apos;, ip: &apos;192.168.1.16&apos;, os.name: &apos;Windows 10&apos;, os.arch: &apos;amd64&apos;, os.version: &apos;10.0&apos;, java.version: &apos;1.8.0_121&apos;
Driver info: org.openqa.selenium.firefox.FirefoxDriver
Capabilities [{applicationCacheEnabled=true, rotatable=false, handlesAlerts=true, databaseEnabled=true, version=47.0.1, platform=WINDOWS, nativeEvents=false, acceptSslCerts=true, webStorageEnabled=true, locationContextEnabled=true, browserName=firefox, takesScreenshot=true, javascriptEnabled=true, cssSelectorsEnabled=true}]
Session ID: 29d31581-160a-41e5-abcf-34d64d1a5e16
	at org.openqa.selenium.remote.ErrorHandler.createThrowable(ErrorHandler.java:206)
	at org.openqa.selenium.remote.ErrorHandler.throwIfResponseFailed(ErrorHandler.java:158)
	at org.openqa.selenium.remote.RemoteWebDriver.execute(RemoteWebDriver.java:678)
	at org.openqa.selenium.remote.RemoteWebDriver.executeScript(RemoteWebDriver.java:577)
	at com.lima.library.AdjunoUILibrary.getNoOfRowsGrid(AdjunoUILibrary.java:181)
	at com.lima.pagefactory.AdjunoLIMAContainerRestitutionPOM.getNoOfRowsGrid(AdjunoLIMAContainerRestitutionPOM.java:796)
	at com.lima.test.AdjunoLIMAContainerRestitutionTest.test_23_deleteRow(AdjunoLIMAContainerRestitutionTest.java:1022)
Caused by: org.openqa.selenium.WebDriverException: window.ArenaForms.LH_Container_Restitution_Upload_SUT is undefined
Build info: version: &apos;2.53.1&apos;, revision: &apos;a36b8b1&apos;, time: &apos;2016-06-30 17:32:46&apos;
System info: host: &apos;LAPTOP-L9I71BEA&apos;, ip: &apos;192.168.1.16&apos;, os.name: &apos;Windows 10&apos;, os.arch: &apos;amd64&apos;, os.version: &apos;10.0&apos;, java.version: &apos;1.8.0_121&apos;
Driver info: driver.version: unknown
	at &lt;anonymous class&gt;.anonymous(https://uat-lima46.adjuno.com/default.aspx?Guid=0f10994c8bf44e03bf55cafacb36a7d9&amp;MenuId=&amp;Action=ToolDraw&amp;ActionOption=Reports&amp;Reference=&amp;Id=&amp;_Stage=InstantGenerate&amp;ReportName=ContainerRestitutionTemplate&amp;_ReportFormat=ExcelOpenXml line 69 &gt; Function:1)
	at &lt;anonymous class&gt;.handleEvaluateEvent(https://uat-lima46.adjuno.com/default.aspx?Guid=0f10994c8bf44e03bf55cafacb36a7d9&amp;MenuId=&amp;Action=ToolDraw&amp;ActionOption=Reports&amp;Reference=&amp;Id=&amp;_Stage=InstantGenerate&amp;ReportName=ContainerRestitutionTemplate&amp;_ReportFormat=ExcelOpenXml:69)
... Removed 28 stack frames</pre></div><a href='#' onClick='toggleBox("stack-trace126251002", this, "Click to show all stack frames", "Click to hide stack frames")'>Click to show all stack frames</a>
<div class='stack-trace' id='stack-trace126251002'><pre>org.openqa.selenium.WebDriverException: window.ArenaForms.LH_Container_Restitution_Upload_SUT is undefined
Command duration or timeout: 141 milliseconds
Build info: version: &apos;2.53.1&apos;, revision: &apos;a36b8b1&apos;, time: &apos;2016-06-30 17:32:46&apos;
System info: host: &apos;LAPTOP-L9I71BEA&apos;, ip: &apos;192.168.1.16&apos;, os.name: &apos;Windows 10&apos;, os.arch: &apos;amd64&apos;, os.version: &apos;10.0&apos;, java.version: &apos;1.8.0_121&apos;
Driver info: org.openqa.selenium.firefox.FirefoxDriver
Capabilities [{applicationCacheEnabled=true, rotatable=false, handlesAlerts=true, databaseEnabled=true, version=47.0.1, platform=WINDOWS, nativeEvents=false, acceptSslCerts=true, webStorageEnabled=true, locationContextEnabled=true, browserName=firefox, takesScreenshot=true, javascriptEnabled=true, cssSelectorsEnabled=true}]
Session ID: 29d31581-160a-41e5-abcf-34d64d1a5e16
	at sun.reflect.GeneratedConstructorAccessor19.newInstance(Unknown Source)
	at sun.reflect.DelegatingConstructorAccessorImpl.newInstance(Unknown Source)
	at java.lang.reflect.Constructor.newInstance(Unknown Source)
	at org.openqa.selenium.remote.ErrorHandler.createThrowable(ErrorHandler.java:206)
	at org.openqa.selenium.remote.ErrorHandler.throwIfResponseFailed(ErrorHandler.java:158)
	at org.openqa.selenium.remote.RemoteWebDriver.execute(RemoteWebDriver.java:678)
	at org.openqa.selenium.remote.RemoteWebDriver.executeScript(RemoteWebDriver.java:577)
	at com.lima.library.AdjunoUILibrary.getNoOfRowsGrid(AdjunoUILibrary.java:181)
	at com.lima.pagefactory.AdjunoLIMAContainerRestitutionPOM.getNoOfRowsGrid(AdjunoLIMAContainerRestitutionPOM.java:796)
	at com.lima.test.AdjunoLIMAContainerRestitutionTest.test_23_deleteRow(AdjunoLIMAContainerRestitutionTest.java:1022)
	at sun.reflect.NativeMethodAccessorImpl.invoke0(Native Method)
	at sun.reflect.NativeMethodAccessorImpl.invoke(Unknown Source)
	at sun.reflect.DelegatingMethodAccessorImpl.invoke(Unknown Source)
	at java.lang.reflect.Method.invoke(Unknown Source)
	at org.testng.internal.MethodInvocationHelper.invokeMethod(MethodInvocationHelper.java:100)
	at org.testng.internal.Invoker.invokeMethod(Invoker.java:646)
	at org.testng.internal.Invoker.invokeTestMethod(Invoker.java:811)
	at org.testng.internal.Invoker.invokeTestMethods(Invoker.java:1129)
	at org.testng.internal.TestMethodWorker.invokeTestMethods(TestMethodWorker.java:129)
	at org.testng.internal.TestMethodWorker.run(TestMethodWorker.java:112)
	at org.testng.TestRunner.privateRun(TestRunner.java:746)
	at org.testng.TestRunner.run(TestRunner.java:600)
	at org.testng.SuiteRunner.runTest(SuiteRunner.java:366)
	at org.testng.SuiteRunner.runSequentially(SuiteRunner.java:361)
	at org.testng.SuiteRunner.privateRun(SuiteRunner.java:319)
	at org.testng.SuiteRunner.run(SuiteRunner.java:268)
	at org.testng.SuiteRunnerWorker.runSuite(SuiteRunnerWorker.java:52)
	at org.testng.SuiteRunnerWorker.run(SuiteRunnerWorker.java:86)
	at org.testng.TestNG.runSuitesSequentially(TestNG.java:1264)
	at org.testng.TestNG.runSuitesLocally(TestNG.java:1189)
	at org.testng.TestNG.runSuites(TestNG.java:1104)
	at org.testng.TestNG.run(TestNG.java:1076)
	at org.testng.remote.AbstractRemoteTestNG.run(AbstractRemoteTestNG.java:126)
	at org.testng.remote.RemoteTestNG.initAndRun(RemoteTestNG.java:152)
	at org.testng.remote.RemoteTestNG.main(RemoteTestNG.java:57)
Caused by: org.openqa.selenium.WebDriverException: window.ArenaForms.LH_Container_Restitution_Upload_SUT is undefined
Build info: version: &apos;2.53.1&apos;, revision: &apos;a36b8b1&apos;, time: &apos;2016-06-30 17:32:46&apos;
System info: host: &apos;LAPTOP-L9I71BEA&apos;, ip: &apos;192.168.1.16&apos;, os.name: &apos;Windows 10&apos;, os.arch: &apos;amd64&apos;, os.version: &apos;10.0&apos;, java.version: &apos;1.8.0_121&apos;
Driver info: driver.version: unknown
	at &lt;anonymous class&gt;.anonymous(https://uat-lima46.adjuno.com/default.aspx?Guid=0f10994c8bf44e03bf55cafacb36a7d9&amp;MenuId=&amp;Action=ToolDraw&amp;ActionOption=Reports&amp;Reference=&amp;Id=&amp;_Stage=InstantGenerate&amp;ReportName=ContainerRestitutionTemplate&amp;_ReportFormat=ExcelOpenXml line 69 &gt; Function:1)
	at &lt;anonymous class&gt;.handleEvaluateEvent(https://uat-lima46.adjuno.com/default.aspx?Guid=0f10994c8bf44e03bf55cafacb36a7d9&amp;MenuId=&amp;Action=ToolDraw&amp;ActionOption=Reports&amp;Reference=&amp;Id=&amp;_Stage=InstantGenerate&amp;ReportName=ContainerRestitutionTemplate&amp;_ReportFormat=ExcelOpenXml:69)
</pre></div></td>
<td>0</td>
<td>com.lima.test.AdjunoLIMAContainerRestitutionTest@65e2dbf3</td></tr>
<tr>
<td title='com.lima.test.AdjunoLIMAContainerRestitutionTest.test_26_complete()'><b>test_26_complete</b><br>Test class: com.lima.test.AdjunoLIMAContainerRestitutionTest</td>
<td><div><pre>java.lang.AssertionError: The following asserts failed:
	***** Test ID:34- Complete Chevron is not clicked  ***** expected [true] but found [false]
	at com.lima.test.AdjunoLIMAContainerRestitutionTest.test_26_complete(AdjunoLIMAContainerRestitutionTest.java:1062)
... Removed 26 stack frames</pre></div><a href='#' onClick='toggleBox("stack-trace90777699", this, "Click to show all stack frames", "Click to hide stack frames")'>Click to show all stack frames</a>
<div class='stack-trace' id='stack-trace90777699'><pre>java.lang.AssertionError: The following asserts failed:
	***** Test ID:34- Complete Chevron is not clicked  ***** expected [true] but found [false]
	at org.testng.asserts.SoftAssert.assertAll(SoftAssert.java:43)
	at com.lima.test.AdjunoLIMAContainerRestitutionTest.test_26_complete(AdjunoLIMAContainerRestitutionTest.java:1062)
	at sun.reflect.NativeMethodAccessorImpl.invoke0(Native Method)
	at sun.reflect.NativeMethodAccessorImpl.invoke(Unknown Source)
	at sun.reflect.DelegatingMethodAccessorImpl.invoke(Unknown Source)
	at java.lang.reflect.Method.invoke(Unknown Source)
	at org.testng.internal.MethodInvocationHelper.invokeMethod(MethodInvocationHelper.java:100)
	at org.testng.internal.Invoker.invokeMethod(Invoker.java:646)
	at org.testng.internal.Invoker.invokeTestMethod(Invoker.java:811)
	at org.testng.internal.Invoker.invokeTestMethods(Invoker.java:1129)
	at org.testng.internal.TestMethodWorker.invokeTestMethods(TestMethodWorker.java:129)
	at org.testng.internal.TestMethodWorker.run(TestMethodWorker.java:112)
	at org.testng.TestRunner.privateRun(TestRunner.java:746)
	at org.testng.TestRunner.run(TestRunner.java:600)
	at org.testng.SuiteRunner.runTest(SuiteRunner.java:366)
	at org.testng.SuiteRunner.runSequentially(SuiteRunner.java:361)
	at org.testng.SuiteRunner.privateRun(SuiteRunner.java:319)
	at org.testng.SuiteRunner.run(SuiteRunner.java:268)
	at org.testng.SuiteRunnerWorker.runSuite(SuiteRunnerWorker.java:52)
	at org.testng.SuiteRunnerWorker.run(SuiteRunnerWorker.java:86)
	at org.testng.TestNG.runSuitesSequentially(TestNG.java:1264)
	at org.testng.TestNG.runSuitesLocally(TestNG.java:1189)
	at org.testng.TestNG.runSuites(TestNG.java:1104)
	at org.testng.TestNG.run(TestNG.java:1076)
	at org.testng.remote.AbstractRemoteTestNG.run(AbstractRemoteTestNG.java:126)
	at org.testng.remote.RemoteTestNG.initAndRun(RemoteTestNG.java:152)
	at org.testng.remote.RemoteTestNG.main(RemoteTestNG.java:57)
</pre></div></td>
<td>18</td>
<td>com.lima.test.AdjunoLIMAContainerRestitutionTest@65e2dbf3</td></tr>
<tr>
<td title='com.lima.test.AdjunoLIMAContainerRestitutionTest.test_28_ContainerRestitutionLink()'><b>test_28_ContainerRestitutionLink</b><br>Test class: com.lima.test.AdjunoLIMAContainerRestitutionTest</td>
<td><div><pre>org.openqa.selenium.ElementNotVisibleException: Element is not currently visible and so may not be interacted with
Command duration or timeout: 10.16 seconds
Build info: version: &apos;2.53.1&apos;, revision: &apos;a36b8b1&apos;, time: &apos;2016-06-30 17:32:46&apos;
System info: host: &apos;LAPTOP-L9I71BEA&apos;, ip: &apos;192.168.1.16&apos;, os.name: &apos;Windows 10&apos;, os.arch: &apos;amd64&apos;, os.version: &apos;10.0&apos;, java.version: &apos;1.8.0_121&apos;
Driver info: org.openqa.selenium.firefox.FirefoxDriver
Capabilities [{applicationCacheEnabled=true, rotatable=false, handlesAlerts=true, databaseEnabled=true, version=47.0.1, platform=WINDOWS, nativeEvents=false, acceptSslCerts=true, webStorageEnabled=true, locationContextEnabled=true, browserName=firefox, takesScreenshot=true, javascriptEnabled=true, cssSelectorsEnabled=true}]
Session ID: 29d31581-160a-41e5-abcf-34d64d1a5e16
	at org.openqa.selenium.remote.ErrorHandler.createThrowable(ErrorHandler.java:206)
	at org.openqa.selenium.remote.ErrorHandler.throwIfResponseFailed(ErrorHandler.java:158)
	at org.openqa.selenium.remote.RemoteWebDriver.execute(RemoteWebDriver.java:678)
	at org.openqa.selenium.remote.RemoteWebElement.execute(RemoteWebElement.java:327)
	at org.openqa.selenium.remote.RemoteWebElement.click(RemoteWebElement.java:85)
	at org.openqa.selenium.support.pagefactory.internal.LocatingElementHandler.invoke(LocatingElementHandler.java:51)
	at com.sun.proxy.$Proxy9.click(Unknown Source)
	at com.lima.pagefactory.AdjunoLIMAContainerRestitutionPOM.clickButtonUsingWebElement(AdjunoLIMAContainerRestitutionPOM.java:938)
	at com.lima.test.AdjunoLIMAContainerRestitutionTest.test_28_ContainerRestitutionLink(AdjunoLIMAContainerRestitutionTest.java:1070)
Caused by: org.openqa.selenium.ElementNotVisibleException: Element is not currently visible and so may not be interacted with
Build info: version: &apos;2.53.1&apos;, revision: &apos;a36b8b1&apos;, time: &apos;2016-06-30 17:32:46&apos;
System info: host: &apos;LAPTOP-L9I71BEA&apos;, ip: &apos;192.168.1.16&apos;, os.name: &apos;Windows 10&apos;, os.arch: &apos;amd64&apos;, os.version: &apos;10.0&apos;, java.version: &apos;1.8.0_121&apos;
Driver info: driver.version: unknown
	at &lt;anonymous class&gt;.fxdriver.preconditions.visible(file:///C:/Users/Anand/AppData/Local/Temp/anonymous7784099055573371073webdriver-profile/extensions/fxdriver@googlecode.com/components/command-processor.js:10092)
	at &lt;anonymous class&gt;.DelayedCommand.prototype.checkPreconditions_(file:///C:/Users/Anand/AppData/Local/Temp/anonymous7784099055573371073webdriver-profile/extensions/fxdriver@googlecode.com/components/command-processor.js:12644)
	at &lt;anonymous class&gt;.DelayedCommand.prototype.executeInternal_/h(file:///C:/Users/Anand/AppData/Local/Temp/anonymous7784099055573371073webdriver-profile/extensions/fxdriver@googlecode.com/components/command-processor.js:12661)
	at &lt;anonymous class&gt;.fxdriver.Timer.prototype.setTimeout/&lt;.notify(file:///C:/Users/Anand/AppData/Local/Temp/anonymous7784099055573371073webdriver-profile/extensions/fxdriver@googlecode.com/components/command-processor.js:625)
... Removed 32 stack frames</pre></div><a href='#' onClick='toggleBox("stack-trace1452603040", this, "Click to show all stack frames", "Click to hide stack frames")'>Click to show all stack frames</a>
<div class='stack-trace' id='stack-trace1452603040'><pre>org.openqa.selenium.ElementNotVisibleException: Element is not currently visible and so may not be interacted with
Command duration or timeout: 10.16 seconds
Build info: version: &apos;2.53.1&apos;, revision: &apos;a36b8b1&apos;, time: &apos;2016-06-30 17:32:46&apos;
System info: host: &apos;LAPTOP-L9I71BEA&apos;, ip: &apos;192.168.1.16&apos;, os.name: &apos;Windows 10&apos;, os.arch: &apos;amd64&apos;, os.version: &apos;10.0&apos;, java.version: &apos;1.8.0_121&apos;
Driver info: org.openqa.selenium.firefox.FirefoxDriver
Capabilities [{applicationCacheEnabled=true, rotatable=false, handlesAlerts=true, databaseEnabled=true, version=47.0.1, platform=WINDOWS, nativeEvents=false, acceptSslCerts=true, webStorageEnabled=true, locationContextEnabled=true, browserName=firefox, takesScreenshot=true, javascriptEnabled=true, cssSelectorsEnabled=true}]
Session ID: 29d31581-160a-41e5-abcf-34d64d1a5e16
	at sun.reflect.NativeConstructorAccessorImpl.newInstance0(Native Method)
	at sun.reflect.NativeConstructorAccessorImpl.newInstance(Unknown Source)
	at sun.reflect.DelegatingConstructorAccessorImpl.newInstance(Unknown Source)
	at java.lang.reflect.Constructor.newInstance(Unknown Source)
	at org.openqa.selenium.remote.ErrorHandler.createThrowable(ErrorHandler.java:206)
	at org.openqa.selenium.remote.ErrorHandler.throwIfResponseFailed(ErrorHandler.java:158)
	at org.openqa.selenium.remote.RemoteWebDriver.execute(RemoteWebDriver.java:678)
	at org.openqa.selenium.remote.RemoteWebElement.execute(RemoteWebElement.java:327)
	at org.openqa.selenium.remote.RemoteWebElement.click(RemoteWebElement.java:85)
	at sun.reflect.GeneratedMethodAccessor3.invoke(Unknown Source)
	at sun.reflect.DelegatingMethodAccessorImpl.invoke(Unknown Source)
	at java.lang.reflect.Method.invoke(Unknown Source)
	at org.openqa.selenium.support.pagefactory.internal.LocatingElementHandler.invoke(LocatingElementHandler.java:51)
	at com.sun.proxy.$Proxy9.click(Unknown Source)
	at com.lima.pagefactory.AdjunoLIMAContainerRestitutionPOM.clickButtonUsingWebElement(AdjunoLIMAContainerRestitutionPOM.java:938)
	at com.lima.test.AdjunoLIMAContainerRestitutionTest.test_28_ContainerRestitutionLink(AdjunoLIMAContainerRestitutionTest.java:1070)
	at sun.reflect.NativeMethodAccessorImpl.invoke0(Native Method)
	at sun.reflect.NativeMethodAccessorImpl.invoke(Unknown Source)
	at sun.reflect.DelegatingMethodAccessorImpl.invoke(Unknown Source)
	at java.lang.reflect.Method.invoke(Unknown Source)
	at org.testng.internal.MethodInvocationHelper.invokeMethod(MethodInvocationHelper.java:100)
	at org.testng.internal.Invoker.invokeMethod(Invoker.java:646)
	at org.testng.internal.Invoker.invokeTestMethod(Invoker.java:811)
	at org.testng.internal.Invoker.invokeTestMethods(Invoker.java:1129)
	at org.testng.internal.TestMethodWorker.invokeTestMethods(TestMethodWorker.java:129)
	at org.testng.internal.TestMethodWorker.run(TestMethodWorker.java:112)
	at org.testng.TestRunner.privateRun(TestRunner.java:746)
	at org.testng.TestRunner.run(TestRunner.java:600)
	at org.testng.SuiteRunner.runTest(SuiteRunner.java:366)
	at org.testng.SuiteRunner.runSequentially(SuiteRunner.java:361)
	at org.testng.SuiteRunner.privateRun(SuiteRunner.java:319)
	at org.testng.SuiteRunner.run(SuiteRunner.java:268)
	at org.testng.SuiteRunnerWorker.runSuite(SuiteRunnerWorker.java:52)
	at org.testng.SuiteRunnerWorker.run(SuiteRunnerWorker.java:86)
	at org.testng.TestNG.runSuitesSequentially(TestNG.java:1264)
	at org.testng.TestNG.runSuitesLocally(TestNG.java:1189)
	at org.testng.TestNG.runSuites(TestNG.java:1104)
	at org.testng.TestNG.run(TestNG.java:1076)
	at org.testng.remote.AbstractRemoteTestNG.run(AbstractRemoteTestNG.java:126)
	at org.testng.remote.RemoteTestNG.initAndRun(RemoteTestNG.java:152)
	at org.testng.remote.RemoteTestNG.main(RemoteTestNG.java:57)
Caused by: org.openqa.selenium.ElementNotVisibleException: Element is not currently visible and so may not be interacted with
Build info: version: &apos;2.53.1&apos;, revision: &apos;a36b8b1&apos;, time: &apos;2016-06-30 17:32:46&apos;
System info: host: &apos;LAPTOP-L9I71BEA&apos;, ip: &apos;192.168.1.16&apos;, os.name: &apos;Windows 10&apos;, os.arch: &apos;amd64&apos;, os.version: &apos;10.0&apos;, java.version: &apos;1.8.0_121&apos;
Driver info: driver.version: unknown
	at &lt;anonymous class&gt;.fxdriver.preconditions.visible(file:///C:/Users/Anand/AppData/Local/Temp/anonymous7784099055573371073webdriver-profile/extensions/fxdriver@googlecode.com/components/command-processor.js:10092)
	at &lt;anonymous class&gt;.DelayedCommand.prototype.checkPreconditions_(file:///C:/Users/Anand/AppData/Local/Temp/anonymous7784099055573371073webdriver-profile/extensions/fxdriver@googlecode.com/components/command-processor.js:12644)
	at &lt;anonymous class&gt;.DelayedCommand.prototype.executeInternal_/h(file:///C:/Users/Anand/AppData/Local/Temp/anonymous7784099055573371073webdriver-profile/extensions/fxdriver@googlecode.com/components/command-processor.js:12661)
	at &lt;anonymous class&gt;.fxdriver.Timer.prototype.setTimeout/&lt;.notify(file:///C:/Users/Anand/AppData/Local/Temp/anonymous7784099055573371073webdriver-profile/extensions/fxdriver@googlecode.com/components/command-processor.js:625)
</pre></div></td>
<td>10</td>
<td>com.lima.test.AdjunoLIMAContainerRestitutionTest@65e2dbf3</td></tr>
<tr>
<td title='com.lima.test.AdjunoLIMAContainerRestitutionTest.test_30_verifyField()'><b>test_30_verifyField</b><br>Test class: com.lima.test.AdjunoLIMAContainerRestitutionTest</td>
<td><div><pre>org.openqa.selenium.WebDriverException: window.ArenaForms.LH_Container_Restitution_SUT is undefined
Command duration or timeout: 156 milliseconds
Build info: version: &apos;2.53.1&apos;, revision: &apos;a36b8b1&apos;, time: &apos;2016-06-30 17:32:46&apos;
System info: host: &apos;LAPTOP-L9I71BEA&apos;, ip: &apos;192.168.1.16&apos;, os.name: &apos;Windows 10&apos;, os.arch: &apos;amd64&apos;, os.version: &apos;10.0&apos;, java.version: &apos;1.8.0_121&apos;
Driver info: org.openqa.selenium.firefox.FirefoxDriver
Capabilities [{applicationCacheEnabled=true, rotatable=false, handlesAlerts=true, databaseEnabled=true, version=47.0.1, platform=WINDOWS, nativeEvents=false, acceptSslCerts=true, webStorageEnabled=true, locationContextEnabled=true, browserName=firefox, takesScreenshot=true, javascriptEnabled=true, cssSelectorsEnabled=true}]
Session ID: 29d31581-160a-41e5-abcf-34d64d1a5e16
	at org.openqa.selenium.remote.ErrorHandler.createThrowable(ErrorHandler.java:206)
	at org.openqa.selenium.remote.ErrorHandler.throwIfResponseFailed(ErrorHandler.java:158)
	at org.openqa.selenium.remote.RemoteWebDriver.execute(RemoteWebDriver.java:678)
	at org.openqa.selenium.remote.RemoteWebDriver.executeScript(RemoteWebDriver.java:577)
	at com.lima.library.AdjunoUILibrary.getElement(AdjunoUILibrary.java:91)
	at com.lima.pagefactory.AdjunoLIMAContainerRestitutionPOM.checkDoesFieldsExist(AdjunoLIMAContainerRestitutionPOM.java:715)
	at com.lima.test.AdjunoLIMAContainerRestitutionTest.test_30_verifyField(AdjunoLIMAContainerRestitutionTest.java:1147)
Caused by: org.openqa.selenium.WebDriverException: window.ArenaForms.LH_Container_Restitution_SUT is undefined
Build info: version: &apos;2.53.1&apos;, revision: &apos;a36b8b1&apos;, time: &apos;2016-06-30 17:32:46&apos;
System info: host: &apos;LAPTOP-L9I71BEA&apos;, ip: &apos;192.168.1.16&apos;, os.name: &apos;Windows 10&apos;, os.arch: &apos;amd64&apos;, os.version: &apos;10.0&apos;, java.version: &apos;1.8.0_121&apos;
Driver info: driver.version: unknown
	at &lt;anonymous class&gt;.anonymous(https://uat-lima46.adjuno.com/default.aspx?Guid=0f10994c8bf44e03bf55cafacb36a7d9&amp;MenuId=&amp;Action=ToolDraw&amp;ActionOption=Reports&amp;Reference=&amp;Id=&amp;_Stage=InstantGenerate&amp;ReportName=ContainerRestitutionTemplate&amp;_ReportFormat=ExcelOpenXml line 69 &gt; Function:1)
	at &lt;anonymous class&gt;.handleEvaluateEvent(https://uat-lima46.adjuno.com/default.aspx?Guid=0f10994c8bf44e03bf55cafacb36a7d9&amp;MenuId=&amp;Action=ToolDraw&amp;ActionOption=Reports&amp;Reference=&amp;Id=&amp;_Stage=InstantGenerate&amp;ReportName=ContainerRestitutionTemplate&amp;_ReportFormat=ExcelOpenXml:69)
... Removed 28 stack frames</pre></div><a href='#' onClick='toggleBox("stack-trace1168376659", this, "Click to show all stack frames", "Click to hide stack frames")'>Click to show all stack frames</a>
<div class='stack-trace' id='stack-trace1168376659'><pre>org.openqa.selenium.WebDriverException: window.ArenaForms.LH_Container_Restitution_SUT is undefined
Command duration or timeout: 156 milliseconds
Build info: version: &apos;2.53.1&apos;, revision: &apos;a36b8b1&apos;, time: &apos;2016-06-30 17:32:46&apos;
System info: host: &apos;LAPTOP-L9I71BEA&apos;, ip: &apos;192.168.1.16&apos;, os.name: &apos;Windows 10&apos;, os.arch: &apos;amd64&apos;, os.version: &apos;10.0&apos;, java.version: &apos;1.8.0_121&apos;
Driver info: org.openqa.selenium.firefox.FirefoxDriver
Capabilities [{applicationCacheEnabled=true, rotatable=false, handlesAlerts=true, databaseEnabled=true, version=47.0.1, platform=WINDOWS, nativeEvents=false, acceptSslCerts=true, webStorageEnabled=true, locationContextEnabled=true, browserName=firefox, takesScreenshot=true, javascriptEnabled=true, cssSelectorsEnabled=true}]
Session ID: 29d31581-160a-41e5-abcf-34d64d1a5e16
	at sun.reflect.GeneratedConstructorAccessor19.newInstance(Unknown Source)
	at sun.reflect.DelegatingConstructorAccessorImpl.newInstance(Unknown Source)
	at java.lang.reflect.Constructor.newInstance(Unknown Source)
	at org.openqa.selenium.remote.ErrorHandler.createThrowable(ErrorHandler.java:206)
	at org.openqa.selenium.remote.ErrorHandler.throwIfResponseFailed(ErrorHandler.java:158)
	at org.openqa.selenium.remote.RemoteWebDriver.execute(RemoteWebDriver.java:678)
	at org.openqa.selenium.remote.RemoteWebDriver.executeScript(RemoteWebDriver.java:577)
	at com.lima.library.AdjunoUILibrary.getElement(AdjunoUILibrary.java:91)
	at com.lima.pagefactory.AdjunoLIMAContainerRestitutionPOM.checkDoesFieldsExist(AdjunoLIMAContainerRestitutionPOM.java:715)
	at com.lima.test.AdjunoLIMAContainerRestitutionTest.test_30_verifyField(AdjunoLIMAContainerRestitutionTest.java:1147)
	at sun.reflect.NativeMethodAccessorImpl.invoke0(Native Method)
	at sun.reflect.NativeMethodAccessorImpl.invoke(Unknown Source)
	at sun.reflect.DelegatingMethodAccessorImpl.invoke(Unknown Source)
	at java.lang.reflect.Method.invoke(Unknown Source)
	at org.testng.internal.MethodInvocationHelper.invokeMethod(MethodInvocationHelper.java:100)
	at org.testng.internal.Invoker.invokeMethod(Invoker.java:646)
	at org.testng.internal.Invoker.invokeTestMethod(Invoker.java:811)
	at org.testng.internal.Invoker.invokeTestMethods(Invoker.java:1129)
	at org.testng.internal.TestMethodWorker.invokeTestMethods(TestMethodWorker.java:129)
	at org.testng.internal.TestMethodWorker.run(TestMethodWorker.java:112)
	at org.testng.TestRunner.privateRun(TestRunner.java:746)
	at org.testng.TestRunner.run(TestRunner.java:600)
	at org.testng.SuiteRunner.runTest(SuiteRunner.java:366)
	at org.testng.SuiteRunner.runSequentially(SuiteRunner.java:361)
	at org.testng.SuiteRunner.privateRun(SuiteRunner.java:319)
	at org.testng.SuiteRunner.run(SuiteRunner.java:268)
	at org.testng.SuiteRunnerWorker.runSuite(SuiteRunnerWorker.java:52)
	at org.testng.SuiteRunnerWorker.run(SuiteRunnerWorker.java:86)
	at org.testng.TestNG.runSuitesSequentially(TestNG.java:1264)
	at org.testng.TestNG.runSuitesLocally(TestNG.java:1189)
	at org.testng.TestNG.runSuites(TestNG.java:1104)
	at org.testng.TestNG.run(TestNG.java:1076)
	at org.testng.remote.AbstractRemoteTestNG.run(AbstractRemoteTestNG.java:126)
	at org.testng.remote.RemoteTestNG.initAndRun(RemoteTestNG.java:152)
	at org.testng.remote.RemoteTestNG.main(RemoteTestNG.java:57)
Caused by: org.openqa.selenium.WebDriverException: window.ArenaForms.LH_Container_Restitution_SUT is undefined
Build info: version: &apos;2.53.1&apos;, revision: &apos;a36b8b1&apos;, time: &apos;2016-06-30 17:32:46&apos;
System info: host: &apos;LAPTOP-L9I71BEA&apos;, ip: &apos;192.168.1.16&apos;, os.name: &apos;Windows 10&apos;, os.arch: &apos;amd64&apos;, os.version: &apos;10.0&apos;, java.version: &apos;1.8.0_121&apos;
Driver info: driver.version: unknown
	at &lt;anonymous class&gt;.anonymous(https://uat-lima46.adjuno.com/default.aspx?Guid=0f10994c8bf44e03bf55cafacb36a7d9&amp;MenuId=&amp;Action=ToolDraw&amp;ActionOption=Reports&amp;Reference=&amp;Id=&amp;_Stage=InstantGenerate&amp;ReportName=ContainerRestitutionTemplate&amp;_ReportFormat=ExcelOpenXml line 69 &gt; Function:1)
	at &lt;anonymous class&gt;.handleEvaluateEvent(https://uat-lima46.adjuno.com/default.aspx?Guid=0f10994c8bf44e03bf55cafacb36a7d9&amp;MenuId=&amp;Action=ToolDraw&amp;ActionOption=Reports&amp;Reference=&amp;Id=&amp;_Stage=InstantGenerate&amp;ReportName=ContainerRestitutionTemplate&amp;_ReportFormat=ExcelOpenXml:69)
</pre></div></td>
<td>0</td>
<td>com.lima.test.AdjunoLIMAContainerRestitutionTest@65e2dbf3</td></tr>
<tr>
<td title='com.lima.test.AdjunoLIMAContainerRestitutionTest.test_31_VerifyRestitutionChevronMandatoryFields()'><b>test_31_VerifyRestitutionChevronMandatoryFields</b><br>Test class: com.lima.test.AdjunoLIMAContainerRestitutionTest</td>
<td><div><pre>org.openqa.selenium.WebDriverException: window.ArenaForms.LH_Container_Restitution_SUT is undefined
Command duration or timeout: 157 milliseconds
Build info: version: &apos;2.53.1&apos;, revision: &apos;a36b8b1&apos;, time: &apos;2016-06-30 17:32:46&apos;
System info: host: &apos;LAPTOP-L9I71BEA&apos;, ip: &apos;192.168.1.16&apos;, os.name: &apos;Windows 10&apos;, os.arch: &apos;amd64&apos;, os.version: &apos;10.0&apos;, java.version: &apos;1.8.0_121&apos;
Driver info: org.openqa.selenium.firefox.FirefoxDriver
Capabilities [{applicationCacheEnabled=true, rotatable=false, handlesAlerts=true, databaseEnabled=true, version=47.0.1, platform=WINDOWS, nativeEvents=false, acceptSslCerts=true, webStorageEnabled=true, locationContextEnabled=true, browserName=firefox, takesScreenshot=true, javascriptEnabled=true, cssSelectorsEnabled=true}]
Session ID: 29d31581-160a-41e5-abcf-34d64d1a5e16
	at org.openqa.selenium.remote.ErrorHandler.createThrowable(ErrorHandler.java:206)
	at org.openqa.selenium.remote.ErrorHandler.throwIfResponseFailed(ErrorHandler.java:158)
	at org.openqa.selenium.remote.RemoteWebDriver.execute(RemoteWebDriver.java:678)
	at org.openqa.selenium.remote.RemoteWebDriver.executeScript(RemoteWebDriver.java:577)
	at com.lima.library.AdjunoUILibrary.getValidationMessageGridElement(AdjunoUILibrary.java:310)
	at com.lima.pagefactory.AdjunoLIMAContainerRestitutionPOM.getValidationMessageGridElement(AdjunoLIMAContainerRestitutionPOM.java:1042)
	at com.lima.test.AdjunoLIMAContainerRestitutionTest.test_31_VerifyRestitutionChevronMandatoryFields(AdjunoLIMAContainerRestitutionTest.java:1172)
Caused by: org.openqa.selenium.WebDriverException: window.ArenaForms.LH_Container_Restitution_SUT is undefined
Build info: version: &apos;2.53.1&apos;, revision: &apos;a36b8b1&apos;, time: &apos;2016-06-30 17:32:46&apos;
System info: host: &apos;LAPTOP-L9I71BEA&apos;, ip: &apos;192.168.1.16&apos;, os.name: &apos;Windows 10&apos;, os.arch: &apos;amd64&apos;, os.version: &apos;10.0&apos;, java.version: &apos;1.8.0_121&apos;
Driver info: driver.version: unknown
	at &lt;anonymous class&gt;.anonymous(https://uat-lima46.adjuno.com/default.aspx?Guid=0f10994c8bf44e03bf55cafacb36a7d9&amp;MenuId=&amp;Action=ToolDraw&amp;ActionOption=Reports&amp;Reference=&amp;Id=&amp;_Stage=InstantGenerate&amp;ReportName=ContainerRestitutionTemplate&amp;_ReportFormat=ExcelOpenXml line 69 &gt; Function:1)
	at &lt;anonymous class&gt;.handleEvaluateEvent(https://uat-lima46.adjuno.com/default.aspx?Guid=0f10994c8bf44e03bf55cafacb36a7d9&amp;MenuId=&amp;Action=ToolDraw&amp;ActionOption=Reports&amp;Reference=&amp;Id=&amp;_Stage=InstantGenerate&amp;ReportName=ContainerRestitutionTemplate&amp;_ReportFormat=ExcelOpenXml:69)
... Removed 28 stack frames</pre></div><a href='#' onClick='toggleBox("stack-trace1354203477", this, "Click to show all stack frames", "Click to hide stack frames")'>Click to show all stack frames</a>
<div class='stack-trace' id='stack-trace1354203477'><pre>org.openqa.selenium.WebDriverException: window.ArenaForms.LH_Container_Restitution_SUT is undefined
Command duration or timeout: 157 milliseconds
Build info: version: &apos;2.53.1&apos;, revision: &apos;a36b8b1&apos;, time: &apos;2016-06-30 17:32:46&apos;
System info: host: &apos;LAPTOP-L9I71BEA&apos;, ip: &apos;192.168.1.16&apos;, os.name: &apos;Windows 10&apos;, os.arch: &apos;amd64&apos;, os.version: &apos;10.0&apos;, java.version: &apos;1.8.0_121&apos;
Driver info: org.openqa.selenium.firefox.FirefoxDriver
Capabilities [{applicationCacheEnabled=true, rotatable=false, handlesAlerts=true, databaseEnabled=true, version=47.0.1, platform=WINDOWS, nativeEvents=false, acceptSslCerts=true, webStorageEnabled=true, locationContextEnabled=true, browserName=firefox, takesScreenshot=true, javascriptEnabled=true, cssSelectorsEnabled=true}]
Session ID: 29d31581-160a-41e5-abcf-34d64d1a5e16
	at sun.reflect.GeneratedConstructorAccessor19.newInstance(Unknown Source)
	at sun.reflect.DelegatingConstructorAccessorImpl.newInstance(Unknown Source)
	at java.lang.reflect.Constructor.newInstance(Unknown Source)
	at org.openqa.selenium.remote.ErrorHandler.createThrowable(ErrorHandler.java:206)
	at org.openqa.selenium.remote.ErrorHandler.throwIfResponseFailed(ErrorHandler.java:158)
	at org.openqa.selenium.remote.RemoteWebDriver.execute(RemoteWebDriver.java:678)
	at org.openqa.selenium.remote.RemoteWebDriver.executeScript(RemoteWebDriver.java:577)
	at com.lima.library.AdjunoUILibrary.getValidationMessageGridElement(AdjunoUILibrary.java:310)
	at com.lima.pagefactory.AdjunoLIMAContainerRestitutionPOM.getValidationMessageGridElement(AdjunoLIMAContainerRestitutionPOM.java:1042)
	at com.lima.test.AdjunoLIMAContainerRestitutionTest.test_31_VerifyRestitutionChevronMandatoryFields(AdjunoLIMAContainerRestitutionTest.java:1172)
	at sun.reflect.NativeMethodAccessorImpl.invoke0(Native Method)
	at sun.reflect.NativeMethodAccessorImpl.invoke(Unknown Source)
	at sun.reflect.DelegatingMethodAccessorImpl.invoke(Unknown Source)
	at java.lang.reflect.Method.invoke(Unknown Source)
	at org.testng.internal.MethodInvocationHelper.invokeMethod(MethodInvocationHelper.java:100)
	at org.testng.internal.Invoker.invokeMethod(Invoker.java:646)
	at org.testng.internal.Invoker.invokeTestMethod(Invoker.java:811)
	at org.testng.internal.Invoker.invokeTestMethods(Invoker.java:1129)
	at org.testng.internal.TestMethodWorker.invokeTestMethods(TestMethodWorker.java:129)
	at org.testng.internal.TestMethodWorker.run(TestMethodWorker.java:112)
	at org.testng.TestRunner.privateRun(TestRunner.java:746)
	at org.testng.TestRunner.run(TestRunner.java:600)
	at org.testng.SuiteRunner.runTest(SuiteRunner.java:366)
	at org.testng.SuiteRunner.runSequentially(SuiteRunner.java:361)
	at org.testng.SuiteRunner.privateRun(SuiteRunner.java:319)
	at org.testng.SuiteRunner.run(SuiteRunner.java:268)
	at org.testng.SuiteRunnerWorker.runSuite(SuiteRunnerWorker.java:52)
	at org.testng.SuiteRunnerWorker.run(SuiteRunnerWorker.java:86)
	at org.testng.TestNG.runSuitesSequentially(TestNG.java:1264)
	at org.testng.TestNG.runSuitesLocally(TestNG.java:1189)
	at org.testng.TestNG.runSuites(TestNG.java:1104)
	at org.testng.TestNG.run(TestNG.java:1076)
	at org.testng.remote.AbstractRemoteTestNG.run(AbstractRemoteTestNG.java:126)
	at org.testng.remote.RemoteTestNG.initAndRun(RemoteTestNG.java:152)
	at org.testng.remote.RemoteTestNG.main(RemoteTestNG.java:57)
Caused by: org.openqa.selenium.WebDriverException: window.ArenaForms.LH_Container_Restitution_SUT is undefined
Build info: version: &apos;2.53.1&apos;, revision: &apos;a36b8b1&apos;, time: &apos;2016-06-30 17:32:46&apos;
System info: host: &apos;LAPTOP-L9I71BEA&apos;, ip: &apos;192.168.1.16&apos;, os.name: &apos;Windows 10&apos;, os.arch: &apos;amd64&apos;, os.version: &apos;10.0&apos;, java.version: &apos;1.8.0_121&apos;
Driver info: driver.version: unknown
	at &lt;anonymous class&gt;.anonymous(https://uat-lima46.adjuno.com/default.aspx?Guid=0f10994c8bf44e03bf55cafacb36a7d9&amp;MenuId=&amp;Action=ToolDraw&amp;ActionOption=Reports&amp;Reference=&amp;Id=&amp;_Stage=InstantGenerate&amp;ReportName=ContainerRestitutionTemplate&amp;_ReportFormat=ExcelOpenXml line 69 &gt; Function:1)
	at &lt;anonymous class&gt;.handleEvaluateEvent(https://uat-lima46.adjuno.com/default.aspx?Guid=0f10994c8bf44e03bf55cafacb36a7d9&amp;MenuId=&amp;Action=ToolDraw&amp;ActionOption=Reports&amp;Reference=&amp;Id=&amp;_Stage=InstantGenerate&amp;ReportName=ContainerRestitutionTemplate&amp;_ReportFormat=ExcelOpenXml:69)
</pre></div></td>
<td>0</td>
<td>com.lima.test.AdjunoLIMAContainerRestitutionTest@65e2dbf3</td></tr>
<tr>
<td title='com.lima.test.AdjunoLIMAContainerRestitutionTest.test_32_VerifyGridValue()'><b>test_32_VerifyGridValue</b><br>Test class: com.lima.test.AdjunoLIMAContainerRestitutionTest</td>
<td><div><pre>org.openqa.selenium.WebDriverException: window.ArenaForms.LH_Container_Restitution_SUT is undefined
Command duration or timeout: 156 milliseconds
Build info: version: &apos;2.53.1&apos;, revision: &apos;a36b8b1&apos;, time: &apos;2016-06-30 17:32:46&apos;
System info: host: &apos;LAPTOP-L9I71BEA&apos;, ip: &apos;192.168.1.16&apos;, os.name: &apos;Windows 10&apos;, os.arch: &apos;amd64&apos;, os.version: &apos;10.0&apos;, java.version: &apos;1.8.0_121&apos;
Driver info: org.openqa.selenium.firefox.FirefoxDriver
Capabilities [{applicationCacheEnabled=true, rotatable=false, handlesAlerts=true, databaseEnabled=true, version=47.0.1, platform=WINDOWS, nativeEvents=false, acceptSslCerts=true, webStorageEnabled=true, locationContextEnabled=true, browserName=firefox, takesScreenshot=true, javascriptEnabled=true, cssSelectorsEnabled=true}]
Session ID: 29d31581-160a-41e5-abcf-34d64d1a5e16
	at org.openqa.selenium.remote.ErrorHandler.createThrowable(ErrorHandler.java:206)
	at org.openqa.selenium.remote.ErrorHandler.throwIfResponseFailed(ErrorHandler.java:158)
	at org.openqa.selenium.remote.RemoteWebDriver.execute(RemoteWebDriver.java:678)
	at org.openqa.selenium.remote.RemoteWebDriver.executeScript(RemoteWebDriver.java:577)
	at com.lima.library.AdjunoUILibrary.getNoOfRowsGrid(AdjunoUILibrary.java:181)
	at com.lima.pagefactory.AdjunoLIMAContainerRestitutionPOM.getNoOfRowsGrid(AdjunoLIMAContainerRestitutionPOM.java:796)
	at com.lima.test.AdjunoLIMAContainerRestitutionTest.test_32_VerifyGridValue(AdjunoLIMAContainerRestitutionTest.java:1222)
Caused by: org.openqa.selenium.WebDriverException: window.ArenaForms.LH_Container_Restitution_SUT is undefined
Build info: version: &apos;2.53.1&apos;, revision: &apos;a36b8b1&apos;, time: &apos;2016-06-30 17:32:46&apos;
System info: host: &apos;LAPTOP-L9I71BEA&apos;, ip: &apos;192.168.1.16&apos;, os.name: &apos;Windows 10&apos;, os.arch: &apos;amd64&apos;, os.version: &apos;10.0&apos;, java.version: &apos;1.8.0_121&apos;
Driver info: driver.version: unknown
	at &lt;anonymous class&gt;.anonymous(https://uat-lima46.adjuno.com/default.aspx?Guid=0f10994c8bf44e03bf55cafacb36a7d9&amp;MenuId=&amp;Action=ToolDraw&amp;ActionOption=Reports&amp;Reference=&amp;Id=&amp;_Stage=InstantGenerate&amp;ReportName=ContainerRestitutionTemplate&amp;_ReportFormat=ExcelOpenXml line 69 &gt; Function:1)
	at &lt;anonymous class&gt;.handleEvaluateEvent(https://uat-lima46.adjuno.com/default.aspx?Guid=0f10994c8bf44e03bf55cafacb36a7d9&amp;MenuId=&amp;Action=ToolDraw&amp;ActionOption=Reports&amp;Reference=&amp;Id=&amp;_Stage=InstantGenerate&amp;ReportName=ContainerRestitutionTemplate&amp;_ReportFormat=ExcelOpenXml:69)
... Removed 28 stack frames</pre></div><a href='#' onClick='toggleBox("stack-trace1564299842", this, "Click to show all stack frames", "Click to hide stack frames")'>Click to show all stack frames</a>
<div class='stack-trace' id='stack-trace1564299842'><pre>org.openqa.selenium.WebDriverException: window.ArenaForms.LH_Container_Restitution_SUT is undefined
Command duration or timeout: 156 milliseconds
Build info: version: &apos;2.53.1&apos;, revision: &apos;a36b8b1&apos;, time: &apos;2016-06-30 17:32:46&apos;
System info: host: &apos;LAPTOP-L9I71BEA&apos;, ip: &apos;192.168.1.16&apos;, os.name: &apos;Windows 10&apos;, os.arch: &apos;amd64&apos;, os.version: &apos;10.0&apos;, java.version: &apos;1.8.0_121&apos;
Driver info: org.openqa.selenium.firefox.FirefoxDriver
Capabilities [{applicationCacheEnabled=true, rotatable=false, handlesAlerts=true, databaseEnabled=true, version=47.0.1, platform=WINDOWS, nativeEvents=false, acceptSslCerts=true, webStorageEnabled=true, locationContextEnabled=true, browserName=firefox, takesScreenshot=true, javascriptEnabled=true, cssSelectorsEnabled=true}]
Session ID: 29d31581-160a-41e5-abcf-34d64d1a5e16
	at sun.reflect.GeneratedConstructorAccessor19.newInstance(Unknown Source)
	at sun.reflect.DelegatingConstructorAccessorImpl.newInstance(Unknown Source)
	at java.lang.reflect.Constructor.newInstance(Unknown Source)
	at org.openqa.selenium.remote.ErrorHandler.createThrowable(ErrorHandler.java:206)
	at org.openqa.selenium.remote.ErrorHandler.throwIfResponseFailed(ErrorHandler.java:158)
	at org.openqa.selenium.remote.RemoteWebDriver.execute(RemoteWebDriver.java:678)
	at org.openqa.selenium.remote.RemoteWebDriver.executeScript(RemoteWebDriver.java:577)
	at com.lima.library.AdjunoUILibrary.getNoOfRowsGrid(AdjunoUILibrary.java:181)
	at com.lima.pagefactory.AdjunoLIMAContainerRestitutionPOM.getNoOfRowsGrid(AdjunoLIMAContainerRestitutionPOM.java:796)
	at com.lima.test.AdjunoLIMAContainerRestitutionTest.test_32_VerifyGridValue(AdjunoLIMAContainerRestitutionTest.java:1222)
	at sun.reflect.NativeMethodAccessorImpl.invoke0(Native Method)
	at sun.reflect.NativeMethodAccessorImpl.invoke(Unknown Source)
	at sun.reflect.DelegatingMethodAccessorImpl.invoke(Unknown Source)
	at java.lang.reflect.Method.invoke(Unknown Source)
	at org.testng.internal.MethodInvocationHelper.invokeMethod(MethodInvocationHelper.java:100)
	at org.testng.internal.Invoker.invokeMethod(Invoker.java:646)
	at org.testng.internal.Invoker.invokeTestMethod(Invoker.java:811)
	at org.testng.internal.Invoker.invokeTestMethods(Invoker.java:1129)
	at org.testng.internal.TestMethodWorker.invokeTestMethods(TestMethodWorker.java:129)
	at org.testng.internal.TestMethodWorker.run(TestMethodWorker.java:112)
	at org.testng.TestRunner.privateRun(TestRunner.java:746)
	at org.testng.TestRunner.run(TestRunner.java:600)
	at org.testng.SuiteRunner.runTest(SuiteRunner.java:366)
	at org.testng.SuiteRunner.runSequentially(SuiteRunner.java:361)
	at org.testng.SuiteRunner.privateRun(SuiteRunner.java:319)
	at org.testng.SuiteRunner.run(SuiteRunner.java:268)
	at org.testng.SuiteRunnerWorker.runSuite(SuiteRunnerWorker.java:52)
	at org.testng.SuiteRunnerWorker.run(SuiteRunnerWorker.java:86)
	at org.testng.TestNG.runSuitesSequentially(TestNG.java:1264)
	at org.testng.TestNG.runSuitesLocally(TestNG.java:1189)
	at org.testng.TestNG.runSuites(TestNG.java:1104)
	at org.testng.TestNG.run(TestNG.java:1076)
	at org.testng.remote.AbstractRemoteTestNG.run(AbstractRemoteTestNG.java:126)
	at org.testng.remote.RemoteTestNG.initAndRun(RemoteTestNG.java:152)
	at org.testng.remote.RemoteTestNG.main(RemoteTestNG.java:57)
Caused by: org.openqa.selenium.WebDriverException: window.ArenaForms.LH_Container_Restitution_SUT is undefined
Build info: version: &apos;2.53.1&apos;, revision: &apos;a36b8b1&apos;, time: &apos;2016-06-30 17:32:46&apos;
System info: host: &apos;LAPTOP-L9I71BEA&apos;, ip: &apos;192.168.1.16&apos;, os.name: &apos;Windows 10&apos;, os.arch: &apos;amd64&apos;, os.version: &apos;10.0&apos;, java.version: &apos;1.8.0_121&apos;
Driver info: driver.version: unknown
	at &lt;anonymous class&gt;.anonymous(https://uat-lima46.adjuno.com/default.aspx?Guid=0f10994c8bf44e03bf55cafacb36a7d9&amp;MenuId=&amp;Action=ToolDraw&amp;ActionOption=Reports&amp;Reference=&amp;Id=&amp;_Stage=InstantGenerate&amp;ReportName=ContainerRestitutionTemplate&amp;_ReportFormat=ExcelOpenXml line 69 &gt; Function:1)
	at &lt;anonymous class&gt;.handleEvaluateEvent(https://uat-lima46.adjuno.com/default.aspx?Guid=0f10994c8bf44e03bf55cafacb36a7d9&amp;MenuId=&amp;Action=ToolDraw&amp;ActionOption=Reports&amp;Reference=&amp;Id=&amp;_Stage=InstantGenerate&amp;ReportName=ContainerRestitutionTemplate&amp;_ReportFormat=ExcelOpenXml:69)
</pre></div></td>
<td>0</td>
<td>com.lima.test.AdjunoLIMAContainerRestitutionTest@65e2dbf3</td></tr>
<tr>
<td title='com.lima.test.AdjunoLIMAContainerRestitutionTest.test_33_complete()'><b>test_33_complete</b><br>Test class: com.lima.test.AdjunoLIMAContainerRestitutionTest</td>
<td><div><pre>org.openqa.selenium.NoSuchElementException: Unable to locate element: {&quot;method&quot;:&quot;xpath&quot;,&quot;selector&quot;:&quot;.//*[@id=&apos;ProgressForm_FeedbackControl_inner&apos;]&quot;}
Command duration or timeout: 10.15 seconds
For documentation on this error, please visit: http://seleniumhq.org/exceptions/no_such_element.html
Build info: version: &apos;2.53.1&apos;, revision: &apos;a36b8b1&apos;, time: &apos;2016-06-30 17:32:46&apos;
System info: host: &apos;LAPTOP-L9I71BEA&apos;, ip: &apos;192.168.1.16&apos;, os.name: &apos;Windows 10&apos;, os.arch: &apos;amd64&apos;, os.version: &apos;10.0&apos;, java.version: &apos;1.8.0_121&apos;
Driver info: org.openqa.selenium.firefox.FirefoxDriver
Capabilities [{applicationCacheEnabled=true, rotatable=false, handlesAlerts=true, databaseEnabled=true, version=47.0.1, platform=WINDOWS, nativeEvents=false, acceptSslCerts=true, webStorageEnabled=true, locationContextEnabled=true, browserName=firefox, takesScreenshot=true, javascriptEnabled=true, cssSelectorsEnabled=true}]
Session ID: 29d31581-160a-41e5-abcf-34d64d1a5e16
*** Element info: {Using=xpath, value=.//*[@id=&apos;ProgressForm_FeedbackControl_inner&apos;]}
	at org.openqa.selenium.remote.ErrorHandler.createThrowable(ErrorHandler.java:206)
	at org.openqa.selenium.remote.ErrorHandler.throwIfResponseFailed(ErrorHandler.java:158)
	at org.openqa.selenium.remote.RemoteWebDriver.execute(RemoteWebDriver.java:678)
	at org.openqa.selenium.remote.RemoteWebDriver.findElement(RemoteWebDriver.java:363)
	at org.openqa.selenium.remote.RemoteWebDriver.findElementByXPath(RemoteWebDriver.java:500)
	at org.openqa.selenium.By$ByXPath.findElement(By.java:361)
	at org.openqa.selenium.remote.RemoteWebDriver.findElement(RemoteWebDriver.java:355)
	at org.openqa.selenium.support.pagefactory.DefaultElementLocator.findElement(DefaultElementLocator.java:69)
	at org.openqa.selenium.support.pagefactory.internal.LocatingElementHandler.invoke(LocatingElementHandler.java:38)
	at com.sun.proxy.$Proxy9.getText(Unknown Source)
	at com.lima.test.AdjunoLIMAContainerRestitutionTest.test_33_complete(AdjunoLIMAContainerRestitutionTest.java:1300)
Caused by: org.openqa.selenium.NoSuchElementException: Unable to locate element: {&quot;method&quot;:&quot;xpath&quot;,&quot;selector&quot;:&quot;.//*[@id=&apos;ProgressForm_FeedbackControl_inner&apos;]&quot;}
For documentation on this error, please visit: http://seleniumhq.org/exceptions/no_such_element.html
Build info: version: &apos;2.53.1&apos;, revision: &apos;a36b8b1&apos;, time: &apos;2016-06-30 17:32:46&apos;
System info: host: &apos;LAPTOP-L9I71BEA&apos;, ip: &apos;192.168.1.16&apos;, os.name: &apos;Windows 10&apos;, os.arch: &apos;amd64&apos;, os.version: &apos;10.0&apos;, java.version: &apos;1.8.0_121&apos;
Driver info: driver.version: unknown
	at &lt;anonymous class&gt;.FirefoxDriver.prototype.findElementInternal_(file:///C:/Users/Anand/AppData/Local/Temp/anonymous7784099055573371073webdriver-profile/extensions/fxdriver@googlecode.com/components/driver-component.js:10770)
	at &lt;anonymous class&gt;.fxdriver.Timer.prototype.setTimeout/&lt;.notify(file:///C:/Users/Anand/AppData/Local/Temp/anonymous7784099055573371073webdriver-profile/extensions/fxdriver@googlecode.com/components/driver-component.js:625)
... Removed 28 stack frames</pre></div><a href='#' onClick='toggleBox("stack-trace1836910918", this, "Click to show all stack frames", "Click to hide stack frames")'>Click to show all stack frames</a>
<div class='stack-trace' id='stack-trace1836910918'><pre>org.openqa.selenium.NoSuchElementException: Unable to locate element: {&quot;method&quot;:&quot;xpath&quot;,&quot;selector&quot;:&quot;.//*[@id=&apos;ProgressForm_FeedbackControl_inner&apos;]&quot;}
Command duration or timeout: 10.15 seconds
For documentation on this error, please visit: http://seleniumhq.org/exceptions/no_such_element.html
Build info: version: &apos;2.53.1&apos;, revision: &apos;a36b8b1&apos;, time: &apos;2016-06-30 17:32:46&apos;
System info: host: &apos;LAPTOP-L9I71BEA&apos;, ip: &apos;192.168.1.16&apos;, os.name: &apos;Windows 10&apos;, os.arch: &apos;amd64&apos;, os.version: &apos;10.0&apos;, java.version: &apos;1.8.0_121&apos;
Driver info: org.openqa.selenium.firefox.FirefoxDriver
Capabilities [{applicationCacheEnabled=true, rotatable=false, handlesAlerts=true, databaseEnabled=true, version=47.0.1, platform=WINDOWS, nativeEvents=false, acceptSslCerts=true, webStorageEnabled=true, locationContextEnabled=true, browserName=firefox, takesScreenshot=true, javascriptEnabled=true, cssSelectorsEnabled=true}]
Session ID: 29d31581-160a-41e5-abcf-34d64d1a5e16
*** Element info: {Using=xpath, value=.//*[@id=&apos;ProgressForm_FeedbackControl_inner&apos;]}
	at sun.reflect.GeneratedConstructorAccessor23.newInstance(Unknown Source)
	at sun.reflect.DelegatingConstructorAccessorImpl.newInstance(Unknown Source)
	at java.lang.reflect.Constructor.newInstance(Unknown Source)
	at org.openqa.selenium.remote.ErrorHandler.createThrowable(ErrorHandler.java:206)
	at org.openqa.selenium.remote.ErrorHandler.throwIfResponseFailed(ErrorHandler.java:158)
	at org.openqa.selenium.remote.RemoteWebDriver.execute(RemoteWebDriver.java:678)
	at org.openqa.selenium.remote.RemoteWebDriver.findElement(RemoteWebDriver.java:363)
	at org.openqa.selenium.remote.RemoteWebDriver.findElementByXPath(RemoteWebDriver.java:500)
	at org.openqa.selenium.By$ByXPath.findElement(By.java:361)
	at org.openqa.selenium.remote.RemoteWebDriver.findElement(RemoteWebDriver.java:355)
	at org.openqa.selenium.support.pagefactory.DefaultElementLocator.findElement(DefaultElementLocator.java:69)
	at org.openqa.selenium.support.pagefactory.internal.LocatingElementHandler.invoke(LocatingElementHandler.java:38)
	at com.sun.proxy.$Proxy9.getText(Unknown Source)
	at com.lima.test.AdjunoLIMAContainerRestitutionTest.test_33_complete(AdjunoLIMAContainerRestitutionTest.java:1300)
	at sun.reflect.NativeMethodAccessorImpl.invoke0(Native Method)
	at sun.reflect.NativeMethodAccessorImpl.invoke(Unknown Source)
	at sun.reflect.DelegatingMethodAccessorImpl.invoke(Unknown Source)
	at java.lang.reflect.Method.invoke(Unknown Source)
	at org.testng.internal.MethodInvocationHelper.invokeMethod(MethodInvocationHelper.java:100)
	at org.testng.internal.Invoker.invokeMethod(Invoker.java:646)
	at org.testng.internal.Invoker.invokeTestMethod(Invoker.java:811)
	at org.testng.internal.Invoker.invokeTestMethods(Invoker.java:1129)
	at org.testng.internal.TestMethodWorker.invokeTestMethods(TestMethodWorker.java:129)
	at org.testng.internal.TestMethodWorker.run(TestMethodWorker.java:112)
	at org.testng.TestRunner.privateRun(TestRunner.java:746)
	at org.testng.TestRunner.run(TestRunner.java:600)
	at org.testng.SuiteRunner.runTest(SuiteRunner.java:366)
	at org.testng.SuiteRunner.runSequentially(SuiteRunner.java:361)
	at org.testng.SuiteRunner.privateRun(SuiteRunner.java:319)
	at org.testng.SuiteRunner.run(SuiteRunner.java:268)
	at org.testng.SuiteRunnerWorker.runSuite(SuiteRunnerWorker.java:52)
	at org.testng.SuiteRunnerWorker.run(SuiteRunnerWorker.java:86)
	at org.testng.TestNG.runSuitesSequentially(TestNG.java:1264)
	at org.testng.TestNG.runSuitesLocally(TestNG.java:1189)
	at org.testng.TestNG.runSuites(TestNG.java:1104)
	at org.testng.TestNG.run(TestNG.java:1076)
	at org.testng.remote.AbstractRemoteTestNG.run(AbstractRemoteTestNG.java:126)
	at org.testng.remote.RemoteTestNG.initAndRun(RemoteTestNG.java:152)
	at org.testng.remote.RemoteTestNG.main(RemoteTestNG.java:57)
Caused by: org.openqa.selenium.NoSuchElementException: Unable to locate element: {&quot;method&quot;:&quot;xpath&quot;,&quot;selector&quot;:&quot;.//*[@id=&apos;ProgressForm_FeedbackControl_inner&apos;]&quot;}
For documentation on this error, please visit: http://seleniumhq.org/exceptions/no_such_element.html
Build info: version: &apos;2.53.1&apos;, revision: &apos;a36b8b1&apos;, time: &apos;2016-06-30 17:32:46&apos;
System info: host: &apos;LAPTOP-L9I71BEA&apos;, ip: &apos;192.168.1.16&apos;, os.name: &apos;Windows 10&apos;, os.arch: &apos;amd64&apos;, os.version: &apos;10.0&apos;, java.version: &apos;1.8.0_121&apos;
Driver info: driver.version: unknown
	at &lt;anonymous class&gt;.FirefoxDriver.prototype.findElementInternal_(file:///C:/Users/Anand/AppData/Local/Temp/anonymous7784099055573371073webdriver-profile/extensions/fxdriver@googlecode.com/components/driver-component.js:10770)
	at &lt;anonymous class&gt;.fxdriver.Timer.prototype.setTimeout/&lt;.notify(file:///C:/Users/Anand/AppData/Local/Temp/anonymous7784099055573371073webdriver-profile/extensions/fxdriver@googlecode.com/components/driver-component.js:625)
</pre></div></td>
<td>21</td>
<td>com.lima.test.AdjunoLIMAContainerRestitutionTest@65e2dbf3</td></tr>
<tr>
<td title='com.lima.test.AdjunoLIMAContainerRestitutionTest.test_35_setTrackNumber()'><b>test_35_setTrackNumber</b><br>Test class: com.lima.test.AdjunoLIMAContainerRestitutionTest</td>
<td><div><pre>java.lang.AssertionError: The following asserts failed:
	***** Test ID:35-Track number value is empty***** expected [true] but found [false]
	at com.lima.test.AdjunoLIMAContainerRestitutionTest.test_35_setTrackNumber(AdjunoLIMAContainerRestitutionTest.java:1345)
... Removed 26 stack frames</pre></div><a href='#' onClick='toggleBox("stack-trace86456257", this, "Click to show all stack frames", "Click to hide stack frames")'>Click to show all stack frames</a>
<div class='stack-trace' id='stack-trace86456257'><pre>java.lang.AssertionError: The following asserts failed:
	***** Test ID:35-Track number value is empty***** expected [true] but found [false]
	at org.testng.asserts.SoftAssert.assertAll(SoftAssert.java:43)
	at com.lima.test.AdjunoLIMAContainerRestitutionTest.test_35_setTrackNumber(AdjunoLIMAContainerRestitutionTest.java:1345)
	at sun.reflect.NativeMethodAccessorImpl.invoke0(Native Method)
	at sun.reflect.NativeMethodAccessorImpl.invoke(Unknown Source)
	at sun.reflect.DelegatingMethodAccessorImpl.invoke(Unknown Source)
	at java.lang.reflect.Method.invoke(Unknown Source)
	at org.testng.internal.MethodInvocationHelper.invokeMethod(MethodInvocationHelper.java:100)
	at org.testng.internal.Invoker.invokeMethod(Invoker.java:646)
	at org.testng.internal.Invoker.invokeTestMethod(Invoker.java:811)
	at org.testng.internal.Invoker.invokeTestMethods(Invoker.java:1129)
	at org.testng.internal.TestMethodWorker.invokeTestMethods(TestMethodWorker.java:129)
	at org.testng.internal.TestMethodWorker.run(TestMethodWorker.java:112)
	at org.testng.TestRunner.privateRun(TestRunner.java:746)
	at org.testng.TestRunner.run(TestRunner.java:600)
	at org.testng.SuiteRunner.runTest(SuiteRunner.java:366)
	at org.testng.SuiteRunner.runSequentially(SuiteRunner.java:361)
	at org.testng.SuiteRunner.privateRun(SuiteRunner.java:319)
	at org.testng.SuiteRunner.run(SuiteRunner.java:268)
	at org.testng.SuiteRunnerWorker.runSuite(SuiteRunnerWorker.java:52)
	at org.testng.SuiteRunnerWorker.run(SuiteRunnerWorker.java:86)
	at org.testng.TestNG.runSuitesSequentially(TestNG.java:1264)
	at org.testng.TestNG.runSuitesLocally(TestNG.java:1189)
	at org.testng.TestNG.runSuites(TestNG.java:1104)
	at org.testng.TestNG.run(TestNG.java:1076)
	at org.testng.remote.AbstractRemoteTestNG.run(AbstractRemoteTestNG.java:126)
	at org.testng.remote.RemoteTestNG.initAndRun(RemoteTestNG.java:152)
	at org.testng.remote.RemoteTestNG.main(RemoteTestNG.java:57)
</pre></div></td>
<td>0</td>
<td>com.lima.test.AdjunoLIMAContainerRestitutionTest@65e2dbf3</td></tr>
<tr>
<td title='com.lima.test.AdjunoLIMAContainerRestitutionTest.test_36_clickRestitutionLink()'><b>test_36_clickRestitutionLink</b><br>Test class: com.lima.test.AdjunoLIMAContainerRestitutionTest</td>
<td><div><pre>org.openqa.selenium.ElementNotVisibleException: Element is not currently visible and so may not be interacted with
Command duration or timeout: 10.19 seconds
Build info: version: &apos;2.53.1&apos;, revision: &apos;a36b8b1&apos;, time: &apos;2016-06-30 17:32:46&apos;
System info: host: &apos;LAPTOP-L9I71BEA&apos;, ip: &apos;192.168.1.16&apos;, os.name: &apos;Windows 10&apos;, os.arch: &apos;amd64&apos;, os.version: &apos;10.0&apos;, java.version: &apos;1.8.0_121&apos;
Driver info: org.openqa.selenium.firefox.FirefoxDriver
Capabilities [{applicationCacheEnabled=true, rotatable=false, handlesAlerts=true, databaseEnabled=true, version=47.0.1, platform=WINDOWS, nativeEvents=false, acceptSslCerts=true, webStorageEnabled=true, locationContextEnabled=true, browserName=firefox, takesScreenshot=true, javascriptEnabled=true, cssSelectorsEnabled=true}]
Session ID: 29d31581-160a-41e5-abcf-34d64d1a5e16
	at org.openqa.selenium.remote.ErrorHandler.createThrowable(ErrorHandler.java:206)
	at org.openqa.selenium.remote.ErrorHandler.throwIfResponseFailed(ErrorHandler.java:158)
	at org.openqa.selenium.remote.RemoteWebDriver.execute(RemoteWebDriver.java:678)
	at org.openqa.selenium.remote.RemoteWebElement.execute(RemoteWebElement.java:327)
	at org.openqa.selenium.remote.RemoteWebElement.click(RemoteWebElement.java:85)
	at org.openqa.selenium.support.pagefactory.internal.LocatingElementHandler.invoke(LocatingElementHandler.java:51)
	at com.sun.proxy.$Proxy9.click(Unknown Source)
	at com.lima.pagefactory.AdjunoLIMAContainerRestitutionPOM.clickButtonUsingWebElement(AdjunoLIMAContainerRestitutionPOM.java:938)
	at com.lima.test.AdjunoLIMAContainerRestitutionTest.test_36_clickRestitutionLink(AdjunoLIMAContainerRestitutionTest.java:1355)
Caused by: org.openqa.selenium.ElementNotVisibleException: Element is not currently visible and so may not be interacted with
Build info: version: &apos;2.53.1&apos;, revision: &apos;a36b8b1&apos;, time: &apos;2016-06-30 17:32:46&apos;
System info: host: &apos;LAPTOP-L9I71BEA&apos;, ip: &apos;192.168.1.16&apos;, os.name: &apos;Windows 10&apos;, os.arch: &apos;amd64&apos;, os.version: &apos;10.0&apos;, java.version: &apos;1.8.0_121&apos;
Driver info: driver.version: unknown
	at &lt;anonymous class&gt;.fxdriver.preconditions.visible(file:///C:/Users/Anand/AppData/Local/Temp/anonymous7784099055573371073webdriver-profile/extensions/fxdriver@googlecode.com/components/command-processor.js:10092)
	at &lt;anonymous class&gt;.DelayedCommand.prototype.checkPreconditions_(file:///C:/Users/Anand/AppData/Local/Temp/anonymous7784099055573371073webdriver-profile/extensions/fxdriver@googlecode.com/components/command-processor.js:12644)
	at &lt;anonymous class&gt;.DelayedCommand.prototype.executeInternal_/h(file:///C:/Users/Anand/AppData/Local/Temp/anonymous7784099055573371073webdriver-profile/extensions/fxdriver@googlecode.com/components/command-processor.js:12661)
	at &lt;anonymous class&gt;.fxdriver.Timer.prototype.setTimeout/&lt;.notify(file:///C:/Users/Anand/AppData/Local/Temp/anonymous7784099055573371073webdriver-profile/extensions/fxdriver@googlecode.com/components/command-processor.js:625)
... Removed 32 stack frames</pre></div><a href='#' onClick='toggleBox("stack-trace1782324054", this, "Click to show all stack frames", "Click to hide stack frames")'>Click to show all stack frames</a>
<div class='stack-trace' id='stack-trace1782324054'><pre>org.openqa.selenium.ElementNotVisibleException: Element is not currently visible and so may not be interacted with
Command duration or timeout: 10.19 seconds
Build info: version: &apos;2.53.1&apos;, revision: &apos;a36b8b1&apos;, time: &apos;2016-06-30 17:32:46&apos;
System info: host: &apos;LAPTOP-L9I71BEA&apos;, ip: &apos;192.168.1.16&apos;, os.name: &apos;Windows 10&apos;, os.arch: &apos;amd64&apos;, os.version: &apos;10.0&apos;, java.version: &apos;1.8.0_121&apos;
Driver info: org.openqa.selenium.firefox.FirefoxDriver
Capabilities [{applicationCacheEnabled=true, rotatable=false, handlesAlerts=true, databaseEnabled=true, version=47.0.1, platform=WINDOWS, nativeEvents=false, acceptSslCerts=true, webStorageEnabled=true, locationContextEnabled=true, browserName=firefox, takesScreenshot=true, javascriptEnabled=true, cssSelectorsEnabled=true}]
Session ID: 29d31581-160a-41e5-abcf-34d64d1a5e16
	at sun.reflect.NativeConstructorAccessorImpl.newInstance0(Native Method)
	at sun.reflect.NativeConstructorAccessorImpl.newInstance(Unknown Source)
	at sun.reflect.DelegatingConstructorAccessorImpl.newInstance(Unknown Source)
	at java.lang.reflect.Constructor.newInstance(Unknown Source)
	at org.openqa.selenium.remote.ErrorHandler.createThrowable(ErrorHandler.java:206)
	at org.openqa.selenium.remote.ErrorHandler.throwIfResponseFailed(ErrorHandler.java:158)
	at org.openqa.selenium.remote.RemoteWebDriver.execute(RemoteWebDriver.java:678)
	at org.openqa.selenium.remote.RemoteWebElement.execute(RemoteWebElement.java:327)
	at org.openqa.selenium.remote.RemoteWebElement.click(RemoteWebElement.java:85)
	at sun.reflect.GeneratedMethodAccessor3.invoke(Unknown Source)
	at sun.reflect.DelegatingMethodAccessorImpl.invoke(Unknown Source)
	at java.lang.reflect.Method.invoke(Unknown Source)
	at org.openqa.selenium.support.pagefactory.internal.LocatingElementHandler.invoke(LocatingElementHandler.java:51)
	at com.sun.proxy.$Proxy9.click(Unknown Source)
	at com.lima.pagefactory.AdjunoLIMAContainerRestitutionPOM.clickButtonUsingWebElement(AdjunoLIMAContainerRestitutionPOM.java:938)
	at com.lima.test.AdjunoLIMAContainerRestitutionTest.test_36_clickRestitutionLink(AdjunoLIMAContainerRestitutionTest.java:1355)
	at sun.reflect.NativeMethodAccessorImpl.invoke0(Native Method)
	at sun.reflect.NativeMethodAccessorImpl.invoke(Unknown Source)
	at sun.reflect.DelegatingMethodAccessorImpl.invoke(Unknown Source)
	at java.lang.reflect.Method.invoke(Unknown Source)
	at org.testng.internal.MethodInvocationHelper.invokeMethod(MethodInvocationHelper.java:100)
	at org.testng.internal.Invoker.invokeMethod(Invoker.java:646)
	at org.testng.internal.Invoker.invokeTestMethod(Invoker.java:811)
	at org.testng.internal.Invoker.invokeTestMethods(Invoker.java:1129)
	at org.testng.internal.TestMethodWorker.invokeTestMethods(TestMethodWorker.java:129)
	at org.testng.internal.TestMethodWorker.run(TestMethodWorker.java:112)
	at org.testng.TestRunner.privateRun(TestRunner.java:746)
	at org.testng.TestRunner.run(TestRunner.java:600)
	at org.testng.SuiteRunner.runTest(SuiteRunner.java:366)
	at org.testng.SuiteRunner.runSequentially(SuiteRunner.java:361)
	at org.testng.SuiteRunner.privateRun(SuiteRunner.java:319)
	at org.testng.SuiteRunner.run(SuiteRunner.java:268)
	at org.testng.SuiteRunnerWorker.runSuite(SuiteRunnerWorker.java:52)
	at org.testng.SuiteRunnerWorker.run(SuiteRunnerWorker.java:86)
	at org.testng.TestNG.runSuitesSequentially(TestNG.java:1264)
	at org.testng.TestNG.runSuitesLocally(TestNG.java:1189)
	at org.testng.TestNG.runSuites(TestNG.java:1104)
	at org.testng.TestNG.run(TestNG.java:1076)
	at org.testng.remote.AbstractRemoteTestNG.run(AbstractRemoteTestNG.java:126)
	at org.testng.remote.RemoteTestNG.initAndRun(RemoteTestNG.java:152)
	at org.testng.remote.RemoteTestNG.main(RemoteTestNG.java:57)
Caused by: org.openqa.selenium.ElementNotVisibleException: Element is not currently visible and so may not be interacted with
Build info: version: &apos;2.53.1&apos;, revision: &apos;a36b8b1&apos;, time: &apos;2016-06-30 17:32:46&apos;
System info: host: &apos;LAPTOP-L9I71BEA&apos;, ip: &apos;192.168.1.16&apos;, os.name: &apos;Windows 10&apos;, os.arch: &apos;amd64&apos;, os.version: &apos;10.0&apos;, java.version: &apos;1.8.0_121&apos;
Driver info: driver.version: unknown
	at &lt;anonymous class&gt;.fxdriver.preconditions.visible(file:///C:/Users/Anand/AppData/Local/Temp/anonymous7784099055573371073webdriver-profile/extensions/fxdriver@googlecode.com/components/command-processor.js:10092)
	at &lt;anonymous class&gt;.DelayedCommand.prototype.checkPreconditions_(file:///C:/Users/Anand/AppData/Local/Temp/anonymous7784099055573371073webdriver-profile/extensions/fxdriver@googlecode.com/components/command-processor.js:12644)
	at &lt;anonymous class&gt;.DelayedCommand.prototype.executeInternal_/h(file:///C:/Users/Anand/AppData/Local/Temp/anonymous7784099055573371073webdriver-profile/extensions/fxdriver@googlecode.com/components/command-processor.js:12661)
	at &lt;anonymous class&gt;.fxdriver.Timer.prototype.setTimeout/&lt;.notify(file:///C:/Users/Anand/AppData/Local/Temp/anonymous7784099055573371073webdriver-profile/extensions/fxdriver@googlecode.com/components/command-processor.js:625)
</pre></div></td>
<td>10</td>
<td>com.lima.test.AdjunoLIMAContainerRestitutionTest@65e2dbf3</td></tr>
<tr>
<td title='com.lima.test.AdjunoLIMAContainerRestitutionTest.test_38_SearchContainerSearch()'><b>test_38_SearchContainerSearch</b><br>Test class: com.lima.test.AdjunoLIMAContainerRestitutionTest</td>
<td><div><pre>java.lang.AssertionError: The following asserts failed:
	***** Test ID:38- Container Value is Empty***** expected [true] but found [false]
	at com.lima.test.AdjunoLIMAContainerRestitutionTest.test_38_SearchContainerSearch(AdjunoLIMAContainerRestitutionTest.java:1453)
... Removed 26 stack frames</pre></div><a href='#' onClick='toggleBox("stack-trace2047200712", this, "Click to show all stack frames", "Click to hide stack frames")'>Click to show all stack frames</a>
<div class='stack-trace' id='stack-trace2047200712'><pre>java.lang.AssertionError: The following asserts failed:
	***** Test ID:38- Container Value is Empty***** expected [true] but found [false]
	at org.testng.asserts.SoftAssert.assertAll(SoftAssert.java:43)
	at com.lima.test.AdjunoLIMAContainerRestitutionTest.test_38_SearchContainerSearch(AdjunoLIMAContainerRestitutionTest.java:1453)
	at sun.reflect.NativeMethodAccessorImpl.invoke0(Native Method)
	at sun.reflect.NativeMethodAccessorImpl.invoke(Unknown Source)
	at sun.reflect.DelegatingMethodAccessorImpl.invoke(Unknown Source)
	at java.lang.reflect.Method.invoke(Unknown Source)
	at org.testng.internal.MethodInvocationHelper.invokeMethod(MethodInvocationHelper.java:100)
	at org.testng.internal.Invoker.invokeMethod(Invoker.java:646)
	at org.testng.internal.Invoker.invokeTestMethod(Invoker.java:811)
	at org.testng.internal.Invoker.invokeTestMethods(Invoker.java:1129)
	at org.testng.internal.TestMethodWorker.invokeTestMethods(TestMethodWorker.java:129)
	at org.testng.internal.TestMethodWorker.run(TestMethodWorker.java:112)
	at org.testng.TestRunner.privateRun(TestRunner.java:746)
	at org.testng.TestRunner.run(TestRunner.java:600)
	at org.testng.SuiteRunner.runTest(SuiteRunner.java:366)
	at org.testng.SuiteRunner.runSequentially(SuiteRunner.java:361)
	at org.testng.SuiteRunner.privateRun(SuiteRunner.java:319)
	at org.testng.SuiteRunner.run(SuiteRunner.java:268)
	at org.testng.SuiteRunnerWorker.runSuite(SuiteRunnerWorker.java:52)
	at org.testng.SuiteRunnerWorker.run(SuiteRunnerWorker.java:86)
	at org.testng.TestNG.runSuitesSequentially(TestNG.java:1264)
	at org.testng.TestNG.runSuitesLocally(TestNG.java:1189)
	at org.testng.TestNG.runSuites(TestNG.java:1104)
	at org.testng.TestNG.run(TestNG.java:1076)
	at org.testng.remote.AbstractRemoteTestNG.run(AbstractRemoteTestNG.java:126)
	at org.testng.remote.RemoteTestNG.initAndRun(RemoteTestNG.java:152)
	at org.testng.remote.RemoteTestNG.main(RemoteTestNG.java:57)
</pre></div></td>
<td>46</td>
<td>com.lima.test.AdjunoLIMAContainerRestitutionTest@65e2dbf3</td></tr>
<tr>
<td title='com.lima.test.AdjunoLIMAContainerRestitutionTest.test_44_clickRestitutionLink()'><b>test_44_clickRestitutionLink</b><br>Test class: com.lima.test.AdjunoLIMAContainerRestitutionTest</td>
<td><div><pre>java.lang.NullPointerException
	at java.lang.String.contains(Unknown Source)
	at com.lima.test.AdjunoLIMAContainerRestitutionTest.test_44_clickRestitutionLink(AdjunoLIMAContainerRestitutionTest.java:1624)
... Removed 25 stack frames</pre></div><a href='#' onClick='toggleBox("stack-trace1219970301", this, "Click to show all stack frames", "Click to hide stack frames")'>Click to show all stack frames</a>
<div class='stack-trace' id='stack-trace1219970301'><pre>java.lang.NullPointerException
	at java.lang.String.contains(Unknown Source)
	at com.lima.test.AdjunoLIMAContainerRestitutionTest.test_44_clickRestitutionLink(AdjunoLIMAContainerRestitutionTest.java:1624)
	at sun.reflect.NativeMethodAccessorImpl.invoke0(Native Method)
	at sun.reflect.NativeMethodAccessorImpl.invoke(Unknown Source)
	at sun.reflect.DelegatingMethodAccessorImpl.invoke(Unknown Source)
	at java.lang.reflect.Method.invoke(Unknown Source)
	at org.testng.internal.MethodInvocationHelper.invokeMethod(MethodInvocationHelper.java:100)
	at org.testng.internal.Invoker.invokeMethod(Invoker.java:646)
	at org.testng.internal.Invoker.invokeTestMethod(Invoker.java:811)
	at org.testng.internal.Invoker.invokeTestMethods(Invoker.java:1129)
	at org.testng.internal.TestMethodWorker.invokeTestMethods(TestMethodWorker.java:129)
	at org.testng.internal.TestMethodWorker.run(TestMethodWorker.java:112)
	at org.testng.TestRunner.privateRun(TestRunner.java:746)
	at org.testng.TestRunner.run(TestRunner.java:600)
	at org.testng.SuiteRunner.runTest(SuiteRunner.java:366)
	at org.testng.SuiteRunner.runSequentially(SuiteRunner.java:361)
	at org.testng.SuiteRunner.privateRun(SuiteRunner.java:319)
	at org.testng.SuiteRunner.run(SuiteRunner.java:268)
	at org.testng.SuiteRunnerWorker.runSuite(SuiteRunnerWorker.java:52)
	at org.testng.SuiteRunnerWorker.run(SuiteRunnerWorker.java:86)
	at org.testng.TestNG.runSuitesSequentially(TestNG.java:1264)
	at org.testng.TestNG.runSuitesLocally(TestNG.java:1189)
	at org.testng.TestNG.runSuites(TestNG.java:1104)
	at org.testng.TestNG.run(TestNG.java:1076)
	at org.testng.remote.AbstractRemoteTestNG.run(AbstractRemoteTestNG.java:126)
	at org.testng.remote.RemoteTestNG.initAndRun(RemoteTestNG.java:152)
	at org.testng.remote.RemoteTestNG.main(RemoteTestNG.java:57)
</pre></div></td>
<td>7</td>
<td>com.lima.test.AdjunoLIMAContainerRestitutionTest@65e2dbf3</td></tr>
<tr>
<td title='com.lima.test.AdjunoLIMAContainerRestitutionTest.test_46_SearchContainerSearch()'><b>test_46_SearchContainerSearch</b><br>Test class: com.lima.test.AdjunoLIMAContainerRestitutionTest</td>
<td><div><pre>java.lang.AssertionError: The following asserts failed:
	***** Test ID:46- Container Value is Empty***** expected [true] but found [false]
	at com.lima.test.AdjunoLIMAContainerRestitutionTest.test_46_SearchContainerSearch(AdjunoLIMAContainerRestitutionTest.java:1701)
... Removed 26 stack frames</pre></div><a href='#' onClick='toggleBox("stack-trace1556004794", this, "Click to show all stack frames", "Click to hide stack frames")'>Click to show all stack frames</a>
<div class='stack-trace' id='stack-trace1556004794'><pre>java.lang.AssertionError: The following asserts failed:
	***** Test ID:46- Container Value is Empty***** expected [true] but found [false]
	at org.testng.asserts.SoftAssert.assertAll(SoftAssert.java:43)
	at com.lima.test.AdjunoLIMAContainerRestitutionTest.test_46_SearchContainerSearch(AdjunoLIMAContainerRestitutionTest.java:1701)
	at sun.reflect.NativeMethodAccessorImpl.invoke0(Native Method)
	at sun.reflect.NativeMethodAccessorImpl.invoke(Unknown Source)
	at sun.reflect.DelegatingMethodAccessorImpl.invoke(Unknown Source)
	at java.lang.reflect.Method.invoke(Unknown Source)
	at org.testng.internal.MethodInvocationHelper.invokeMethod(MethodInvocationHelper.java:100)
	at org.testng.internal.Invoker.invokeMethod(Invoker.java:646)
	at org.testng.internal.Invoker.invokeTestMethod(Invoker.java:811)
	at org.testng.internal.Invoker.invokeTestMethods(Invoker.java:1129)
	at org.testng.internal.TestMethodWorker.invokeTestMethods(TestMethodWorker.java:129)
	at org.testng.internal.TestMethodWorker.run(TestMethodWorker.java:112)
	at org.testng.TestRunner.privateRun(TestRunner.java:746)
	at org.testng.TestRunner.run(TestRunner.java:600)
	at org.testng.SuiteRunner.runTest(SuiteRunner.java:366)
	at org.testng.SuiteRunner.runSequentially(SuiteRunner.java:361)
	at org.testng.SuiteRunner.privateRun(SuiteRunner.java:319)
	at org.testng.SuiteRunner.run(SuiteRunner.java:268)
	at org.testng.SuiteRunnerWorker.runSuite(SuiteRunnerWorker.java:52)
	at org.testng.SuiteRunnerWorker.run(SuiteRunnerWorker.java:86)
	at org.testng.TestNG.runSuitesSequentially(TestNG.java:1264)
	at org.testng.TestNG.runSuitesLocally(TestNG.java:1189)
	at org.testng.TestNG.runSuites(TestNG.java:1104)
	at org.testng.TestNG.run(TestNG.java:1076)
	at org.testng.remote.AbstractRemoteTestNG.run(AbstractRemoteTestNG.java:126)
	at org.testng.remote.RemoteTestNG.initAndRun(RemoteTestNG.java:152)
	at org.testng.remote.RemoteTestNG.main(RemoteTestNG.java:57)
</pre></div></td>
<td>46</td>
<td>com.lima.test.AdjunoLIMAContainerRestitutionTest@65e2dbf3</td></tr>
<tr>
<td title='com.lima.test.AdjunoLIMAContainerRestitutionTest.test_52_clickRestitutionLink()'><b>test_52_clickRestitutionLink</b><br>Test class: com.lima.test.AdjunoLIMAContainerRestitutionTest</td>
<td><div><pre>java.lang.AssertionError: The following asserts failed:
	 Test ID : 52 - In Container Restitution page Container value is not matching ***** expected [true] but found [false]
	at com.lima.test.AdjunoLIMAContainerRestitutionTest.test_52_clickRestitutionLink(AdjunoLIMAContainerRestitutionTest.java:1879)
... Removed 26 stack frames</pre></div><a href='#' onClick='toggleBox("stack-trace1792339731", this, "Click to show all stack frames", "Click to hide stack frames")'>Click to show all stack frames</a>
<div class='stack-trace' id='stack-trace1792339731'><pre>java.lang.AssertionError: The following asserts failed:
	 Test ID : 52 - In Container Restitution page Container value is not matching ***** expected [true] but found [false]
	at org.testng.asserts.SoftAssert.assertAll(SoftAssert.java:43)
	at com.lima.test.AdjunoLIMAContainerRestitutionTest.test_52_clickRestitutionLink(AdjunoLIMAContainerRestitutionTest.java:1879)
	at sun.reflect.NativeMethodAccessorImpl.invoke0(Native Method)
	at sun.reflect.NativeMethodAccessorImpl.invoke(Unknown Source)
	at sun.reflect.DelegatingMethodAccessorImpl.invoke(Unknown Source)
	at java.lang.reflect.Method.invoke(Unknown Source)
	at org.testng.internal.MethodInvocationHelper.invokeMethod(MethodInvocationHelper.java:100)
	at org.testng.internal.Invoker.invokeMethod(Invoker.java:646)
	at org.testng.internal.Invoker.invokeTestMethod(Invoker.java:811)
	at org.testng.internal.Invoker.invokeTestMethods(Invoker.java:1129)
	at org.testng.internal.TestMethodWorker.invokeTestMethods(TestMethodWorker.java:129)
	at org.testng.internal.TestMethodWorker.run(TestMethodWorker.java:112)
	at org.testng.TestRunner.privateRun(TestRunner.java:746)
	at org.testng.TestRunner.run(TestRunner.java:600)
	at org.testng.SuiteRunner.runTest(SuiteRunner.java:366)
	at org.testng.SuiteRunner.runSequentially(SuiteRunner.java:361)
	at org.testng.SuiteRunner.privateRun(SuiteRunner.java:319)
	at org.testng.SuiteRunner.run(SuiteRunner.java:268)
	at org.testng.SuiteRunnerWorker.runSuite(SuiteRunnerWorker.java:52)
	at org.testng.SuiteRunnerWorker.run(SuiteRunnerWorker.java:86)
	at org.testng.TestNG.runSuitesSequentially(TestNG.java:1264)
	at org.testng.TestNG.runSuitesLocally(TestNG.java:1189)
	at org.testng.TestNG.runSuites(TestNG.java:1104)
	at org.testng.TestNG.run(TestNG.java:1076)
	at org.testng.remote.AbstractRemoteTestNG.run(AbstractRemoteTestNG.java:126)
	at org.testng.remote.RemoteTestNG.initAndRun(RemoteTestNG.java:152)
	at org.testng.remote.RemoteTestNG.main(RemoteTestNG.java:57)
</pre></div></td>
<td>7</td>
<td>com.lima.test.AdjunoLIMAContainerRestitutionTest@65e2dbf3</td></tr>
<tr>
<td title='com.lima.test.AdjunoLIMAContainerRestitutionTest.test_54_SearchContainerSearch()'><b>test_54_SearchContainerSearch</b><br>Test class: com.lima.test.AdjunoLIMAContainerRestitutionTest</td>
<td><div><pre>java.lang.AssertionError: The following asserts failed:
	***** Test ID:39- Container Value is Empty***** expected [true] but found [false]
	at com.lima.test.AdjunoLIMAContainerRestitutionTest.test_54_SearchContainerSearch(AdjunoLIMAContainerRestitutionTest.java:1949)
... Removed 26 stack frames</pre></div><a href='#' onClick='toggleBox("stack-trace88760063", this, "Click to show all stack frames", "Click to hide stack frames")'>Click to show all stack frames</a>
<div class='stack-trace' id='stack-trace88760063'><pre>java.lang.AssertionError: The following asserts failed:
	***** Test ID:39- Container Value is Empty***** expected [true] but found [false]
	at org.testng.asserts.SoftAssert.assertAll(SoftAssert.java:43)
	at com.lima.test.AdjunoLIMAContainerRestitutionTest.test_54_SearchContainerSearch(AdjunoLIMAContainerRestitutionTest.java:1949)
	at sun.reflect.NativeMethodAccessorImpl.invoke0(Native Method)
	at sun.reflect.NativeMethodAccessorImpl.invoke(Unknown Source)
	at sun.reflect.DelegatingMethodAccessorImpl.invoke(Unknown Source)
	at java.lang.reflect.Method.invoke(Unknown Source)
	at org.testng.internal.MethodInvocationHelper.invokeMethod(MethodInvocationHelper.java:100)
	at org.testng.internal.Invoker.invokeMethod(Invoker.java:646)
	at org.testng.internal.Invoker.invokeTestMethod(Invoker.java:811)
	at org.testng.internal.Invoker.invokeTestMethods(Invoker.java:1129)
	at org.testng.internal.TestMethodWorker.invokeTestMethods(TestMethodWorker.java:129)
	at org.testng.internal.TestMethodWorker.run(TestMethodWorker.java:112)
	at org.testng.TestRunner.privateRun(TestRunner.java:746)
	at org.testng.TestRunner.run(TestRunner.java:600)
	at org.testng.SuiteRunner.runTest(SuiteRunner.java:366)
	at org.testng.SuiteRunner.runSequentially(SuiteRunner.java:361)
	at org.testng.SuiteRunner.privateRun(SuiteRunner.java:319)
	at org.testng.SuiteRunner.run(SuiteRunner.java:268)
	at org.testng.SuiteRunnerWorker.runSuite(SuiteRunnerWorker.java:52)
	at org.testng.SuiteRunnerWorker.run(SuiteRunnerWorker.java:86)
	at org.testng.TestNG.runSuitesSequentially(TestNG.java:1264)
	at org.testng.TestNG.runSuitesLocally(TestNG.java:1189)
	at org.testng.TestNG.runSuites(TestNG.java:1104)
	at org.testng.TestNG.run(TestNG.java:1076)
	at org.testng.remote.AbstractRemoteTestNG.run(AbstractRemoteTestNG.java:126)
	at org.testng.remote.RemoteTestNG.initAndRun(RemoteTestNG.java:152)
	at org.testng.remote.RemoteTestNG.main(RemoteTestNG.java:57)
</pre></div></td>
<td>46</td>
<td>com.lima.test.AdjunoLIMAContainerRestitutionTest@65e2dbf3</td></tr>
<tr>
<td title='com.lima.test.AdjunoLIMAContainerRestitutionTest.test_SearchForData()'><b>test_SearchForData</b><br>Test class: com.lima.test.AdjunoLIMAContainerRestitutionTest</td>
<td><div><pre>java.lang.AssertionError: The following asserts failed:
	*****  Select Chevron is not clicked in Container Restitution Tool ***** expected [true] but found [false],
	*****__&quot;Restitution Chevron&quot; is not clicked in Container Restitution Select page***** expected [true] but found [false],
	***** Test  Restitution Chevron Page is not loaded ***** expected [true] but found [false]
	at com.lima.test.AdjunoLIMAContainerRestitutionTest.test_SearchForData(AdjunoLIMAContainerRestitutionTest.java:1138)
... Removed 26 stack frames</pre></div><a href='#' onClick='toggleBox("stack-trace1268380397", this, "Click to show all stack frames", "Click to hide stack frames")'>Click to show all stack frames</a>
<div class='stack-trace' id='stack-trace1268380397'><pre>java.lang.AssertionError: The following asserts failed:
	*****  Select Chevron is not clicked in Container Restitution Tool ***** expected [true] but found [false],
	*****__&quot;Restitution Chevron&quot; is not clicked in Container Restitution Select page***** expected [true] but found [false],
	***** Test  Restitution Chevron Page is not loaded ***** expected [true] but found [false]
	at org.testng.asserts.SoftAssert.assertAll(SoftAssert.java:43)
	at com.lima.test.AdjunoLIMAContainerRestitutionTest.test_SearchForData(AdjunoLIMAContainerRestitutionTest.java:1138)
	at sun.reflect.NativeMethodAccessorImpl.invoke0(Native Method)
	at sun.reflect.NativeMethodAccessorImpl.invoke(Unknown Source)
	at sun.reflect.DelegatingMethodAccessorImpl.invoke(Unknown Source)
	at java.lang.reflect.Method.invoke(Unknown Source)
	at org.testng.internal.MethodInvocationHelper.invokeMethod(MethodInvocationHelper.java:100)
	at org.testng.internal.Invoker.invokeMethod(Invoker.java:646)
	at org.testng.internal.Invoker.invokeTestMethod(Invoker.java:811)
	at org.testng.internal.Invoker.invokeTestMethods(Invoker.java:1129)
	at org.testng.internal.TestMethodWorker.invokeTestMethods(TestMethodWorker.java:129)
	at org.testng.internal.TestMethodWorker.run(TestMethodWorker.java:112)
	at org.testng.TestRunner.privateRun(TestRunner.java:746)
	at org.testng.TestRunner.run(TestRunner.java:600)
	at org.testng.SuiteRunner.runTest(SuiteRunner.java:366)
	at org.testng.SuiteRunner.runSequentially(SuiteRunner.java:361)
	at org.testng.SuiteRunner.privateRun(SuiteRunner.java:319)
	at org.testng.SuiteRunner.run(SuiteRunner.java:268)
	at org.testng.SuiteRunnerWorker.runSuite(SuiteRunnerWorker.java:52)
	at org.testng.SuiteRunnerWorker.run(SuiteRunnerWorker.java:86)
	at org.testng.TestNG.runSuitesSequentially(TestNG.java:1264)
	at org.testng.TestNG.runSuitesLocally(TestNG.java:1189)
	at org.testng.TestNG.runSuites(TestNG.java:1104)
	at org.testng.TestNG.run(TestNG.java:1076)
	at org.testng.remote.AbstractRemoteTestNG.run(AbstractRemoteTestNG.java:126)
	at org.testng.remote.RemoteTestNG.initAndRun(RemoteTestNG.java:152)
	at org.testng.remote.RemoteTestNG.main(RemoteTestNG.java:57)
</pre></div></td>
<td>101</td>
<td>com.lima.test.AdjunoLIMAContainerRestitutionTest@65e2dbf3</td></tr>
</table><p>
<table width='100%' border='1' class='invocation-passed'>
<tr><td colspan='4' align='center'><b>PASSED TESTS</b></td></tr>
<tr><td><b>Test method</b></td>
<td width="30%"><b>Exception</b></td>
<td width="10%"><b>Time (seconds)</b></td>
<td><b>Instance</b></td>
</tr>
<tr>
<td title='com.lima.test.AdjunoLIMAContainerRestitutionTest.getValidContainerList()'><b>getValidContainerList</b><br>Test class: com.lima.test.AdjunoLIMAContainerRestitutionTest</td>
<td></td>
<td>48</td>
<td>com.lima.test.AdjunoLIMAContainerRestitutionTest@65e2dbf3</td></tr>
<tr>
<td title='com.lima.test.AdjunoLIMAContainerRestitutionTest.test_10_verifyErrMsgAtRestitutionTab()'><b>test_10_verifyErrMsgAtRestitutionTab</b><br>Test class: com.lima.test.AdjunoLIMAContainerRestitutionTest</td>
<td></td>
<td>7</td>
<td>com.lima.test.AdjunoLIMAContainerRestitutionTest@65e2dbf3</td></tr>
<tr>
<td title='com.lima.test.AdjunoLIMAContainerRestitutionTest.test_12_verifyDeliveryBookinFrom()'><b>test_12_verifyDeliveryBookinFrom</b><br>Test class: com.lima.test.AdjunoLIMAContainerRestitutionTest</td>
<td></td>
<td>40</td>
<td>com.lima.test.AdjunoLIMAContainerRestitutionTest@65e2dbf3</td></tr>
<tr>
<td title='com.lima.test.AdjunoLIMAContainerRestitutionTest.test_13_verifyDeliveryBookingTo()'><b>test_13_verifyDeliveryBookingTo</b><br>Test class: com.lima.test.AdjunoLIMAContainerRestitutionTest</td>
<td></td>
<td>40</td>
<td>com.lima.test.AdjunoLIMAContainerRestitutionTest@65e2dbf3</td></tr>
<tr>
<td title='com.lima.test.AdjunoLIMAContainerRestitutionTest.test_14_VerifyStatusdropdown()'><b>test_14_VerifyStatusdropdown</b><br>Test class: com.lima.test.AdjunoLIMAContainerRestitutionTest</td>
<td></td>
<td>42</td>
<td>com.lima.test.AdjunoLIMAContainerRestitutionTest@65e2dbf3</td></tr>
<tr>
<td title='com.lima.test.AdjunoLIMAContainerRestitutionTest.test_16_verifycontainerfield()'><b>test_16_verifycontainerfield</b><br>Test class: com.lima.test.AdjunoLIMAContainerRestitutionTest</td>
<td></td>
<td>27</td>
<td>com.lima.test.AdjunoLIMAContainerRestitutionTest@65e2dbf3</td></tr>
<tr>
<td title='com.lima.test.AdjunoLIMAContainerRestitutionTest.test_17_verifyforwarderreffield()'><b>test_17_verifyforwarderreffield</b><br>Test class: com.lima.test.AdjunoLIMAContainerRestitutionTest</td>
<td></td>
<td>28</td>
<td>com.lima.test.AdjunoLIMAContainerRestitutionTest@65e2dbf3</td></tr>
<tr>
<td title='com.lima.test.AdjunoLIMAContainerRestitutionTest.test_1_AccessContainerRestitution()'><b>test_1_AccessContainerRestitution</b><br>Test class: com.lima.test.AdjunoLIMAContainerRestitutionTest</td>
<td></td>
<td>10</td>
<td>com.lima.test.AdjunoLIMAContainerRestitutionTest@65e2dbf3</td></tr>
<tr>
<td title='com.lima.test.AdjunoLIMAContainerRestitutionTest.test_2_verifyChevrons()'><b>test_2_verifyChevrons</b><br>Test class: com.lima.test.AdjunoLIMAContainerRestitutionTest</td>
<td></td>
<td>0</td>
<td>com.lima.test.AdjunoLIMAContainerRestitutionTest@65e2dbf3</td></tr>
<tr>
<td title='com.lima.test.AdjunoLIMAContainerRestitutionTest.test_34_ClickOnTrackLink()'><b>test_34_ClickOnTrackLink</b><br>Test class: com.lima.test.AdjunoLIMAContainerRestitutionTest</td>
<td></td>
<td>38</td>
<td>com.lima.test.AdjunoLIMAContainerRestitutionTest@65e2dbf3</td></tr>
<tr>
<td title='com.lima.test.AdjunoLIMAContainerRestitutionTest.test_37_accessContainerRestitution()'><b>test_37_accessContainerRestitution</b><br>Test class: com.lima.test.AdjunoLIMAContainerRestitutionTest</td>
<td></td>
<td>10</td>
<td>com.lima.test.AdjunoLIMAContainerRestitutionTest@65e2dbf3</td></tr>
<tr>
<td title='com.lima.test.AdjunoLIMAContainerRestitutionTest.test_39_navigateToRestitutionChevron()'><b>test_39_navigateToRestitutionChevron</b><br>Test class: com.lima.test.AdjunoLIMAContainerRestitutionTest</td>
<td></td>
<td>13</td>
<td>com.lima.test.AdjunoLIMAContainerRestitutionTest@65e2dbf3</td></tr>
<tr>
<td title='com.lima.test.AdjunoLIMAContainerRestitutionTest.test_3_verifySearchFields()'><b>test_3_verifySearchFields</b><br>Test class: com.lima.test.AdjunoLIMAContainerRestitutionTest</td>
<td></td>
<td>1</td>
<td>com.lima.test.AdjunoLIMAContainerRestitutionTest@65e2dbf3</td></tr>
<tr>
<td title='com.lima.test.AdjunoLIMAContainerRestitutionTest.test_40_VerifyGridValue()'><b>test_40_VerifyGridValue</b><br>Test class: com.lima.test.AdjunoLIMAContainerRestitutionTest</td>
<td></td>
<td>24</td>
<td>com.lima.test.AdjunoLIMAContainerRestitutionTest@65e2dbf3</td></tr>
<tr>
<td title='com.lima.test.AdjunoLIMAContainerRestitutionTest.test_41_complete()'><b>test_41_complete</b><br>Test class: com.lima.test.AdjunoLIMAContainerRestitutionTest</td>
<td></td>
<td>12</td>
<td>com.lima.test.AdjunoLIMAContainerRestitutionTest@65e2dbf3</td></tr>
<tr>
<td title='com.lima.test.AdjunoLIMAContainerRestitutionTest.test_42_ClickOnTrackLink()'><b>test_42_ClickOnTrackLink</b><br>Test class: com.lima.test.AdjunoLIMAContainerRestitutionTest</td>
<td></td>
<td>41</td>
<td>com.lima.test.AdjunoLIMAContainerRestitutionTest@65e2dbf3</td></tr>
<tr>
<td title='com.lima.test.AdjunoLIMAContainerRestitutionTest.test_43_setTrackNumber()'><b>test_43_setTrackNumber</b><br>Test class: com.lima.test.AdjunoLIMAContainerRestitutionTest</td>
<td></td>
<td>10</td>
<td>com.lima.test.AdjunoLIMAContainerRestitutionTest@65e2dbf3</td></tr>
<tr>
<td title='com.lima.test.AdjunoLIMAContainerRestitutionTest.test_45_accessContainerRestitution()'><b>test_45_accessContainerRestitution</b><br>Test class: com.lima.test.AdjunoLIMAContainerRestitutionTest</td>
<td></td>
<td>8</td>
<td>com.lima.test.AdjunoLIMAContainerRestitutionTest@65e2dbf3</td></tr>
<tr>
<td title='com.lima.test.AdjunoLIMAContainerRestitutionTest.test_47_navigateToRestitutionChevron()'><b>test_47_navigateToRestitutionChevron</b><br>Test class: com.lima.test.AdjunoLIMAContainerRestitutionTest</td>
<td></td>
<td>11</td>
<td>com.lima.test.AdjunoLIMAContainerRestitutionTest@65e2dbf3</td></tr>
<tr>
<td title='com.lima.test.AdjunoLIMAContainerRestitutionTest.test_48_VerifyGridValue()'><b>test_48_VerifyGridValue</b><br>Test class: com.lima.test.AdjunoLIMAContainerRestitutionTest</td>
<td></td>
<td>17</td>
<td>com.lima.test.AdjunoLIMAContainerRestitutionTest@65e2dbf3</td></tr>
<tr>
<td title='com.lima.test.AdjunoLIMAContainerRestitutionTest.test_49_complete()'><b>test_49_complete</b><br>Test class: com.lima.test.AdjunoLIMAContainerRestitutionTest</td>
<td></td>
<td>11</td>
<td>com.lima.test.AdjunoLIMAContainerRestitutionTest@65e2dbf3</td></tr>
<tr>
<td title='com.lima.test.AdjunoLIMAContainerRestitutionTest.test_4_VerifyStatusDropDownValues()'><b>test_4_VerifyStatusDropDownValues</b><br>Test class: com.lima.test.AdjunoLIMAContainerRestitutionTest</td>
<td></td>
<td>13</td>
<td>com.lima.test.AdjunoLIMAContainerRestitutionTest@65e2dbf3</td></tr>
<tr>
<td title='com.lima.test.AdjunoLIMAContainerRestitutionTest.test_50_ClickOnTrackLink()'><b>test_50_ClickOnTrackLink</b><br>Test class: com.lima.test.AdjunoLIMAContainerRestitutionTest</td>
<td></td>
<td>41</td>
<td>com.lima.test.AdjunoLIMAContainerRestitutionTest@65e2dbf3</td></tr>
<tr>
<td title='com.lima.test.AdjunoLIMAContainerRestitutionTest.test_51_setTrackNumber()'><b>test_51_setTrackNumber</b><br>Test class: com.lima.test.AdjunoLIMAContainerRestitutionTest</td>
<td></td>
<td>9</td>
<td>com.lima.test.AdjunoLIMAContainerRestitutionTest@65e2dbf3</td></tr>
<tr>
<td title='com.lima.test.AdjunoLIMAContainerRestitutionTest.test_53_accessContainerRestitution()'><b>test_53_accessContainerRestitution</b><br>Test class: com.lima.test.AdjunoLIMAContainerRestitutionTest</td>
<td></td>
<td>9</td>
<td>com.lima.test.AdjunoLIMAContainerRestitutionTest@65e2dbf3</td></tr>
<tr>
<td title='com.lima.test.AdjunoLIMAContainerRestitutionTest.test_7_setAwaitingAndInvalidContainerNo()'><b>test_7_setAwaitingAndInvalidContainerNo</b><br>Test class: com.lima.test.AdjunoLIMAContainerRestitutionTest</td>
<td></td>
<td>23</td>
<td>com.lima.test.AdjunoLIMAContainerRestitutionTest@65e2dbf3</td></tr>
<tr>
<td title='com.lima.test.AdjunoLIMAContainerRestitutionTest.test_8_setAwaitingAndValidContainerNo()'><b>test_8_setAwaitingAndValidContainerNo</b><br>Test class: com.lima.test.AdjunoLIMAContainerRestitutionTest</td>
<td></td>
<td>53</td>
<td>com.lima.test.AdjunoLIMAContainerRestitutionTest@65e2dbf3</td></tr>
<tr>
<td title='com.lima.test.AdjunoLIMAContainerRestitutionTest.test_9_verifySelectFields()'><b>test_9_verifySelectFields</b><br>Test class: com.lima.test.AdjunoLIMAContainerRestitutionTest</td>
<td></td>
<td>1</td>
<td>com.lima.test.AdjunoLIMAContainerRestitutionTest@65e2dbf3</td></tr>
</table><p>
<table width='100%' border='1' class='invocation-skipped'>
<tr><td colspan='4' align='center'><b>SKIPPED TESTS</b></td></tr>
<tr><td><b>Test method</b></td>
<td width="30%"><b>Exception</b></td>
<td width="10%"><b>Time (seconds)</b></td>
<td><b>Instance</b></td>
</tr>
<tr>
<td title='com.lima.test.AdjunoLIMAContainerRestitutionTest.test_21_VerifyUpdateChevronMandatoryFields()'><b>test_21_VerifyUpdateChevronMandatoryFields</b><br>Test class: com.lima.test.AdjunoLIMAContainerRestitutionTest</td>
<td><div><pre>java.lang.Throwable: Method AdjunoLIMAContainerRestitutionTest.test_21_VerifyUpdateChevronMandatoryFields()[pri:80, instance:com.lima.test.AdjunoLIMAContainerRestitutionTest@65e2dbf3] depends on not successfully finished methods
... Removed 18 stack frames</pre></div><a href='#' onClick='toggleBox("stack-trace637283215", this, "Click to show all stack frames", "Click to hide stack frames")'>Click to show all stack frames</a>
<div class='stack-trace' id='stack-trace637283215'><pre>java.lang.Throwable: Method AdjunoLIMAContainerRestitutionTest.test_21_VerifyUpdateChevronMandatoryFields()[pri:80, instance:com.lima.test.AdjunoLIMAContainerRestitutionTest@65e2dbf3] depends on not successfully finished methods
	at org.testng.internal.Invoker.invokeTestMethods(Invoker.java:1028)
	at org.testng.internal.TestMethodWorker.invokeTestMethods(TestMethodWorker.java:129)
	at org.testng.internal.TestMethodWorker.run(TestMethodWorker.java:112)
	at org.testng.TestRunner.privateRun(TestRunner.java:746)
	at org.testng.TestRunner.run(TestRunner.java:600)
	at org.testng.SuiteRunner.runTest(SuiteRunner.java:366)
	at org.testng.SuiteRunner.runSequentially(SuiteRunner.java:361)
	at org.testng.SuiteRunner.privateRun(SuiteRunner.java:319)
	at org.testng.SuiteRunner.run(SuiteRunner.java:268)
	at org.testng.SuiteRunnerWorker.runSuite(SuiteRunnerWorker.java:52)
	at org.testng.SuiteRunnerWorker.run(SuiteRunnerWorker.java:86)
	at org.testng.TestNG.runSuitesSequentially(TestNG.java:1264)
	at org.testng.TestNG.runSuitesLocally(TestNG.java:1189)
	at org.testng.TestNG.runSuites(TestNG.java:1104)
	at org.testng.TestNG.run(TestNG.java:1076)
	at org.testng.remote.AbstractRemoteTestNG.run(AbstractRemoteTestNG.java:126)
	at org.testng.remote.RemoteTestNG.initAndRun(RemoteTestNG.java:152)
	at org.testng.remote.RemoteTestNG.main(RemoteTestNG.java:57)
</pre></div></td>
<td>0</td>
<td>null</td></tr>
<tr>
<td title='com.lima.test.AdjunoLIMAContainerRestitutionTest.test_upload()'><b>test_upload</b><br>Test class: com.lima.test.AdjunoLIMAContainerRestitutionTest</td>
<td><div><pre>java.lang.Throwable: Method AdjunoLIMAContainerRestitutionTest.test_upload()[pri:99, instance:com.lima.test.AdjunoLIMAContainerRestitutionTest@65e2dbf3] depends on not successfully finished methods
... Removed 18 stack frames</pre></div><a href='#' onClick='toggleBox("stack-trace1007881394", this, "Click to show all stack frames", "Click to hide stack frames")'>Click to show all stack frames</a>
<div class='stack-trace' id='stack-trace1007881394'><pre>java.lang.Throwable: Method AdjunoLIMAContainerRestitutionTest.test_upload()[pri:99, instance:com.lima.test.AdjunoLIMAContainerRestitutionTest@65e2dbf3] depends on not successfully finished methods
	at org.testng.internal.Invoker.invokeTestMethods(Invoker.java:1028)
	at org.testng.internal.TestMethodWorker.invokeTestMethods(TestMethodWorker.java:129)
	at org.testng.internal.TestMethodWorker.run(TestMethodWorker.java:112)
	at org.testng.TestRunner.privateRun(TestRunner.java:746)
	at org.testng.TestRunner.run(TestRunner.java:600)
	at org.testng.SuiteRunner.runTest(SuiteRunner.java:366)
	at org.testng.SuiteRunner.runSequentially(SuiteRunner.java:361)
	at org.testng.SuiteRunner.privateRun(SuiteRunner.java:319)
	at org.testng.SuiteRunner.run(SuiteRunner.java:268)
	at org.testng.SuiteRunnerWorker.runSuite(SuiteRunnerWorker.java:52)
	at org.testng.SuiteRunnerWorker.run(SuiteRunnerWorker.java:86)
	at org.testng.TestNG.runSuitesSequentially(TestNG.java:1264)
	at org.testng.TestNG.runSuitesLocally(TestNG.java:1189)
	at org.testng.TestNG.runSuites(TestNG.java:1104)
	at org.testng.TestNG.run(TestNG.java:1076)
	at org.testng.remote.AbstractRemoteTestNG.run(AbstractRemoteTestNG.java:126)
	at org.testng.remote.RemoteTestNG.initAndRun(RemoteTestNG.java:152)
	at org.testng.remote.RemoteTestNG.main(RemoteTestNG.java:57)
</pre></div></td>
<td>0</td>
<td>null</td></tr>
</table><p>
</body>
</html>