<?xml version="1.0" encoding="UTF-8"?>
<!-- Generated by org.testng.reporters.JUnitXMLReporter -->
<testsuite hostname="LAPTOP-L9I71BEA" name="Container Restitution" tests="50" failures="20" timestamp="5 Feb 2018 10:52:42 GMT" time="1032.603" errors="0">
  <testcase name="test_1_AccessContainerRestitution" time="10.683" classname="com.lima.test.AdjunoLIMAContainerRestitutionTest"/>
  <testcase name="test_2_verifyChevrons" time="0.625" classname="com.lima.test.AdjunoLIMAContainerRestitutionTest"/>
  <testcase name="test_3_verifySearchFields" time="1.375" classname="com.lima.test.AdjunoLIMAContainerRestitutionTest"/>
  <testcase name="test_4_VerifyStatusDropDownValues" time="13.773" classname="com.lima.test.AdjunoLIMAContainerRestitutionTest"/>
  <testcase name="getValidContainerList" time="48.722" classname="com.lima.test.AdjunoLIMAContainerRestitutionTest"/>
  <testcase name="test_7_setAwaitingAndInvalidContainerNo" time="23.057" classname="com.lima.test.AdjunoLIMAContainerRestitutionTest"/>
  <testcase name="test_8_setAwaitingAndValidContainerNo" time="53.173" classname="com.lima.test.AdjunoLIMAContainerRestitutionTest"/>
  <testcase name="test_9_verifySelectFields" time="1.422" classname="com.lima.test.AdjunoLIMAContainerRestitutionTest"/>
  <testcase name="test_10_verifyErrMsgAtRestitutionTab" time="7.471" classname="com.lima.test.AdjunoLIMAContainerRestitutionTest"/>
  <testcase name="test_11_verifyDestinationdropdown" time="44.404" classname="com.lima.test.AdjunoLIMAContainerRestitutionTest">
    <failure type="java.lang.AssertionError" message="The following asserts failed:
	***** Test ID:11- For this  :Destination Port is not matching with DC1For this  :Destination Port is not matching with DC1For this  :Destination Port is not matching with DC1For this  :DC2Destination Port is not matching with DC1For this  :DC2Destination Port is not matching with DC1For this  :DC2Destination Port is not matching with DC1For this  :DC2Destination Port is not matching with DC1For this  :DC2Destination Port is not matching with DC1For this  :DC2Destination Port is not matching with DC1For this  :DC2Destination Port is not matching with DC1For this  :DC3Destination Port is not matching with DC1For this  :DC3Destination Port is not matching with DC1For this  :DC3Destination Port is not matching with DC1For this  :Dest 1Destination Port is not matching with DC1For this  :Dest 1Destination Port is not matching with DC1For this  :Dest 1Destination Port is not matching with DC1For this  :Dest 1Destination Port is not matching with DC1For this  :Dest 1Destination Port is not matching with DC1For this  :Dest 1Destination Port is not matching with DC1For this  :Dest 1Destination Port is not matching with DC1For this  :Dest 1Destination Port is not matching with DC1For this  :Dest 1Destination Port is not matching with DC1For this  :Dest 1Destination Port is not matching with DC1For this  :Dest 1Destination Port is not matching with DC1For this  :Dest 1Destination Port is not matching with DC1For this  :Dest 1Destination Port is not matching with DC1For this  :Dest 1Destination Port is not matching with DC1For this  :Dest 1Destination Port is not matching with DC1For this  :Dest 1Destination Port is not matching with DC1For this  :Dest 1Destination Port is not matching with DC1For this  :Dest 1Destination Port is not matching with DC1For this  :Dest 1Destination Port is not matching with DC1For this  :Dest 1Destination Port is not matching with DC1For this  :Dest 1Destination Port is not matching with DC1For this  :Dest 1Destination Port is not matching with DC1For this  :Dest 1Destination Port is not matching with DC1For this  :Dest 1Destination Port is not matching with DC1For this  :Dest 1Destination Port is not matching with DC1For this  :Dest 1Destination Port is not matching with DC1For this  :Dest 1Destination Port is not matching with DC1For this  :Dest 1Destination Port is not matching with DC1For this  :Dest 1Destination Port is not matching with DC1For this  :Dest 1Destination Port is not matching with DC1For this  :The Range Distribution CentreDestination Port is not matching with DC1For this  :The Range Distribution CentreDestination Port is not matching with DC1For this  :The Range Distribution CentreDestination Port is not matching with DC1 *****  expected [true] but found [false]">
      <![CDATA[java.lang.AssertionError: The following asserts failed:
	***** Test ID:11- For this  :Destination Port is not matching with DC1For this  :Destination Port is not matching with DC1For this  :Destination Port is not matching with DC1For this  :DC2Destination Port is not matching with DC1For this  :DC2Destination Port is not matching with DC1For this  :DC2Destination Port is not matching with DC1For this  :DC2Destination Port is not matching with DC1For this  :DC2Destination Port is not matching with DC1For this  :DC2Destination Port is not matching with DC1For this  :DC2Destination Port is not matching with DC1For this  :DC3Destination Port is not matching with DC1For this  :DC3Destination Port is not matching with DC1For this  :DC3Destination Port is not matching with DC1For this  :Dest 1Destination Port is not matching with DC1For this  :Dest 1Destination Port is not matching with DC1For this  :Dest 1Destination Port is not matching with DC1For this  :Dest 1Destination Port is not matching with DC1For this  :Dest 1Destination Port is not matching with DC1For this  :Dest 1Destination Port is not matching with DC1For this  :Dest 1Destination Port is not matching with DC1For this  :Dest 1Destination Port is not matching with DC1For this  :Dest 1Destination Port is not matching with DC1For this  :Dest 1Destination Port is not matching with DC1For this  :Dest 1Destination Port is not matching with DC1For this  :Dest 1Destination Port is not matching with DC1For this  :Dest 1Destination Port is not matching with DC1For this  :Dest 1Destination Port is not matching with DC1For this  :Dest 1Destination Port is not matching with DC1For this  :Dest 1Destination Port is not matching with DC1For this  :Dest 1Destination Port is not matching with DC1For this  :Dest 1Destination Port is not matching with DC1For this  :Dest 1Destination Port is not matching with DC1For this  :Dest 1Destination Port is not matching with DC1For this  :Dest 1Destination Port is not matching with DC1For this  :Dest 1Destination Port is not matching with DC1For this  :Dest 1Destination Port is not matching with DC1For this  :Dest 1Destination Port is not matching with DC1For this  :Dest 1Destination Port is not matching with DC1For this  :Dest 1Destination Port is not matching with DC1For this  :Dest 1Destination Port is not matching with DC1For this  :Dest 1Destination Port is not matching with DC1For this  :Dest 1Destination Port is not matching with DC1For this  :Dest 1Destination Port is not matching with DC1For this  :The Range Distribution CentreDestination Port is not matching with DC1For this  :The Range Distribution CentreDestination Port is not matching with DC1For this  :The Range Distribution CentreDestination Port is not matching with DC1 *****  expected [true] but found [false]
	at com.lima.test.AdjunoLIMAContainerRestitutionTest.test_11_verifyDestinationdropdown(AdjunoLIMAContainerRestitutionTest.java:606)
... Removed 26 stack frames]]>
    </failure>
  </testcase> <!-- test_11_verifyDestinationdropdown -->
  <testcase name="test_12_verifyDeliveryBookinFrom" time="40.531" classname="com.lima.test.AdjunoLIMAContainerRestitutionTest"/>
  <testcase name="test_13_verifyDeliveryBookingTo" time="40.795" classname="com.lima.test.AdjunoLIMAContainerRestitutionTest"/>
  <testcase name="test_14_VerifyStatusdropdown" time="42.487" classname="com.lima.test.AdjunoLIMAContainerRestitutionTest"/>
  <testcase name="test_16_verifycontainerfield" time="27.914" classname="com.lima.test.AdjunoLIMAContainerRestitutionTest"/>
  <testcase name="test_17_verifyforwarderreffield" time="28.91" classname="com.lima.test.AdjunoLIMAContainerRestitutionTest"/>
  <testcase name="test_18_downloadContainerRestitutiontemplate" time="14.249" classname="com.lima.test.AdjunoLIMAContainerRestitutionTest">
    <failure type="java.lang.AssertionError" message="The following asserts failed:
	***** Test ID:21- Container Restitution Template File is not downloaded ***** expected [true] but found [false]">
      <![CDATA[java.lang.AssertionError: The following asserts failed:
	***** Test ID:21- Container Restitution Template File is not downloaded ***** expected [true] but found [false]
	at com.lima.test.AdjunoLIMAContainerRestitutionTest.test_18_downloadContainerRestitutiontemplate(AdjunoLIMAContainerRestitutionTest.java:817)
... Removed 26 stack frames]]>
    </failure>
  </testcase> <!-- test_18_downloadContainerRestitutiontemplate -->
  <testcase name="test_19_verifyUpdateChevronFields" time="10.339" classname="com.lima.test.AdjunoLIMAContainerRestitutionTest">
    <failure type="org.openqa.selenium.ElementNotVisibleException" message="Element is not currently visible and so may not be interacted with
Command duration or timeout: 10.17 seconds
Build info: version: &amp;apos;2.53.1&amp;apos;, revision: &amp;apos;a36b8b1&amp;apos;, time: &amp;apos;2016-06-30 17:32:46&amp;apos;
System info: host: &amp;apos;LAPTOP-L9I71BEA&amp;apos;, ip: &amp;apos;192.168.1.16&amp;apos;, os.name: &amp;apos;Windows 10&amp;apos;, os.arch: &amp;apos;amd64&amp;apos;, os.version: &amp;apos;10.0&amp;apos;, java.version: &amp;apos;1.8.0_121&amp;apos;
Driver info: org.openqa.selenium.firefox.FirefoxDriver
Capabilities [{applicationCacheEnabled=true, rotatable=false, handlesAlerts=true, databaseEnabled=true, version=47.0.1, platform=WINDOWS, nativeEvents=false, acceptSslCerts=true, webStorageEnabled=true, locationContextEnabled=true, browserName=firefox, takesScreenshot=true, javascriptEnabled=true, cssSelectorsEnabled=true}]
Session ID: 29d31581-160a-41e5-abcf-34d64d1a5e16">
      <![CDATA[org.openqa.selenium.ElementNotVisibleException: Element is not currently visible and so may not be interacted with
Command duration or timeout: 10.17 seconds
Build info: version: '2.53.1', revision: 'a36b8b1', time: '2016-06-30 17:32:46'
System info: host: 'LAPTOP-L9I71BEA', ip: '192.168.1.16', os.name: 'Windows 10', os.arch: 'amd64', os.version: '10.0', java.version: '1.8.0_121'
Driver info: org.openqa.selenium.firefox.FirefoxDriver
Capabilities [{applicationCacheEnabled=true, rotatable=false, handlesAlerts=true, databaseEnabled=true, version=47.0.1, platform=WINDOWS, nativeEvents=false, acceptSslCerts=true, webStorageEnabled=true, locationContextEnabled=true, browserName=firefox, takesScreenshot=true, javascriptEnabled=true, cssSelectorsEnabled=true}]
Session ID: 29d31581-160a-41e5-abcf-34d64d1a5e16
	at org.openqa.selenium.remote.ErrorHandler.createThrowable(ErrorHandler.java:206)
	at org.openqa.selenium.remote.ErrorHandler.throwIfResponseFailed(ErrorHandler.java:158)
	at org.openqa.selenium.remote.RemoteWebDriver.execute(RemoteWebDriver.java:678)
	at org.openqa.selenium.remote.RemoteWebElement.execute(RemoteWebElement.java:327)
	at org.openqa.selenium.remote.RemoteWebElement.click(RemoteWebElement.java:85)
	at com.lima.pagefactory.AdjunoLIMAContainerRestitutionPOM.clickButton(AdjunoLIMAContainerRestitutionPOM.java:1099)
	at com.lima.test.AdjunoLIMAContainerRestitutionTest.test_19_verifyUpdateChevronFields(AdjunoLIMAContainerRestitutionTest.java:825)
Caused by: org.openqa.selenium.ElementNotVisibleException: Element is not currently visible and so may not be interacted with
Build info: version: '2.53.1', revision: 'a36b8b1', time: '2016-06-30 17:32:46'
System info: host: 'LAPTOP-L9I71BEA', ip: '192.168.1.16', os.name: 'Windows 10', os.arch: 'amd64', os.version: '10.0', java.version: '1.8.0_121'
Driver info: driver.version: unknown
	at <anonymous class>.fxdriver.preconditions.visible(file:///C:/Users/Anand/AppData/Local/Temp/anonymous7784099055573371073webdriver-profile/extensions/fxdriver@googlecode.com/components/command-processor.js:10092)
	at <anonymous class>.DelayedCommand.prototype.checkPreconditions_(file:///C:/Users/Anand/AppData/Local/Temp/anonymous7784099055573371073webdriver-profile/extensions/fxdriver@googlecode.com/components/command-processor.js:12644)
	at <anonymous class>.DelayedCommand.prototype.executeInternal_/h(file:///C:/Users/Anand/AppData/Local/Temp/anonymous7784099055573371073webdriver-profile/extensions/fxdriver@googlecode.com/components/command-processor.js:12661)
	at <anonymous class>.fxdriver.Timer.prototype.setTimeout/<.notify(file:///C:/Users/Anand/AppData/Local/Temp/anonymous7784099055573371073webdriver-profile/extensions/fxdriver@googlecode.com/components/command-processor.js:625)
... Removed 29 stack frames]]>
    </failure>
  </testcase> <!-- test_19_verifyUpdateChevronFields -->
  <testcase name="test_20_uploadContainerRestitutionTemplate" time="0.141" classname="com.lima.test.AdjunoLIMAContainerRestitutionTest">
    <failure type="org.openqa.selenium.WebDriverException" message="window.ArenaForms.LH_Container_Restitution_Upload_SUT is undefined
Command duration or timeout: 141 milliseconds
Build info: version: &amp;apos;2.53.1&amp;apos;, revision: &amp;apos;a36b8b1&amp;apos;, time: &amp;apos;2016-06-30 17:32:46&amp;apos;
System info: host: &amp;apos;LAPTOP-L9I71BEA&amp;apos;, ip: &amp;apos;192.168.1.16&amp;apos;, os.name: &amp;apos;Windows 10&amp;apos;, os.arch: &amp;apos;amd64&amp;apos;, os.version: &amp;apos;10.0&amp;apos;, java.version: &amp;apos;1.8.0_121&amp;apos;
Driver info: org.openqa.selenium.firefox.FirefoxDriver
Capabilities [{applicationCacheEnabled=true, rotatable=false, handlesAlerts=true, databaseEnabled=true, version=47.0.1, platform=WINDOWS, nativeEvents=false, acceptSslCerts=true, webStorageEnabled=true, locationContextEnabled=true, browserName=firefox, takesScreenshot=true, javascriptEnabled=true, cssSelectorsEnabled=true}]
Session ID: 29d31581-160a-41e5-abcf-34d64d1a5e16">
      <![CDATA[org.openqa.selenium.WebDriverException: window.ArenaForms.LH_Container_Restitution_Upload_SUT is undefined
Command duration or timeout: 141 milliseconds
Build info: version: '2.53.1', revision: 'a36b8b1', time: '2016-06-30 17:32:46'
System info: host: 'LAPTOP-L9I71BEA', ip: '192.168.1.16', os.name: 'Windows 10', os.arch: 'amd64', os.version: '10.0', java.version: '1.8.0_121'
Driver info: org.openqa.selenium.firefox.FirefoxDriver
Capabilities [{applicationCacheEnabled=true, rotatable=false, handlesAlerts=true, databaseEnabled=true, version=47.0.1, platform=WINDOWS, nativeEvents=false, acceptSslCerts=true, webStorageEnabled=true, locationContextEnabled=true, browserName=firefox, takesScreenshot=true, javascriptEnabled=true, cssSelectorsEnabled=true}]
Session ID: 29d31581-160a-41e5-abcf-34d64d1a5e16
	at org.openqa.selenium.remote.ErrorHandler.createThrowable(ErrorHandler.java:206)
	at org.openqa.selenium.remote.ErrorHandler.throwIfResponseFailed(ErrorHandler.java:158)
	at org.openqa.selenium.remote.RemoteWebDriver.execute(RemoteWebDriver.java:678)
	at org.openqa.selenium.remote.RemoteWebDriver.executeScript(RemoteWebDriver.java:577)
	at com.lima.library.AdjunoUILibrary.getElement(AdjunoUILibrary.java:91)
	at com.lima.pagefactory.AdjunoLIMAContainerRestitutionPOM.clickButton(AdjunoLIMAContainerRestitutionPOM.java:1098)
	at com.lima.test.AdjunoLIMAContainerRestitutionTest.test_20_uploadContainerRestitutionTemplate(AdjunoLIMAContainerRestitutionTest.java:867)
Caused by: org.openqa.selenium.WebDriverException: window.ArenaForms.LH_Container_Restitution_Upload_SUT is undefined
Build info: version: '2.53.1', revision: 'a36b8b1', time: '2016-06-30 17:32:46'
System info: host: 'LAPTOP-L9I71BEA', ip: '192.168.1.16', os.name: 'Windows 10', os.arch: 'amd64', os.version: '10.0', java.version: '1.8.0_121'
Driver info: driver.version: unknown
	at <anonymous class>.anonymous(https://uat-lima46.adjuno.com/default.aspx?Guid=0f10994c8bf44e03bf55cafacb36a7d9&MenuId=&Action=ToolDraw&ActionOption=Reports&Reference=&Id=&_Stage=InstantGenerate&ReportName=ContainerRestitutionTemplate&_ReportFormat=ExcelOpenXml line 69 > Function:1)
	at <anonymous class>.handleEvaluateEvent(https://uat-lima46.adjuno.com/default.aspx?Guid=0f10994c8bf44e03bf55cafacb36a7d9&MenuId=&Action=ToolDraw&ActionOption=Reports&Reference=&Id=&_Stage=InstantGenerate&ReportName=ContainerRestitutionTemplate&_ReportFormat=ExcelOpenXml:69)
... Removed 28 stack frames]]>
    </failure>
  </testcase> <!-- test_20_uploadContainerRestitutionTemplate -->
  <testcase name="test_21_VerifyUpdateChevronMandatoryFields" time="0.0" classname="com.lima.test.AdjunoLIMAContainerRestitutionTest">
    <skipped/>
  </testcase> <!-- test_21_VerifyUpdateChevronMandatoryFields -->
  <testcase name="test_22_VerifyGridValue" time="0.156" classname="com.lima.test.AdjunoLIMAContainerRestitutionTest">
    <failure type="org.openqa.selenium.WebDriverException" message="window.ArenaForms.LH_Container_Restitution_Upload_SUT is undefined
Command duration or timeout: 140 milliseconds
Build info: version: &amp;apos;2.53.1&amp;apos;, revision: &amp;apos;a36b8b1&amp;apos;, time: &amp;apos;2016-06-30 17:32:46&amp;apos;
System info: host: &amp;apos;LAPTOP-L9I71BEA&amp;apos;, ip: &amp;apos;192.168.1.16&amp;apos;, os.name: &amp;apos;Windows 10&amp;apos;, os.arch: &amp;apos;amd64&amp;apos;, os.version: &amp;apos;10.0&amp;apos;, java.version: &amp;apos;1.8.0_121&amp;apos;
Driver info: org.openqa.selenium.firefox.FirefoxDriver
Capabilities [{applicationCacheEnabled=true, rotatable=false, handlesAlerts=true, databaseEnabled=true, version=47.0.1, platform=WINDOWS, nativeEvents=false, acceptSslCerts=true, webStorageEnabled=true, locationContextEnabled=true, browserName=firefox, takesScreenshot=true, javascriptEnabled=true, cssSelectorsEnabled=true}]
Session ID: 29d31581-160a-41e5-abcf-34d64d1a5e16">
      <![CDATA[org.openqa.selenium.WebDriverException: window.ArenaForms.LH_Container_Restitution_Upload_SUT is undefined
Command duration or timeout: 140 milliseconds
Build info: version: '2.53.1', revision: 'a36b8b1', time: '2016-06-30 17:32:46'
System info: host: 'LAPTOP-L9I71BEA', ip: '192.168.1.16', os.name: 'Windows 10', os.arch: 'amd64', os.version: '10.0', java.version: '1.8.0_121'
Driver info: org.openqa.selenium.firefox.FirefoxDriver
Capabilities [{applicationCacheEnabled=true, rotatable=false, handlesAlerts=true, databaseEnabled=true, version=47.0.1, platform=WINDOWS, nativeEvents=false, acceptSslCerts=true, webStorageEnabled=true, locationContextEnabled=true, browserName=firefox, takesScreenshot=true, javascriptEnabled=true, cssSelectorsEnabled=true}]
Session ID: 29d31581-160a-41e5-abcf-34d64d1a5e16
	at org.openqa.selenium.remote.ErrorHandler.createThrowable(ErrorHandler.java:206)
	at org.openqa.selenium.remote.ErrorHandler.throwIfResponseFailed(ErrorHandler.java:158)
	at org.openqa.selenium.remote.RemoteWebDriver.execute(RemoteWebDriver.java:678)
	at org.openqa.selenium.remote.RemoteWebDriver.executeScript(RemoteWebDriver.java:577)
	at com.lima.library.AdjunoUILibrary.getNoOfRowsGrid(AdjunoUILibrary.java:181)
	at com.lima.pagefactory.AdjunoLIMAContainerRestitutionPOM.getNoOfRowsGrid(AdjunoLIMAContainerRestitutionPOM.java:796)
	at com.lima.test.AdjunoLIMAContainerRestitutionTest.test_22_VerifyGridValue(AdjunoLIMAContainerRestitutionTest.java:944)
Caused by: org.openqa.selenium.WebDriverException: window.ArenaForms.LH_Container_Restitution_Upload_SUT is undefined
Build info: version: '2.53.1', revision: 'a36b8b1', time: '2016-06-30 17:32:46'
System info: host: 'LAPTOP-L9I71BEA', ip: '192.168.1.16', os.name: 'Windows 10', os.arch: 'amd64', os.version: '10.0', java.version: '1.8.0_121'
Driver info: driver.version: unknown
	at <anonymous class>.anonymous(https://uat-lima46.adjuno.com/default.aspx?Guid=0f10994c8bf44e03bf55cafacb36a7d9&MenuId=&Action=ToolDraw&ActionOption=Reports&Reference=&Id=&_Stage=InstantGenerate&ReportName=ContainerRestitutionTemplate&_ReportFormat=ExcelOpenXml line 69 > Function:1)
	at <anonymous class>.handleEvaluateEvent(https://uat-lima46.adjuno.com/default.aspx?Guid=0f10994c8bf44e03bf55cafacb36a7d9&MenuId=&Action=ToolDraw&ActionOption=Reports&Reference=&Id=&_Stage=InstantGenerate&ReportName=ContainerRestitutionTemplate&_ReportFormat=ExcelOpenXml:69)
... Removed 28 stack frames]]>
    </failure>
  </testcase> <!-- test_22_VerifyGridValue -->
  <testcase name="test_23_deleteRow" time="0.141" classname="com.lima.test.AdjunoLIMAContainerRestitutionTest">
    <failure type="org.openqa.selenium.WebDriverException" message="window.ArenaForms.LH_Container_Restitution_Upload_SUT is undefined
Command duration or timeout: 141 milliseconds
Build info: version: &amp;apos;2.53.1&amp;apos;, revision: &amp;apos;a36b8b1&amp;apos;, time: &amp;apos;2016-06-30 17:32:46&amp;apos;
System info: host: &amp;apos;LAPTOP-L9I71BEA&amp;apos;, ip: &amp;apos;192.168.1.16&amp;apos;, os.name: &amp;apos;Windows 10&amp;apos;, os.arch: &amp;apos;amd64&amp;apos;, os.version: &amp;apos;10.0&amp;apos;, java.version: &amp;apos;1.8.0_121&amp;apos;
Driver info: org.openqa.selenium.firefox.FirefoxDriver
Capabilities [{applicationCacheEnabled=true, rotatable=false, handlesAlerts=true, databaseEnabled=true, version=47.0.1, platform=WINDOWS, nativeEvents=false, acceptSslCerts=true, webStorageEnabled=true, locationContextEnabled=true, browserName=firefox, takesScreenshot=true, javascriptEnabled=true, cssSelectorsEnabled=true}]
Session ID: 29d31581-160a-41e5-abcf-34d64d1a5e16">
      <![CDATA[org.openqa.selenium.WebDriverException: window.ArenaForms.LH_Container_Restitution_Upload_SUT is undefined
Command duration or timeout: 141 milliseconds
Build info: version: '2.53.1', revision: 'a36b8b1', time: '2016-06-30 17:32:46'
System info: host: 'LAPTOP-L9I71BEA', ip: '192.168.1.16', os.name: 'Windows 10', os.arch: 'amd64', os.version: '10.0', java.version: '1.8.0_121'
Driver info: org.openqa.selenium.firefox.FirefoxDriver
Capabilities [{applicationCacheEnabled=true, rotatable=false, handlesAlerts=true, databaseEnabled=true, version=47.0.1, platform=WINDOWS, nativeEvents=false, acceptSslCerts=true, webStorageEnabled=true, locationContextEnabled=true, browserName=firefox, takesScreenshot=true, javascriptEnabled=true, cssSelectorsEnabled=true}]
Session ID: 29d31581-160a-41e5-abcf-34d64d1a5e16
	at org.openqa.selenium.remote.ErrorHandler.createThrowable(ErrorHandler.java:206)
	at org.openqa.selenium.remote.ErrorHandler.throwIfResponseFailed(ErrorHandler.java:158)
	at org.openqa.selenium.remote.RemoteWebDriver.execute(RemoteWebDriver.java:678)
	at org.openqa.selenium.remote.RemoteWebDriver.executeScript(RemoteWebDriver.java:577)
	at com.lima.library.AdjunoUILibrary.getNoOfRowsGrid(AdjunoUILibrary.java:181)
	at com.lima.pagefactory.AdjunoLIMAContainerRestitutionPOM.getNoOfRowsGrid(AdjunoLIMAContainerRestitutionPOM.java:796)
	at com.lima.test.AdjunoLIMAContainerRestitutionTest.test_23_deleteRow(AdjunoLIMAContainerRestitutionTest.java:1022)
Caused by: org.openqa.selenium.WebDriverException: window.ArenaForms.LH_Container_Restitution_Upload_SUT is undefined
Build info: version: '2.53.1', revision: 'a36b8b1', time: '2016-06-30 17:32:46'
System info: host: 'LAPTOP-L9I71BEA', ip: '192.168.1.16', os.name: 'Windows 10', os.arch: 'amd64', os.version: '10.0', java.version: '1.8.0_121'
Driver info: driver.version: unknown
	at <anonymous class>.anonymous(https://uat-lima46.adjuno.com/default.aspx?Guid=0f10994c8bf44e03bf55cafacb36a7d9&MenuId=&Action=ToolDraw&ActionOption=Reports&Reference=&Id=&_Stage=InstantGenerate&ReportName=ContainerRestitutionTemplate&_ReportFormat=ExcelOpenXml line 69 > Function:1)
	at <anonymous class>.handleEvaluateEvent(https://uat-lima46.adjuno.com/default.aspx?Guid=0f10994c8bf44e03bf55cafacb36a7d9&MenuId=&Action=ToolDraw&ActionOption=Reports&Reference=&Id=&_Stage=InstantGenerate&ReportName=ContainerRestitutionTemplate&_ReportFormat=ExcelOpenXml:69)
... Removed 28 stack frames]]>
    </failure>
  </testcase> <!-- test_23_deleteRow -->
  <testcase name="test_upload" time="0.0" classname="com.lima.test.AdjunoLIMAContainerRestitutionTest">
    <skipped/>
  </testcase> <!-- test_upload -->
  <testcase name="test_26_complete" time="18.212" classname="com.lima.test.AdjunoLIMAContainerRestitutionTest">
    <failure type="java.lang.AssertionError" message="The following asserts failed:
	***** Test ID:34- Complete Chevron is not clicked  ***** expected [true] but found [false]">
      <![CDATA[java.lang.AssertionError: The following asserts failed:
	***** Test ID:34- Complete Chevron is not clicked  ***** expected [true] but found [false]
	at com.lima.test.AdjunoLIMAContainerRestitutionTest.test_26_complete(AdjunoLIMAContainerRestitutionTest.java:1062)
... Removed 26 stack frames]]>
    </failure>
  </testcase> <!-- test_26_complete -->
  <testcase name="test_28_ContainerRestitutionLink" time="10.566" classname="com.lima.test.AdjunoLIMAContainerRestitutionTest">
    <failure type="org.openqa.selenium.ElementNotVisibleException" message="Element is not currently visible and so may not be interacted with
Command duration or timeout: 10.16 seconds
Build info: version: &amp;apos;2.53.1&amp;apos;, revision: &amp;apos;a36b8b1&amp;apos;, time: &amp;apos;2016-06-30 17:32:46&amp;apos;
System info: host: &amp;apos;LAPTOP-L9I71BEA&amp;apos;, ip: &amp;apos;192.168.1.16&amp;apos;, os.name: &amp;apos;Windows 10&amp;apos;, os.arch: &amp;apos;amd64&amp;apos;, os.version: &amp;apos;10.0&amp;apos;, java.version: &amp;apos;1.8.0_121&amp;apos;
Driver info: org.openqa.selenium.firefox.FirefoxDriver
Capabilities [{applicationCacheEnabled=true, rotatable=false, handlesAlerts=true, databaseEnabled=true, version=47.0.1, platform=WINDOWS, nativeEvents=false, acceptSslCerts=true, webStorageEnabled=true, locationContextEnabled=true, browserName=firefox, takesScreenshot=true, javascriptEnabled=true, cssSelectorsEnabled=true}]
Session ID: 29d31581-160a-41e5-abcf-34d64d1a5e16">
      <![CDATA[org.openqa.selenium.ElementNotVisibleException: Element is not currently visible and so may not be interacted with
Command duration or timeout: 10.16 seconds
Build info: version: '2.53.1', revision: 'a36b8b1', time: '2016-06-30 17:32:46'
System info: host: 'LAPTOP-L9I71BEA', ip: '192.168.1.16', os.name: 'Windows 10', os.arch: 'amd64', os.version: '10.0', java.version: '1.8.0_121'
Driver info: org.openqa.selenium.firefox.FirefoxDriver
Capabilities [{applicationCacheEnabled=true, rotatable=false, handlesAlerts=true, databaseEnabled=true, version=47.0.1, platform=WINDOWS, nativeEvents=false, acceptSslCerts=true, webStorageEnabled=true, locationContextEnabled=true, browserName=firefox, takesScreenshot=true, javascriptEnabled=true, cssSelectorsEnabled=true}]
Session ID: 29d31581-160a-41e5-abcf-34d64d1a5e16
	at org.openqa.selenium.remote.ErrorHandler.createThrowable(ErrorHandler.java:206)
	at org.openqa.selenium.remote.ErrorHandler.throwIfResponseFailed(ErrorHandler.java:158)
	at org.openqa.selenium.remote.RemoteWebDriver.execute(RemoteWebDriver.java:678)
	at org.openqa.selenium.remote.RemoteWebElement.execute(RemoteWebElement.java:327)
	at org.openqa.selenium.remote.RemoteWebElement.click(RemoteWebElement.java:85)
	at org.openqa.selenium.support.pagefactory.internal.LocatingElementHandler.invoke(LocatingElementHandler.java:51)
	at com.sun.proxy.$Proxy9.click(Unknown Source)
	at com.lima.pagefactory.AdjunoLIMAContainerRestitutionPOM.clickButtonUsingWebElement(AdjunoLIMAContainerRestitutionPOM.java:938)
	at com.lima.test.AdjunoLIMAContainerRestitutionTest.test_28_ContainerRestitutionLink(AdjunoLIMAContainerRestitutionTest.java:1070)
Caused by: org.openqa.selenium.ElementNotVisibleException: Element is not currently visible and so may not be interacted with
Build info: version: '2.53.1', revision: 'a36b8b1', time: '2016-06-30 17:32:46'
System info: host: 'LAPTOP-L9I71BEA', ip: '192.168.1.16', os.name: 'Windows 10', os.arch: 'amd64', os.version: '10.0', java.version: '1.8.0_121'
Driver info: driver.version: unknown
	at <anonymous class>.fxdriver.preconditions.visible(file:///C:/Users/Anand/AppData/Local/Temp/anonymous7784099055573371073webdriver-profile/extensions/fxdriver@googlecode.com/components/command-processor.js:10092)
	at <anonymous class>.DelayedCommand.prototype.checkPreconditions_(file:///C:/Users/Anand/AppData/Local/Temp/anonymous7784099055573371073webdriver-profile/extensions/fxdriver@googlecode.com/components/command-processor.js:12644)
	at <anonymous class>.DelayedCommand.prototype.executeInternal_/h(file:///C:/Users/Anand/AppData/Local/Temp/anonymous7784099055573371073webdriver-profile/extensions/fxdriver@googlecode.com/components/command-processor.js:12661)
	at <anonymous class>.fxdriver.Timer.prototype.setTimeout/<.notify(file:///C:/Users/Anand/AppData/Local/Temp/anonymous7784099055573371073webdriver-profile/extensions/fxdriver@googlecode.com/components/command-processor.js:625)
... Removed 32 stack frames]]>
    </failure>
  </testcase> <!-- test_28_ContainerRestitutionLink -->
  <testcase name="test_SearchForData" time="101.695" classname="com.lima.test.AdjunoLIMAContainerRestitutionTest">
    <failure type="java.lang.AssertionError" message="The following asserts failed:
	*****  Select Chevron is not clicked in Container Restitution Tool ***** expected [true] but found [false],
	*****__&amp;quot;Restitution Chevron&amp;quot; is not clicked in Container Restitution Select page***** expected [true] but found [false],
	***** Test  Restitution Chevron Page is not loaded ***** expected [true] but found [false]">
      <![CDATA[java.lang.AssertionError: The following asserts failed:
	*****  Select Chevron is not clicked in Container Restitution Tool ***** expected [true] but found [false],
	*****__"Restitution Chevron" is not clicked in Container Restitution Select page***** expected [true] but found [false],
	***** Test  Restitution Chevron Page is not loaded ***** expected [true] but found [false]
	at com.lima.test.AdjunoLIMAContainerRestitutionTest.test_SearchForData(AdjunoLIMAContainerRestitutionTest.java:1138)
... Removed 26 stack frames]]>
    </failure>
  </testcase> <!-- test_SearchForData -->
  <testcase name="test_30_verifyField" time="0.156" classname="com.lima.test.AdjunoLIMAContainerRestitutionTest">
    <failure type="org.openqa.selenium.WebDriverException" message="window.ArenaForms.LH_Container_Restitution_SUT is undefined
Command duration or timeout: 156 milliseconds
Build info: version: &amp;apos;2.53.1&amp;apos;, revision: &amp;apos;a36b8b1&amp;apos;, time: &amp;apos;2016-06-30 17:32:46&amp;apos;
System info: host: &amp;apos;LAPTOP-L9I71BEA&amp;apos;, ip: &amp;apos;192.168.1.16&amp;apos;, os.name: &amp;apos;Windows 10&amp;apos;, os.arch: &amp;apos;amd64&amp;apos;, os.version: &amp;apos;10.0&amp;apos;, java.version: &amp;apos;1.8.0_121&amp;apos;
Driver info: org.openqa.selenium.firefox.FirefoxDriver
Capabilities [{applicationCacheEnabled=true, rotatable=false, handlesAlerts=true, databaseEnabled=true, version=47.0.1, platform=WINDOWS, nativeEvents=false, acceptSslCerts=true, webStorageEnabled=true, locationContextEnabled=true, browserName=firefox, takesScreenshot=true, javascriptEnabled=true, cssSelectorsEnabled=true}]
Session ID: 29d31581-160a-41e5-abcf-34d64d1a5e16">
      <![CDATA[org.openqa.selenium.WebDriverException: window.ArenaForms.LH_Container_Restitution_SUT is undefined
Command duration or timeout: 156 milliseconds
Build info: version: '2.53.1', revision: 'a36b8b1', time: '2016-06-30 17:32:46'
System info: host: 'LAPTOP-L9I71BEA', ip: '192.168.1.16', os.name: 'Windows 10', os.arch: 'amd64', os.version: '10.0', java.version: '1.8.0_121'
Driver info: org.openqa.selenium.firefox.FirefoxDriver
Capabilities [{applicationCacheEnabled=true, rotatable=false, handlesAlerts=true, databaseEnabled=true, version=47.0.1, platform=WINDOWS, nativeEvents=false, acceptSslCerts=true, webStorageEnabled=true, locationContextEnabled=true, browserName=firefox, takesScreenshot=true, javascriptEnabled=true, cssSelectorsEnabled=true}]
Session ID: 29d31581-160a-41e5-abcf-34d64d1a5e16
	at org.openqa.selenium.remote.ErrorHandler.createThrowable(ErrorHandler.java:206)
	at org.openqa.selenium.remote.ErrorHandler.throwIfResponseFailed(ErrorHandler.java:158)
	at org.openqa.selenium.remote.RemoteWebDriver.execute(RemoteWebDriver.java:678)
	at org.openqa.selenium.remote.RemoteWebDriver.executeScript(RemoteWebDriver.java:577)
	at com.lima.library.AdjunoUILibrary.getElement(AdjunoUILibrary.java:91)
	at com.lima.pagefactory.AdjunoLIMAContainerRestitutionPOM.checkDoesFieldsExist(AdjunoLIMAContainerRestitutionPOM.java:715)
	at com.lima.test.AdjunoLIMAContainerRestitutionTest.test_30_verifyField(AdjunoLIMAContainerRestitutionTest.java:1147)
Caused by: org.openqa.selenium.WebDriverException: window.ArenaForms.LH_Container_Restitution_SUT is undefined
Build info: version: '2.53.1', revision: 'a36b8b1', time: '2016-06-30 17:32:46'
System info: host: 'LAPTOP-L9I71BEA', ip: '192.168.1.16', os.name: 'Windows 10', os.arch: 'amd64', os.version: '10.0', java.version: '1.8.0_121'
Driver info: driver.version: unknown
	at <anonymous class>.anonymous(https://uat-lima46.adjuno.com/default.aspx?Guid=0f10994c8bf44e03bf55cafacb36a7d9&MenuId=&Action=ToolDraw&ActionOption=Reports&Reference=&Id=&_Stage=InstantGenerate&ReportName=ContainerRestitutionTemplate&_ReportFormat=ExcelOpenXml line 69 > Function:1)
	at <anonymous class>.handleEvaluateEvent(https://uat-lima46.adjuno.com/default.aspx?Guid=0f10994c8bf44e03bf55cafacb36a7d9&MenuId=&Action=ToolDraw&ActionOption=Reports&Reference=&Id=&_Stage=InstantGenerate&ReportName=ContainerRestitutionTemplate&_ReportFormat=ExcelOpenXml:69)
... Removed 28 stack frames]]>
    </failure>
  </testcase> <!-- test_30_verifyField -->
  <testcase name="test_31_VerifyRestitutionChevronMandatoryFields" time="0.157" classname="com.lima.test.AdjunoLIMAContainerRestitutionTest">
    <failure type="org.openqa.selenium.WebDriverException" message="window.ArenaForms.LH_Container_Restitution_SUT is undefined
Command duration or timeout: 157 milliseconds
Build info: version: &amp;apos;2.53.1&amp;apos;, revision: &amp;apos;a36b8b1&amp;apos;, time: &amp;apos;2016-06-30 17:32:46&amp;apos;
System info: host: &amp;apos;LAPTOP-L9I71BEA&amp;apos;, ip: &amp;apos;192.168.1.16&amp;apos;, os.name: &amp;apos;Windows 10&amp;apos;, os.arch: &amp;apos;amd64&amp;apos;, os.version: &amp;apos;10.0&amp;apos;, java.version: &amp;apos;1.8.0_121&amp;apos;
Driver info: org.openqa.selenium.firefox.FirefoxDriver
Capabilities [{applicationCacheEnabled=true, rotatable=false, handlesAlerts=true, databaseEnabled=true, version=47.0.1, platform=WINDOWS, nativeEvents=false, acceptSslCerts=true, webStorageEnabled=true, locationContextEnabled=true, browserName=firefox, takesScreenshot=true, javascriptEnabled=true, cssSelectorsEnabled=true}]
Session ID: 29d31581-160a-41e5-abcf-34d64d1a5e16">
      <![CDATA[org.openqa.selenium.WebDriverException: window.ArenaForms.LH_Container_Restitution_SUT is undefined
Command duration or timeout: 157 milliseconds
Build info: version: '2.53.1', revision: 'a36b8b1', time: '2016-06-30 17:32:46'
System info: host: 'LAPTOP-L9I71BEA', ip: '192.168.1.16', os.name: 'Windows 10', os.arch: 'amd64', os.version: '10.0', java.version: '1.8.0_121'
Driver info: org.openqa.selenium.firefox.FirefoxDriver
Capabilities [{applicationCacheEnabled=true, rotatable=false, handlesAlerts=true, databaseEnabled=true, version=47.0.1, platform=WINDOWS, nativeEvents=false, acceptSslCerts=true, webStorageEnabled=true, locationContextEnabled=true, browserName=firefox, takesScreenshot=true, javascriptEnabled=true, cssSelectorsEnabled=true}]
Session ID: 29d31581-160a-41e5-abcf-34d64d1a5e16
	at org.openqa.selenium.remote.ErrorHandler.createThrowable(ErrorHandler.java:206)
	at org.openqa.selenium.remote.ErrorHandler.throwIfResponseFailed(ErrorHandler.java:158)
	at org.openqa.selenium.remote.RemoteWebDriver.execute(RemoteWebDriver.java:678)
	at org.openqa.selenium.remote.RemoteWebDriver.executeScript(RemoteWebDriver.java:577)
	at com.lima.library.AdjunoUILibrary.getValidationMessageGridElement(AdjunoUILibrary.java:310)
	at com.lima.pagefactory.AdjunoLIMAContainerRestitutionPOM.getValidationMessageGridElement(AdjunoLIMAContainerRestitutionPOM.java:1042)
	at com.lima.test.AdjunoLIMAContainerRestitutionTest.test_31_VerifyRestitutionChevronMandatoryFields(AdjunoLIMAContainerRestitutionTest.java:1172)
Caused by: org.openqa.selenium.WebDriverException: window.ArenaForms.LH_Container_Restitution_SUT is undefined
Build info: version: '2.53.1', revision: 'a36b8b1', time: '2016-06-30 17:32:46'
System info: host: 'LAPTOP-L9I71BEA', ip: '192.168.1.16', os.name: 'Windows 10', os.arch: 'amd64', os.version: '10.0', java.version: '1.8.0_121'
Driver info: driver.version: unknown
	at <anonymous class>.anonymous(https://uat-lima46.adjuno.com/default.aspx?Guid=0f10994c8bf44e03bf55cafacb36a7d9&MenuId=&Action=ToolDraw&ActionOption=Reports&Reference=&Id=&_Stage=InstantGenerate&ReportName=ContainerRestitutionTemplate&_ReportFormat=ExcelOpenXml line 69 > Function:1)
	at <anonymous class>.handleEvaluateEvent(https://uat-lima46.adjuno.com/default.aspx?Guid=0f10994c8bf44e03bf55cafacb36a7d9&MenuId=&Action=ToolDraw&ActionOption=Reports&Reference=&Id=&_Stage=InstantGenerate&ReportName=ContainerRestitutionTemplate&_ReportFormat=ExcelOpenXml:69)
... Removed 28 stack frames]]>
    </failure>
  </testcase> <!-- test_31_VerifyRestitutionChevronMandatoryFields -->
  <testcase name="test_32_VerifyGridValue" time="0.156" classname="com.lima.test.AdjunoLIMAContainerRestitutionTest">
    <failure type="org.openqa.selenium.WebDriverException" message="window.ArenaForms.LH_Container_Restitution_SUT is undefined
Command duration or timeout: 156 milliseconds
Build info: version: &amp;apos;2.53.1&amp;apos;, revision: &amp;apos;a36b8b1&amp;apos;, time: &amp;apos;2016-06-30 17:32:46&amp;apos;
System info: host: &amp;apos;LAPTOP-L9I71BEA&amp;apos;, ip: &amp;apos;192.168.1.16&amp;apos;, os.name: &amp;apos;Windows 10&amp;apos;, os.arch: &amp;apos;amd64&amp;apos;, os.version: &amp;apos;10.0&amp;apos;, java.version: &amp;apos;1.8.0_121&amp;apos;
Driver info: org.openqa.selenium.firefox.FirefoxDriver
Capabilities [{applicationCacheEnabled=true, rotatable=false, handlesAlerts=true, databaseEnabled=true, version=47.0.1, platform=WINDOWS, nativeEvents=false, acceptSslCerts=true, webStorageEnabled=true, locationContextEnabled=true, browserName=firefox, takesScreenshot=true, javascriptEnabled=true, cssSelectorsEnabled=true}]
Session ID: 29d31581-160a-41e5-abcf-34d64d1a5e16">
      <![CDATA[org.openqa.selenium.WebDriverException: window.ArenaForms.LH_Container_Restitution_SUT is undefined
Command duration or timeout: 156 milliseconds
Build info: version: '2.53.1', revision: 'a36b8b1', time: '2016-06-30 17:32:46'
System info: host: 'LAPTOP-L9I71BEA', ip: '192.168.1.16', os.name: 'Windows 10', os.arch: 'amd64', os.version: '10.0', java.version: '1.8.0_121'
Driver info: org.openqa.selenium.firefox.FirefoxDriver
Capabilities [{applicationCacheEnabled=true, rotatable=false, handlesAlerts=true, databaseEnabled=true, version=47.0.1, platform=WINDOWS, nativeEvents=false, acceptSslCerts=true, webStorageEnabled=true, locationContextEnabled=true, browserName=firefox, takesScreenshot=true, javascriptEnabled=true, cssSelectorsEnabled=true}]
Session ID: 29d31581-160a-41e5-abcf-34d64d1a5e16
	at org.openqa.selenium.remote.ErrorHandler.createThrowable(ErrorHandler.java:206)
	at org.openqa.selenium.remote.ErrorHandler.throwIfResponseFailed(ErrorHandler.java:158)
	at org.openqa.selenium.remote.RemoteWebDriver.execute(RemoteWebDriver.java:678)
	at org.openqa.selenium.remote.RemoteWebDriver.executeScript(RemoteWebDriver.java:577)
	at com.lima.library.AdjunoUILibrary.getNoOfRowsGrid(AdjunoUILibrary.java:181)
	at com.lima.pagefactory.AdjunoLIMAContainerRestitutionPOM.getNoOfRowsGrid(AdjunoLIMAContainerRestitutionPOM.java:796)
	at com.lima.test.AdjunoLIMAContainerRestitutionTest.test_32_VerifyGridValue(AdjunoLIMAContainerRestitutionTest.java:1222)
Caused by: org.openqa.selenium.WebDriverException: window.ArenaForms.LH_Container_Restitution_SUT is undefined
Build info: version: '2.53.1', revision: 'a36b8b1', time: '2016-06-30 17:32:46'
System info: host: 'LAPTOP-L9I71BEA', ip: '192.168.1.16', os.name: 'Windows 10', os.arch: 'amd64', os.version: '10.0', java.version: '1.8.0_121'
Driver info: driver.version: unknown
	at <anonymous class>.anonymous(https://uat-lima46.adjuno.com/default.aspx?Guid=0f10994c8bf44e03bf55cafacb36a7d9&MenuId=&Action=ToolDraw&ActionOption=Reports&Reference=&Id=&_Stage=InstantGenerate&ReportName=ContainerRestitutionTemplate&_ReportFormat=ExcelOpenXml line 69 > Function:1)
	at <anonymous class>.handleEvaluateEvent(https://uat-lima46.adjuno.com/default.aspx?Guid=0f10994c8bf44e03bf55cafacb36a7d9&MenuId=&Action=ToolDraw&ActionOption=Reports&Reference=&Id=&_Stage=InstantGenerate&ReportName=ContainerRestitutionTemplate&_ReportFormat=ExcelOpenXml:69)
... Removed 28 stack frames]]>
    </failure>
  </testcase> <!-- test_32_VerifyGridValue -->
  <testcase name="test_33_complete" time="21.319" classname="com.lima.test.AdjunoLIMAContainerRestitutionTest">
    <failure type="org.openqa.selenium.NoSuchElementException" message="Unable to locate element: {&amp;quot;method&amp;quot;:&amp;quot;xpath&amp;quot;,&amp;quot;selector&amp;quot;:&amp;quot;.//*[@id=&amp;apos;ProgressForm_FeedbackControl_inner&amp;apos;]&amp;quot;}
Command duration or timeout: 10.15 seconds
For documentation on this error, please visit: http://seleniumhq.org/exceptions/no_such_element.html
Build info: version: &amp;apos;2.53.1&amp;apos;, revision: &amp;apos;a36b8b1&amp;apos;, time: &amp;apos;2016-06-30 17:32:46&amp;apos;
System info: host: &amp;apos;LAPTOP-L9I71BEA&amp;apos;, ip: &amp;apos;192.168.1.16&amp;apos;, os.name: &amp;apos;Windows 10&amp;apos;, os.arch: &amp;apos;amd64&amp;apos;, os.version: &amp;apos;10.0&amp;apos;, java.version: &amp;apos;1.8.0_121&amp;apos;
Driver info: org.openqa.selenium.firefox.FirefoxDriver
Capabilities [{applicationCacheEnabled=true, rotatable=false, handlesAlerts=true, databaseEnabled=true, version=47.0.1, platform=WINDOWS, nativeEvents=false, acceptSslCerts=true, webStorageEnabled=true, locationContextEnabled=true, browserName=firefox, takesScreenshot=true, javascriptEnabled=true, cssSelectorsEnabled=true}]
Session ID: 29d31581-160a-41e5-abcf-34d64d1a5e16
*** Element info: {Using=xpath, value=.//*[@id=&amp;apos;ProgressForm_FeedbackControl_inner&amp;apos;]}">
      <![CDATA[org.openqa.selenium.NoSuchElementException: Unable to locate element: {"method":"xpath","selector":".//*[@id='ProgressForm_FeedbackControl_inner']"}
Command duration or timeout: 10.15 seconds
For documentation on this error, please visit: http://seleniumhq.org/exceptions/no_such_element.html
Build info: version: '2.53.1', revision: 'a36b8b1', time: '2016-06-30 17:32:46'
System info: host: 'LAPTOP-L9I71BEA', ip: '192.168.1.16', os.name: 'Windows 10', os.arch: 'amd64', os.version: '10.0', java.version: '1.8.0_121'
Driver info: org.openqa.selenium.firefox.FirefoxDriver
Capabilities [{applicationCacheEnabled=true, rotatable=false, handlesAlerts=true, databaseEnabled=true, version=47.0.1, platform=WINDOWS, nativeEvents=false, acceptSslCerts=true, webStorageEnabled=true, locationContextEnabled=true, browserName=firefox, takesScreenshot=true, javascriptEnabled=true, cssSelectorsEnabled=true}]
Session ID: 29d31581-160a-41e5-abcf-34d64d1a5e16
*** Element info: {Using=xpath, value=.//*[@id='ProgressForm_FeedbackControl_inner']}
	at org.openqa.selenium.remote.ErrorHandler.createThrowable(ErrorHandler.java:206)
	at org.openqa.selenium.remote.ErrorHandler.throwIfResponseFailed(ErrorHandler.java:158)
	at org.openqa.selenium.remote.RemoteWebDriver.execute(RemoteWebDriver.java:678)
	at org.openqa.selenium.remote.RemoteWebDriver.findElement(RemoteWebDriver.java:363)
	at org.openqa.selenium.remote.RemoteWebDriver.findElementByXPath(RemoteWebDriver.java:500)
	at org.openqa.selenium.By$ByXPath.findElement(By.java:361)
	at org.openqa.selenium.remote.RemoteWebDriver.findElement(RemoteWebDriver.java:355)
	at org.openqa.selenium.support.pagefactory.DefaultElementLocator.findElement(DefaultElementLocator.java:69)
	at org.openqa.selenium.support.pagefactory.internal.LocatingElementHandler.invoke(LocatingElementHandler.java:38)
	at com.sun.proxy.$Proxy9.getText(Unknown Source)
	at com.lima.test.AdjunoLIMAContainerRestitutionTest.test_33_complete(AdjunoLIMAContainerRestitutionTest.java:1300)
Caused by: org.openqa.selenium.NoSuchElementException: Unable to locate element: {"method":"xpath","selector":".//*[@id='ProgressForm_FeedbackControl_inner']"}
For documentation on this error, please visit: http://seleniumhq.org/exceptions/no_such_element.html
Build info: version: '2.53.1', revision: 'a36b8b1', time: '2016-06-30 17:32:46'
System info: host: 'LAPTOP-L9I71BEA', ip: '192.168.1.16', os.name: 'Windows 10', os.arch: 'amd64', os.version: '10.0', java.version: '1.8.0_121'
Driver info: driver.version: unknown
	at <anonymous class>.FirefoxDriver.prototype.findElementInternal_(file:///C:/Users/Anand/AppData/Local/Temp/anonymous7784099055573371073webdriver-profile/extensions/fxdriver@googlecode.com/components/driver-component.js:10770)
	at <anonymous class>.fxdriver.Timer.prototype.setTimeout/<.notify(file:///C:/Users/Anand/AppData/Local/Temp/anonymous7784099055573371073webdriver-profile/extensions/fxdriver@googlecode.com/components/driver-component.js:625)
... Removed 28 stack frames]]>
    </failure>
  </testcase> <!-- test_33_complete -->
  <testcase name="test_34_ClickOnTrackLink" time="38.477" classname="com.lima.test.AdjunoLIMAContainerRestitutionTest"/>
  <testcase name="test_35_setTrackNumber" time="0.297" classname="com.lima.test.AdjunoLIMAContainerRestitutionTest">
    <failure type="java.lang.AssertionError" message="The following asserts failed:
	***** Test ID:35-Track number value is empty***** expected [true] but found [false]">
      <![CDATA[java.lang.AssertionError: The following asserts failed:
	***** Test ID:35-Track number value is empty***** expected [true] but found [false]
	at com.lima.test.AdjunoLIMAContainerRestitutionTest.test_35_setTrackNumber(AdjunoLIMAContainerRestitutionTest.java:1345)
... Removed 26 stack frames]]>
    </failure>
  </testcase> <!-- test_35_setTrackNumber -->
  <testcase name="test_36_clickRestitutionLink" time="10.533" classname="com.lima.test.AdjunoLIMAContainerRestitutionTest">
    <failure type="org.openqa.selenium.ElementNotVisibleException" message="Element is not currently visible and so may not be interacted with
Command duration or timeout: 10.19 seconds
Build info: version: &amp;apos;2.53.1&amp;apos;, revision: &amp;apos;a36b8b1&amp;apos;, time: &amp;apos;2016-06-30 17:32:46&amp;apos;
System info: host: &amp;apos;LAPTOP-L9I71BEA&amp;apos;, ip: &amp;apos;192.168.1.16&amp;apos;, os.name: &amp;apos;Windows 10&amp;apos;, os.arch: &amp;apos;amd64&amp;apos;, os.version: &amp;apos;10.0&amp;apos;, java.version: &amp;apos;1.8.0_121&amp;apos;
Driver info: org.openqa.selenium.firefox.FirefoxDriver
Capabilities [{applicationCacheEnabled=true, rotatable=false, handlesAlerts=true, databaseEnabled=true, version=47.0.1, platform=WINDOWS, nativeEvents=false, acceptSslCerts=true, webStorageEnabled=true, locationContextEnabled=true, browserName=firefox, takesScreenshot=true, javascriptEnabled=true, cssSelectorsEnabled=true}]
Session ID: 29d31581-160a-41e5-abcf-34d64d1a5e16">
      <![CDATA[org.openqa.selenium.ElementNotVisibleException: Element is not currently visible and so may not be interacted with
Command duration or timeout: 10.19 seconds
Build info: version: '2.53.1', revision: 'a36b8b1', time: '2016-06-30 17:32:46'
System info: host: 'LAPTOP-L9I71BEA', ip: '192.168.1.16', os.name: 'Windows 10', os.arch: 'amd64', os.version: '10.0', java.version: '1.8.0_121'
Driver info: org.openqa.selenium.firefox.FirefoxDriver
Capabilities [{applicationCacheEnabled=true, rotatable=false, handlesAlerts=true, databaseEnabled=true, version=47.0.1, platform=WINDOWS, nativeEvents=false, acceptSslCerts=true, webStorageEnabled=true, locationContextEnabled=true, browserName=firefox, takesScreenshot=true, javascriptEnabled=true, cssSelectorsEnabled=true}]
Session ID: 29d31581-160a-41e5-abcf-34d64d1a5e16
	at org.openqa.selenium.remote.ErrorHandler.createThrowable(ErrorHandler.java:206)
	at org.openqa.selenium.remote.ErrorHandler.throwIfResponseFailed(ErrorHandler.java:158)
	at org.openqa.selenium.remote.RemoteWebDriver.execute(RemoteWebDriver.java:678)
	at org.openqa.selenium.remote.RemoteWebElement.execute(RemoteWebElement.java:327)
	at org.openqa.selenium.remote.RemoteWebElement.click(RemoteWebElement.java:85)
	at org.openqa.selenium.support.pagefactory.internal.LocatingElementHandler.invoke(LocatingElementHandler.java:51)
	at com.sun.proxy.$Proxy9.click(Unknown Source)
	at com.lima.pagefactory.AdjunoLIMAContainerRestitutionPOM.clickButtonUsingWebElement(AdjunoLIMAContainerRestitutionPOM.java:938)
	at com.lima.test.AdjunoLIMAContainerRestitutionTest.test_36_clickRestitutionLink(AdjunoLIMAContainerRestitutionTest.java:1355)
Caused by: org.openqa.selenium.ElementNotVisibleException: Element is not currently visible and so may not be interacted with
Build info: version: '2.53.1', revision: 'a36b8b1', time: '2016-06-30 17:32:46'
System info: host: 'LAPTOP-L9I71BEA', ip: '192.168.1.16', os.name: 'Windows 10', os.arch: 'amd64', os.version: '10.0', java.version: '1.8.0_121'
Driver info: driver.version: unknown
	at <anonymous class>.fxdriver.preconditions.visible(file:///C:/Users/Anand/AppData/Local/Temp/anonymous7784099055573371073webdriver-profile/extensions/fxdriver@googlecode.com/components/command-processor.js:10092)
	at <anonymous class>.DelayedCommand.prototype.checkPreconditions_(file:///C:/Users/Anand/AppData/Local/Temp/anonymous7784099055573371073webdriver-profile/extensions/fxdriver@googlecode.com/components/command-processor.js:12644)
	at <anonymous class>.DelayedCommand.prototype.executeInternal_/h(file:///C:/Users/Anand/AppData/Local/Temp/anonymous7784099055573371073webdriver-profile/extensions/fxdriver@googlecode.com/components/command-processor.js:12661)
	at <anonymous class>.fxdriver.Timer.prototype.setTimeout/<.notify(file:///C:/Users/Anand/AppData/Local/Temp/anonymous7784099055573371073webdriver-profile/extensions/fxdriver@googlecode.com/components/command-processor.js:625)
... Removed 32 stack frames]]>
    </failure>
  </testcase> <!-- test_36_clickRestitutionLink -->
  <testcase name="test_37_accessContainerRestitution" time="10.408" classname="com.lima.test.AdjunoLIMAContainerRestitutionTest"/>
  <testcase name="test_38_SearchContainerSearch" time="46.561" classname="com.lima.test.AdjunoLIMAContainerRestitutionTest">
    <failure type="java.lang.AssertionError" message="The following asserts failed:
	***** Test ID:38- Container Value is Empty***** expected [true] but found [false]">
      <![CDATA[java.lang.AssertionError: The following asserts failed:
	***** Test ID:38- Container Value is Empty***** expected [true] but found [false]
	at com.lima.test.AdjunoLIMAContainerRestitutionTest.test_38_SearchContainerSearch(AdjunoLIMAContainerRestitutionTest.java:1453)
... Removed 26 stack frames]]>
    </failure>
  </testcase> <!-- test_38_SearchContainerSearch -->
  <testcase name="test_39_navigateToRestitutionChevron" time="13.066" classname="com.lima.test.AdjunoLIMAContainerRestitutionTest"/>
  <testcase name="test_40_VerifyGridValue" time="24.627" classname="com.lima.test.AdjunoLIMAContainerRestitutionTest"/>
  <testcase name="test_41_complete" time="12.995" classname="com.lima.test.AdjunoLIMAContainerRestitutionTest"/>
  <testcase name="test_42_ClickOnTrackLink" time="41.102" classname="com.lima.test.AdjunoLIMAContainerRestitutionTest"/>
  <testcase name="test_43_setTrackNumber" time="10.651" classname="com.lima.test.AdjunoLIMAContainerRestitutionTest"/>
  <testcase name="test_44_clickRestitutionLink" time="7.182" classname="com.lima.test.AdjunoLIMAContainerRestitutionTest">
    <failure type="java.lang.NullPointerException">
      <![CDATA[java.lang.NullPointerException
	at java.lang.String.contains(Unknown Source)
	at com.lima.test.AdjunoLIMAContainerRestitutionTest.test_44_clickRestitutionLink(AdjunoLIMAContainerRestitutionTest.java:1624)
... Removed 25 stack frames]]>
    </failure>
  </testcase> <!-- test_44_clickRestitutionLink -->
  <testcase name="test_45_accessContainerRestitution" time="8.899" classname="com.lima.test.AdjunoLIMAContainerRestitutionTest"/>
  <testcase name="test_46_SearchContainerSearch" time="46.752" classname="com.lima.test.AdjunoLIMAContainerRestitutionTest">
    <failure type="java.lang.AssertionError" message="The following asserts failed:
	***** Test ID:46- Container Value is Empty***** expected [true] but found [false]">
      <![CDATA[java.lang.AssertionError: The following asserts failed:
	***** Test ID:46- Container Value is Empty***** expected [true] but found [false]
	at com.lima.test.AdjunoLIMAContainerRestitutionTest.test_46_SearchContainerSearch(AdjunoLIMAContainerRestitutionTest.java:1701)
... Removed 26 stack frames]]>
    </failure>
  </testcase> <!-- test_46_SearchContainerSearch -->
  <testcase name="test_47_navigateToRestitutionChevron" time="11.704" classname="com.lima.test.AdjunoLIMAContainerRestitutionTest"/>
  <testcase name="test_48_VerifyGridValue" time="17.811" classname="com.lima.test.AdjunoLIMAContainerRestitutionTest"/>
  <testcase name="test_49_complete" time="11.63" classname="com.lima.test.AdjunoLIMAContainerRestitutionTest"/>
  <testcase name="test_50_ClickOnTrackLink" time="41.274" classname="com.lima.test.AdjunoLIMAContainerRestitutionTest"/>
  <testcase name="test_51_setTrackNumber" time="9.946" classname="com.lima.test.AdjunoLIMAContainerRestitutionTest"/>
  <testcase name="test_52_clickRestitutionLink" time="7.776" classname="com.lima.test.AdjunoLIMAContainerRestitutionTest">
    <failure type="java.lang.AssertionError" message="The following asserts failed:
	 Test ID : 52 - In Container Restitution page Container value is not matching ***** expected [true] but found [false]">
      <![CDATA[java.lang.AssertionError: The following asserts failed:
	 Test ID : 52 - In Container Restitution page Container value is not matching ***** expected [true] but found [false]
	at com.lima.test.AdjunoLIMAContainerRestitutionTest.test_52_clickRestitutionLink(AdjunoLIMAContainerRestitutionTest.java:1879)
... Removed 26 stack frames]]>
    </failure>
  </testcase> <!-- test_52_clickRestitutionLink -->
  <testcase name="test_53_accessContainerRestitution" time="9.08" classname="com.lima.test.AdjunoLIMAContainerRestitutionTest"/>
  <testcase name="test_54_SearchContainerSearch" time="46.841" classname="com.lima.test.AdjunoLIMAContainerRestitutionTest">
    <failure type="java.lang.AssertionError" message="The following asserts failed:
	***** Test ID:39- Container Value is Empty***** expected [true] but found [false]">
      <![CDATA[java.lang.AssertionError: The following asserts failed:
	***** Test ID:39- Container Value is Empty***** expected [true] but found [false]
	at com.lima.test.AdjunoLIMAContainerRestitutionTest.test_54_SearchContainerSearch(AdjunoLIMAContainerRestitutionTest.java:1949)
... Removed 26 stack frames]]>
    </failure>
  </testcase> <!-- test_54_SearchContainerSearch -->
</testsuite> <!-- Container Restitution -->
