<?xml version="1.0" encoding="UTF-8"?>
<!-- Generated by org.testng.reporters.JUnitXMLReporter -->
<testsuite hostname="LAPTOP-L9I71BEA" name="Delivery Yard" tests="49" failures="5" timestamp="5 Feb 2018 10:17:14 GMT" time="1205.756" errors="0">
  <testcase name="test_accessCatalog" time="15.577" classname="com.lima.test.AdjunoLIMADeliveredYardTest"/>
  <testcase name="test_1_accessDeliveredYardLink" time="33.533" classname="com.lima.test.AdjunoLIMADeliveredYardTest"/>
  <testcase name="test_2_checkChevorons" time="1.235" classname="com.lima.test.AdjunoLIMADeliveredYardTest"/>
  <testcase name="test_3_CheckForExistanceOfFields" time="1.64" classname="com.lima.test.AdjunoLIMADeliveredYardTest"/>
  <testcase name="test_5_VerifyStatusDropDownValues" time="0.079" classname="com.lima.test.AdjunoLIMADeliveredYardTest"/>
  <testcase name="getValidContainerList" time="37.639" classname="com.lima.test.AdjunoLIMADeliveredYardTest"/>
  <testcase name="test_13_VerifyInvalidContainer" time="18.806" classname="com.lima.test.AdjunoLIMADeliveredYardTest"/>
  <testcase name="test_8_verifyDestinationPort" time="26.822" classname="com.lima.test.AdjunoLIMADeliveredYardTest"/>
  <testcase name="test_9_verifyEtaFrom" time="32.309" classname="com.lima.test.AdjunoLIMADeliveredYardTest"/>
  <testcase name="test_10_verifyEtaTo" time="45.343" classname="com.lima.test.AdjunoLIMADeliveredYardTest"/>
  <testcase name="test_11_verifyStatus" time="25.662" classname="com.lima.test.AdjunoLIMADeliveredYardTest"/>
  <testcase name="test_12_verifyVessel" time="20.128" classname="com.lima.test.AdjunoLIMADeliveredYardTest"/>
  <testcase name="test_16_verifyForwardRef" time="21.444" classname="com.lima.test.AdjunoLIMADeliveredYardTest"/>
  <testcase name="test_14_VerifyValidContainerSearch" time="29.726" classname="com.lima.test.AdjunoLIMADeliveredYardTest"/>
  <testcase name="test_7_verifyFieldsInSelectChevron" time="2.531" classname="com.lima.test.AdjunoLIMADeliveredYardTest"/>
  <testcase name="test_17_downloadYardtemplate" time="24.173" classname="com.lima.test.AdjunoLIMADeliveredYardTest"/>
  <testcase name="test_19_verifyUpdateChevron" time="16.549" classname="com.lima.test.AdjunoLIMADeliveredYardTest"/>
  <testcase name="test_18_uploadYardTemplate" time="35.545" classname="com.lima.test.AdjunoLIMADeliveredYardTest"/>
  <testcase name="test_verifyField" time="2.734" classname="com.lima.test.AdjunoLIMADeliveredYardTest"/>
  <testcase name="test_20_VerifyMandatory" time="0.203" classname="com.lima.test.AdjunoLIMADeliveredYardTest">
    <failure type="java.lang.AssertionError" message="The following asserts failed:
	***** Test ID : 20In Delivered Yard Tool Under Update Chevron &amp;quot; Destination&amp;quot; Field Mandatory message is not displayed***** expected [true] but found [false]">
      <![CDATA[java.lang.AssertionError: The following asserts failed:
	***** Test ID : 20In Delivered Yard Tool Under Update Chevron " Destination" Field Mandatory message is not displayed***** expected [true] but found [false]
	at com.lima.test.AdjunoLIMADeliveredYardTest.test_20_VerifyMandatory(AdjunoLIMADeliveredYardTest.java:926)
... Removed 26 stack frames]]>
    </failure>
  </testcase> <!-- test_20_VerifyMandatory -->
  <testcase name="test_21_VerifyGridValue" time="20.284" classname="com.lima.test.AdjunoLIMADeliveredYardTest"/>
  <testcase name="test_22_deleteRow" time="9.412" classname="com.lima.test.AdjunoLIMADeliveredYardTest"/>
  <testcase name="test_upload" time="54.587" classname="com.lima.test.AdjunoLIMADeliveredYardTest"/>
  <testcase name="test_23_complete" time="12.83" classname="com.lima.test.AdjunoLIMADeliveredYardTest"/>
  <testcase name="test_25_accessDeliveredYardLink" time="32.681" classname="com.lima.test.AdjunoLIMADeliveredYardTest"/>
  <testcase name="test_26_SearchForData" time="41.377" classname="com.lima.test.AdjunoLIMADeliveredYardTest"/>
  <testcase name="test_27_SearchForData" time="43.913" classname="com.lima.test.AdjunoLIMADeliveredYardTest"/>
  <testcase name="test_28_VerifyMandatory" time="0.156" classname="com.lima.test.AdjunoLIMADeliveredYardTest"/>
  <testcase name="test_29_VerifyGridValue" time="21.956" classname="com.lima.test.AdjunoLIMADeliveredYardTest"/>
  <testcase name="test_30_complete" time="14.045" classname="com.lima.test.AdjunoLIMADeliveredYardTest"/>
  <testcase name="test_32_ClickOnTrackLink" time="37.021" classname="com.lima.test.AdjunoLIMADeliveredYardTest"/>
  <testcase name="test_33_setTrackNumber" time="11.095" classname="com.lima.test.AdjunoLIMADeliveredYardTest"/>
  <testcase name="test_34_clickYardLink" time="10.206" classname="com.lima.test.AdjunoLIMADeliveredYardTest"/>
  <testcase name="test_35_accessDeliveredYardLink" time="33.463" classname="com.lima.test.AdjunoLIMADeliveredYardTest"/>
  <testcase name="test_36_SearchForData" time="43.238" classname="com.lima.test.AdjunoLIMADeliveredYardTest">
    <failure type="java.lang.AssertionError" message="The following asserts failed:
	***** Test ID:36-  Yard ArrivalDate is not matching With Entered value ***** expected [true] but found [false],
	***** Test ID:36-  Destination is not matching With Entered value ***** expected [true] but found [false]">
      <![CDATA[java.lang.AssertionError: The following asserts failed:
	***** Test ID:36-  Yard ArrivalDate is not matching With Entered value ***** expected [true] but found [false],
	***** Test ID:36-  Destination is not matching With Entered value ***** expected [true] but found [false]
	at com.lima.test.AdjunoLIMADeliveredYardTest.test_36_SearchForData(AdjunoLIMADeliveredYardTest.java:1469)
... Removed 26 stack frames]]>
    </failure>
  </testcase> <!-- test_36_SearchForData -->
  <testcase name="test_37_VerifyGridValue" time="20.297" classname="com.lima.test.AdjunoLIMADeliveredYardTest"/>
  <testcase name="test_38_complete" time="18.145" classname="com.lima.test.AdjunoLIMADeliveredYardTest">
    <failure type="org.openqa.selenium.NoSuchElementException" message="Unable to locate element: {&amp;quot;method&amp;quot;:&amp;quot;xpath&amp;quot;,&amp;quot;selector&amp;quot;:&amp;quot;.//*[@id=&amp;apos;ProgressForm_FeedbackControl_inner&amp;apos;]&amp;quot;}
Command duration or timeout: 10.29 seconds
For documentation on this error, please visit: http://seleniumhq.org/exceptions/no_such_element.html
Build info: version: &amp;apos;2.53.1&amp;apos;, revision: &amp;apos;a36b8b1&amp;apos;, time: &amp;apos;2016-06-30 17:32:46&amp;apos;
System info: host: &amp;apos;LAPTOP-L9I71BEA&amp;apos;, ip: &amp;apos;192.168.1.16&amp;apos;, os.name: &amp;apos;Windows 10&amp;apos;, os.arch: &amp;apos;amd64&amp;apos;, os.version: &amp;apos;10.0&amp;apos;, java.version: &amp;apos;1.8.0_121&amp;apos;
Driver info: org.openqa.selenium.firefox.FirefoxDriver
Capabilities [{applicationCacheEnabled=true, rotatable=false, handlesAlerts=true, databaseEnabled=true, version=47.0.1, platform=WINDOWS, nativeEvents=false, acceptSslCerts=true, webStorageEnabled=true, locationContextEnabled=true, browserName=firefox, takesScreenshot=true, javascriptEnabled=true, cssSelectorsEnabled=true}]
Session ID: 19071170-ec4d-40c9-9491-6fb5db8886eb
*** Element info: {Using=xpath, value=.//*[@id=&amp;apos;ProgressForm_FeedbackControl_inner&amp;apos;]}">
      <![CDATA[org.openqa.selenium.NoSuchElementException: Unable to locate element: {"method":"xpath","selector":".//*[@id='ProgressForm_FeedbackControl_inner']"}
Command duration or timeout: 10.29 seconds
For documentation on this error, please visit: http://seleniumhq.org/exceptions/no_such_element.html
Build info: version: '2.53.1', revision: 'a36b8b1', time: '2016-06-30 17:32:46'
System info: host: 'LAPTOP-L9I71BEA', ip: '192.168.1.16', os.name: 'Windows 10', os.arch: 'amd64', os.version: '10.0', java.version: '1.8.0_121'
Driver info: org.openqa.selenium.firefox.FirefoxDriver
Capabilities [{applicationCacheEnabled=true, rotatable=false, handlesAlerts=true, databaseEnabled=true, version=47.0.1, platform=WINDOWS, nativeEvents=false, acceptSslCerts=true, webStorageEnabled=true, locationContextEnabled=true, browserName=firefox, takesScreenshot=true, javascriptEnabled=true, cssSelectorsEnabled=true}]
Session ID: 19071170-ec4d-40c9-9491-6fb5db8886eb
*** Element info: {Using=xpath, value=.//*[@id='ProgressForm_FeedbackControl_inner']}
	at org.openqa.selenium.remote.ErrorHandler.createThrowable(ErrorHandler.java:206)
	at org.openqa.selenium.remote.ErrorHandler.throwIfResponseFailed(ErrorHandler.java:158)
	at org.openqa.selenium.remote.RemoteWebDriver.execute(RemoteWebDriver.java:678)
	at org.openqa.selenium.remote.RemoteWebDriver.findElement(RemoteWebDriver.java:363)
	at org.openqa.selenium.remote.RemoteWebDriver.findElementByXPath(RemoteWebDriver.java:500)
	at org.openqa.selenium.By$ByXPath.findElement(By.java:361)
	at org.openqa.selenium.remote.RemoteWebDriver.findElement(RemoteWebDriver.java:355)
	at org.openqa.selenium.support.pagefactory.DefaultElementLocator.findElement(DefaultElementLocator.java:69)
	at org.openqa.selenium.support.pagefactory.internal.LocatingElementHandler.invoke(LocatingElementHandler.java:38)
	at com.sun.proxy.$Proxy9.getText(Unknown Source)
	at com.lima.test.AdjunoLIMADeliveredYardTest.test_38_complete(AdjunoLIMADeliveredYardTest.java:1534)
Caused by: org.openqa.selenium.NoSuchElementException: Unable to locate element: {"method":"xpath","selector":".//*[@id='ProgressForm_FeedbackControl_inner']"}
For documentation on this error, please visit: http://seleniumhq.org/exceptions/no_such_element.html
Build info: version: '2.53.1', revision: 'a36b8b1', time: '2016-06-30 17:32:46'
System info: host: 'LAPTOP-L9I71BEA', ip: '192.168.1.16', os.name: 'Windows 10', os.arch: 'amd64', os.version: '10.0', java.version: '1.8.0_121'
Driver info: driver.version: unknown
	at <anonymous class>.FirefoxDriver.prototype.findElementInternal_(file:///C:/Users/Anand/AppData/Local/Temp/anonymous3526519855124030462webdriver-profile/extensions/fxdriver@googlecode.com/components/driver-component.js:10770)
	at <anonymous class>.fxdriver.Timer.prototype.setTimeout/<.notify(file:///C:/Users/Anand/AppData/Local/Temp/anonymous3526519855124030462webdriver-profile/extensions/fxdriver@googlecode.com/components/driver-component.js:625)
... Removed 28 stack frames]]>
    </failure>
  </testcase> <!-- test_38_complete -->
  <testcase name="test_40_ClickOnTrackLink" time="35.728" classname="com.lima.test.AdjunoLIMADeliveredYardTest"/>
  <testcase name="test_41_setTrackNumber" time="11.253" classname="com.lima.test.AdjunoLIMADeliveredYardTest"/>
  <testcase name="test_42_clickYardLink" time="9.583" classname="com.lima.test.AdjunoLIMADeliveredYardTest">
    <failure type="java.lang.AssertionError" message="The following asserts failed:
	 Test ID : 42 - In Delivered Yard page Arrived Date value is not matching ***** expected [true] but found [false],
	 Test ID : 42 - In Delivered Yard page Destination value is not matching ***** expected [true] but found [false]">
      <![CDATA[java.lang.AssertionError: The following asserts failed:
	 Test ID : 42 - In Delivered Yard page Arrived Date value is not matching ***** expected [true] but found [false],
	 Test ID : 42 - In Delivered Yard page Destination value is not matching ***** expected [true] but found [false]
	at com.lima.test.AdjunoLIMADeliveredYardTest.test_42_clickYardLink(AdjunoLIMADeliveredYardTest.java:1617)
... Removed 26 stack frames]]>
    </failure>
  </testcase> <!-- test_42_clickYardLink -->
  <testcase name="test_43_accessDeliveredYardLink" time="37.707" classname="com.lima.test.AdjunoLIMADeliveredYardTest"/>
  <testcase name="test_44_SearchForData" time="43.307" classname="com.lima.test.AdjunoLIMADeliveredYardTest">
    <failure type="java.lang.AssertionError" message="The following asserts failed:
	***** Test ID:44-  Yard ArrivalDate is not matching With Entered value ***** expected [true] but found [false]">
      <![CDATA[java.lang.AssertionError: The following asserts failed:
	***** Test ID:44-  Yard ArrivalDate is not matching With Entered value ***** expected [true] but found [false]
	at com.lima.test.AdjunoLIMADeliveredYardTest.test_44_SearchForData(AdjunoLIMADeliveredYardTest.java:1715)
... Removed 26 stack frames]]>
    </failure>
  </testcase> <!-- test_44_SearchForData -->
  <testcase name="test_45_VerifyGridValue" time="20.968" classname="com.lima.test.AdjunoLIMADeliveredYardTest"/>
  <testcase name="test_46_complete" time="21.575" classname="com.lima.test.AdjunoLIMADeliveredYardTest"/>
  <testcase name="test_48_ClickOnTrackLink" time="37.709" classname="com.lima.test.AdjunoLIMADeliveredYardTest"/>
  <testcase name="test_49_setTrackNumber" time="11.207" classname="com.lima.test.AdjunoLIMADeliveredYardTest"/>
  <testcase name="test_50_clickYardLink" time="32.767" classname="com.lima.test.AdjunoLIMADeliveredYardTest"/>
  <testcase name="test_51_accessDeliveredYardLink" time="33.879" classname="com.lima.test.AdjunoLIMADeliveredYardTest"/>
  <testcase name="test_51_SearchForData" time="31.961" classname="com.lima.test.AdjunoLIMADeliveredYardTest"/>
</testsuite> <!-- Delivery Yard -->
