<html>
<head>
<title>TestNG:  Delivery Yard</title>
<link href="../testng.css" rel="stylesheet" type="text/css" />
<link href="../my-testng.css" rel="stylesheet" type="text/css" />

<style type="text/css">
.log { display: none;} 
.stack-trace { display: none;} 
</style>
<script type="text/javascript">
<!--
function flip(e) {
  current = e.style.display;
  if (current == 'block') {
    e.style.display = 'none';
    return 0;
  }
  else {
    e.style.display = 'block';
    return 1;
  }
}

function toggleBox(szDivId, elem, msg1, msg2)
{
  var res = -1;  if (document.getElementById) {
    res = flip(document.getElementById(szDivId));
  }
  else if (document.all) {
    // this is the way old msie versions work
    res = flip(document.all[szDivId]);
  }
  if(elem) {
    if(res == 0) elem.innerHTML = msg1; else elem.innerHTML = msg2;
  }

}

function toggleAllBoxes() {
  if (document.getElementsByTagName) {
    d = document.getElementsByTagName('div');
    for (i = 0; i < d.length; i++) {
      if (d[i].className == 'log') {
        flip(d[i]);
      }
    }
  }
}

// -->
</script>

</head>
<body>
<h2 align='center'>Delivery Yard</h2><table border='1' align="center">
<tr>
<td>Tests passed/Failed/Skipped:</td><td>44/5/0</td>
</tr><tr>
<td>Started on:</td><td>Mon Feb 05 15:27:08 IST 2018</td>
</tr>
<tr><td>Total time:</td><td>1205 seconds (1205756 ms)</td>
</tr><tr>
<td>Included groups:</td><td></td>
</tr><tr>
<td>Excluded groups:</td><td></td>
</tr>
</table><p/>
<small><i>(Hover the method name to see the test class name)</i></small><p/>
<table width='100%' border='1' class='invocation-failed'>
<tr><td colspan='4' align='center'><b>FAILED TESTS</b></td></tr>
<tr><td><b>Test method</b></td>
<td width="30%"><b>Exception</b></td>
<td width="10%"><b>Time (seconds)</b></td>
<td><b>Instance</b></td>
</tr>
<tr>
<td title='com.lima.test.AdjunoLIMADeliveredYardTest.test_20_VerifyMandatory()'><b>test_20_VerifyMandatory</b><br>Test class: com.lima.test.AdjunoLIMADeliveredYardTest</td>
<td><div><pre>java.lang.AssertionError: The following asserts failed:
	***** Test ID : 20In Delivered Yard Tool Under Update Chevron &quot; Destination&quot; Field Mandatory message is not displayed***** expected [true] but found [false]
	at com.lima.test.AdjunoLIMADeliveredYardTest.test_20_VerifyMandatory(AdjunoLIMADeliveredYardTest.java:926)
... Removed 26 stack frames</pre></div><a href='#' onClick='toggleBox("stack-trace211984447", this, "Click to show all stack frames", "Click to hide stack frames")'>Click to show all stack frames</a>
<div class='stack-trace' id='stack-trace211984447'><pre>java.lang.AssertionError: The following asserts failed:
	***** Test ID : 20In Delivered Yard Tool Under Update Chevron &quot; Destination&quot; Field Mandatory message is not displayed***** expected [true] but found [false]
	at org.testng.asserts.SoftAssert.assertAll(SoftAssert.java:43)
	at com.lima.test.AdjunoLIMADeliveredYardTest.test_20_VerifyMandatory(AdjunoLIMADeliveredYardTest.java:926)
	at sun.reflect.NativeMethodAccessorImpl.invoke0(Native Method)
	at sun.reflect.NativeMethodAccessorImpl.invoke(Unknown Source)
	at sun.reflect.DelegatingMethodAccessorImpl.invoke(Unknown Source)
	at java.lang.reflect.Method.invoke(Unknown Source)
	at org.testng.internal.MethodInvocationHelper.invokeMethod(MethodInvocationHelper.java:100)
	at org.testng.internal.Invoker.invokeMethod(Invoker.java:646)
	at org.testng.internal.Invoker.invokeTestMethod(Invoker.java:811)
	at org.testng.internal.Invoker.invokeTestMethods(Invoker.java:1129)
	at org.testng.internal.TestMethodWorker.invokeTestMethods(TestMethodWorker.java:129)
	at org.testng.internal.TestMethodWorker.run(TestMethodWorker.java:112)
	at org.testng.TestRunner.privateRun(TestRunner.java:746)
	at org.testng.TestRunner.run(TestRunner.java:600)
	at org.testng.SuiteRunner.runTest(SuiteRunner.java:366)
	at org.testng.SuiteRunner.runSequentially(SuiteRunner.java:361)
	at org.testng.SuiteRunner.privateRun(SuiteRunner.java:319)
	at org.testng.SuiteRunner.run(SuiteRunner.java:268)
	at org.testng.SuiteRunnerWorker.runSuite(SuiteRunnerWorker.java:52)
	at org.testng.SuiteRunnerWorker.run(SuiteRunnerWorker.java:86)
	at org.testng.TestNG.runSuitesSequentially(TestNG.java:1264)
	at org.testng.TestNG.runSuitesLocally(TestNG.java:1189)
	at org.testng.TestNG.runSuites(TestNG.java:1104)
	at org.testng.TestNG.run(TestNG.java:1076)
	at org.testng.remote.AbstractRemoteTestNG.run(AbstractRemoteTestNG.java:126)
	at org.testng.remote.RemoteTestNG.initAndRun(RemoteTestNG.java:152)
	at org.testng.remote.RemoteTestNG.main(RemoteTestNG.java:57)
</pre></div></td>
<td>0</td>
<td>com.lima.test.AdjunoLIMADeliveredYardTest@6536e911</td></tr>
<tr>
<td title='com.lima.test.AdjunoLIMADeliveredYardTest.test_36_SearchForData()'><b>test_36_SearchForData</b><br>Test class: com.lima.test.AdjunoLIMADeliveredYardTest</td>
<td><div><pre>java.lang.AssertionError: The following asserts failed:
	***** Test ID:36-  Yard ArrivalDate is not matching With Entered value ***** expected [true] but found [false],
	***** Test ID:36-  Destination is not matching With Entered value ***** expected [true] but found [false]
	at com.lima.test.AdjunoLIMADeliveredYardTest.test_36_SearchForData(AdjunoLIMADeliveredYardTest.java:1469)
... Removed 26 stack frames</pre></div><a href='#' onClick='toggleBox("stack-trace80261050", this, "Click to show all stack frames", "Click to hide stack frames")'>Click to show all stack frames</a>
<div class='stack-trace' id='stack-trace80261050'><pre>java.lang.AssertionError: The following asserts failed:
	***** Test ID:36-  Yard ArrivalDate is not matching With Entered value ***** expected [true] but found [false],
	***** Test ID:36-  Destination is not matching With Entered value ***** expected [true] but found [false]
	at org.testng.asserts.SoftAssert.assertAll(SoftAssert.java:43)
	at com.lima.test.AdjunoLIMADeliveredYardTest.test_36_SearchForData(AdjunoLIMADeliveredYardTest.java:1469)
	at sun.reflect.NativeMethodAccessorImpl.invoke0(Native Method)
	at sun.reflect.NativeMethodAccessorImpl.invoke(Unknown Source)
	at sun.reflect.DelegatingMethodAccessorImpl.invoke(Unknown Source)
	at java.lang.reflect.Method.invoke(Unknown Source)
	at org.testng.internal.MethodInvocationHelper.invokeMethod(MethodInvocationHelper.java:100)
	at org.testng.internal.Invoker.invokeMethod(Invoker.java:646)
	at org.testng.internal.Invoker.invokeTestMethod(Invoker.java:811)
	at org.testng.internal.Invoker.invokeTestMethods(Invoker.java:1129)
	at org.testng.internal.TestMethodWorker.invokeTestMethods(TestMethodWorker.java:129)
	at org.testng.internal.TestMethodWorker.run(TestMethodWorker.java:112)
	at org.testng.TestRunner.privateRun(TestRunner.java:746)
	at org.testng.TestRunner.run(TestRunner.java:600)
	at org.testng.SuiteRunner.runTest(SuiteRunner.java:366)
	at org.testng.SuiteRunner.runSequentially(SuiteRunner.java:361)
	at org.testng.SuiteRunner.privateRun(SuiteRunner.java:319)
	at org.testng.SuiteRunner.run(SuiteRunner.java:268)
	at org.testng.SuiteRunnerWorker.runSuite(SuiteRunnerWorker.java:52)
	at org.testng.SuiteRunnerWorker.run(SuiteRunnerWorker.java:86)
	at org.testng.TestNG.runSuitesSequentially(TestNG.java:1264)
	at org.testng.TestNG.runSuitesLocally(TestNG.java:1189)
	at org.testng.TestNG.runSuites(TestNG.java:1104)
	at org.testng.TestNG.run(TestNG.java:1076)
	at org.testng.remote.AbstractRemoteTestNG.run(AbstractRemoteTestNG.java:126)
	at org.testng.remote.RemoteTestNG.initAndRun(RemoteTestNG.java:152)
	at org.testng.remote.RemoteTestNG.main(RemoteTestNG.java:57)
</pre></div></td>
<td>43</td>
<td>com.lima.test.AdjunoLIMADeliveredYardTest@6536e911</td></tr>
<tr>
<td title='com.lima.test.AdjunoLIMADeliveredYardTest.test_38_complete()'><b>test_38_complete</b><br>Test class: com.lima.test.AdjunoLIMADeliveredYardTest</td>
<td><div><pre>org.openqa.selenium.NoSuchElementException: Unable to locate element: {&quot;method&quot;:&quot;xpath&quot;,&quot;selector&quot;:&quot;.//*[@id=&apos;ProgressForm_FeedbackControl_inner&apos;]&quot;}
Command duration or timeout: 10.29 seconds
For documentation on this error, please visit: http://seleniumhq.org/exceptions/no_such_element.html
Build info: version: &apos;2.53.1&apos;, revision: &apos;a36b8b1&apos;, time: &apos;2016-06-30 17:32:46&apos;
System info: host: &apos;LAPTOP-L9I71BEA&apos;, ip: &apos;192.168.1.16&apos;, os.name: &apos;Windows 10&apos;, os.arch: &apos;amd64&apos;, os.version: &apos;10.0&apos;, java.version: &apos;1.8.0_121&apos;
Driver info: org.openqa.selenium.firefox.FirefoxDriver
Capabilities [{applicationCacheEnabled=true, rotatable=false, handlesAlerts=true, databaseEnabled=true, version=47.0.1, platform=WINDOWS, nativeEvents=false, acceptSslCerts=true, webStorageEnabled=true, locationContextEnabled=true, browserName=firefox, takesScreenshot=true, javascriptEnabled=true, cssSelectorsEnabled=true}]
Session ID: 19071170-ec4d-40c9-9491-6fb5db8886eb
*** Element info: {Using=xpath, value=.//*[@id=&apos;ProgressForm_FeedbackControl_inner&apos;]}
	at org.openqa.selenium.remote.ErrorHandler.createThrowable(ErrorHandler.java:206)
	at org.openqa.selenium.remote.ErrorHandler.throwIfResponseFailed(ErrorHandler.java:158)
	at org.openqa.selenium.remote.RemoteWebDriver.execute(RemoteWebDriver.java:678)
	at org.openqa.selenium.remote.RemoteWebDriver.findElement(RemoteWebDriver.java:363)
	at org.openqa.selenium.remote.RemoteWebDriver.findElementByXPath(RemoteWebDriver.java:500)
	at org.openqa.selenium.By$ByXPath.findElement(By.java:361)
	at org.openqa.selenium.remote.RemoteWebDriver.findElement(RemoteWebDriver.java:355)
	at org.openqa.selenium.support.pagefactory.DefaultElementLocator.findElement(DefaultElementLocator.java:69)
	at org.openqa.selenium.support.pagefactory.internal.LocatingElementHandler.invoke(LocatingElementHandler.java:38)
	at com.sun.proxy.$Proxy9.getText(Unknown Source)
	at com.lima.test.AdjunoLIMADeliveredYardTest.test_38_complete(AdjunoLIMADeliveredYardTest.java:1534)
Caused by: org.openqa.selenium.NoSuchElementException: Unable to locate element: {&quot;method&quot;:&quot;xpath&quot;,&quot;selector&quot;:&quot;.//*[@id=&apos;ProgressForm_FeedbackControl_inner&apos;]&quot;}
For documentation on this error, please visit: http://seleniumhq.org/exceptions/no_such_element.html
Build info: version: &apos;2.53.1&apos;, revision: &apos;a36b8b1&apos;, time: &apos;2016-06-30 17:32:46&apos;
System info: host: &apos;LAPTOP-L9I71BEA&apos;, ip: &apos;192.168.1.16&apos;, os.name: &apos;Windows 10&apos;, os.arch: &apos;amd64&apos;, os.version: &apos;10.0&apos;, java.version: &apos;1.8.0_121&apos;
Driver info: driver.version: unknown
	at &lt;anonymous class&gt;.FirefoxDriver.prototype.findElementInternal_(file:///C:/Users/Anand/AppData/Local/Temp/anonymous3526519855124030462webdriver-profile/extensions/fxdriver@googlecode.com/components/driver-component.js:10770)
	at &lt;anonymous class&gt;.fxdriver.Timer.prototype.setTimeout/&lt;.notify(file:///C:/Users/Anand/AppData/Local/Temp/anonymous3526519855124030462webdriver-profile/extensions/fxdriver@googlecode.com/components/driver-component.js:625)
... Removed 28 stack frames</pre></div><a href='#' onClick='toggleBox("stack-trace961433677", this, "Click to show all stack frames", "Click to hide stack frames")'>Click to show all stack frames</a>
<div class='stack-trace' id='stack-trace961433677'><pre>org.openqa.selenium.NoSuchElementException: Unable to locate element: {&quot;method&quot;:&quot;xpath&quot;,&quot;selector&quot;:&quot;.//*[@id=&apos;ProgressForm_FeedbackControl_inner&apos;]&quot;}
Command duration or timeout: 10.29 seconds
For documentation on this error, please visit: http://seleniumhq.org/exceptions/no_such_element.html
Build info: version: &apos;2.53.1&apos;, revision: &apos;a36b8b1&apos;, time: &apos;2016-06-30 17:32:46&apos;
System info: host: &apos;LAPTOP-L9I71BEA&apos;, ip: &apos;192.168.1.16&apos;, os.name: &apos;Windows 10&apos;, os.arch: &apos;amd64&apos;, os.version: &apos;10.0&apos;, java.version: &apos;1.8.0_121&apos;
Driver info: org.openqa.selenium.firefox.FirefoxDriver
Capabilities [{applicationCacheEnabled=true, rotatable=false, handlesAlerts=true, databaseEnabled=true, version=47.0.1, platform=WINDOWS, nativeEvents=false, acceptSslCerts=true, webStorageEnabled=true, locationContextEnabled=true, browserName=firefox, takesScreenshot=true, javascriptEnabled=true, cssSelectorsEnabled=true}]
Session ID: 19071170-ec4d-40c9-9491-6fb5db8886eb
*** Element info: {Using=xpath, value=.//*[@id=&apos;ProgressForm_FeedbackControl_inner&apos;]}
	at sun.reflect.GeneratedConstructorAccessor23.newInstance(Unknown Source)
	at sun.reflect.DelegatingConstructorAccessorImpl.newInstance(Unknown Source)
	at java.lang.reflect.Constructor.newInstance(Unknown Source)
	at org.openqa.selenium.remote.ErrorHandler.createThrowable(ErrorHandler.java:206)
	at org.openqa.selenium.remote.ErrorHandler.throwIfResponseFailed(ErrorHandler.java:158)
	at org.openqa.selenium.remote.RemoteWebDriver.execute(RemoteWebDriver.java:678)
	at org.openqa.selenium.remote.RemoteWebDriver.findElement(RemoteWebDriver.java:363)
	at org.openqa.selenium.remote.RemoteWebDriver.findElementByXPath(RemoteWebDriver.java:500)
	at org.openqa.selenium.By$ByXPath.findElement(By.java:361)
	at org.openqa.selenium.remote.RemoteWebDriver.findElement(RemoteWebDriver.java:355)
	at org.openqa.selenium.support.pagefactory.DefaultElementLocator.findElement(DefaultElementLocator.java:69)
	at org.openqa.selenium.support.pagefactory.internal.LocatingElementHandler.invoke(LocatingElementHandler.java:38)
	at com.sun.proxy.$Proxy9.getText(Unknown Source)
	at com.lima.test.AdjunoLIMADeliveredYardTest.test_38_complete(AdjunoLIMADeliveredYardTest.java:1534)
	at sun.reflect.NativeMethodAccessorImpl.invoke0(Native Method)
	at sun.reflect.NativeMethodAccessorImpl.invoke(Unknown Source)
	at sun.reflect.DelegatingMethodAccessorImpl.invoke(Unknown Source)
	at java.lang.reflect.Method.invoke(Unknown Source)
	at org.testng.internal.MethodInvocationHelper.invokeMethod(MethodInvocationHelper.java:100)
	at org.testng.internal.Invoker.invokeMethod(Invoker.java:646)
	at org.testng.internal.Invoker.invokeTestMethod(Invoker.java:811)
	at org.testng.internal.Invoker.invokeTestMethods(Invoker.java:1129)
	at org.testng.internal.TestMethodWorker.invokeTestMethods(TestMethodWorker.java:129)
	at org.testng.internal.TestMethodWorker.run(TestMethodWorker.java:112)
	at org.testng.TestRunner.privateRun(TestRunner.java:746)
	at org.testng.TestRunner.run(TestRunner.java:600)
	at org.testng.SuiteRunner.runTest(SuiteRunner.java:366)
	at org.testng.SuiteRunner.runSequentially(SuiteRunner.java:361)
	at org.testng.SuiteRunner.privateRun(SuiteRunner.java:319)
	at org.testng.SuiteRunner.run(SuiteRunner.java:268)
	at org.testng.SuiteRunnerWorker.runSuite(SuiteRunnerWorker.java:52)
	at org.testng.SuiteRunnerWorker.run(SuiteRunnerWorker.java:86)
	at org.testng.TestNG.runSuitesSequentially(TestNG.java:1264)
	at org.testng.TestNG.runSuitesLocally(TestNG.java:1189)
	at org.testng.TestNG.runSuites(TestNG.java:1104)
	at org.testng.TestNG.run(TestNG.java:1076)
	at org.testng.remote.AbstractRemoteTestNG.run(AbstractRemoteTestNG.java:126)
	at org.testng.remote.RemoteTestNG.initAndRun(RemoteTestNG.java:152)
	at org.testng.remote.RemoteTestNG.main(RemoteTestNG.java:57)
Caused by: org.openqa.selenium.NoSuchElementException: Unable to locate element: {&quot;method&quot;:&quot;xpath&quot;,&quot;selector&quot;:&quot;.//*[@id=&apos;ProgressForm_FeedbackControl_inner&apos;]&quot;}
For documentation on this error, please visit: http://seleniumhq.org/exceptions/no_such_element.html
Build info: version: &apos;2.53.1&apos;, revision: &apos;a36b8b1&apos;, time: &apos;2016-06-30 17:32:46&apos;
System info: host: &apos;LAPTOP-L9I71BEA&apos;, ip: &apos;192.168.1.16&apos;, os.name: &apos;Windows 10&apos;, os.arch: &apos;amd64&apos;, os.version: &apos;10.0&apos;, java.version: &apos;1.8.0_121&apos;
Driver info: driver.version: unknown
	at &lt;anonymous class&gt;.FirefoxDriver.prototype.findElementInternal_(file:///C:/Users/Anand/AppData/Local/Temp/anonymous3526519855124030462webdriver-profile/extensions/fxdriver@googlecode.com/components/driver-component.js:10770)
	at &lt;anonymous class&gt;.fxdriver.Timer.prototype.setTimeout/&lt;.notify(file:///C:/Users/Anand/AppData/Local/Temp/anonymous3526519855124030462webdriver-profile/extensions/fxdriver@googlecode.com/components/driver-component.js:625)
</pre></div></td>
<td>18</td>
<td>com.lima.test.AdjunoLIMADeliveredYardTest@6536e911</td></tr>
<tr>
<td title='com.lima.test.AdjunoLIMADeliveredYardTest.test_42_clickYardLink()'><b>test_42_clickYardLink</b><br>Test class: com.lima.test.AdjunoLIMADeliveredYardTest</td>
<td><div><pre>java.lang.AssertionError: The following asserts failed:
	 Test ID : 42 - In Delivered Yard page Arrived Date value is not matching ***** expected [true] but found [false],
	 Test ID : 42 - In Delivered Yard page Destination value is not matching ***** expected [true] but found [false]
	at com.lima.test.AdjunoLIMADeliveredYardTest.test_42_clickYardLink(AdjunoLIMADeliveredYardTest.java:1617)
... Removed 26 stack frames</pre></div><a href='#' onClick='toggleBox("stack-trace1534243130", this, "Click to show all stack frames", "Click to hide stack frames")'>Click to show all stack frames</a>
<div class='stack-trace' id='stack-trace1534243130'><pre>java.lang.AssertionError: The following asserts failed:
	 Test ID : 42 - In Delivered Yard page Arrived Date value is not matching ***** expected [true] but found [false],
	 Test ID : 42 - In Delivered Yard page Destination value is not matching ***** expected [true] but found [false]
	at org.testng.asserts.SoftAssert.assertAll(SoftAssert.java:43)
	at com.lima.test.AdjunoLIMADeliveredYardTest.test_42_clickYardLink(AdjunoLIMADeliveredYardTest.java:1617)
	at sun.reflect.NativeMethodAccessorImpl.invoke0(Native Method)
	at sun.reflect.NativeMethodAccessorImpl.invoke(Unknown Source)
	at sun.reflect.DelegatingMethodAccessorImpl.invoke(Unknown Source)
	at java.lang.reflect.Method.invoke(Unknown Source)
	at org.testng.internal.MethodInvocationHelper.invokeMethod(MethodInvocationHelper.java:100)
	at org.testng.internal.Invoker.invokeMethod(Invoker.java:646)
	at org.testng.internal.Invoker.invokeTestMethod(Invoker.java:811)
	at org.testng.internal.Invoker.invokeTestMethods(Invoker.java:1129)
	at org.testng.internal.TestMethodWorker.invokeTestMethods(TestMethodWorker.java:129)
	at org.testng.internal.TestMethodWorker.run(TestMethodWorker.java:112)
	at org.testng.TestRunner.privateRun(TestRunner.java:746)
	at org.testng.TestRunner.run(TestRunner.java:600)
	at org.testng.SuiteRunner.runTest(SuiteRunner.java:366)
	at org.testng.SuiteRunner.runSequentially(SuiteRunner.java:361)
	at org.testng.SuiteRunner.privateRun(SuiteRunner.java:319)
	at org.testng.SuiteRunner.run(SuiteRunner.java:268)
	at org.testng.SuiteRunnerWorker.runSuite(SuiteRunnerWorker.java:52)
	at org.testng.SuiteRunnerWorker.run(SuiteRunnerWorker.java:86)
	at org.testng.TestNG.runSuitesSequentially(TestNG.java:1264)
	at org.testng.TestNG.runSuitesLocally(TestNG.java:1189)
	at org.testng.TestNG.runSuites(TestNG.java:1104)
	at org.testng.TestNG.run(TestNG.java:1076)
	at org.testng.remote.AbstractRemoteTestNG.run(AbstractRemoteTestNG.java:126)
	at org.testng.remote.RemoteTestNG.initAndRun(RemoteTestNG.java:152)
	at org.testng.remote.RemoteTestNG.main(RemoteTestNG.java:57)
</pre></div></td>
<td>9</td>
<td>com.lima.test.AdjunoLIMADeliveredYardTest@6536e911</td></tr>
<tr>
<td title='com.lima.test.AdjunoLIMADeliveredYardTest.test_44_SearchForData()'><b>test_44_SearchForData</b><br>Test class: com.lima.test.AdjunoLIMADeliveredYardTest</td>
<td><div><pre>java.lang.AssertionError: The following asserts failed:
	***** Test ID:44-  Yard ArrivalDate is not matching With Entered value ***** expected [true] but found [false]
	at com.lima.test.AdjunoLIMADeliveredYardTest.test_44_SearchForData(AdjunoLIMADeliveredYardTest.java:1715)
... Removed 26 stack frames</pre></div><a href='#' onClick='toggleBox("stack-trace685606790", this, "Click to show all stack frames", "Click to hide stack frames")'>Click to show all stack frames</a>
<div class='stack-trace' id='stack-trace685606790'><pre>java.lang.AssertionError: The following asserts failed:
	***** Test ID:44-  Yard ArrivalDate is not matching With Entered value ***** expected [true] but found [false]
	at org.testng.asserts.SoftAssert.assertAll(SoftAssert.java:43)
	at com.lima.test.AdjunoLIMADeliveredYardTest.test_44_SearchForData(AdjunoLIMADeliveredYardTest.java:1715)
	at sun.reflect.NativeMethodAccessorImpl.invoke0(Native Method)
	at sun.reflect.NativeMethodAccessorImpl.invoke(Unknown Source)
	at sun.reflect.DelegatingMethodAccessorImpl.invoke(Unknown Source)
	at java.lang.reflect.Method.invoke(Unknown Source)
	at org.testng.internal.MethodInvocationHelper.invokeMethod(MethodInvocationHelper.java:100)
	at org.testng.internal.Invoker.invokeMethod(Invoker.java:646)
	at org.testng.internal.Invoker.invokeTestMethod(Invoker.java:811)
	at org.testng.internal.Invoker.invokeTestMethods(Invoker.java:1129)
	at org.testng.internal.TestMethodWorker.invokeTestMethods(TestMethodWorker.java:129)
	at org.testng.internal.TestMethodWorker.run(TestMethodWorker.java:112)
	at org.testng.TestRunner.privateRun(TestRunner.java:746)
	at org.testng.TestRunner.run(TestRunner.java:600)
	at org.testng.SuiteRunner.runTest(SuiteRunner.java:366)
	at org.testng.SuiteRunner.runSequentially(SuiteRunner.java:361)
	at org.testng.SuiteRunner.privateRun(SuiteRunner.java:319)
	at org.testng.SuiteRunner.run(SuiteRunner.java:268)
	at org.testng.SuiteRunnerWorker.runSuite(SuiteRunnerWorker.java:52)
	at org.testng.SuiteRunnerWorker.run(SuiteRunnerWorker.java:86)
	at org.testng.TestNG.runSuitesSequentially(TestNG.java:1264)
	at org.testng.TestNG.runSuitesLocally(TestNG.java:1189)
	at org.testng.TestNG.runSuites(TestNG.java:1104)
	at org.testng.TestNG.run(TestNG.java:1076)
	at org.testng.remote.AbstractRemoteTestNG.run(AbstractRemoteTestNG.java:126)
	at org.testng.remote.RemoteTestNG.initAndRun(RemoteTestNG.java:152)
	at org.testng.remote.RemoteTestNG.main(RemoteTestNG.java:57)
</pre></div></td>
<td>43</td>
<td>com.lima.test.AdjunoLIMADeliveredYardTest@6536e911</td></tr>
</table><p>
<table width='100%' border='1' class='invocation-passed'>
<tr><td colspan='4' align='center'><b>PASSED TESTS</b></td></tr>
<tr><td><b>Test method</b></td>
<td width="30%"><b>Exception</b></td>
<td width="10%"><b>Time (seconds)</b></td>
<td><b>Instance</b></td>
</tr>
<tr>
<td title='com.lima.test.AdjunoLIMADeliveredYardTest.getValidContainerList()'><b>getValidContainerList</b><br>Test class: com.lima.test.AdjunoLIMADeliveredYardTest</td>
<td></td>
<td>37</td>
<td>com.lima.test.AdjunoLIMADeliveredYardTest@6536e911</td></tr>
<tr>
<td title='com.lima.test.AdjunoLIMADeliveredYardTest.test_10_verifyEtaTo()'><b>test_10_verifyEtaTo</b><br>Test class: com.lima.test.AdjunoLIMADeliveredYardTest</td>
<td></td>
<td>45</td>
<td>com.lima.test.AdjunoLIMADeliveredYardTest@6536e911</td></tr>
<tr>
<td title='com.lima.test.AdjunoLIMADeliveredYardTest.test_11_verifyStatus()'><b>test_11_verifyStatus</b><br>Test class: com.lima.test.AdjunoLIMADeliveredYardTest</td>
<td></td>
<td>25</td>
<td>com.lima.test.AdjunoLIMADeliveredYardTest@6536e911</td></tr>
<tr>
<td title='com.lima.test.AdjunoLIMADeliveredYardTest.test_12_verifyVessel()'><b>test_12_verifyVessel</b><br>Test class: com.lima.test.AdjunoLIMADeliveredYardTest</td>
<td></td>
<td>20</td>
<td>com.lima.test.AdjunoLIMADeliveredYardTest@6536e911</td></tr>
<tr>
<td title='com.lima.test.AdjunoLIMADeliveredYardTest.test_13_VerifyInvalidContainer()'><b>test_13_VerifyInvalidContainer</b><br>Test class: com.lima.test.AdjunoLIMADeliveredYardTest</td>
<td></td>
<td>18</td>
<td>com.lima.test.AdjunoLIMADeliveredYardTest@6536e911</td></tr>
<tr>
<td title='com.lima.test.AdjunoLIMADeliveredYardTest.test_14_VerifyValidContainerSearch()'><b>test_14_VerifyValidContainerSearch</b><br>Test class: com.lima.test.AdjunoLIMADeliveredYardTest</td>
<td></td>
<td>29</td>
<td>com.lima.test.AdjunoLIMADeliveredYardTest@6536e911</td></tr>
<tr>
<td title='com.lima.test.AdjunoLIMADeliveredYardTest.test_16_verifyForwardRef()'><b>test_16_verifyForwardRef</b><br>Test class: com.lima.test.AdjunoLIMADeliveredYardTest</td>
<td></td>
<td>21</td>
<td>com.lima.test.AdjunoLIMADeliveredYardTest@6536e911</td></tr>
<tr>
<td title='com.lima.test.AdjunoLIMADeliveredYardTest.test_17_downloadYardtemplate()'><b>test_17_downloadYardtemplate</b><br>Test class: com.lima.test.AdjunoLIMADeliveredYardTest</td>
<td></td>
<td>24</td>
<td>com.lima.test.AdjunoLIMADeliveredYardTest@6536e911</td></tr>
<tr>
<td title='com.lima.test.AdjunoLIMADeliveredYardTest.test_18_uploadYardTemplate()'><b>test_18_uploadYardTemplate</b><br>Test class: com.lima.test.AdjunoLIMADeliveredYardTest</td>
<td></td>
<td>35</td>
<td>com.lima.test.AdjunoLIMADeliveredYardTest@6536e911</td></tr>
<tr>
<td title='com.lima.test.AdjunoLIMADeliveredYardTest.test_19_verifyUpdateChevron()'><b>test_19_verifyUpdateChevron</b><br>Test class: com.lima.test.AdjunoLIMADeliveredYardTest</td>
<td></td>
<td>16</td>
<td>com.lima.test.AdjunoLIMADeliveredYardTest@6536e911</td></tr>
<tr>
<td title='com.lima.test.AdjunoLIMADeliveredYardTest.test_1_accessDeliveredYardLink()'><b>test_1_accessDeliveredYardLink</b><br>Test class: com.lima.test.AdjunoLIMADeliveredYardTest</td>
<td></td>
<td>33</td>
<td>com.lima.test.AdjunoLIMADeliveredYardTest@6536e911</td></tr>
<tr>
<td title='com.lima.test.AdjunoLIMADeliveredYardTest.test_21_VerifyGridValue()'><b>test_21_VerifyGridValue</b><br>Test class: com.lima.test.AdjunoLIMADeliveredYardTest</td>
<td></td>
<td>20</td>
<td>com.lima.test.AdjunoLIMADeliveredYardTest@6536e911</td></tr>
<tr>
<td title='com.lima.test.AdjunoLIMADeliveredYardTest.test_22_deleteRow()'><b>test_22_deleteRow</b><br>Test class: com.lima.test.AdjunoLIMADeliveredYardTest</td>
<td></td>
<td>9</td>
<td>com.lima.test.AdjunoLIMADeliveredYardTest@6536e911</td></tr>
<tr>
<td title='com.lima.test.AdjunoLIMADeliveredYardTest.test_23_complete()'><b>test_23_complete</b><br>Test class: com.lima.test.AdjunoLIMADeliveredYardTest</td>
<td></td>
<td>12</td>
<td>com.lima.test.AdjunoLIMADeliveredYardTest@6536e911</td></tr>
<tr>
<td title='com.lima.test.AdjunoLIMADeliveredYardTest.test_25_accessDeliveredYardLink()'><b>test_25_accessDeliveredYardLink</b><br>Test class: com.lima.test.AdjunoLIMADeliveredYardTest</td>
<td></td>
<td>32</td>
<td>com.lima.test.AdjunoLIMADeliveredYardTest@6536e911</td></tr>
<tr>
<td title='com.lima.test.AdjunoLIMADeliveredYardTest.test_26_SearchForData()'><b>test_26_SearchForData</b><br>Test class: com.lima.test.AdjunoLIMADeliveredYardTest</td>
<td></td>
<td>41</td>
<td>com.lima.test.AdjunoLIMADeliveredYardTest@6536e911</td></tr>
<tr>
<td title='com.lima.test.AdjunoLIMADeliveredYardTest.test_27_SearchForData()'><b>test_27_SearchForData</b><br>Test class: com.lima.test.AdjunoLIMADeliveredYardTest</td>
<td></td>
<td>43</td>
<td>com.lima.test.AdjunoLIMADeliveredYardTest@6536e911</td></tr>
<tr>
<td title='com.lima.test.AdjunoLIMADeliveredYardTest.test_28_VerifyMandatory()'><b>test_28_VerifyMandatory</b><br>Test class: com.lima.test.AdjunoLIMADeliveredYardTest</td>
<td></td>
<td>0</td>
<td>com.lima.test.AdjunoLIMADeliveredYardTest@6536e911</td></tr>
<tr>
<td title='com.lima.test.AdjunoLIMADeliveredYardTest.test_29_VerifyGridValue()'><b>test_29_VerifyGridValue</b><br>Test class: com.lima.test.AdjunoLIMADeliveredYardTest</td>
<td></td>
<td>21</td>
<td>com.lima.test.AdjunoLIMADeliveredYardTest@6536e911</td></tr>
<tr>
<td title='com.lima.test.AdjunoLIMADeliveredYardTest.test_2_checkChevorons()'><b>test_2_checkChevorons</b><br>Test class: com.lima.test.AdjunoLIMADeliveredYardTest</td>
<td></td>
<td>1</td>
<td>com.lima.test.AdjunoLIMADeliveredYardTest@6536e911</td></tr>
<tr>
<td title='com.lima.test.AdjunoLIMADeliveredYardTest.test_30_complete()'><b>test_30_complete</b><br>Test class: com.lima.test.AdjunoLIMADeliveredYardTest</td>
<td></td>
<td>14</td>
<td>com.lima.test.AdjunoLIMADeliveredYardTest@6536e911</td></tr>
<tr>
<td title='com.lima.test.AdjunoLIMADeliveredYardTest.test_32_ClickOnTrackLink()'><b>test_32_ClickOnTrackLink</b><br>Test class: com.lima.test.AdjunoLIMADeliveredYardTest</td>
<td></td>
<td>37</td>
<td>com.lima.test.AdjunoLIMADeliveredYardTest@6536e911</td></tr>
<tr>
<td title='com.lima.test.AdjunoLIMADeliveredYardTest.test_33_setTrackNumber()'><b>test_33_setTrackNumber</b><br>Test class: com.lima.test.AdjunoLIMADeliveredYardTest</td>
<td></td>
<td>11</td>
<td>com.lima.test.AdjunoLIMADeliveredYardTest@6536e911</td></tr>
<tr>
<td title='com.lima.test.AdjunoLIMADeliveredYardTest.test_34_clickYardLink()'><b>test_34_clickYardLink</b><br>Test class: com.lima.test.AdjunoLIMADeliveredYardTest</td>
<td></td>
<td>10</td>
<td>com.lima.test.AdjunoLIMADeliveredYardTest@6536e911</td></tr>
<tr>
<td title='com.lima.test.AdjunoLIMADeliveredYardTest.test_35_accessDeliveredYardLink()'><b>test_35_accessDeliveredYardLink</b><br>Test class: com.lima.test.AdjunoLIMADeliveredYardTest</td>
<td></td>
<td>33</td>
<td>com.lima.test.AdjunoLIMADeliveredYardTest@6536e911</td></tr>
<tr>
<td title='com.lima.test.AdjunoLIMADeliveredYardTest.test_37_VerifyGridValue()'><b>test_37_VerifyGridValue</b><br>Test class: com.lima.test.AdjunoLIMADeliveredYardTest</td>
<td></td>
<td>20</td>
<td>com.lima.test.AdjunoLIMADeliveredYardTest@6536e911</td></tr>
<tr>
<td title='com.lima.test.AdjunoLIMADeliveredYardTest.test_3_CheckForExistanceOfFields()'><b>test_3_CheckForExistanceOfFields</b><br>Test class: com.lima.test.AdjunoLIMADeliveredYardTest</td>
<td></td>
<td>1</td>
<td>com.lima.test.AdjunoLIMADeliveredYardTest@6536e911</td></tr>
<tr>
<td title='com.lima.test.AdjunoLIMADeliveredYardTest.test_40_ClickOnTrackLink()'><b>test_40_ClickOnTrackLink</b><br>Test class: com.lima.test.AdjunoLIMADeliveredYardTest</td>
<td></td>
<td>35</td>
<td>com.lima.test.AdjunoLIMADeliveredYardTest@6536e911</td></tr>
<tr>
<td title='com.lima.test.AdjunoLIMADeliveredYardTest.test_41_setTrackNumber()'><b>test_41_setTrackNumber</b><br>Test class: com.lima.test.AdjunoLIMADeliveredYardTest</td>
<td></td>
<td>11</td>
<td>com.lima.test.AdjunoLIMADeliveredYardTest@6536e911</td></tr>
<tr>
<td title='com.lima.test.AdjunoLIMADeliveredYardTest.test_43_accessDeliveredYardLink()'><b>test_43_accessDeliveredYardLink</b><br>Test class: com.lima.test.AdjunoLIMADeliveredYardTest</td>
<td></td>
<td>37</td>
<td>com.lima.test.AdjunoLIMADeliveredYardTest@6536e911</td></tr>
<tr>
<td title='com.lima.test.AdjunoLIMADeliveredYardTest.test_45_VerifyGridValue()'><b>test_45_VerifyGridValue</b><br>Test class: com.lima.test.AdjunoLIMADeliveredYardTest</td>
<td></td>
<td>20</td>
<td>com.lima.test.AdjunoLIMADeliveredYardTest@6536e911</td></tr>
<tr>
<td title='com.lima.test.AdjunoLIMADeliveredYardTest.test_46_complete()'><b>test_46_complete</b><br>Test class: com.lima.test.AdjunoLIMADeliveredYardTest</td>
<td></td>
<td>21</td>
<td>com.lima.test.AdjunoLIMADeliveredYardTest@6536e911</td></tr>
<tr>
<td title='com.lima.test.AdjunoLIMADeliveredYardTest.test_48_ClickOnTrackLink()'><b>test_48_ClickOnTrackLink</b><br>Test class: com.lima.test.AdjunoLIMADeliveredYardTest</td>
<td></td>
<td>37</td>
<td>com.lima.test.AdjunoLIMADeliveredYardTest@6536e911</td></tr>
<tr>
<td title='com.lima.test.AdjunoLIMADeliveredYardTest.test_49_setTrackNumber()'><b>test_49_setTrackNumber</b><br>Test class: com.lima.test.AdjunoLIMADeliveredYardTest</td>
<td></td>
<td>11</td>
<td>com.lima.test.AdjunoLIMADeliveredYardTest@6536e911</td></tr>
<tr>
<td title='com.lima.test.AdjunoLIMADeliveredYardTest.test_50_clickYardLink()'><b>test_50_clickYardLink</b><br>Test class: com.lima.test.AdjunoLIMADeliveredYardTest</td>
<td></td>
<td>32</td>
<td>com.lima.test.AdjunoLIMADeliveredYardTest@6536e911</td></tr>
<tr>
<td title='com.lima.test.AdjunoLIMADeliveredYardTest.test_51_SearchForData()'><b>test_51_SearchForData</b><br>Test class: com.lima.test.AdjunoLIMADeliveredYardTest</td>
<td></td>
<td>31</td>
<td>com.lima.test.AdjunoLIMADeliveredYardTest@6536e911</td></tr>
<tr>
<td title='com.lima.test.AdjunoLIMADeliveredYardTest.test_51_accessDeliveredYardLink()'><b>test_51_accessDeliveredYardLink</b><br>Test class: com.lima.test.AdjunoLIMADeliveredYardTest</td>
<td></td>
<td>33</td>
<td>com.lima.test.AdjunoLIMADeliveredYardTest@6536e911</td></tr>
<tr>
<td title='com.lima.test.AdjunoLIMADeliveredYardTest.test_5_VerifyStatusDropDownValues()'><b>test_5_VerifyStatusDropDownValues</b><br>Test class: com.lima.test.AdjunoLIMADeliveredYardTest</td>
<td></td>
<td>0</td>
<td>com.lima.test.AdjunoLIMADeliveredYardTest@6536e911</td></tr>
<tr>
<td title='com.lima.test.AdjunoLIMADeliveredYardTest.test_7_verifyFieldsInSelectChevron()'><b>test_7_verifyFieldsInSelectChevron</b><br>Test class: com.lima.test.AdjunoLIMADeliveredYardTest</td>
<td></td>
<td>2</td>
<td>com.lima.test.AdjunoLIMADeliveredYardTest@6536e911</td></tr>
<tr>
<td title='com.lima.test.AdjunoLIMADeliveredYardTest.test_8_verifyDestinationPort()'><b>test_8_verifyDestinationPort</b><br>Test class: com.lima.test.AdjunoLIMADeliveredYardTest</td>
<td></td>
<td>26</td>
<td>com.lima.test.AdjunoLIMADeliveredYardTest@6536e911</td></tr>
<tr>
<td title='com.lima.test.AdjunoLIMADeliveredYardTest.test_9_verifyEtaFrom()'><b>test_9_verifyEtaFrom</b><br>Test class: com.lima.test.AdjunoLIMADeliveredYardTest</td>
<td></td>
<td>32</td>
<td>com.lima.test.AdjunoLIMADeliveredYardTest@6536e911</td></tr>
<tr>
<td title='com.lima.test.AdjunoLIMADeliveredYardTest.test_accessCatalog()'><b>test_accessCatalog</b><br>Test class: com.lima.test.AdjunoLIMADeliveredYardTest</td>
<td></td>
<td>15</td>
<td>com.lima.test.AdjunoLIMADeliveredYardTest@6536e911</td></tr>
<tr>
<td title='com.lima.test.AdjunoLIMADeliveredYardTest.test_upload()'><b>test_upload</b><br>Test class: com.lima.test.AdjunoLIMADeliveredYardTest</td>
<td></td>
<td>54</td>
<td>com.lima.test.AdjunoLIMADeliveredYardTest@6536e911</td></tr>
<tr>
<td title='com.lima.test.AdjunoLIMADeliveredYardTest.test_verifyField()'><b>test_verifyField</b><br>Test class: com.lima.test.AdjunoLIMADeliveredYardTest</td>
<td></td>
<td>2</td>
<td>com.lima.test.AdjunoLIMADeliveredYardTest@6536e911</td></tr>
</table><p>
</body>
</html>