<html>
<head>
<title>TestNG:  Delivery Booking</title>
<link href="../testng.css" rel="stylesheet" type="text/css" />
<link href="../my-testng.css" rel="stylesheet" type="text/css" />

<style type="text/css">
.log { display: none;} 
.stack-trace { display: none;} 
</style>
<script type="text/javascript">
<!--
function flip(e) {
  current = e.style.display;
  if (current == 'block') {
    e.style.display = 'none';
    return 0;
  }
  else {
    e.style.display = 'block';
    return 1;
  }
}

function toggleBox(szDivId, elem, msg1, msg2)
{
  var res = -1;  if (document.getElementById) {
    res = flip(document.getElementById(szDivId));
  }
  else if (document.all) {
    // this is the way old msie versions work
    res = flip(document.all[szDivId]);
  }
  if(elem) {
    if(res == 0) elem.innerHTML = msg1; else elem.innerHTML = msg2;
  }

}

function toggleAllBoxes() {
  if (document.getElementsByTagName) {
    d = document.getElementsByTagName('div');
    for (i = 0; i < d.length; i++) {
      if (d[i].className == 'log') {
        flip(d[i]);
      }
    }
  }
}

// -->
</script>

</head>
<body>
<h2 align='center'>Delivery Booking</h2><table border='1' align="center">
<tr>
<td>Tests passed/Failed/Skipped:</td><td>14/9/0</td>
</tr><tr>
<td>Started on:</td><td>Fri Feb 02 17:40:24 IST 2018</td>
</tr>
<tr><td>Total time:</td><td>1252 seconds (1252013 ms)</td>
</tr><tr>
<td>Included groups:</td><td></td>
</tr><tr>
<td>Excluded groups:</td><td></td>
</tr>
</table><p/>
<small><i>(Hover the method name to see the test class name)</i></small><p/>
<table width='100%' border='1' class='invocation-failed'>
<tr><td colspan='4' align='center'><b>FAILED TESTS</b></td></tr>
<tr><td><b>Test method</b></td>
<td width="30%"><b>Exception</b></td>
<td width="10%"><b>Time (seconds)</b></td>
<td><b>Instance</b></td>
</tr>
<tr>
<td title='com.lima.test.AdjunoLIMADeliveryBookingTest.getCatalogData()'><b>getCatalogData</b><br>Test class: com.lima.test.AdjunoLIMADeliveryBookingTest</td>
<td><div><pre>org.openqa.selenium.WebDriverException: window.ArenaForms.ArenaQueryParams is undefined
Command duration or timeout: 1.53 seconds
Build info: version: &apos;2.53.1&apos;, revision: &apos;a36b8b1&apos;, time: &apos;2016-06-30 17:32:46&apos;
System info: host: &apos;LAPTOP-L9I71BEA&apos;, ip: &apos;192.168.1.16&apos;, os.name: &apos;Windows 10&apos;, os.arch: &apos;amd64&apos;, os.version: &apos;10.0&apos;, java.version: &apos;1.8.0_121&apos;
Driver info: org.openqa.selenium.firefox.FirefoxDriver
Capabilities [{applicationCacheEnabled=true, rotatable=false, handlesAlerts=true, databaseEnabled=true, version=47.0.1, platform=WINDOWS, nativeEvents=false, acceptSslCerts=true, webStorageEnabled=true, locationContextEnabled=true, browserName=firefox, takesScreenshot=true, javascriptEnabled=true, cssSelectorsEnabled=true}]
Session ID: d7624360-5ab6-4d53-a9fa-c16c8b374a4e
	at org.openqa.selenium.remote.ErrorHandler.createThrowable(ErrorHandler.java:206)
	at org.openqa.selenium.remote.ErrorHandler.throwIfResponseFailed(ErrorHandler.java:158)
	at org.openqa.selenium.remote.RemoteWebDriver.execute(RemoteWebDriver.java:678)
	at org.openqa.selenium.remote.RemoteWebDriver.executeScript(RemoteWebDriver.java:577)
	at com.lima.library.AdjunoUILibrary.getElement(AdjunoUILibrary.java:91)
	at com.lima.pagefactory.AdjunoLIMADeliveryBookingPOM.clearInputField(AdjunoLIMADeliveryBookingPOM.java:343)
	at com.lima.test.AdjunoLIMADeliveryBookingTest.clearCatalogFields(AdjunoLIMADeliveryBookingTest.java:323)
	at com.lima.test.AdjunoLIMADeliveryBookingTest.getCatalogData(AdjunoLIMADeliveryBookingTest.java:235)
Caused by: org.openqa.selenium.WebDriverException: window.ArenaForms.ArenaQueryParams is undefined
Build info: version: &apos;2.53.1&apos;, revision: &apos;a36b8b1&apos;, time: &apos;2016-06-30 17:32:46&apos;
System info: host: &apos;LAPTOP-L9I71BEA&apos;, ip: &apos;192.168.1.16&apos;, os.name: &apos;Windows 10&apos;, os.arch: &apos;amd64&apos;, os.version: &apos;10.0&apos;, java.version: &apos;1.8.0_121&apos;
Driver info: driver.version: unknown
	at &lt;anonymous class&gt;.anonymous(https://uat-lima46.adjuno.com/default.aspx?Guid=148b9ba296984952a80f2fbe09db3d53&amp;MenuId=&amp;Action=ToolDraw&amp;ActionOption=Catalog&amp;CatalogStage=ItemList&amp;CatalogName=Lighthouse line 69 &gt; Function:1)
	at &lt;anonymous class&gt;.handleEvaluateEvent(https://uat-lima46.adjuno.com/default.aspx?Guid=148b9ba296984952a80f2fbe09db3d53&amp;MenuId=&amp;Action=ToolDraw&amp;ActionOption=Catalog&amp;CatalogStage=ItemList&amp;CatalogName=Lighthouse:69)
... Removed 28 stack frames</pre></div><a href='#' onClick='toggleBox("stack-trace252780183", this, "Click to show all stack frames", "Click to hide stack frames")'>Click to show all stack frames</a>
<div class='stack-trace' id='stack-trace252780183'><pre>org.openqa.selenium.WebDriverException: window.ArenaForms.ArenaQueryParams is undefined
Command duration or timeout: 1.53 seconds
Build info: version: &apos;2.53.1&apos;, revision: &apos;a36b8b1&apos;, time: &apos;2016-06-30 17:32:46&apos;
System info: host: &apos;LAPTOP-L9I71BEA&apos;, ip: &apos;192.168.1.16&apos;, os.name: &apos;Windows 10&apos;, os.arch: &apos;amd64&apos;, os.version: &apos;10.0&apos;, java.version: &apos;1.8.0_121&apos;
Driver info: org.openqa.selenium.firefox.FirefoxDriver
Capabilities [{applicationCacheEnabled=true, rotatable=false, handlesAlerts=true, databaseEnabled=true, version=47.0.1, platform=WINDOWS, nativeEvents=false, acceptSslCerts=true, webStorageEnabled=true, locationContextEnabled=true, browserName=firefox, takesScreenshot=true, javascriptEnabled=true, cssSelectorsEnabled=true}]
Session ID: d7624360-5ab6-4d53-a9fa-c16c8b374a4e
	at sun.reflect.GeneratedConstructorAccessor19.newInstance(Unknown Source)
	at sun.reflect.DelegatingConstructorAccessorImpl.newInstance(Unknown Source)
	at java.lang.reflect.Constructor.newInstance(Unknown Source)
	at org.openqa.selenium.remote.ErrorHandler.createThrowable(ErrorHandler.java:206)
	at org.openqa.selenium.remote.ErrorHandler.throwIfResponseFailed(ErrorHandler.java:158)
	at org.openqa.selenium.remote.RemoteWebDriver.execute(RemoteWebDriver.java:678)
	at org.openqa.selenium.remote.RemoteWebDriver.executeScript(RemoteWebDriver.java:577)
	at com.lima.library.AdjunoUILibrary.getElement(AdjunoUILibrary.java:91)
	at com.lima.pagefactory.AdjunoLIMADeliveryBookingPOM.clearInputField(AdjunoLIMADeliveryBookingPOM.java:343)
	at com.lima.test.AdjunoLIMADeliveryBookingTest.clearCatalogFields(AdjunoLIMADeliveryBookingTest.java:323)
	at com.lima.test.AdjunoLIMADeliveryBookingTest.getCatalogData(AdjunoLIMADeliveryBookingTest.java:235)
	at sun.reflect.NativeMethodAccessorImpl.invoke0(Native Method)
	at sun.reflect.NativeMethodAccessorImpl.invoke(Unknown Source)
	at sun.reflect.DelegatingMethodAccessorImpl.invoke(Unknown Source)
	at java.lang.reflect.Method.invoke(Unknown Source)
	at org.testng.internal.MethodInvocationHelper.invokeMethod(MethodInvocationHelper.java:100)
	at org.testng.internal.Invoker.invokeMethod(Invoker.java:646)
	at org.testng.internal.Invoker.invokeTestMethod(Invoker.java:811)
	at org.testng.internal.Invoker.invokeTestMethods(Invoker.java:1129)
	at org.testng.internal.TestMethodWorker.invokeTestMethods(TestMethodWorker.java:129)
	at org.testng.internal.TestMethodWorker.run(TestMethodWorker.java:112)
	at org.testng.TestRunner.privateRun(TestRunner.java:746)
	at org.testng.TestRunner.run(TestRunner.java:600)
	at org.testng.SuiteRunner.runTest(SuiteRunner.java:366)
	at org.testng.SuiteRunner.runSequentially(SuiteRunner.java:361)
	at org.testng.SuiteRunner.privateRun(SuiteRunner.java:319)
	at org.testng.SuiteRunner.run(SuiteRunner.java:268)
	at org.testng.SuiteRunnerWorker.runSuite(SuiteRunnerWorker.java:52)
	at org.testng.SuiteRunnerWorker.run(SuiteRunnerWorker.java:86)
	at org.testng.TestNG.runSuitesSequentially(TestNG.java:1264)
	at org.testng.TestNG.runSuitesLocally(TestNG.java:1189)
	at org.testng.TestNG.runSuites(TestNG.java:1104)
	at org.testng.TestNG.run(TestNG.java:1076)
	at org.testng.remote.AbstractRemoteTestNG.run(AbstractRemoteTestNG.java:126)
	at org.testng.remote.RemoteTestNG.initAndRun(RemoteTestNG.java:152)
	at org.testng.remote.RemoteTestNG.main(RemoteTestNG.java:57)
Caused by: org.openqa.selenium.WebDriverException: window.ArenaForms.ArenaQueryParams is undefined
Build info: version: &apos;2.53.1&apos;, revision: &apos;a36b8b1&apos;, time: &apos;2016-06-30 17:32:46&apos;
System info: host: &apos;LAPTOP-L9I71BEA&apos;, ip: &apos;192.168.1.16&apos;, os.name: &apos;Windows 10&apos;, os.arch: &apos;amd64&apos;, os.version: &apos;10.0&apos;, java.version: &apos;1.8.0_121&apos;
Driver info: driver.version: unknown
	at &lt;anonymous class&gt;.anonymous(https://uat-lima46.adjuno.com/default.aspx?Guid=148b9ba296984952a80f2fbe09db3d53&amp;MenuId=&amp;Action=ToolDraw&amp;ActionOption=Catalog&amp;CatalogStage=ItemList&amp;CatalogName=Lighthouse line 69 &gt; Function:1)
	at &lt;anonymous class&gt;.handleEvaluateEvent(https://uat-lima46.adjuno.com/default.aspx?Guid=148b9ba296984952a80f2fbe09db3d53&amp;MenuId=&amp;Action=ToolDraw&amp;ActionOption=Catalog&amp;CatalogStage=ItemList&amp;CatalogName=Lighthouse:69)
</pre></div></td>
<td>7</td>
<td>com.lima.test.AdjunoLIMADeliveryBookingTest@3224f60b</td></tr>
<tr>
<td title='com.lima.test.AdjunoLIMADeliveryBookingTest.test_18_verifyDestnationValue()'><b>test_18_verifyDestnationValue</b><br>Test class: com.lima.test.AdjunoLIMADeliveryBookingTest</td>
<td><div><pre>java.lang.AssertionError: The following asserts failed:
	***** Test ID:18- NO search Result for this criteria ***** expected [true] but found [false]
	at com.lima.test.AdjunoLIMADeliveryBookingTest.test_18_verifyDestnationValue(AdjunoLIMADeliveryBookingTest.java:969)
... Removed 26 stack frames</pre></div><a href='#' onClick='toggleBox("stack-trace1316746097", this, "Click to show all stack frames", "Click to hide stack frames")'>Click to show all stack frames</a>
<div class='stack-trace' id='stack-trace1316746097'><pre>java.lang.AssertionError: The following asserts failed:
	***** Test ID:18- NO search Result for this criteria ***** expected [true] but found [false]
	at org.testng.asserts.SoftAssert.assertAll(SoftAssert.java:43)
	at com.lima.test.AdjunoLIMADeliveryBookingTest.test_18_verifyDestnationValue(AdjunoLIMADeliveryBookingTest.java:969)
	at sun.reflect.NativeMethodAccessorImpl.invoke0(Native Method)
	at sun.reflect.NativeMethodAccessorImpl.invoke(Unknown Source)
	at sun.reflect.DelegatingMethodAccessorImpl.invoke(Unknown Source)
	at java.lang.reflect.Method.invoke(Unknown Source)
	at org.testng.internal.MethodInvocationHelper.invokeMethod(MethodInvocationHelper.java:100)
	at org.testng.internal.Invoker.invokeMethod(Invoker.java:646)
	at org.testng.internal.Invoker.invokeTestMethod(Invoker.java:811)
	at org.testng.internal.Invoker.invokeTestMethods(Invoker.java:1129)
	at org.testng.internal.TestMethodWorker.invokeTestMethods(TestMethodWorker.java:129)
	at org.testng.internal.TestMethodWorker.run(TestMethodWorker.java:112)
	at org.testng.TestRunner.privateRun(TestRunner.java:746)
	at org.testng.TestRunner.run(TestRunner.java:600)
	at org.testng.SuiteRunner.runTest(SuiteRunner.java:366)
	at org.testng.SuiteRunner.runSequentially(SuiteRunner.java:361)
	at org.testng.SuiteRunner.privateRun(SuiteRunner.java:319)
	at org.testng.SuiteRunner.run(SuiteRunner.java:268)
	at org.testng.SuiteRunnerWorker.runSuite(SuiteRunnerWorker.java:52)
	at org.testng.SuiteRunnerWorker.run(SuiteRunnerWorker.java:86)
	at org.testng.TestNG.runSuitesSequentially(TestNG.java:1264)
	at org.testng.TestNG.runSuitesLocally(TestNG.java:1189)
	at org.testng.TestNG.runSuites(TestNG.java:1104)
	at org.testng.TestNG.run(TestNG.java:1076)
	at org.testng.remote.AbstractRemoteTestNG.run(AbstractRemoteTestNG.java:126)
	at org.testng.remote.RemoteTestNG.initAndRun(RemoteTestNG.java:152)
	at org.testng.remote.RemoteTestNG.main(RemoteTestNG.java:57)
</pre></div></td>
<td>58</td>
<td>com.lima.test.AdjunoLIMADeliveryBookingTest@3224f60b</td></tr>
<tr>
<td title='com.lima.test.AdjunoLIMADeliveryBookingTest.test_20_verifyHaulierValue()'><b>test_20_verifyHaulierValue</b><br>Test class: com.lima.test.AdjunoLIMADeliveryBookingTest</td>
<td><div><pre>java.lang.AssertionError: The following asserts failed:
	***** Test ID:20-   Allport Haulier value is not matching with   Allport Haulier value is not matching with   Allport Haulier value is not matching with   Allport Haulier value is not matching with   Allport Haulier value is not matching with   Allport Haulier value is not matching with   Allport Haulier value is not matching with   Allport Haulier value is not matching with   Allport Haulier value is not matching with   Allport Haulier value is not matching with   Allport Haulier value is not matching with   Allport Haulier value is not matching with   Allport Haulier value is not matching with   Allport Haulier value is not matching with   Allport Haulier value is not matching with   Allport Haulier value is not matching with   Allport Haulier value is not matching with   Allport Haulier value is not matching with   Allport Haulier value is not matching with   Allport Haulier value is not matching with   Allport Haulier value is not matching with   Allport Haulier value is not matching with   Allport Haulier value is not matching with   Allport Haulier value is not matching with   Allport Haulier value is not matching with   Allport Haulier value is not matching with   Allport Haulier value is not matching with   Allport Haulier value is not matching with   Allport Haulier value is not matching with   Allport Haulier value is not matching with   Allport Haulier value is not matching with   Allport Haulier value is not matching with   Allport Haulier value is not matching with   Allport Haulier value is not matching with   Allport Haulier value is not matching with   Allport Haulier value is not matching with   Allport Haulier value is not matching with   Allport Haulier value is not matching with   Allport Haulier value is not matching with   Allport Haulier value is not matching with   Allport Haulier value is not matching with   Allport Haulier value is not matching with   Allport Haulier value is not matching with   Allport Haulier value is not matching with   Allport Haulier value is not matching with   Allport Haulier value is not matching with   Allport Haulier value is not matching with   Allport Haulier value is not matching with   Allport Haulier value is not matching with   Allport Haulier value is not matching with   Allport Haulier value is not matching with   Allport Haulier value is not matching with   Allport Haulier value is not matching with   Allport Haulier value is not matching with   Allport Haulier value is not matching with   Allport Haulier value is not matching with   Allport Haulier value is not matching with   Allport Haulier value is not matching with   Allport Haulier value is not matching with   Allport Haulier value is not matching with   Allport Haulier value is not matching with   Allport Haulier value is not matching with   Allport Haulier value is not matching with   Allport Haulier value is not matching with   Allport Haulier value is not matching with   Allport Haulier value is not matching with   Allport Haulier value is not matching with   Allport Haulier value is not matching with   Allport Haulier value is not matching with   Allport Haulier value is not matching with   Allport Haulier value is not matching with   Allport Haulier value is not matching with   Allport Haulier value is not matching with   Allport Haulier value is not matching with   Allport Haulier value is not matching with   Allport Haulier value is not matching with   Allport Haulier value is not matching with   Allport Haulier value is not matching with   Allport Haulier value is not matching with   Allport Haulier value is not matching with   Allport Haulier value is not matching with   Allport Haulier value is not matching with   Allport Haulier value is not matching with   Allport Haulier value is not matching with   Allport Haulier value is not matching with   Allport Haulier value is not matching with   Allport Haulier value is not matching with   Allport Haulier value is not matching with   Allport Haulier value is not matching with   Allport Haulier value is not matching with   Allport Haulier value is not matching with   Allport Haulier value is not matching with   Allport Haulier value is not matching with   Allport Haulier value is not matching with   Allport Haulier value is not matching with   Allport Haulier value is not matching with   Allport Haulier value is not matching with   Allport Haulier value is not matching with   Allport Haulier value is not matching with   Allport Haulier value is not matching with   Allport Haulier value is not matching with   Allport Haulier value is not matching with   Allport Haulier value is not matching with   Allport Haulier value is not matching with   Allport Haulier value is not matching with   Allport Haulier value is not matching with   Allport Haulier value is not matching with   Allport Haulier value is not matching with   Allport Haulier value is not matching with   Allport Haulier value is not matching with   Allport Haulier value is not matching with   Allport Haulier value is not matching with   Allport Haulier value is not matching with   Allport Haulier value is not matching with   Allport Haulier value is not matching with   Allport Haulier value is not matching with   Allport Haulier value is not matching with   Allport Haulier value is not matching with   Allport Haulier value is not matching with   Allport Haulier value is not matching with   Allport Haulier value is not matching with   Allport Haulier value is not matching with   Allport Haulier value is not matching with   Allport Haulier value is not matching with   Allport Haulier value is not matching with   Allport Haulier value is not matching with   Allport Haulier value is not matching with   Allport Haulier value is not matching with   Allport Haulier value is not matching with   Allport Haulier value is not matching with   Allport Haulier value is not matching with   Allport Haulier value is not matching with   Allport Haulier value is not matching with   Allport Haulier value is not matching with   Allport Haulier value is not matching with   Allport Haulier value is not matching with   Allport Haulier value is not matching with   Allport Haulier value is not matching with   Allport Haulier value is not matching with   Allport Haulier value is not matching with   Allport Haulier value is not matching with   Allport Haulier value is not matching with   Allport Haulier value is not matching with   Allport Haulier value is not matching with   Allport Haulier value is not matching with   Allport Haulier value is not matching with   Allport Haulier value is not matching with   Allport Haulier value is not matching with   Allport Haulier value is not matching with   Allport Haulier value is not matching with   Allport Haulier value is not matching with   Allport Haulier value is not matching with   Allport Haulier value is not matching with   Allport Haulier value is not matching with   Allport Haulier value is not matching with   Allport Haulier value is not matching with   Allport Haulier value is not matching with   Allport Haulier value is not matching with   Allport Haulier value is not matching with   Allport Haulier value is not matching with   Allport Haulier value is not matching with   Allport Haulier value is not matching with   Allport Haulier value is not matching with   Allport Haulier value is not matching with   Allport Haulier value is not matching with   Allport Haulier value is not matching with   Allport Haulier value is not matching with   Allport Haulier value is not matching with   Allport Haulier value is not matching with   Allport Haulier value is not matching with   Allport Haulier value is not matching with   Allport Haulier value is not matching with   Allport Haulier value is not matching with   Allport Haulier value is not matching with   Allport Haulier value is not matching with   Allport Haulier value is not matching with   Allport Haulier value is not matching with   Allport Haulier value is not matching with   Allport Haulier value is not matching with   Allport Haulier value is not matching with   Allport Haulier value is not matching with   Allport Haulier value is not matching with   Allport Haulier value is not matching with   Allport Haulier value is not matching with   Allport Haulier value is not matching with   Allport Haulier value is not matching with  *****  expected [true] but found [false]
	at com.lima.test.AdjunoLIMADeliveryBookingTest.test_20_verifyHaulierValue(AdjunoLIMADeliveryBookingTest.java:1081)
... Removed 26 stack frames</pre></div><a href='#' onClick='toggleBox("stack-trace1812424303", this, "Click to show all stack frames", "Click to hide stack frames")'>Click to show all stack frames</a>
<div class='stack-trace' id='stack-trace1812424303'><pre>java.lang.AssertionError: The following asserts failed:
	***** Test ID:20-   Allport Haulier value is not matching with   Allport Haulier value is not matching with   Allport Haulier value is not matching with   Allport Haulier value is not matching with   Allport Haulier value is not matching with   Allport Haulier value is not matching with   Allport Haulier value is not matching with   Allport Haulier value is not matching with   Allport Haulier value is not matching with   Allport Haulier value is not matching with   Allport Haulier value is not matching with   Allport Haulier value is not matching with   Allport Haulier value is not matching with   Allport Haulier value is not matching with   Allport Haulier value is not matching with   Allport Haulier value is not matching with   Allport Haulier value is not matching with   Allport Haulier value is not matching with   Allport Haulier value is not matching with   Allport Haulier value is not matching with   Allport Haulier value is not matching with   Allport Haulier value is not matching with   Allport Haulier value is not matching with   Allport Haulier value is not matching with   Allport Haulier value is not matching with   Allport Haulier value is not matching with   Allport Haulier value is not matching with   Allport Haulier value is not matching with   Allport Haulier value is not matching with   Allport Haulier value is not matching with   Allport Haulier value is not matching with   Allport Haulier value is not matching with   Allport Haulier value is not matching with   Allport Haulier value is not matching with   Allport Haulier value is not matching with   Allport Haulier value is not matching with   Allport Haulier value is not matching with   Allport Haulier value is not matching with   Allport Haulier value is not matching with   Allport Haulier value is not matching with   Allport Haulier value is not matching with   Allport Haulier value is not matching with   Allport Haulier value is not matching with   Allport Haulier value is not matching with   Allport Haulier value is not matching with   Allport Haulier value is not matching with   Allport Haulier value is not matching with   Allport Haulier value is not matching with   Allport Haulier value is not matching with   Allport Haulier value is not matching with   Allport Haulier value is not matching with   Allport Haulier value is not matching with   Allport Haulier value is not matching with   Allport Haulier value is not matching with   Allport Haulier value is not matching with   Allport Haulier value is not matching with   Allport Haulier value is not matching with   Allport Haulier value is not matching with   Allport Haulier value is not matching with   Allport Haulier value is not matching with   Allport Haulier value is not matching with   Allport Haulier value is not matching with   Allport Haulier value is not matching with   Allport Haulier value is not matching with   Allport Haulier value is not matching with   Allport Haulier value is not matching with   Allport Haulier value is not matching with   Allport Haulier value is not matching with   Allport Haulier value is not matching with   Allport Haulier value is not matching with   Allport Haulier value is not matching with   Allport Haulier value is not matching with   Allport Haulier value is not matching with   Allport Haulier value is not matching with   Allport Haulier value is not matching with   Allport Haulier value is not matching with   Allport Haulier value is not matching with   Allport Haulier value is not matching with   Allport Haulier value is not matching with   Allport Haulier value is not matching with   Allport Haulier value is not matching with   Allport Haulier value is not matching with   Allport Haulier value is not matching with   Allport Haulier value is not matching with   Allport Haulier value is not matching with   Allport Haulier value is not matching with   Allport Haulier value is not matching with   Allport Haulier value is not matching with   Allport Haulier value is not matching with   Allport Haulier value is not matching with   Allport Haulier value is not matching with   Allport Haulier value is not matching with   Allport Haulier value is not matching with   Allport Haulier value is not matching with   Allport Haulier value is not matching with   Allport Haulier value is not matching with   Allport Haulier value is not matching with   Allport Haulier value is not matching with   Allport Haulier value is not matching with   Allport Haulier value is not matching with   Allport Haulier value is not matching with   Allport Haulier value is not matching with   Allport Haulier value is not matching with   Allport Haulier value is not matching with   Allport Haulier value is not matching with   Allport Haulier value is not matching with   Allport Haulier value is not matching with   Allport Haulier value is not matching with   Allport Haulier value is not matching with   Allport Haulier value is not matching with   Allport Haulier value is not matching with   Allport Haulier value is not matching with   Allport Haulier value is not matching with   Allport Haulier value is not matching with   Allport Haulier value is not matching with   Allport Haulier value is not matching with   Allport Haulier value is not matching with   Allport Haulier value is not matching with   Allport Haulier value is not matching with   Allport Haulier value is not matching with   Allport Haulier value is not matching with   Allport Haulier value is not matching with   Allport Haulier value is not matching with   Allport Haulier value is not matching with   Allport Haulier value is not matching with   Allport Haulier value is not matching with   Allport Haulier value is not matching with   Allport Haulier value is not matching with   Allport Haulier value is not matching with   Allport Haulier value is not matching with   Allport Haulier value is not matching with   Allport Haulier value is not matching with   Allport Haulier value is not matching with   Allport Haulier value is not matching with   Allport Haulier value is not matching with   Allport Haulier value is not matching with   Allport Haulier value is not matching with   Allport Haulier value is not matching with   Allport Haulier value is not matching with   Allport Haulier value is not matching with   Allport Haulier value is not matching with   Allport Haulier value is not matching with   Allport Haulier value is not matching with   Allport Haulier value is not matching with   Allport Haulier value is not matching with   Allport Haulier value is not matching with   Allport Haulier value is not matching with   Allport Haulier value is not matching with   Allport Haulier value is not matching with   Allport Haulier value is not matching with   Allport Haulier value is not matching with   Allport Haulier value is not matching with   Allport Haulier value is not matching with   Allport Haulier value is not matching with   Allport Haulier value is not matching with   Allport Haulier value is not matching with   Allport Haulier value is not matching with   Allport Haulier value is not matching with   Allport Haulier value is not matching with   Allport Haulier value is not matching with   Allport Haulier value is not matching with   Allport Haulier value is not matching with   Allport Haulier value is not matching with   Allport Haulier value is not matching with   Allport Haulier value is not matching with   Allport Haulier value is not matching with   Allport Haulier value is not matching with   Allport Haulier value is not matching with   Allport Haulier value is not matching with   Allport Haulier value is not matching with   Allport Haulier value is not matching with   Allport Haulier value is not matching with   Allport Haulier value is not matching with   Allport Haulier value is not matching with   Allport Haulier value is not matching with   Allport Haulier value is not matching with   Allport Haulier value is not matching with   Allport Haulier value is not matching with   Allport Haulier value is not matching with   Allport Haulier value is not matching with   Allport Haulier value is not matching with   Allport Haulier value is not matching with   Allport Haulier value is not matching with   Allport Haulier value is not matching with   Allport Haulier value is not matching with   Allport Haulier value is not matching with  *****  expected [true] but found [false]
	at org.testng.asserts.SoftAssert.assertAll(SoftAssert.java:43)
	at com.lima.test.AdjunoLIMADeliveryBookingTest.test_20_verifyHaulierValue(AdjunoLIMADeliveryBookingTest.java:1081)
	at sun.reflect.NativeMethodAccessorImpl.invoke0(Native Method)
	at sun.reflect.NativeMethodAccessorImpl.invoke(Unknown Source)
	at sun.reflect.DelegatingMethodAccessorImpl.invoke(Unknown Source)
	at java.lang.reflect.Method.invoke(Unknown Source)
	at org.testng.internal.MethodInvocationHelper.invokeMethod(MethodInvocationHelper.java:100)
	at org.testng.internal.Invoker.invokeMethod(Invoker.java:646)
	at org.testng.internal.Invoker.invokeTestMethod(Invoker.java:811)
	at org.testng.internal.Invoker.invokeTestMethods(Invoker.java:1129)
	at org.testng.internal.TestMethodWorker.invokeTestMethods(TestMethodWorker.java:129)
	at org.testng.internal.TestMethodWorker.run(TestMethodWorker.java:112)
	at org.testng.TestRunner.privateRun(TestRunner.java:746)
	at org.testng.TestRunner.run(TestRunner.java:600)
	at org.testng.SuiteRunner.runTest(SuiteRunner.java:366)
	at org.testng.SuiteRunner.runSequentially(SuiteRunner.java:361)
	at org.testng.SuiteRunner.privateRun(SuiteRunner.java:319)
	at org.testng.SuiteRunner.run(SuiteRunner.java:268)
	at org.testng.SuiteRunnerWorker.runSuite(SuiteRunnerWorker.java:52)
	at org.testng.SuiteRunnerWorker.run(SuiteRunnerWorker.java:86)
	at org.testng.TestNG.runSuitesSequentially(TestNG.java:1264)
	at org.testng.TestNG.runSuitesLocally(TestNG.java:1189)
	at org.testng.TestNG.runSuites(TestNG.java:1104)
	at org.testng.TestNG.run(TestNG.java:1076)
	at org.testng.remote.AbstractRemoteTestNG.run(AbstractRemoteTestNG.java:126)
	at org.testng.remote.RemoteTestNG.initAndRun(RemoteTestNG.java:152)
	at org.testng.remote.RemoteTestNG.main(RemoteTestNG.java:57)
</pre></div></td>
<td>262</td>
<td>com.lima.test.AdjunoLIMADeliveryBookingTest@3224f60b</td></tr>
<tr>
<td title='com.lima.test.AdjunoLIMADeliveryBookingTest.test_21_verifyLoadingValue()'><b>test_21_verifyLoadingValue</b><br>Test class: com.lima.test.AdjunoLIMADeliveryBookingTest</td>
<td><div><pre>java.lang.AssertionError: The following asserts failed:
	***** Test ID:21-   AIR Loading value is not matching with FULL LOAD  AIR Loading value is not matching with CY/CY  AIR Loading value is not matching with CY/CY  AIR Loading value is not matching with CFS/CY  AIR Loading value is not matching with CY/CY  AIR Loading value is not matching with CFS/CY  AIR Loading value is not matching with CFS/CY  AIR Loading value is not matching with CFS/CY  AIR Loading value is not matching with CFS/CY  AIR Loading value is not matching with CFS/CY  AIR Loading value is not matching with CFS/CY  AIR Loading value is not matching with CY/CY  AIR Loading value is not matching with CY/CY  AIR Loading value is not matching with CY/CY  AIR Loading value is not matching with CFS/CY  AIR Loading value is not matching with CY/CY  AIR Loading value is not matching with CFS/CFS  AIR Loading value is not matching with CFS/CFS  AIR Loading value is not matching with CFS/CFS  AIR Loading value is not matching with CFS/CFS  AIR Loading value is not matching with CFS/CFS  AIR Loading value is not matching with CFS/CY  AIR Loading value is not matching with CY/CY  AIR Loading value is not matching with CY/CY  AIR Loading value is not matching with CY/CY  AIR Loading value is not matching with CY/CY  AIR Loading value is not matching with CFS/CY  AIR Loading value is not matching with CFS/CY  AIR Loading value is not matching with CY/CY  AIR Loading value is not matching with CFS/CFS  AIR Loading value is not matching with CFS/CFS  AIR Loading value is not matching with CFS/CFS  AIR Loading value is not matching with CFS/CFS  AIR Loading value is not matching with CFS/CFS  AIR Loading value is not matching with CFS/CY  AIR Loading value is not matching with CFS/CY  AIR Loading value is not matching with CFS/CY  AIR Loading value is not matching with CFS/CY  AIR Loading value is not matching with CY/CY  AIR Loading value is not matching with CY/CY  AIR Loading value is not matching with CFS/CY  AIR Loading value is not matching with CFS/CY  AIR Loading value is not matching with CFS/CFS  AIR Loading value is not matching with CFS/CY  AIR Loading value is not matching with CFS/CFS  AIR Loading value is not matching with CFS/CY  AIR Loading value is not matching with CY/CY  AIR Loading value is not matching with CY/CY  AIR Loading value is not matching with CY/CY  AIR Loading value is not matching with CY/CY  AIR Loading value is not matching with CFS/CY  AIR Loading value is not matching with CFS/CY  AIR Loading value is not matching with CFS/CY  AIR Loading value is not matching with CY/CY  AIR Loading value is not matching with CY/CY  AIR Loading value is not matching with CY/CY  AIR Loading value is not matching with CFS/CY  AIR Loading value is not matching with CY/CY  AIR Loading value is not matching with CY/CY  AIR Loading value is not matching with CFS/CY  AIR Loading value is not matching with CFS/CY  AIR Loading value is not matching with CFS/CY  AIR Loading value is not matching with CFS/CY  AIR Loading value is not matching with CY/CY  AIR Loading value is not matching with CY/CY  AIR Loading value is not matching with CY/CY  AIR Loading value is not matching with CY/CY  AIR Loading value is not matching with CY/CY  AIR Loading value is not matching with CY/CY  AIR Loading value is not matching with CFS/CFS  AIR Loading value is not matching with CFS/CFS  AIR Loading value is not matching with CFS/CFS  AIR Loading value is not matching with CFS/CFS  AIR Loading value is not matching with CFS/CY  AIR Loading value is not matching with CY/CY  AIR Loading value is not matching with CY/CY  AIR Loading value is not matching with CY/CY  AIR Loading value is not matching with CFS/CFS  AIR Loading value is not matching with CFS/CFS  AIR Loading value is not matching with CFS/CFS  AIR Loading value is not matching with CFS/CFS  AIR Loading value is not matching with CFS/CFS *****  expected [true] but found [false]
	at com.lima.test.AdjunoLIMADeliveryBookingTest.test_21_verifyLoadingValue(AdjunoLIMADeliveryBookingTest.java:1138)
... Removed 26 stack frames</pre></div><a href='#' onClick='toggleBox("stack-trace2136711615", this, "Click to show all stack frames", "Click to hide stack frames")'>Click to show all stack frames</a>
<div class='stack-trace' id='stack-trace2136711615'><pre>java.lang.AssertionError: The following asserts failed:
	***** Test ID:21-   AIR Loading value is not matching with FULL LOAD  AIR Loading value is not matching with CY/CY  AIR Loading value is not matching with CY/CY  AIR Loading value is not matching with CFS/CY  AIR Loading value is not matching with CY/CY  AIR Loading value is not matching with CFS/CY  AIR Loading value is not matching with CFS/CY  AIR Loading value is not matching with CFS/CY  AIR Loading value is not matching with CFS/CY  AIR Loading value is not matching with CFS/CY  AIR Loading value is not matching with CFS/CY  AIR Loading value is not matching with CY/CY  AIR Loading value is not matching with CY/CY  AIR Loading value is not matching with CY/CY  AIR Loading value is not matching with CFS/CY  AIR Loading value is not matching with CY/CY  AIR Loading value is not matching with CFS/CFS  AIR Loading value is not matching with CFS/CFS  AIR Loading value is not matching with CFS/CFS  AIR Loading value is not matching with CFS/CFS  AIR Loading value is not matching with CFS/CFS  AIR Loading value is not matching with CFS/CY  AIR Loading value is not matching with CY/CY  AIR Loading value is not matching with CY/CY  AIR Loading value is not matching with CY/CY  AIR Loading value is not matching with CY/CY  AIR Loading value is not matching with CFS/CY  AIR Loading value is not matching with CFS/CY  AIR Loading value is not matching with CY/CY  AIR Loading value is not matching with CFS/CFS  AIR Loading value is not matching with CFS/CFS  AIR Loading value is not matching with CFS/CFS  AIR Loading value is not matching with CFS/CFS  AIR Loading value is not matching with CFS/CFS  AIR Loading value is not matching with CFS/CY  AIR Loading value is not matching with CFS/CY  AIR Loading value is not matching with CFS/CY  AIR Loading value is not matching with CFS/CY  AIR Loading value is not matching with CY/CY  AIR Loading value is not matching with CY/CY  AIR Loading value is not matching with CFS/CY  AIR Loading value is not matching with CFS/CY  AIR Loading value is not matching with CFS/CFS  AIR Loading value is not matching with CFS/CY  AIR Loading value is not matching with CFS/CFS  AIR Loading value is not matching with CFS/CY  AIR Loading value is not matching with CY/CY  AIR Loading value is not matching with CY/CY  AIR Loading value is not matching with CY/CY  AIR Loading value is not matching with CY/CY  AIR Loading value is not matching with CFS/CY  AIR Loading value is not matching with CFS/CY  AIR Loading value is not matching with CFS/CY  AIR Loading value is not matching with CY/CY  AIR Loading value is not matching with CY/CY  AIR Loading value is not matching with CY/CY  AIR Loading value is not matching with CFS/CY  AIR Loading value is not matching with CY/CY  AIR Loading value is not matching with CY/CY  AIR Loading value is not matching with CFS/CY  AIR Loading value is not matching with CFS/CY  AIR Loading value is not matching with CFS/CY  AIR Loading value is not matching with CFS/CY  AIR Loading value is not matching with CY/CY  AIR Loading value is not matching with CY/CY  AIR Loading value is not matching with CY/CY  AIR Loading value is not matching with CY/CY  AIR Loading value is not matching with CY/CY  AIR Loading value is not matching with CY/CY  AIR Loading value is not matching with CFS/CFS  AIR Loading value is not matching with CFS/CFS  AIR Loading value is not matching with CFS/CFS  AIR Loading value is not matching with CFS/CFS  AIR Loading value is not matching with CFS/CY  AIR Loading value is not matching with CY/CY  AIR Loading value is not matching with CY/CY  AIR Loading value is not matching with CY/CY  AIR Loading value is not matching with CFS/CFS  AIR Loading value is not matching with CFS/CFS  AIR Loading value is not matching with CFS/CFS  AIR Loading value is not matching with CFS/CFS  AIR Loading value is not matching with CFS/CFS *****  expected [true] but found [false]
	at org.testng.asserts.SoftAssert.assertAll(SoftAssert.java:43)
	at com.lima.test.AdjunoLIMADeliveryBookingTest.test_21_verifyLoadingValue(AdjunoLIMADeliveryBookingTest.java:1138)
	at sun.reflect.NativeMethodAccessorImpl.invoke0(Native Method)
	at sun.reflect.NativeMethodAccessorImpl.invoke(Unknown Source)
	at sun.reflect.DelegatingMethodAccessorImpl.invoke(Unknown Source)
	at java.lang.reflect.Method.invoke(Unknown Source)
	at org.testng.internal.MethodInvocationHelper.invokeMethod(MethodInvocationHelper.java:100)
	at org.testng.internal.Invoker.invokeMethod(Invoker.java:646)
	at org.testng.internal.Invoker.invokeTestMethod(Invoker.java:811)
	at org.testng.internal.Invoker.invokeTestMethods(Invoker.java:1129)
	at org.testng.internal.TestMethodWorker.invokeTestMethods(TestMethodWorker.java:129)
	at org.testng.internal.TestMethodWorker.run(TestMethodWorker.java:112)
	at org.testng.TestRunner.privateRun(TestRunner.java:746)
	at org.testng.TestRunner.run(TestRunner.java:600)
	at org.testng.SuiteRunner.runTest(SuiteRunner.java:366)
	at org.testng.SuiteRunner.runSequentially(SuiteRunner.java:361)
	at org.testng.SuiteRunner.privateRun(SuiteRunner.java:319)
	at org.testng.SuiteRunner.run(SuiteRunner.java:268)
	at org.testng.SuiteRunnerWorker.runSuite(SuiteRunnerWorker.java:52)
	at org.testng.SuiteRunnerWorker.run(SuiteRunnerWorker.java:86)
	at org.testng.TestNG.runSuitesSequentially(TestNG.java:1264)
	at org.testng.TestNG.runSuitesLocally(TestNG.java:1189)
	at org.testng.TestNG.runSuites(TestNG.java:1104)
	at org.testng.TestNG.run(TestNG.java:1076)
	at org.testng.remote.AbstractRemoteTestNG.run(AbstractRemoteTestNG.java:126)
	at org.testng.remote.RemoteTestNG.initAndRun(RemoteTestNG.java:152)
	at org.testng.remote.RemoteTestNG.main(RemoteTestNG.java:57)
</pre></div></td>
<td>142</td>
<td>com.lima.test.AdjunoLIMADeliveryBookingTest@3224f60b</td></tr>
<tr>
<td title='com.lima.test.AdjunoLIMADeliveryBookingTest.test_5_VerifyDestinationPortDropDownValues()'><b>test_5_VerifyDestinationPortDropDownValues</b><br>Test class: com.lima.test.AdjunoLIMADeliveryBookingTest</td>
<td><div><pre>java.lang.AssertionError: The following asserts failed:
	***** Test ID : 5Destination Port Drop Down Won&apos;t have any Value***** expected [true] but found [false]
	at com.lima.test.AdjunoLIMADeliveryBookingTest.test_5_VerifyDestinationPortDropDownValues(AdjunoLIMADeliveryBookingTest.java:508)
... Removed 26 stack frames</pre></div><a href='#' onClick='toggleBox("stack-trace2123621270", this, "Click to show all stack frames", "Click to hide stack frames")'>Click to show all stack frames</a>
<div class='stack-trace' id='stack-trace2123621270'><pre>java.lang.AssertionError: The following asserts failed:
	***** Test ID : 5Destination Port Drop Down Won&apos;t have any Value***** expected [true] but found [false]
	at org.testng.asserts.SoftAssert.assertAll(SoftAssert.java:43)
	at com.lima.test.AdjunoLIMADeliveryBookingTest.test_5_VerifyDestinationPortDropDownValues(AdjunoLIMADeliveryBookingTest.java:508)
	at sun.reflect.NativeMethodAccessorImpl.invoke0(Native Method)
	at sun.reflect.NativeMethodAccessorImpl.invoke(Unknown Source)
	at sun.reflect.DelegatingMethodAccessorImpl.invoke(Unknown Source)
	at java.lang.reflect.Method.invoke(Unknown Source)
	at org.testng.internal.MethodInvocationHelper.invokeMethod(MethodInvocationHelper.java:100)
	at org.testng.internal.Invoker.invokeMethod(Invoker.java:646)
	at org.testng.internal.Invoker.invokeTestMethod(Invoker.java:811)
	at org.testng.internal.Invoker.invokeTestMethods(Invoker.java:1129)
	at org.testng.internal.TestMethodWorker.invokeTestMethods(TestMethodWorker.java:129)
	at org.testng.internal.TestMethodWorker.run(TestMethodWorker.java:112)
	at org.testng.TestRunner.privateRun(TestRunner.java:746)
	at org.testng.TestRunner.run(TestRunner.java:600)
	at org.testng.SuiteRunner.runTest(SuiteRunner.java:366)
	at org.testng.SuiteRunner.runSequentially(SuiteRunner.java:361)
	at org.testng.SuiteRunner.privateRun(SuiteRunner.java:319)
	at org.testng.SuiteRunner.run(SuiteRunner.java:268)
	at org.testng.SuiteRunnerWorker.runSuite(SuiteRunnerWorker.java:52)
	at org.testng.SuiteRunnerWorker.run(SuiteRunnerWorker.java:86)
	at org.testng.TestNG.runSuitesSequentially(TestNG.java:1264)
	at org.testng.TestNG.runSuitesLocally(TestNG.java:1189)
	at org.testng.TestNG.runSuites(TestNG.java:1104)
	at org.testng.TestNG.run(TestNG.java:1076)
	at org.testng.remote.AbstractRemoteTestNG.run(AbstractRemoteTestNG.java:126)
	at org.testng.remote.RemoteTestNG.initAndRun(RemoteTestNG.java:152)
	at org.testng.remote.RemoteTestNG.main(RemoteTestNG.java:57)
</pre></div></td>
<td>0</td>
<td>com.lima.test.AdjunoLIMADeliveryBookingTest@3224f60b</td></tr>
<tr>
<td title='com.lima.test.AdjunoLIMADeliveryBookingTest.test_6_VerifyDestinationDropDownValues()'><b>test_6_VerifyDestinationDropDownValues</b><br>Test class: com.lima.test.AdjunoLIMADeliveryBookingTest</td>
<td><div><pre>java.lang.AssertionError: The following asserts failed:
	***** Test ID : 6Destination Drop Down Won&apos;t have any Value***** expected [true] but found [false]
	at com.lima.test.AdjunoLIMADeliveryBookingTest.test_6_VerifyDestinationDropDownValues(AdjunoLIMADeliveryBookingTest.java:529)
... Removed 26 stack frames</pre></div><a href='#' onClick='toggleBox("stack-trace2134490293", this, "Click to show all stack frames", "Click to hide stack frames")'>Click to show all stack frames</a>
<div class='stack-trace' id='stack-trace2134490293'><pre>java.lang.AssertionError: The following asserts failed:
	***** Test ID : 6Destination Drop Down Won&apos;t have any Value***** expected [true] but found [false]
	at org.testng.asserts.SoftAssert.assertAll(SoftAssert.java:43)
	at com.lima.test.AdjunoLIMADeliveryBookingTest.test_6_VerifyDestinationDropDownValues(AdjunoLIMADeliveryBookingTest.java:529)
	at sun.reflect.NativeMethodAccessorImpl.invoke0(Native Method)
	at sun.reflect.NativeMethodAccessorImpl.invoke(Unknown Source)
	at sun.reflect.DelegatingMethodAccessorImpl.invoke(Unknown Source)
	at java.lang.reflect.Method.invoke(Unknown Source)
	at org.testng.internal.MethodInvocationHelper.invokeMethod(MethodInvocationHelper.java:100)
	at org.testng.internal.Invoker.invokeMethod(Invoker.java:646)
	at org.testng.internal.Invoker.invokeTestMethod(Invoker.java:811)
	at org.testng.internal.Invoker.invokeTestMethods(Invoker.java:1129)
	at org.testng.internal.TestMethodWorker.invokeTestMethods(TestMethodWorker.java:129)
	at org.testng.internal.TestMethodWorker.run(TestMethodWorker.java:112)
	at org.testng.TestRunner.privateRun(TestRunner.java:746)
	at org.testng.TestRunner.run(TestRunner.java:600)
	at org.testng.SuiteRunner.runTest(SuiteRunner.java:366)
	at org.testng.SuiteRunner.runSequentially(SuiteRunner.java:361)
	at org.testng.SuiteRunner.privateRun(SuiteRunner.java:319)
	at org.testng.SuiteRunner.run(SuiteRunner.java:268)
	at org.testng.SuiteRunnerWorker.runSuite(SuiteRunnerWorker.java:52)
	at org.testng.SuiteRunnerWorker.run(SuiteRunnerWorker.java:86)
	at org.testng.TestNG.runSuitesSequentially(TestNG.java:1264)
	at org.testng.TestNG.runSuitesLocally(TestNG.java:1189)
	at org.testng.TestNG.runSuites(TestNG.java:1104)
	at org.testng.TestNG.run(TestNG.java:1076)
	at org.testng.remote.AbstractRemoteTestNG.run(AbstractRemoteTestNG.java:126)
	at org.testng.remote.RemoteTestNG.initAndRun(RemoteTestNG.java:152)
	at org.testng.remote.RemoteTestNG.main(RemoteTestNG.java:57)
</pre></div></td>
<td>0</td>
<td>com.lima.test.AdjunoLIMADeliveryBookingTest@3224f60b</td></tr>
<tr>
<td title='com.lima.test.AdjunoLIMADeliveryBookingTest.test_7_VerifyHaulierDropDownValues()'><b>test_7_VerifyHaulierDropDownValues</b><br>Test class: com.lima.test.AdjunoLIMADeliveryBookingTest</td>
<td><div><pre>java.lang.AssertionError: The following asserts failed:
	***** Test ID : 7Haulier Drop Down Won&apos;t have any Value***** expected [true] but found [false]
	at com.lima.test.AdjunoLIMADeliveryBookingTest.test_7_VerifyHaulierDropDownValues(AdjunoLIMADeliveryBookingTest.java:549)
... Removed 26 stack frames</pre></div><a href='#' onClick='toggleBox("stack-trace840437499", this, "Click to show all stack frames", "Click to hide stack frames")'>Click to show all stack frames</a>
<div class='stack-trace' id='stack-trace840437499'><pre>java.lang.AssertionError: The following asserts failed:
	***** Test ID : 7Haulier Drop Down Won&apos;t have any Value***** expected [true] but found [false]
	at org.testng.asserts.SoftAssert.assertAll(SoftAssert.java:43)
	at com.lima.test.AdjunoLIMADeliveryBookingTest.test_7_VerifyHaulierDropDownValues(AdjunoLIMADeliveryBookingTest.java:549)
	at sun.reflect.NativeMethodAccessorImpl.invoke0(Native Method)
	at sun.reflect.NativeMethodAccessorImpl.invoke(Unknown Source)
	at sun.reflect.DelegatingMethodAccessorImpl.invoke(Unknown Source)
	at java.lang.reflect.Method.invoke(Unknown Source)
	at org.testng.internal.MethodInvocationHelper.invokeMethod(MethodInvocationHelper.java:100)
	at org.testng.internal.Invoker.invokeMethod(Invoker.java:646)
	at org.testng.internal.Invoker.invokeTestMethod(Invoker.java:811)
	at org.testng.internal.Invoker.invokeTestMethods(Invoker.java:1129)
	at org.testng.internal.TestMethodWorker.invokeTestMethods(TestMethodWorker.java:129)
	at org.testng.internal.TestMethodWorker.run(TestMethodWorker.java:112)
	at org.testng.TestRunner.privateRun(TestRunner.java:746)
	at org.testng.TestRunner.run(TestRunner.java:600)
	at org.testng.SuiteRunner.runTest(SuiteRunner.java:366)
	at org.testng.SuiteRunner.runSequentially(SuiteRunner.java:361)
	at org.testng.SuiteRunner.privateRun(SuiteRunner.java:319)
	at org.testng.SuiteRunner.run(SuiteRunner.java:268)
	at org.testng.SuiteRunnerWorker.runSuite(SuiteRunnerWorker.java:52)
	at org.testng.SuiteRunnerWorker.run(SuiteRunnerWorker.java:86)
	at org.testng.TestNG.runSuitesSequentially(TestNG.java:1264)
	at org.testng.TestNG.runSuitesLocally(TestNG.java:1189)
	at org.testng.TestNG.runSuites(TestNG.java:1104)
	at org.testng.TestNG.run(TestNG.java:1076)
	at org.testng.remote.AbstractRemoteTestNG.run(AbstractRemoteTestNG.java:126)
	at org.testng.remote.RemoteTestNG.initAndRun(RemoteTestNG.java:152)
	at org.testng.remote.RemoteTestNG.main(RemoteTestNG.java:57)
</pre></div></td>
<td>0</td>
<td>com.lima.test.AdjunoLIMADeliveryBookingTest@3224f60b</td></tr>
<tr>
<td title='com.lima.test.AdjunoLIMADeliveryBookingTest.test_8_VerifyLoadingDropDownValues()'><b>test_8_VerifyLoadingDropDownValues</b><br>Test class: com.lima.test.AdjunoLIMADeliveryBookingTest</td>
<td><div><pre>java.lang.AssertionError: The following asserts failed:
	***** Test ID : 8Loading Drop Down Won&apos;t have any Value***** expected [true] but found [false]
	at com.lima.test.AdjunoLIMADeliveryBookingTest.test_8_VerifyLoadingDropDownValues(AdjunoLIMADeliveryBookingTest.java:568)
... Removed 26 stack frames</pre></div><a href='#' onClick='toggleBox("stack-trace718262907", this, "Click to show all stack frames", "Click to hide stack frames")'>Click to show all stack frames</a>
<div class='stack-trace' id='stack-trace718262907'><pre>java.lang.AssertionError: The following asserts failed:
	***** Test ID : 8Loading Drop Down Won&apos;t have any Value***** expected [true] but found [false]
	at org.testng.asserts.SoftAssert.assertAll(SoftAssert.java:43)
	at com.lima.test.AdjunoLIMADeliveryBookingTest.test_8_VerifyLoadingDropDownValues(AdjunoLIMADeliveryBookingTest.java:568)
	at sun.reflect.NativeMethodAccessorImpl.invoke0(Native Method)
	at sun.reflect.NativeMethodAccessorImpl.invoke(Unknown Source)
	at sun.reflect.DelegatingMethodAccessorImpl.invoke(Unknown Source)
	at java.lang.reflect.Method.invoke(Unknown Source)
	at org.testng.internal.MethodInvocationHelper.invokeMethod(MethodInvocationHelper.java:100)
	at org.testng.internal.Invoker.invokeMethod(Invoker.java:646)
	at org.testng.internal.Invoker.invokeTestMethod(Invoker.java:811)
	at org.testng.internal.Invoker.invokeTestMethods(Invoker.java:1129)
	at org.testng.internal.TestMethodWorker.invokeTestMethods(TestMethodWorker.java:129)
	at org.testng.internal.TestMethodWorker.run(TestMethodWorker.java:112)
	at org.testng.TestRunner.privateRun(TestRunner.java:746)
	at org.testng.TestRunner.run(TestRunner.java:600)
	at org.testng.SuiteRunner.runTest(SuiteRunner.java:366)
	at org.testng.SuiteRunner.runSequentially(SuiteRunner.java:361)
	at org.testng.SuiteRunner.privateRun(SuiteRunner.java:319)
	at org.testng.SuiteRunner.run(SuiteRunner.java:268)
	at org.testng.SuiteRunnerWorker.runSuite(SuiteRunnerWorker.java:52)
	at org.testng.SuiteRunnerWorker.run(SuiteRunnerWorker.java:86)
	at org.testng.TestNG.runSuitesSequentially(TestNG.java:1264)
	at org.testng.TestNG.runSuitesLocally(TestNG.java:1189)
	at org.testng.TestNG.runSuites(TestNG.java:1104)
	at org.testng.TestNG.run(TestNG.java:1076)
	at org.testng.remote.AbstractRemoteTestNG.run(AbstractRemoteTestNG.java:126)
	at org.testng.remote.RemoteTestNG.initAndRun(RemoteTestNG.java:152)
	at org.testng.remote.RemoteTestNG.main(RemoteTestNG.java:57)
</pre></div></td>
<td>0</td>
<td>com.lima.test.AdjunoLIMADeliveryBookingTest@3224f60b</td></tr>
<tr>
<td title='com.lima.test.AdjunoLIMADeliveryBookingTest.test_9_VerifyVesselDropDownValues()'><b>test_9_VerifyVesselDropDownValues</b><br>Test class: com.lima.test.AdjunoLIMADeliveryBookingTest</td>
<td><div><pre>java.lang.AssertionError: The following asserts failed:
	***** Test ID : 9Vessel Drop Down Won&apos;t have any Value***** expected [true] but found [false]
	at com.lima.test.AdjunoLIMADeliveryBookingTest.test_9_VerifyVesselDropDownValues(AdjunoLIMADeliveryBookingTest.java:587)
... Removed 26 stack frames</pre></div><a href='#' onClick='toggleBox("stack-trace698687473", this, "Click to show all stack frames", "Click to hide stack frames")'>Click to show all stack frames</a>
<div class='stack-trace' id='stack-trace698687473'><pre>java.lang.AssertionError: The following asserts failed:
	***** Test ID : 9Vessel Drop Down Won&apos;t have any Value***** expected [true] but found [false]
	at org.testng.asserts.SoftAssert.assertAll(SoftAssert.java:43)
	at com.lima.test.AdjunoLIMADeliveryBookingTest.test_9_VerifyVesselDropDownValues(AdjunoLIMADeliveryBookingTest.java:587)
	at sun.reflect.NativeMethodAccessorImpl.invoke0(Native Method)
	at sun.reflect.NativeMethodAccessorImpl.invoke(Unknown Source)
	at sun.reflect.DelegatingMethodAccessorImpl.invoke(Unknown Source)
	at java.lang.reflect.Method.invoke(Unknown Source)
	at org.testng.internal.MethodInvocationHelper.invokeMethod(MethodInvocationHelper.java:100)
	at org.testng.internal.Invoker.invokeMethod(Invoker.java:646)
	at org.testng.internal.Invoker.invokeTestMethod(Invoker.java:811)
	at org.testng.internal.Invoker.invokeTestMethods(Invoker.java:1129)
	at org.testng.internal.TestMethodWorker.invokeTestMethods(TestMethodWorker.java:129)
	at org.testng.internal.TestMethodWorker.run(TestMethodWorker.java:112)
	at org.testng.TestRunner.privateRun(TestRunner.java:746)
	at org.testng.TestRunner.run(TestRunner.java:600)
	at org.testng.SuiteRunner.runTest(SuiteRunner.java:366)
	at org.testng.SuiteRunner.runSequentially(SuiteRunner.java:361)
	at org.testng.SuiteRunner.privateRun(SuiteRunner.java:319)
	at org.testng.SuiteRunner.run(SuiteRunner.java:268)
	at org.testng.SuiteRunnerWorker.runSuite(SuiteRunnerWorker.java:52)
	at org.testng.SuiteRunnerWorker.run(SuiteRunnerWorker.java:86)
	at org.testng.TestNG.runSuitesSequentially(TestNG.java:1264)
	at org.testng.TestNG.runSuitesLocally(TestNG.java:1189)
	at org.testng.TestNG.runSuites(TestNG.java:1104)
	at org.testng.TestNG.run(TestNG.java:1076)
	at org.testng.remote.AbstractRemoteTestNG.run(AbstractRemoteTestNG.java:126)
	at org.testng.remote.RemoteTestNG.initAndRun(RemoteTestNG.java:152)
	at org.testng.remote.RemoteTestNG.main(RemoteTestNG.java:57)
</pre></div></td>
<td>0</td>
<td>com.lima.test.AdjunoLIMADeliveryBookingTest@3224f60b</td></tr>
</table><p>
<table width='100%' border='1' class='invocation-passed'>
<tr><td colspan='4' align='center'><b>PASSED TESTS</b></td></tr>
<tr><td><b>Test method</b></td>
<td width="30%"><b>Exception</b></td>
<td width="10%"><b>Time (seconds)</b></td>
<td><b>Instance</b></td>
</tr>
<tr>
<td title='com.lima.test.AdjunoLIMADeliveryBookingTest.test_10_VerifyInvalidContainer()'><b>test_10_VerifyInvalidContainer</b><br>Test class: com.lima.test.AdjunoLIMADeliveryBookingTest</td>
<td></td>
<td>57</td>
<td>com.lima.test.AdjunoLIMADeliveryBookingTest@3224f60b</td></tr>
<tr>
<td title='com.lima.test.AdjunoLIMADeliveryBookingTest.test_11_VerifyInvalidPONumber()'><b>test_11_VerifyInvalidPONumber</b><br>Test class: com.lima.test.AdjunoLIMADeliveryBookingTest</td>
<td></td>
<td>59</td>
<td>com.lima.test.AdjunoLIMADeliveryBookingTest@3224f60b</td></tr>
<tr>
<td title='com.lima.test.AdjunoLIMADeliveryBookingTest.test_12_VerifyValidPONumber()'><b>test_12_VerifyValidPONumber</b><br>Test class: com.lima.test.AdjunoLIMADeliveryBookingTest</td>
<td></td>
<td>71</td>
<td>com.lima.test.AdjunoLIMADeliveryBookingTest@3224f60b</td></tr>
<tr>
<td title='com.lima.test.AdjunoLIMADeliveryBookingTest.test_13_verifyFieldsInSelectChevron()'><b>test_13_verifyFieldsInSelectChevron</b><br>Test class: com.lima.test.AdjunoLIMADeliveryBookingTest</td>
<td></td>
<td>3</td>
<td>com.lima.test.AdjunoLIMADeliveryBookingTest@3224f60b</td></tr>
<tr>
<td title='com.lima.test.AdjunoLIMADeliveryBookingTest.test_14_VerifyButtons()'><b>test_14_VerifyButtons</b><br>Test class: com.lima.test.AdjunoLIMADeliveryBookingTest</td>
<td></td>
<td>42</td>
<td>com.lima.test.AdjunoLIMADeliveryBookingTest@3224f60b</td></tr>
<tr>
<td title='com.lima.test.AdjunoLIMADeliveryBookingTest.test_16_verifyDestinationPort()'><b>test_16_verifyDestinationPort</b><br>Test class: com.lima.test.AdjunoLIMADeliveryBookingTest</td>
<td></td>
<td>89</td>
<td>com.lima.test.AdjunoLIMADeliveryBookingTest@3224f60b</td></tr>
<tr>
<td title='com.lima.test.AdjunoLIMADeliveryBookingTest.test_17_verifyContainerValue()'><b>test_17_verifyContainerValue</b><br>Test class: com.lima.test.AdjunoLIMADeliveryBookingTest</td>
<td></td>
<td>70</td>
<td>com.lima.test.AdjunoLIMADeliveryBookingTest@3224f60b</td></tr>
<tr>
<td title='com.lima.test.AdjunoLIMADeliveryBookingTest.test_19_verifyEtaTo()'><b>test_19_verifyEtaTo</b><br>Test class: com.lima.test.AdjunoLIMADeliveryBookingTest</td>
<td></td>
<td>123</td>
<td>com.lima.test.AdjunoLIMADeliveryBookingTest@3224f60b</td></tr>
<tr>
<td title='com.lima.test.AdjunoLIMADeliveryBookingTest.test_1_accessDeliveryBooking()'><b>test_1_accessDeliveryBooking</b><br>Test class: com.lima.test.AdjunoLIMADeliveryBookingTest</td>
<td></td>
<td>10</td>
<td>com.lima.test.AdjunoLIMADeliveryBookingTest@3224f60b</td></tr>
<tr>
<td title='com.lima.test.AdjunoLIMADeliveryBookingTest.test_22_verifyModeValue()'><b>test_22_verifyModeValue</b><br>Test class: com.lima.test.AdjunoLIMADeliveryBookingTest</td>
<td></td>
<td>118</td>
<td>com.lima.test.AdjunoLIMADeliveryBookingTest@3224f60b</td></tr>
<tr>
<td title='com.lima.test.AdjunoLIMADeliveryBookingTest.test_2_VerifyExistanceOfChevorns()'><b>test_2_VerifyExistanceOfChevorns</b><br>Test class: com.lima.test.AdjunoLIMADeliveryBookingTest</td>
<td></td>
<td>0</td>
<td>com.lima.test.AdjunoLIMADeliveryBookingTest@3224f60b</td></tr>
<tr>
<td title='com.lima.test.AdjunoLIMADeliveryBookingTest.test_3_VerifyExistanceOfFields()'><b>test_3_VerifyExistanceOfFields</b><br>Test class: com.lima.test.AdjunoLIMADeliveryBookingTest</td>
<td></td>
<td>5</td>
<td>com.lima.test.AdjunoLIMADeliveryBookingTest@3224f60b</td></tr>
<tr>
<td title='com.lima.test.AdjunoLIMADeliveryBookingTest.test_4_VerifyMandatoryFields()'><b>test_4_VerifyMandatoryFields</b><br>Test class: com.lima.test.AdjunoLIMADeliveryBookingTest</td>
<td></td>
<td>47</td>
<td>com.lima.test.AdjunoLIMADeliveryBookingTest@3224f60b</td></tr>
<tr>
<td title='com.lima.test.AdjunoLIMADeliveryBookingTest.test_accessCatalog()'><b>test_accessCatalog</b><br>Test class: com.lima.test.AdjunoLIMADeliveryBookingTest</td>
<td></td>
<td>28</td>
<td>com.lima.test.AdjunoLIMADeliveryBookingTest@3224f60b</td></tr>
</table><p>
</body>
</html>