<?xml version="1.0" encoding="UTF-8"?>
<!-- Generated by org.testng.reporters.JUnitXMLReporter -->
<testsuite hostname="LAPTOP-L9I71BEA" name="Despatch" tests="32" failures="6" timestamp="5 Feb 2018 07:36:16 GMT" time="630.888" errors="0">
  <testcase name="Test_1_accessDespatch" time="11.659" classname="com.lima.test.AdjunoLIMADespatchTest"/>
  <testcase name="Test_1_checkChevrons" time="0.906" classname="com.lima.test.AdjunoLIMADespatchTest"/>
  <testcase name="Test_1_checkSearchParamsFields" time="2.0" classname="com.lima.test.AdjunoLIMADespatchTest"/>
  <testcase name="Test_11_verifySingleInvalidValue" time="34.753" classname="com.lima.test.AdjunoLIMADespatchTest"/>
  <testcase name="Test_12_verifyMultiInvalidValue" time="20.385" classname="com.lima.test.AdjunoLIMADespatchTest"/>
  <testcase name="Test_9_verifyValidSingleSearchCriteria" time="33.42" classname="com.lima.test.AdjunoLIMADespatchTest"/>
  <testcase name="Test_13_verifyAwaitingStatus" time="18.995" classname="com.lima.test.AdjunoLIMADespatchTest"/>
  <testcase name="Test_14_verifyDespatchedStatus" time="16.607" classname="com.lima.test.AdjunoLIMADespatchTest"/>
  <testcase name="Test_15_verifyAwaitingTranshipmentStatus" time="19.949" classname="com.lima.test.AdjunoLIMADespatchTest"/>
  <testcase name="Test_16_manifestedContainerStatus" time="12.116" classname="com.lima.test.AdjunoLIMADespatchTest"/>
  <testcase name="Test_17_verifyContainerData" time="24.07" classname="com.lima.test.AdjunoLIMADespatchTest">
    <failure type="java.lang.AssertionError" message="The following asserts failed:
	*****test ID:_17_Origin Port details in Manifest do not match with the Orgin Port details in Despatch for same Container***** expected [true] but found [false]">
      <![CDATA[java.lang.AssertionError: The following asserts failed:
	*****test ID:_17_Origin Port details in Manifest do not match with the Orgin Port details in Despatch for same Container***** expected [true] but found [false]
	at com.lima.test.AdjunoLIMADespatchTest.Test_17_verifyContainerData(AdjunoLIMADespatchTest.java:555)
... Removed 26 stack frames]]>
    </failure>
  </testcase> <!-- Test_17_verifyContainerData -->
  <testcase name="Test_21_22_verifyDispatchPageLoaded" time="44.613" classname="com.lima.test.AdjunoLIMADespatchTest"/>
  <testcase name="Test_23_verifyLegsGridCaption" time="2.797" classname="com.lima.test.AdjunoLIMADespatchTest"/>
  <testcase name="Test_25_verifyCTDDateField" time="25.9" classname="com.lima.test.AdjunoLIMADespatchTest"/>
  <testcase name="Test_27_verifyInvalidETADate" time="47.707" classname="com.lima.test.AdjunoLIMADespatchTest"/>
  <testcase name="Test_28_verifyContainersGridCaption" time="2.0" classname="com.lima.test.AdjunoLIMADespatchTest"/>
  <testcase name="Test_29_verifyContainerGridStatus" time="0.079" classname="com.lima.test.AdjunoLIMADespatchTest"/>
  <testcase name="Test_30_verifyInvalidTransShipmentStatus" time="13.974" classname="com.lima.test.AdjunoLIMADespatchTest"/>
  <testcase name="Test_31_verifyAddLegFunction" time="4.432" classname="com.lima.test.AdjunoLIMADespatchTest"/>
  <testcase name="Test_32_enterValueInFields" time="43.848" classname="com.lima.test.AdjunoLIMADespatchTest"/>
  <testcase name="Test_35_verifyMultiVoyageType" time="9.893" classname="com.lima.test.AdjunoLIMADespatchTest"/>
  <testcase name="Test_36_37_38_verifyDeleteLegFunction" time="5.095" classname="com.lima.test.AdjunoLIMADespatchTest"/>
  <testcase name="Test_39_verifyDespatchComplete" time="21.508" classname="com.lima.test.AdjunoLIMADespatchTest">
    <failure type="java.lang.AssertionError" message="The following asserts failed:
	*****test ID:39_&amp;apos;1 Shipment has been Despatched&amp;apos; message is not displayed in Despatch Complete page****** expected [true] but found [false]">
      <![CDATA[java.lang.AssertionError: The following asserts failed:
	*****test ID:39_'1 Shipment has been Despatched' message is not displayed in Despatch Complete page****** expected [true] but found [false]
	at com.lima.test.AdjunoLIMADespatchTest.Test_39_verifyDespatchComplete(AdjunoLIMADespatchTest.java:804)
... Removed 26 stack frames]]>
    </failure>
  </testcase> <!-- Test_39_verifyDespatchComplete -->
  <testcase name="Test_40_verifyViewDetail" time="6.022" classname="com.lima.test.AdjunoLIMADespatchTest">
    <failure type="java.lang.ArrayIndexOutOfBoundsException" message="1">
      <![CDATA[java.lang.ArrayIndexOutOfBoundsException: 1
	at com.lima.test.AdjunoLIMADespatchTest.Test_40_verifyViewDetail(AdjunoLIMADespatchTest.java:820)
... Removed 25 stack frames]]>
    </failure>
  </testcase> <!-- Test_40_verifyViewDetail -->
  <testcase name="Test_41_AccessEdit" time="38.699" classname="com.lima.test.AdjunoLIMADespatchTest"/>
  <testcase name="Test_41_checkForShipmentOrderDisplay" time="7.657" classname="com.lima.test.AdjunoLIMADespatchTest"/>
  <testcase name="Test_43_verifyPOStatusReport" time="42.119" classname="com.lima.test.AdjunoLIMADespatchTest"/>
  <testcase name="Test_44_verifyPOStatus" time="0.188" classname="com.lima.test.AdjunoLIMADespatchTest">
    <failure type="java.lang.AssertionError" message="The following asserts failed:
	*****test ID:44_POStatus is not Shipped for the despatched PO Number under PO Status page****** expected [true] but found [false]">
      <![CDATA[java.lang.AssertionError: The following asserts failed:
	*****test ID:44_POStatus is not Shipped for the despatched PO Number under PO Status page****** expected [true] but found [false]
	at com.lima.test.AdjunoLIMADespatchTest.Test_44_verifyPOStatus(AdjunoLIMADespatchTest.java:914)
... Removed 26 stack frames]]>
    </failure>
  </testcase> <!-- Test_44_verifyPOStatus -->
  <testcase name="Test_45_clickHyperlinkStatus" time="14.708" classname="com.lima.test.AdjunoLIMADespatchTest">
    <failure type="java.lang.AssertionError" message="The following asserts failed:
	*****test ID:45_Shipped page is not displayed when &amp;quot;Shipped&amp;quot; link is clicked in PO Status Report page ****** expected [true] but found [false]">
      <![CDATA[java.lang.AssertionError: The following asserts failed:
	*****test ID:45_Shipped page is not displayed when "Shipped" link is clicked in PO Status Report page ****** expected [true] but found [false]
	at com.lima.test.AdjunoLIMADespatchTest.Test_45_clickHyperlinkStatus(AdjunoLIMADespatchTest.java:937)
... Removed 26 stack frames]]>
    </failure>
  </testcase> <!-- Test_45_clickHyperlinkStatus -->
  <testcase name="Test_46_verifyHyperLinkPONumber" time="10.749" classname="com.lima.test.AdjunoLIMADespatchTest"/>
  <testcase name="Test_48_verifyDespatchedContainerInAwaitingStatus" time="37.088" classname="com.lima.test.AdjunoLIMADespatchTest">
    <failure type="java.lang.AssertionError" message="The following asserts failed:
	*****test ID:48_No items were found message is not displayed for the Despatched Container under Awaiting Status****** expected [true] but found [false]">
      <![CDATA[java.lang.AssertionError: The following asserts failed:
	*****test ID:48_No items were found message is not displayed for the Despatched Container under Awaiting Status****** expected [true] but found [false]
	at com.lima.test.AdjunoLIMADespatchTest.Test_48_verifyDespatchedContainerInAwaitingStatus(AdjunoLIMADespatchTest.java:981)
... Removed 26 stack frames]]>
    </failure>
  </testcase> <!-- Test_48_verifyDespatchedContainerInAwaitingStatus -->
  <testcase name="Test_49_verifyDespatchedContainerStatus" time="18.879" classname="com.lima.test.AdjunoLIMADespatchTest"/>
</testsuite> <!-- Despatch -->
