<html>
<head>
<title>TestNG:  Despatch</title>
<link href="../testng.css" rel="stylesheet" type="text/css" />
<link href="../my-testng.css" rel="stylesheet" type="text/css" />

<style type="text/css">
.log { display: none;} 
.stack-trace { display: none;} 
</style>
<script type="text/javascript">
<!--
function flip(e) {
  current = e.style.display;
  if (current == 'block') {
    e.style.display = 'none';
    return 0;
  }
  else {
    e.style.display = 'block';
    return 1;
  }
}

function toggleBox(szDivId, elem, msg1, msg2)
{
  var res = -1;  if (document.getElementById) {
    res = flip(document.getElementById(szDivId));
  }
  else if (document.all) {
    // this is the way old msie versions work
    res = flip(document.all[szDivId]);
  }
  if(elem) {
    if(res == 0) elem.innerHTML = msg1; else elem.innerHTML = msg2;
  }

}

function toggleAllBoxes() {
  if (document.getElementsByTagName) {
    d = document.getElementsByTagName('div');
    for (i = 0; i < d.length; i++) {
      if (d[i].className == 'log') {
        flip(d[i]);
      }
    }
  }
}

// -->
</script>

</head>
<body>
<h2 align='center'>Despatch</h2><table border='1' align="center">
<tr>
<td>Tests passed/Failed/Skipped:</td><td>26/6/0</td>
</tr><tr>
<td>Started on:</td><td>Mon Feb 05 12:55:45 IST 2018</td>
</tr>
<tr><td>Total time:</td><td>630 seconds (630888 ms)</td>
</tr><tr>
<td>Included groups:</td><td></td>
</tr><tr>
<td>Excluded groups:</td><td></td>
</tr>
</table><p/>
<small><i>(Hover the method name to see the test class name)</i></small><p/>
<table width='100%' border='1' class='invocation-failed'>
<tr><td colspan='4' align='center'><b>FAILED TESTS</b></td></tr>
<tr><td><b>Test method</b></td>
<td width="30%"><b>Exception</b></td>
<td width="10%"><b>Time (seconds)</b></td>
<td><b>Instance</b></td>
</tr>
<tr>
<td title='com.lima.test.AdjunoLIMADespatchTest.Test_17_verifyContainerData()'><b>Test_17_verifyContainerData</b><br>Test class: com.lima.test.AdjunoLIMADespatchTest</td>
<td><div><pre>java.lang.AssertionError: The following asserts failed:
	*****test ID:_17_Origin Port details in Manifest do not match with the Orgin Port details in Despatch for same Container***** expected [true] but found [false]
	at com.lima.test.AdjunoLIMADespatchTest.Test_17_verifyContainerData(AdjunoLIMADespatchTest.java:555)
... Removed 26 stack frames</pre></div><a href='#' onClick='toggleBox("stack-trace229581552", this, "Click to show all stack frames", "Click to hide stack frames")'>Click to show all stack frames</a>
<div class='stack-trace' id='stack-trace229581552'><pre>java.lang.AssertionError: The following asserts failed:
	*****test ID:_17_Origin Port details in Manifest do not match with the Orgin Port details in Despatch for same Container***** expected [true] but found [false]
	at org.testng.asserts.SoftAssert.assertAll(SoftAssert.java:43)
	at com.lima.test.AdjunoLIMADespatchTest.Test_17_verifyContainerData(AdjunoLIMADespatchTest.java:555)
	at sun.reflect.NativeMethodAccessorImpl.invoke0(Native Method)
	at sun.reflect.NativeMethodAccessorImpl.invoke(Unknown Source)
	at sun.reflect.DelegatingMethodAccessorImpl.invoke(Unknown Source)
	at java.lang.reflect.Method.invoke(Unknown Source)
	at org.testng.internal.MethodInvocationHelper.invokeMethod(MethodInvocationHelper.java:100)
	at org.testng.internal.Invoker.invokeMethod(Invoker.java:646)
	at org.testng.internal.Invoker.invokeTestMethod(Invoker.java:811)
	at org.testng.internal.Invoker.invokeTestMethods(Invoker.java:1129)
	at org.testng.internal.TestMethodWorker.invokeTestMethods(TestMethodWorker.java:129)
	at org.testng.internal.TestMethodWorker.run(TestMethodWorker.java:112)
	at org.testng.TestRunner.privateRun(TestRunner.java:746)
	at org.testng.TestRunner.run(TestRunner.java:600)
	at org.testng.SuiteRunner.runTest(SuiteRunner.java:366)
	at org.testng.SuiteRunner.runSequentially(SuiteRunner.java:361)
	at org.testng.SuiteRunner.privateRun(SuiteRunner.java:319)
	at org.testng.SuiteRunner.run(SuiteRunner.java:268)
	at org.testng.SuiteRunnerWorker.runSuite(SuiteRunnerWorker.java:52)
	at org.testng.SuiteRunnerWorker.run(SuiteRunnerWorker.java:86)
	at org.testng.TestNG.runSuitesSequentially(TestNG.java:1264)
	at org.testng.TestNG.runSuitesLocally(TestNG.java:1189)
	at org.testng.TestNG.runSuites(TestNG.java:1104)
	at org.testng.TestNG.run(TestNG.java:1076)
	at org.testng.remote.AbstractRemoteTestNG.run(AbstractRemoteTestNG.java:126)
	at org.testng.remote.RemoteTestNG.initAndRun(RemoteTestNG.java:152)
	at org.testng.remote.RemoteTestNG.main(RemoteTestNG.java:57)
</pre></div></td>
<td>24</td>
<td>com.lima.test.AdjunoLIMADespatchTest@59494225</td></tr>
<tr>
<td title='com.lima.test.AdjunoLIMADespatchTest.Test_39_verifyDespatchComplete()'><b>Test_39_verifyDespatchComplete</b><br>Test class: com.lima.test.AdjunoLIMADespatchTest</td>
<td><div><pre>java.lang.AssertionError: The following asserts failed:
	*****test ID:39_&apos;1 Shipment has been Despatched&apos; message is not displayed in Despatch Complete page****** expected [true] but found [false]
	at com.lima.test.AdjunoLIMADespatchTest.Test_39_verifyDespatchComplete(AdjunoLIMADespatchTest.java:804)
... Removed 26 stack frames</pre></div><a href='#' onClick='toggleBox("stack-trace1887326180", this, "Click to show all stack frames", "Click to hide stack frames")'>Click to show all stack frames</a>
<div class='stack-trace' id='stack-trace1887326180'><pre>java.lang.AssertionError: The following asserts failed:
	*****test ID:39_&apos;1 Shipment has been Despatched&apos; message is not displayed in Despatch Complete page****** expected [true] but found [false]
	at org.testng.asserts.SoftAssert.assertAll(SoftAssert.java:43)
	at com.lima.test.AdjunoLIMADespatchTest.Test_39_verifyDespatchComplete(AdjunoLIMADespatchTest.java:804)
	at sun.reflect.NativeMethodAccessorImpl.invoke0(Native Method)
	at sun.reflect.NativeMethodAccessorImpl.invoke(Unknown Source)
	at sun.reflect.DelegatingMethodAccessorImpl.invoke(Unknown Source)
	at java.lang.reflect.Method.invoke(Unknown Source)
	at org.testng.internal.MethodInvocationHelper.invokeMethod(MethodInvocationHelper.java:100)
	at org.testng.internal.Invoker.invokeMethod(Invoker.java:646)
	at org.testng.internal.Invoker.invokeTestMethod(Invoker.java:811)
	at org.testng.internal.Invoker.invokeTestMethods(Invoker.java:1129)
	at org.testng.internal.TestMethodWorker.invokeTestMethods(TestMethodWorker.java:129)
	at org.testng.internal.TestMethodWorker.run(TestMethodWorker.java:112)
	at org.testng.TestRunner.privateRun(TestRunner.java:746)
	at org.testng.TestRunner.run(TestRunner.java:600)
	at org.testng.SuiteRunner.runTest(SuiteRunner.java:366)
	at org.testng.SuiteRunner.runSequentially(SuiteRunner.java:361)
	at org.testng.SuiteRunner.privateRun(SuiteRunner.java:319)
	at org.testng.SuiteRunner.run(SuiteRunner.java:268)
	at org.testng.SuiteRunnerWorker.runSuite(SuiteRunnerWorker.java:52)
	at org.testng.SuiteRunnerWorker.run(SuiteRunnerWorker.java:86)
	at org.testng.TestNG.runSuitesSequentially(TestNG.java:1264)
	at org.testng.TestNG.runSuitesLocally(TestNG.java:1189)
	at org.testng.TestNG.runSuites(TestNG.java:1104)
	at org.testng.TestNG.run(TestNG.java:1076)
	at org.testng.remote.AbstractRemoteTestNG.run(AbstractRemoteTestNG.java:126)
	at org.testng.remote.RemoteTestNG.initAndRun(RemoteTestNG.java:152)
	at org.testng.remote.RemoteTestNG.main(RemoteTestNG.java:57)
</pre></div></td>
<td>21</td>
<td>com.lima.test.AdjunoLIMADespatchTest@59494225</td></tr>
<tr>
<td title='com.lima.test.AdjunoLIMADespatchTest.Test_40_verifyViewDetail()'><b>Test_40_verifyViewDetail</b><br>Test class: com.lima.test.AdjunoLIMADespatchTest</td>
<td><div><pre>java.lang.ArrayIndexOutOfBoundsException: 1
	at com.lima.test.AdjunoLIMADespatchTest.Test_40_verifyViewDetail(AdjunoLIMADespatchTest.java:820)
... Removed 25 stack frames</pre></div><a href='#' onClick='toggleBox("stack-trace1588330347", this, "Click to show all stack frames", "Click to hide stack frames")'>Click to show all stack frames</a>
<div class='stack-trace' id='stack-trace1588330347'><pre>java.lang.ArrayIndexOutOfBoundsException: 1
	at com.lima.test.AdjunoLIMADespatchTest.Test_40_verifyViewDetail(AdjunoLIMADespatchTest.java:820)
	at sun.reflect.NativeMethodAccessorImpl.invoke0(Native Method)
	at sun.reflect.NativeMethodAccessorImpl.invoke(Unknown Source)
	at sun.reflect.DelegatingMethodAccessorImpl.invoke(Unknown Source)
	at java.lang.reflect.Method.invoke(Unknown Source)
	at org.testng.internal.MethodInvocationHelper.invokeMethod(MethodInvocationHelper.java:100)
	at org.testng.internal.Invoker.invokeMethod(Invoker.java:646)
	at org.testng.internal.Invoker.invokeTestMethod(Invoker.java:811)
	at org.testng.internal.Invoker.invokeTestMethods(Invoker.java:1129)
	at org.testng.internal.TestMethodWorker.invokeTestMethods(TestMethodWorker.java:129)
	at org.testng.internal.TestMethodWorker.run(TestMethodWorker.java:112)
	at org.testng.TestRunner.privateRun(TestRunner.java:746)
	at org.testng.TestRunner.run(TestRunner.java:600)
	at org.testng.SuiteRunner.runTest(SuiteRunner.java:366)
	at org.testng.SuiteRunner.runSequentially(SuiteRunner.java:361)
	at org.testng.SuiteRunner.privateRun(SuiteRunner.java:319)
	at org.testng.SuiteRunner.run(SuiteRunner.java:268)
	at org.testng.SuiteRunnerWorker.runSuite(SuiteRunnerWorker.java:52)
	at org.testng.SuiteRunnerWorker.run(SuiteRunnerWorker.java:86)
	at org.testng.TestNG.runSuitesSequentially(TestNG.java:1264)
	at org.testng.TestNG.runSuitesLocally(TestNG.java:1189)
	at org.testng.TestNG.runSuites(TestNG.java:1104)
	at org.testng.TestNG.run(TestNG.java:1076)
	at org.testng.remote.AbstractRemoteTestNG.run(AbstractRemoteTestNG.java:126)
	at org.testng.remote.RemoteTestNG.initAndRun(RemoteTestNG.java:152)
	at org.testng.remote.RemoteTestNG.main(RemoteTestNG.java:57)
</pre></div></td>
<td>6</td>
<td>com.lima.test.AdjunoLIMADespatchTest@59494225</td></tr>
<tr>
<td title='com.lima.test.AdjunoLIMADespatchTest.Test_44_verifyPOStatus()'><b>Test_44_verifyPOStatus</b><br>Test class: com.lima.test.AdjunoLIMADespatchTest</td>
<td><div><pre>java.lang.AssertionError: The following asserts failed:
	*****test ID:44_POStatus is not Shipped for the despatched PO Number under PO Status page****** expected [true] but found [false]
	at com.lima.test.AdjunoLIMADespatchTest.Test_44_verifyPOStatus(AdjunoLIMADespatchTest.java:914)
... Removed 26 stack frames</pre></div><a href='#' onClick='toggleBox("stack-trace1614588868", this, "Click to show all stack frames", "Click to hide stack frames")'>Click to show all stack frames</a>
<div class='stack-trace' id='stack-trace1614588868'><pre>java.lang.AssertionError: The following asserts failed:
	*****test ID:44_POStatus is not Shipped for the despatched PO Number under PO Status page****** expected [true] but found [false]
	at org.testng.asserts.SoftAssert.assertAll(SoftAssert.java:43)
	at com.lima.test.AdjunoLIMADespatchTest.Test_44_verifyPOStatus(AdjunoLIMADespatchTest.java:914)
	at sun.reflect.NativeMethodAccessorImpl.invoke0(Native Method)
	at sun.reflect.NativeMethodAccessorImpl.invoke(Unknown Source)
	at sun.reflect.DelegatingMethodAccessorImpl.invoke(Unknown Source)
	at java.lang.reflect.Method.invoke(Unknown Source)
	at org.testng.internal.MethodInvocationHelper.invokeMethod(MethodInvocationHelper.java:100)
	at org.testng.internal.Invoker.invokeMethod(Invoker.java:646)
	at org.testng.internal.Invoker.invokeTestMethod(Invoker.java:811)
	at org.testng.internal.Invoker.invokeTestMethods(Invoker.java:1129)
	at org.testng.internal.TestMethodWorker.invokeTestMethods(TestMethodWorker.java:129)
	at org.testng.internal.TestMethodWorker.run(TestMethodWorker.java:112)
	at org.testng.TestRunner.privateRun(TestRunner.java:746)
	at org.testng.TestRunner.run(TestRunner.java:600)
	at org.testng.SuiteRunner.runTest(SuiteRunner.java:366)
	at org.testng.SuiteRunner.runSequentially(SuiteRunner.java:361)
	at org.testng.SuiteRunner.privateRun(SuiteRunner.java:319)
	at org.testng.SuiteRunner.run(SuiteRunner.java:268)
	at org.testng.SuiteRunnerWorker.runSuite(SuiteRunnerWorker.java:52)
	at org.testng.SuiteRunnerWorker.run(SuiteRunnerWorker.java:86)
	at org.testng.TestNG.runSuitesSequentially(TestNG.java:1264)
	at org.testng.TestNG.runSuitesLocally(TestNG.java:1189)
	at org.testng.TestNG.runSuites(TestNG.java:1104)
	at org.testng.TestNG.run(TestNG.java:1076)
	at org.testng.remote.AbstractRemoteTestNG.run(AbstractRemoteTestNG.java:126)
	at org.testng.remote.RemoteTestNG.initAndRun(RemoteTestNG.java:152)
	at org.testng.remote.RemoteTestNG.main(RemoteTestNG.java:57)
</pre></div></td>
<td>0</td>
<td>com.lima.test.AdjunoLIMADespatchTest@59494225</td></tr>
<tr>
<td title='com.lima.test.AdjunoLIMADespatchTest.Test_45_clickHyperlinkStatus()'><b>Test_45_clickHyperlinkStatus</b><br>Test class: com.lima.test.AdjunoLIMADespatchTest</td>
<td><div><pre>java.lang.AssertionError: The following asserts failed:
	*****test ID:45_Shipped page is not displayed when &quot;Shipped&quot; link is clicked in PO Status Report page ****** expected [true] but found [false]
	at com.lima.test.AdjunoLIMADespatchTest.Test_45_clickHyperlinkStatus(AdjunoLIMADespatchTest.java:937)
... Removed 26 stack frames</pre></div><a href='#' onClick='toggleBox("stack-trace1518204977", this, "Click to show all stack frames", "Click to hide stack frames")'>Click to show all stack frames</a>
<div class='stack-trace' id='stack-trace1518204977'><pre>java.lang.AssertionError: The following asserts failed:
	*****test ID:45_Shipped page is not displayed when &quot;Shipped&quot; link is clicked in PO Status Report page ****** expected [true] but found [false]
	at org.testng.asserts.SoftAssert.assertAll(SoftAssert.java:43)
	at com.lima.test.AdjunoLIMADespatchTest.Test_45_clickHyperlinkStatus(AdjunoLIMADespatchTest.java:937)
	at sun.reflect.NativeMethodAccessorImpl.invoke0(Native Method)
	at sun.reflect.NativeMethodAccessorImpl.invoke(Unknown Source)
	at sun.reflect.DelegatingMethodAccessorImpl.invoke(Unknown Source)
	at java.lang.reflect.Method.invoke(Unknown Source)
	at org.testng.internal.MethodInvocationHelper.invokeMethod(MethodInvocationHelper.java:100)
	at org.testng.internal.Invoker.invokeMethod(Invoker.java:646)
	at org.testng.internal.Invoker.invokeTestMethod(Invoker.java:811)
	at org.testng.internal.Invoker.invokeTestMethods(Invoker.java:1129)
	at org.testng.internal.TestMethodWorker.invokeTestMethods(TestMethodWorker.java:129)
	at org.testng.internal.TestMethodWorker.run(TestMethodWorker.java:112)
	at org.testng.TestRunner.privateRun(TestRunner.java:746)
	at org.testng.TestRunner.run(TestRunner.java:600)
	at org.testng.SuiteRunner.runTest(SuiteRunner.java:366)
	at org.testng.SuiteRunner.runSequentially(SuiteRunner.java:361)
	at org.testng.SuiteRunner.privateRun(SuiteRunner.java:319)
	at org.testng.SuiteRunner.run(SuiteRunner.java:268)
	at org.testng.SuiteRunnerWorker.runSuite(SuiteRunnerWorker.java:52)
	at org.testng.SuiteRunnerWorker.run(SuiteRunnerWorker.java:86)
	at org.testng.TestNG.runSuitesSequentially(TestNG.java:1264)
	at org.testng.TestNG.runSuitesLocally(TestNG.java:1189)
	at org.testng.TestNG.runSuites(TestNG.java:1104)
	at org.testng.TestNG.run(TestNG.java:1076)
	at org.testng.remote.AbstractRemoteTestNG.run(AbstractRemoteTestNG.java:126)
	at org.testng.remote.RemoteTestNG.initAndRun(RemoteTestNG.java:152)
	at org.testng.remote.RemoteTestNG.main(RemoteTestNG.java:57)
</pre></div></td>
<td>14</td>
<td>com.lima.test.AdjunoLIMADespatchTest@59494225</td></tr>
<tr>
<td title='com.lima.test.AdjunoLIMADespatchTest.Test_48_verifyDespatchedContainerInAwaitingStatus()'><b>Test_48_verifyDespatchedContainerInAwaitingStatus</b><br>Test class: com.lima.test.AdjunoLIMADespatchTest</td>
<td><div><pre>java.lang.AssertionError: The following asserts failed:
	*****test ID:48_No items were found message is not displayed for the Despatched Container under Awaiting Status****** expected [true] but found [false]
	at com.lima.test.AdjunoLIMADespatchTest.Test_48_verifyDespatchedContainerInAwaitingStatus(AdjunoLIMADespatchTest.java:981)
... Removed 26 stack frames</pre></div><a href='#' onClick='toggleBox("stack-trace298259383", this, "Click to show all stack frames", "Click to hide stack frames")'>Click to show all stack frames</a>
<div class='stack-trace' id='stack-trace298259383'><pre>java.lang.AssertionError: The following asserts failed:
	*****test ID:48_No items were found message is not displayed for the Despatched Container under Awaiting Status****** expected [true] but found [false]
	at org.testng.asserts.SoftAssert.assertAll(SoftAssert.java:43)
	at com.lima.test.AdjunoLIMADespatchTest.Test_48_verifyDespatchedContainerInAwaitingStatus(AdjunoLIMADespatchTest.java:981)
	at sun.reflect.NativeMethodAccessorImpl.invoke0(Native Method)
	at sun.reflect.NativeMethodAccessorImpl.invoke(Unknown Source)
	at sun.reflect.DelegatingMethodAccessorImpl.invoke(Unknown Source)
	at java.lang.reflect.Method.invoke(Unknown Source)
	at org.testng.internal.MethodInvocationHelper.invokeMethod(MethodInvocationHelper.java:100)
	at org.testng.internal.Invoker.invokeMethod(Invoker.java:646)
	at org.testng.internal.Invoker.invokeTestMethod(Invoker.java:811)
	at org.testng.internal.Invoker.invokeTestMethods(Invoker.java:1129)
	at org.testng.internal.TestMethodWorker.invokeTestMethods(TestMethodWorker.java:129)
	at org.testng.internal.TestMethodWorker.run(TestMethodWorker.java:112)
	at org.testng.TestRunner.privateRun(TestRunner.java:746)
	at org.testng.TestRunner.run(TestRunner.java:600)
	at org.testng.SuiteRunner.runTest(SuiteRunner.java:366)
	at org.testng.SuiteRunner.runSequentially(SuiteRunner.java:361)
	at org.testng.SuiteRunner.privateRun(SuiteRunner.java:319)
	at org.testng.SuiteRunner.run(SuiteRunner.java:268)
	at org.testng.SuiteRunnerWorker.runSuite(SuiteRunnerWorker.java:52)
	at org.testng.SuiteRunnerWorker.run(SuiteRunnerWorker.java:86)
	at org.testng.TestNG.runSuitesSequentially(TestNG.java:1264)
	at org.testng.TestNG.runSuitesLocally(TestNG.java:1189)
	at org.testng.TestNG.runSuites(TestNG.java:1104)
	at org.testng.TestNG.run(TestNG.java:1076)
	at org.testng.remote.AbstractRemoteTestNG.run(AbstractRemoteTestNG.java:126)
	at org.testng.remote.RemoteTestNG.initAndRun(RemoteTestNG.java:152)
	at org.testng.remote.RemoteTestNG.main(RemoteTestNG.java:57)
</pre></div></td>
<td>37</td>
<td>com.lima.test.AdjunoLIMADespatchTest@59494225</td></tr>
</table><p>
<table width='100%' border='1' class='invocation-passed'>
<tr><td colspan='4' align='center'><b>PASSED TESTS</b></td></tr>
<tr><td><b>Test method</b></td>
<td width="30%"><b>Exception</b></td>
<td width="10%"><b>Time (seconds)</b></td>
<td><b>Instance</b></td>
</tr>
<tr>
<td title='com.lima.test.AdjunoLIMADespatchTest.Test_11_verifySingleInvalidValue()'><b>Test_11_verifySingleInvalidValue</b><br>Test class: com.lima.test.AdjunoLIMADespatchTest</td>
<td></td>
<td>34</td>
<td>com.lima.test.AdjunoLIMADespatchTest@59494225</td></tr>
<tr>
<td title='com.lima.test.AdjunoLIMADespatchTest.Test_12_verifyMultiInvalidValue()'><b>Test_12_verifyMultiInvalidValue</b><br>Test class: com.lima.test.AdjunoLIMADespatchTest</td>
<td></td>
<td>20</td>
<td>com.lima.test.AdjunoLIMADespatchTest@59494225</td></tr>
<tr>
<td title='com.lima.test.AdjunoLIMADespatchTest.Test_13_verifyAwaitingStatus()'><b>Test_13_verifyAwaitingStatus</b><br>Test class: com.lima.test.AdjunoLIMADespatchTest</td>
<td></td>
<td>18</td>
<td>com.lima.test.AdjunoLIMADespatchTest@59494225</td></tr>
<tr>
<td title='com.lima.test.AdjunoLIMADespatchTest.Test_14_verifyDespatchedStatus()'><b>Test_14_verifyDespatchedStatus</b><br>Test class: com.lima.test.AdjunoLIMADespatchTest</td>
<td></td>
<td>16</td>
<td>com.lima.test.AdjunoLIMADespatchTest@59494225</td></tr>
<tr>
<td title='com.lima.test.AdjunoLIMADespatchTest.Test_15_verifyAwaitingTranshipmentStatus()'><b>Test_15_verifyAwaitingTranshipmentStatus</b><br>Test class: com.lima.test.AdjunoLIMADespatchTest</td>
<td></td>
<td>19</td>
<td>com.lima.test.AdjunoLIMADespatchTest@59494225</td></tr>
<tr>
<td title='com.lima.test.AdjunoLIMADespatchTest.Test_16_manifestedContainerStatus()'><b>Test_16_manifestedContainerStatus</b><br>Test class: com.lima.test.AdjunoLIMADespatchTest</td>
<td></td>
<td>12</td>
<td>com.lima.test.AdjunoLIMADespatchTest@59494225</td></tr>
<tr>
<td title='com.lima.test.AdjunoLIMADespatchTest.Test_1_accessDespatch()'><b>Test_1_accessDespatch</b><br>Test class: com.lima.test.AdjunoLIMADespatchTest</td>
<td></td>
<td>11</td>
<td>com.lima.test.AdjunoLIMADespatchTest@59494225</td></tr>
<tr>
<td title='com.lima.test.AdjunoLIMADespatchTest.Test_1_checkChevrons()'><b>Test_1_checkChevrons</b><br>Test class: com.lima.test.AdjunoLIMADespatchTest</td>
<td></td>
<td>0</td>
<td>com.lima.test.AdjunoLIMADespatchTest@59494225</td></tr>
<tr>
<td title='com.lima.test.AdjunoLIMADespatchTest.Test_1_checkSearchParamsFields()'><b>Test_1_checkSearchParamsFields</b><br>Test class: com.lima.test.AdjunoLIMADespatchTest</td>
<td></td>
<td>2</td>
<td>com.lima.test.AdjunoLIMADespatchTest@59494225</td></tr>
<tr>
<td title='com.lima.test.AdjunoLIMADespatchTest.Test_21_22_verifyDispatchPageLoaded()'><b>Test_21_22_verifyDispatchPageLoaded</b><br>Test class: com.lima.test.AdjunoLIMADespatchTest</td>
<td></td>
<td>44</td>
<td>com.lima.test.AdjunoLIMADespatchTest@59494225</td></tr>
<tr>
<td title='com.lima.test.AdjunoLIMADespatchTest.Test_23_verifyLegsGridCaption()'><b>Test_23_verifyLegsGridCaption</b><br>Test class: com.lima.test.AdjunoLIMADespatchTest</td>
<td></td>
<td>2</td>
<td>com.lima.test.AdjunoLIMADespatchTest@59494225</td></tr>
<tr>
<td title='com.lima.test.AdjunoLIMADespatchTest.Test_25_verifyCTDDateField()'><b>Test_25_verifyCTDDateField</b><br>Test class: com.lima.test.AdjunoLIMADespatchTest</td>
<td></td>
<td>25</td>
<td>com.lima.test.AdjunoLIMADespatchTest@59494225</td></tr>
<tr>
<td title='com.lima.test.AdjunoLIMADespatchTest.Test_27_verifyInvalidETADate()'><b>Test_27_verifyInvalidETADate</b><br>Test class: com.lima.test.AdjunoLIMADespatchTest</td>
<td></td>
<td>47</td>
<td>com.lima.test.AdjunoLIMADespatchTest@59494225</td></tr>
<tr>
<td title='com.lima.test.AdjunoLIMADespatchTest.Test_28_verifyContainersGridCaption()'><b>Test_28_verifyContainersGridCaption</b><br>Test class: com.lima.test.AdjunoLIMADespatchTest</td>
<td></td>
<td>2</td>
<td>com.lima.test.AdjunoLIMADespatchTest@59494225</td></tr>
<tr>
<td title='com.lima.test.AdjunoLIMADespatchTest.Test_29_verifyContainerGridStatus()'><b>Test_29_verifyContainerGridStatus</b><br>Test class: com.lima.test.AdjunoLIMADespatchTest</td>
<td></td>
<td>0</td>
<td>com.lima.test.AdjunoLIMADespatchTest@59494225</td></tr>
<tr>
<td title='com.lima.test.AdjunoLIMADespatchTest.Test_30_verifyInvalidTransShipmentStatus()'><b>Test_30_verifyInvalidTransShipmentStatus</b><br>Test class: com.lima.test.AdjunoLIMADespatchTest</td>
<td></td>
<td>13</td>
<td>com.lima.test.AdjunoLIMADespatchTest@59494225</td></tr>
<tr>
<td title='com.lima.test.AdjunoLIMADespatchTest.Test_31_verifyAddLegFunction()'><b>Test_31_verifyAddLegFunction</b><br>Test class: com.lima.test.AdjunoLIMADespatchTest</td>
<td></td>
<td>4</td>
<td>com.lima.test.AdjunoLIMADespatchTest@59494225</td></tr>
<tr>
<td title='com.lima.test.AdjunoLIMADespatchTest.Test_32_enterValueInFields()'><b>Test_32_enterValueInFields</b><br>Test class: com.lima.test.AdjunoLIMADespatchTest</td>
<td></td>
<td>43</td>
<td>com.lima.test.AdjunoLIMADespatchTest@59494225</td></tr>
<tr>
<td title='com.lima.test.AdjunoLIMADespatchTest.Test_35_verifyMultiVoyageType()'><b>Test_35_verifyMultiVoyageType</b><br>Test class: com.lima.test.AdjunoLIMADespatchTest</td>
<td></td>
<td>9</td>
<td>com.lima.test.AdjunoLIMADespatchTest@59494225</td></tr>
<tr>
<td title='com.lima.test.AdjunoLIMADespatchTest.Test_36_37_38_verifyDeleteLegFunction()'><b>Test_36_37_38_verifyDeleteLegFunction</b><br>Test class: com.lima.test.AdjunoLIMADespatchTest</td>
<td></td>
<td>5</td>
<td>com.lima.test.AdjunoLIMADespatchTest@59494225</td></tr>
<tr>
<td title='com.lima.test.AdjunoLIMADespatchTest.Test_41_AccessEdit()'><b>Test_41_AccessEdit</b><br>Test class: com.lima.test.AdjunoLIMADespatchTest</td>
<td></td>
<td>38</td>
<td>com.lima.test.AdjunoLIMADespatchTest@59494225</td></tr>
<tr>
<td title='com.lima.test.AdjunoLIMADespatchTest.Test_41_checkForShipmentOrderDisplay()'><b>Test_41_checkForShipmentOrderDisplay</b><br>Test class: com.lima.test.AdjunoLIMADespatchTest</td>
<td></td>
<td>7</td>
<td>com.lima.test.AdjunoLIMADespatchTest@59494225</td></tr>
<tr>
<td title='com.lima.test.AdjunoLIMADespatchTest.Test_43_verifyPOStatusReport()'><b>Test_43_verifyPOStatusReport</b><br>Test class: com.lima.test.AdjunoLIMADespatchTest</td>
<td></td>
<td>42</td>
<td>com.lima.test.AdjunoLIMADespatchTest@59494225</td></tr>
<tr>
<td title='com.lima.test.AdjunoLIMADespatchTest.Test_46_verifyHyperLinkPONumber()'><b>Test_46_verifyHyperLinkPONumber</b><br>Test class: com.lima.test.AdjunoLIMADespatchTest</td>
<td></td>
<td>10</td>
<td>com.lima.test.AdjunoLIMADespatchTest@59494225</td></tr>
<tr>
<td title='com.lima.test.AdjunoLIMADespatchTest.Test_49_verifyDespatchedContainerStatus()'><b>Test_49_verifyDespatchedContainerStatus</b><br>Test class: com.lima.test.AdjunoLIMADespatchTest</td>
<td></td>
<td>18</td>
<td>com.lima.test.AdjunoLIMADespatchTest@59494225</td></tr>
<tr>
<td title='com.lima.test.AdjunoLIMADespatchTest.Test_9_verifyValidSingleSearchCriteria()'><b>Test_9_verifyValidSingleSearchCriteria</b><br>Test class: com.lima.test.AdjunoLIMADespatchTest</td>
<td></td>
<td>33</td>
<td>com.lima.test.AdjunoLIMADespatchTest@59494225</td></tr>
</table><p>
</body>
</html>