<?xml version="1.0" encoding="UTF-8"?>
<!-- Generated by org.testng.reporters.JUnitXMLReporter -->
<testsuite hostname="LAPTOP-L9I71BEA" name="Document Sent" tests="27" failures="6" timestamp="2 Feb 2018 11:46:48 GMT" time="369.624" errors="0">
  <testcase name="Test_10_1_accessDocumentSent" time="26.063" classname="com.lima.test.AdjunoLIMADocumentSentTest"/>
  <testcase name="checkforchevrons" time="1.0" classname="com.lima.test.AdjunoLIMADocumentSentTest"/>
  <testcase name="checkForDocumentSentfields" time="1.531" classname="com.lima.test.AdjunoLIMADocumentSentTest"/>
  <testcase name="setValueindocumentsentfield" time="16.802" classname="com.lima.test.AdjunoLIMADocumentSentTest"/>
  <testcase name="Test_11_1_compareGridDataforsingle" time="53.897" classname="com.lima.test.AdjunoLIMADocumentSentTest"/>
  <testcase name="Test_11_2_compareGridDataformulti" time="29.892" classname="com.lima.test.AdjunoLIMADocumentSentTest"/>
  <testcase name="selectCheckBoxData" time="15.484" classname="com.lima.test.AdjunoLIMADocumentSentTest"/>
  <testcase name="Test_12_5_checkforUpdateChevrons" time="4.391" classname="com.lima.test.AdjunoLIMADocumentSentTest"/>
  <testcase name="Test_12_7_checkforShipmentDetails" time="3.657" classname="com.lima.test.AdjunoLIMADocumentSentTest"/>
  <testcase name="Test_12_8_6_checkforDocumentsAttachment" time="0.609" classname="com.lima.test.AdjunoLIMADocumentSentTest"/>
  <testcase name="Test_12_8_7_checkforHBLlink" time="11.346" classname="com.lima.test.AdjunoLIMADocumentSentTest"/>
  <testcase name="setDetailsforCourierDetails" time="13.658" classname="com.lima.test.AdjunoLIMADocumentSentTest"/>
  <testcase name="checkforValidationMsg" time="0.328" classname="com.lima.test.AdjunoLIMADocumentSentTest">
    <failure type="java.lang.AssertionError" message="The following asserts failed:
	error msg is not Visible expected [true] but found [false]">
      <![CDATA[java.lang.AssertionError: The following asserts failed:
	error msg is not Visible expected [true] but found [false]
	at com.lima.test.AdjunoLIMADocumentSentTest.checkforValidationMsg(AdjunoLIMADocumentSentTest.java:479)
... Removed 26 stack frames]]>
    </failure>
  </testcase> <!-- checkforValidationMsg -->
  <testcase name="Test_12_9_3_clickadddocumentbtn" time="4.344" classname="com.lima.test.AdjunoLIMADocumentSentTest"/>
  <testcase name="Test_12_10_clickdeleteocumentbtn" time="4.86" classname="com.lima.test.AdjunoLIMADocumentSentTest"/>
  <testcase name="Test_12_9_1_setvalueforDocumentRefrence" time="11.771" classname="com.lima.test.AdjunoLIMADocumentSentTest"/>
  <testcase name="Test_13_1_2_clickHyperlink" time="11.347" classname="com.lima.test.AdjunoLIMADocumentSentTest"/>
  <testcase name="Test_13_2_4_clickAddButton" time="2.926" classname="com.lima.test.AdjunoLIMADocumentSentTest"/>
  <testcase name="Test_13_2_5_6_verifyfileupload" time="36.124" classname="com.lima.test.AdjunoLIMADocumentSentTest"/>
  <testcase name="Test_13_3_1_2_3_verifyFileNameAndSize" time="30.183" classname="com.lima.test.AdjunoLIMADocumentSentTest"/>
  <testcase name="Test_close" time="3.985" classname="com.lima.test.AdjunoLIMADocumentSentTest">
    <failure type="org.openqa.selenium.WebDriverException" message="Element is not clickable at point (1030, 108.5). Other element would receive the click: &amp;lt;div style=&amp;quot;display: block; width: 1366px; height: 1518px; z-index: 9020;&amp;quot; id=&amp;quot;ext-gen284&amp;quot; class=&amp;quot;ext-el-mask&amp;quot;&amp;gt;&amp;lt;/div&amp;gt;
Command duration or timeout: 266 milliseconds
Build info: version: &amp;apos;2.53.1&amp;apos;, revision: &amp;apos;a36b8b1&amp;apos;, time: &amp;apos;2016-06-30 17:32:46&amp;apos;
System info: host: &amp;apos;LAPTOP-L9I71BEA&amp;apos;, ip: &amp;apos;192.168.1.16&amp;apos;, os.name: &amp;apos;Windows 10&amp;apos;, os.arch: &amp;apos;amd64&amp;apos;, os.version: &amp;apos;10.0&amp;apos;, java.version: &amp;apos;1.8.0_121&amp;apos;
Driver info: org.openqa.selenium.firefox.FirefoxDriver
Capabilities [{applicationCacheEnabled=true, rotatable=false, handlesAlerts=true, databaseEnabled=true, version=47.0.1, platform=WINDOWS, nativeEvents=false, acceptSslCerts=true, webStorageEnabled=true, locationContextEnabled=true, browserName=firefox, takesScreenshot=true, javascriptEnabled=true, cssSelectorsEnabled=true}]
Session ID: 939e719a-e728-4472-8862-2e2edfae7297">
      <![CDATA[org.openqa.selenium.WebDriverException: Element is not clickable at point (1030, 108.5). Other element would receive the click: <div style="display: block; width: 1366px; height: 1518px; z-index: 9020;" id="ext-gen284" class="ext-el-mask"></div>
Command duration or timeout: 266 milliseconds
Build info: version: '2.53.1', revision: 'a36b8b1', time: '2016-06-30 17:32:46'
System info: host: 'LAPTOP-L9I71BEA', ip: '192.168.1.16', os.name: 'Windows 10', os.arch: 'amd64', os.version: '10.0', java.version: '1.8.0_121'
Driver info: org.openqa.selenium.firefox.FirefoxDriver
Capabilities [{applicationCacheEnabled=true, rotatable=false, handlesAlerts=true, databaseEnabled=true, version=47.0.1, platform=WINDOWS, nativeEvents=false, acceptSslCerts=true, webStorageEnabled=true, locationContextEnabled=true, browserName=firefox, takesScreenshot=true, javascriptEnabled=true, cssSelectorsEnabled=true}]
Session ID: 939e719a-e728-4472-8862-2e2edfae7297
	at org.openqa.selenium.remote.ErrorHandler.createThrowable(ErrorHandler.java:206)
	at org.openqa.selenium.remote.ErrorHandler.throwIfResponseFailed(ErrorHandler.java:158)
	at org.openqa.selenium.remote.RemoteWebDriver.execute(RemoteWebDriver.java:678)
	at org.openqa.selenium.remote.RemoteWebElement.execute(RemoteWebElement.java:327)
	at org.openqa.selenium.remote.RemoteWebElement.click(RemoteWebElement.java:85)
	at org.openqa.selenium.support.pagefactory.internal.LocatingElementHandler.invoke(LocatingElementHandler.java:51)
	at com.sun.proxy.$Proxy9.click(Unknown Source)
	at com.lima.pagefactory.AdjunoLIMADocumentSentPOM.clickButtonUsingWebElement(AdjunoLIMADocumentSentPOM.java:677)
	at com.lima.test.AdjunoLIMADocumentSentTest.Test_close(AdjunoLIMADocumentSentTest.java:660)
... Removed 31 stack frames]]>
    </failure>
  </testcase> <!-- Test_close -->
  <testcase name="Test_13_5_uploadmultiplefile" time="5.635" classname="com.lima.test.AdjunoLIMADocumentSentTest">
    <failure type="org.openqa.selenium.WebDriverException" message="Element is not clickable at point (1037, 6). Other element would receive the click: &amp;lt;div style=&amp;quot;display: block; width: 1366px; height: 1518px; z-index: 9020;&amp;quot; id=&amp;quot;ext-gen284&amp;quot; class=&amp;quot;ext-el-mask&amp;quot;&amp;gt;&amp;lt;/div&amp;gt;
Command duration or timeout: 453 milliseconds
Build info: version: &amp;apos;2.53.1&amp;apos;, revision: &amp;apos;a36b8b1&amp;apos;, time: &amp;apos;2016-06-30 17:32:46&amp;apos;
System info: host: &amp;apos;LAPTOP-L9I71BEA&amp;apos;, ip: &amp;apos;192.168.1.16&amp;apos;, os.name: &amp;apos;Windows 10&amp;apos;, os.arch: &amp;apos;amd64&amp;apos;, os.version: &amp;apos;10.0&amp;apos;, java.version: &amp;apos;1.8.0_121&amp;apos;
Driver info: org.openqa.selenium.firefox.FirefoxDriver
Capabilities [{applicationCacheEnabled=true, rotatable=false, handlesAlerts=true, databaseEnabled=true, version=47.0.1, platform=WINDOWS, nativeEvents=false, acceptSslCerts=true, webStorageEnabled=true, locationContextEnabled=true, browserName=firefox, takesScreenshot=true, javascriptEnabled=true, cssSelectorsEnabled=true}]
Session ID: 939e719a-e728-4472-8862-2e2edfae7297">
      <![CDATA[org.openqa.selenium.WebDriverException: Element is not clickable at point (1037, 6). Other element would receive the click: <div style="display: block; width: 1366px; height: 1518px; z-index: 9020;" id="ext-gen284" class="ext-el-mask"></div>
Command duration or timeout: 453 milliseconds
Build info: version: '2.53.1', revision: 'a36b8b1', time: '2016-06-30 17:32:46'
System info: host: 'LAPTOP-L9I71BEA', ip: '192.168.1.16', os.name: 'Windows 10', os.arch: 'amd64', os.version: '10.0', java.version: '1.8.0_121'
Driver info: org.openqa.selenium.firefox.FirefoxDriver
Capabilities [{applicationCacheEnabled=true, rotatable=false, handlesAlerts=true, databaseEnabled=true, version=47.0.1, platform=WINDOWS, nativeEvents=false, acceptSslCerts=true, webStorageEnabled=true, locationContextEnabled=true, browserName=firefox, takesScreenshot=true, javascriptEnabled=true, cssSelectorsEnabled=true}]
Session ID: 939e719a-e728-4472-8862-2e2edfae7297
	at org.openqa.selenium.remote.ErrorHandler.createThrowable(ErrorHandler.java:206)
	at org.openqa.selenium.remote.ErrorHandler.throwIfResponseFailed(ErrorHandler.java:158)
	at org.openqa.selenium.remote.RemoteWebDriver.execute(RemoteWebDriver.java:678)
	at org.openqa.selenium.remote.RemoteWebElement.execute(RemoteWebElement.java:327)
	at org.openqa.selenium.remote.RemoteWebElement.click(RemoteWebElement.java:85)
	at com.lima.test.AdjunoLIMADocumentSentTest.Test_13_5_uploadmultiplefile(AdjunoLIMADocumentSentTest.java:675)
... Removed 28 stack frames]]>
    </failure>
  </testcase> <!-- Test_13_5_uploadmultiplefile -->
  <testcase name="Test_clickComplete" time="0.782" classname="com.lima.test.AdjunoLIMADocumentSentTest">
    <failure type="org.openqa.selenium.WebDriverException" message="Element is not clickable at point (367, 14). Other element would receive the click: &amp;lt;div style=&amp;quot;display: block; width: 1366px; height: 1518px; z-index: 9020;&amp;quot; id=&amp;quot;ext-gen284&amp;quot; class=&amp;quot;ext-el-mask&amp;quot;&amp;gt;&amp;lt;/div&amp;gt;
Command duration or timeout: 328 milliseconds
Build info: version: &amp;apos;2.53.1&amp;apos;, revision: &amp;apos;a36b8b1&amp;apos;, time: &amp;apos;2016-06-30 17:32:46&amp;apos;
System info: host: &amp;apos;LAPTOP-L9I71BEA&amp;apos;, ip: &amp;apos;192.168.1.16&amp;apos;, os.name: &amp;apos;Windows 10&amp;apos;, os.arch: &amp;apos;amd64&amp;apos;, os.version: &amp;apos;10.0&amp;apos;, java.version: &amp;apos;1.8.0_121&amp;apos;
Driver info: org.openqa.selenium.firefox.FirefoxDriver
Capabilities [{applicationCacheEnabled=true, rotatable=false, handlesAlerts=true, databaseEnabled=true, version=47.0.1, platform=WINDOWS, nativeEvents=false, acceptSslCerts=true, webStorageEnabled=true, locationContextEnabled=true, browserName=firefox, takesScreenshot=true, javascriptEnabled=true, cssSelectorsEnabled=true}]
Session ID: 939e719a-e728-4472-8862-2e2edfae7297">
      <![CDATA[org.openqa.selenium.WebDriverException: Element is not clickable at point (367, 14). Other element would receive the click: <div style="display: block; width: 1366px; height: 1518px; z-index: 9020;" id="ext-gen284" class="ext-el-mask"></div>
Command duration or timeout: 328 milliseconds
Build info: version: '2.53.1', revision: 'a36b8b1', time: '2016-06-30 17:32:46'
System info: host: 'LAPTOP-L9I71BEA', ip: '192.168.1.16', os.name: 'Windows 10', os.arch: 'amd64', os.version: '10.0', java.version: '1.8.0_121'
Driver info: org.openqa.selenium.firefox.FirefoxDriver
Capabilities [{applicationCacheEnabled=true, rotatable=false, handlesAlerts=true, databaseEnabled=true, version=47.0.1, platform=WINDOWS, nativeEvents=false, acceptSslCerts=true, webStorageEnabled=true, locationContextEnabled=true, browserName=firefox, takesScreenshot=true, javascriptEnabled=true, cssSelectorsEnabled=true}]
Session ID: 939e719a-e728-4472-8862-2e2edfae7297
	at org.openqa.selenium.remote.ErrorHandler.createThrowable(ErrorHandler.java:206)
	at org.openqa.selenium.remote.ErrorHandler.throwIfResponseFailed(ErrorHandler.java:158)
	at org.openqa.selenium.remote.RemoteWebDriver.execute(RemoteWebDriver.java:678)
	at org.openqa.selenium.remote.RemoteWebElement.execute(RemoteWebElement.java:327)
	at org.openqa.selenium.remote.RemoteWebElement.click(RemoteWebElement.java:85)
	at org.openqa.selenium.support.pagefactory.internal.LocatingElementHandler.invoke(LocatingElementHandler.java:51)
	at com.sun.proxy.$Proxy9.click(Unknown Source)
	at com.lima.pagefactory.AdjunoLIMADocumentSentPOM.clickButtonUsingWebElement(AdjunoLIMADocumentSentPOM.java:677)
	at com.lima.test.AdjunoLIMADocumentSentTest.Test_clickComplete(AdjunoLIMADocumentSentTest.java:706)
... Removed 31 stack frames]]>
    </failure>
  </testcase> <!-- Test_clickComplete -->
  <testcase name="Test_14_1_2_3_checkforstatus" time="2.157" classname="com.lima.test.AdjunoLIMADocumentSentTest">
    <failure type="org.openqa.selenium.WebDriverException" message="window.ArenaForms.LIMA_DocumentsDespatch_SUT_PARAM is undefined
Command duration or timeout: 156 milliseconds
Build info: version: &amp;apos;2.53.1&amp;apos;, revision: &amp;apos;a36b8b1&amp;apos;, time: &amp;apos;2016-06-30 17:32:46&amp;apos;
System info: host: &amp;apos;LAPTOP-L9I71BEA&amp;apos;, ip: &amp;apos;192.168.1.16&amp;apos;, os.name: &amp;apos;Windows 10&amp;apos;, os.arch: &amp;apos;amd64&amp;apos;, os.version: &amp;apos;10.0&amp;apos;, java.version: &amp;apos;1.8.0_121&amp;apos;
Driver info: org.openqa.selenium.firefox.FirefoxDriver
Capabilities [{applicationCacheEnabled=true, rotatable=false, handlesAlerts=true, databaseEnabled=true, version=47.0.1, platform=WINDOWS, nativeEvents=false, acceptSslCerts=true, webStorageEnabled=true, locationContextEnabled=true, browserName=firefox, takesScreenshot=true, javascriptEnabled=true, cssSelectorsEnabled=true}]
Session ID: 939e719a-e728-4472-8862-2e2edfae7297">
      <![CDATA[org.openqa.selenium.WebDriverException: window.ArenaForms.LIMA_DocumentsDespatch_SUT_PARAM is undefined
Command duration or timeout: 156 milliseconds
Build info: version: '2.53.1', revision: 'a36b8b1', time: '2016-06-30 17:32:46'
System info: host: 'LAPTOP-L9I71BEA', ip: '192.168.1.16', os.name: 'Windows 10', os.arch: 'amd64', os.version: '10.0', java.version: '1.8.0_121'
Driver info: org.openqa.selenium.firefox.FirefoxDriver
Capabilities [{applicationCacheEnabled=true, rotatable=false, handlesAlerts=true, databaseEnabled=true, version=47.0.1, platform=WINDOWS, nativeEvents=false, acceptSslCerts=true, webStorageEnabled=true, locationContextEnabled=true, browserName=firefox, takesScreenshot=true, javascriptEnabled=true, cssSelectorsEnabled=true}]
Session ID: 939e719a-e728-4472-8862-2e2edfae7297
	at org.openqa.selenium.remote.ErrorHandler.createThrowable(ErrorHandler.java:206)
	at org.openqa.selenium.remote.ErrorHandler.throwIfResponseFailed(ErrorHandler.java:158)
	at org.openqa.selenium.remote.RemoteWebDriver.execute(RemoteWebDriver.java:678)
	at org.openqa.selenium.remote.RemoteWebDriver.executeScript(RemoteWebDriver.java:577)
	at com.lima.library.AdjunoUILibrary.getElement(AdjunoUILibrary.java:91)
	at com.lima.pagefactory.AdjunoLIMADocumentSentPOM.clearInputField(AdjunoLIMADocumentSentPOM.java:511)
	at com.lima.test.AdjunoLIMADocumentSentTest.Test_14_1_2_3_checkforstatus(AdjunoLIMADocumentSentTest.java:718)
Caused by: org.openqa.selenium.WebDriverException: window.ArenaForms.LIMA_DocumentsDespatch_SUT_PARAM is undefined
Build info: version: '2.53.1', revision: 'a36b8b1', time: '2016-06-30 17:32:46'
System info: host: 'LAPTOP-L9I71BEA', ip: '192.168.1.16', os.name: 'Windows 10', os.arch: 'amd64', os.version: '10.0', java.version: '1.8.0_121'
Driver info: driver.version: unknown
	at <anonymous class>.anonymous(https://uat-lima46.adjuno.com/default.aspx?Guid=7eb3e1230ab94fe78a14f6287d05a941&MenuId=&Action=ToolApply&ActionOption=Documents%20Sent line 69 > Function:1)
	at <anonymous class>.handleEvaluateEvent(https://uat-lima46.adjuno.com/default.aspx?Guid=7eb3e1230ab94fe78a14f6287d05a941&MenuId=&Action=ToolApply&ActionOption=Documents%20Sent:69)
... Removed 28 stack frames]]>
    </failure>
  </testcase> <!-- Test_14_1_2_3_checkforstatus -->
  <testcase name="Test_14_1_4_setallupdatevalues" time="17.334" classname="com.lima.test.AdjunoLIMADocumentSentTest"/>
  <testcase name="Test_14_1_6_setvalueforDocumentRefrencefield" time="11.999" classname="com.lima.test.AdjunoLIMADocumentSentTest"/>
  <testcase name="Test_14_1_5_7_uploadmultiplefileinupdate" time="4.018" classname="com.lima.test.AdjunoLIMADocumentSentTest">
    <failure type="org.openqa.selenium.WebDriverException" message="Element is not clickable at point (1037, 6). Other element would receive the click: &amp;lt;div style=&amp;quot;display: block; width: 1366px; height: 1518px; z-index: 9020;&amp;quot; id=&amp;quot;ext-gen284&amp;quot; class=&amp;quot;ext-el-mask&amp;quot;&amp;gt;&amp;lt;/div&amp;gt;
Command duration or timeout: 579 milliseconds
Build info: version: &amp;apos;2.53.1&amp;apos;, revision: &amp;apos;a36b8b1&amp;apos;, time: &amp;apos;2016-06-30 17:32:46&amp;apos;
System info: host: &amp;apos;LAPTOP-L9I71BEA&amp;apos;, ip: &amp;apos;192.168.1.16&amp;apos;, os.name: &amp;apos;Windows 10&amp;apos;, os.arch: &amp;apos;amd64&amp;apos;, os.version: &amp;apos;10.0&amp;apos;, java.version: &amp;apos;1.8.0_121&amp;apos;
Driver info: org.openqa.selenium.firefox.FirefoxDriver
Capabilities [{applicationCacheEnabled=true, rotatable=false, handlesAlerts=true, databaseEnabled=true, version=47.0.1, platform=WINDOWS, nativeEvents=false, acceptSslCerts=true, webStorageEnabled=true, locationContextEnabled=true, browserName=firefox, takesScreenshot=true, javascriptEnabled=true, cssSelectorsEnabled=true}]
Session ID: 939e719a-e728-4472-8862-2e2edfae7297">
      <![CDATA[org.openqa.selenium.WebDriverException: Element is not clickable at point (1037, 6). Other element would receive the click: <div style="display: block; width: 1366px; height: 1518px; z-index: 9020;" id="ext-gen284" class="ext-el-mask"></div>
Command duration or timeout: 579 milliseconds
Build info: version: '2.53.1', revision: 'a36b8b1', time: '2016-06-30 17:32:46'
System info: host: 'LAPTOP-L9I71BEA', ip: '192.168.1.16', os.name: 'Windows 10', os.arch: 'amd64', os.version: '10.0', java.version: '1.8.0_121'
Driver info: org.openqa.selenium.firefox.FirefoxDriver
Capabilities [{applicationCacheEnabled=true, rotatable=false, handlesAlerts=true, databaseEnabled=true, version=47.0.1, platform=WINDOWS, nativeEvents=false, acceptSslCerts=true, webStorageEnabled=true, locationContextEnabled=true, browserName=firefox, takesScreenshot=true, javascriptEnabled=true, cssSelectorsEnabled=true}]
Session ID: 939e719a-e728-4472-8862-2e2edfae7297
	at org.openqa.selenium.remote.ErrorHandler.createThrowable(ErrorHandler.java:206)
	at org.openqa.selenium.remote.ErrorHandler.throwIfResponseFailed(ErrorHandler.java:158)
	at org.openqa.selenium.remote.RemoteWebDriver.execute(RemoteWebDriver.java:678)
	at org.openqa.selenium.remote.RemoteWebElement.execute(RemoteWebElement.java:327)
	at org.openqa.selenium.remote.RemoteWebElement.click(RemoteWebElement.java:85)
	at com.lima.test.AdjunoLIMADocumentSentTest.Test_14_1_5_7_uploadmultiplefileinupdate(AdjunoLIMADocumentSentTest.java:822)
... Removed 28 stack frames]]>
    </failure>
  </testcase> <!-- Test_14_1_5_7_uploadmultiplefileinupdate -->
</testsuite> <!-- Document Sent -->
