<html>
<head>
<title>TestNG:  Document Sent</title>
<link href="../testng.css" rel="stylesheet" type="text/css" />
<link href="../my-testng.css" rel="stylesheet" type="text/css" />

<style type="text/css">
.log { display: none;} 
.stack-trace { display: none;} 
</style>
<script type="text/javascript">
<!--
function flip(e) {
  current = e.style.display;
  if (current == 'block') {
    e.style.display = 'none';
    return 0;
  }
  else {
    e.style.display = 'block';
    return 1;
  }
}

function toggleBox(szDivId, elem, msg1, msg2)
{
  var res = -1;  if (document.getElementById) {
    res = flip(document.getElementById(szDivId));
  }
  else if (document.all) {
    // this is the way old msie versions work
    res = flip(document.all[szDivId]);
  }
  if(elem) {
    if(res == 0) elem.innerHTML = msg1; else elem.innerHTML = msg2;
  }

}

function toggleAllBoxes() {
  if (document.getElementsByTagName) {
    d = document.getElementsByTagName('div');
    for (i = 0; i < d.length; i++) {
      if (d[i].className == 'log') {
        flip(d[i]);
      }
    }
  }
}

// -->
</script>

</head>
<body>
<h2 align='center'>Document Sent</h2><table border='1' align="center">
<tr>
<td>Tests passed/Failed/Skipped:</td><td>21/6/0</td>
</tr><tr>
<td>Started on:</td><td>Fri Feb 02 17:10:38 IST 2018</td>
</tr>
<tr><td>Total time:</td><td>369 seconds (369624 ms)</td>
</tr><tr>
<td>Included groups:</td><td></td>
</tr><tr>
<td>Excluded groups:</td><td></td>
</tr>
</table><p/>
<small><i>(Hover the method name to see the test class name)</i></small><p/>
<table width='100%' border='1' class='invocation-failed'>
<tr><td colspan='4' align='center'><b>FAILED TESTS</b></td></tr>
<tr><td><b>Test method</b></td>
<td width="30%"><b>Exception</b></td>
<td width="10%"><b>Time (seconds)</b></td>
<td><b>Instance</b></td>
</tr>
<tr>
<td title='com.lima.test.AdjunoLIMADocumentSentTest.Test_13_5_uploadmultiplefile()'><b>Test_13_5_uploadmultiplefile</b><br>Test class: com.lima.test.AdjunoLIMADocumentSentTest</td>
<td><div><pre>org.openqa.selenium.WebDriverException: Element is not clickable at point (1037, 6). Other element would receive the click: &lt;div style=&quot;display: block; width: 1366px; height: 1518px; z-index: 9020;&quot; id=&quot;ext-gen284&quot; class=&quot;ext-el-mask&quot;&gt;&lt;/div&gt;
Command duration or timeout: 453 milliseconds
Build info: version: &apos;2.53.1&apos;, revision: &apos;a36b8b1&apos;, time: &apos;2016-06-30 17:32:46&apos;
System info: host: &apos;LAPTOP-L9I71BEA&apos;, ip: &apos;192.168.1.16&apos;, os.name: &apos;Windows 10&apos;, os.arch: &apos;amd64&apos;, os.version: &apos;10.0&apos;, java.version: &apos;1.8.0_121&apos;
Driver info: org.openqa.selenium.firefox.FirefoxDriver
Capabilities [{applicationCacheEnabled=true, rotatable=false, handlesAlerts=true, databaseEnabled=true, version=47.0.1, platform=WINDOWS, nativeEvents=false, acceptSslCerts=true, webStorageEnabled=true, locationContextEnabled=true, browserName=firefox, takesScreenshot=true, javascriptEnabled=true, cssSelectorsEnabled=true}]
Session ID: 939e719a-e728-4472-8862-2e2edfae7297
	at org.openqa.selenium.remote.ErrorHandler.createThrowable(ErrorHandler.java:206)
	at org.openqa.selenium.remote.ErrorHandler.throwIfResponseFailed(ErrorHandler.java:158)
	at org.openqa.selenium.remote.RemoteWebDriver.execute(RemoteWebDriver.java:678)
	at org.openqa.selenium.remote.RemoteWebElement.execute(RemoteWebElement.java:327)
	at org.openqa.selenium.remote.RemoteWebElement.click(RemoteWebElement.java:85)
	at com.lima.test.AdjunoLIMADocumentSentTest.Test_13_5_uploadmultiplefile(AdjunoLIMADocumentSentTest.java:675)
... Removed 28 stack frames</pre></div><a href='#' onClick='toggleBox("stack-trace213727345", this, "Click to show all stack frames", "Click to hide stack frames")'>Click to show all stack frames</a>
<div class='stack-trace' id='stack-trace213727345'><pre>org.openqa.selenium.WebDriverException: Element is not clickable at point (1037, 6). Other element would receive the click: &lt;div style=&quot;display: block; width: 1366px; height: 1518px; z-index: 9020;&quot; id=&quot;ext-gen284&quot; class=&quot;ext-el-mask&quot;&gt;&lt;/div&gt;
Command duration or timeout: 453 milliseconds
Build info: version: &apos;2.53.1&apos;, revision: &apos;a36b8b1&apos;, time: &apos;2016-06-30 17:32:46&apos;
System info: host: &apos;LAPTOP-L9I71BEA&apos;, ip: &apos;192.168.1.16&apos;, os.name: &apos;Windows 10&apos;, os.arch: &apos;amd64&apos;, os.version: &apos;10.0&apos;, java.version: &apos;1.8.0_121&apos;
Driver info: org.openqa.selenium.firefox.FirefoxDriver
Capabilities [{applicationCacheEnabled=true, rotatable=false, handlesAlerts=true, databaseEnabled=true, version=47.0.1, platform=WINDOWS, nativeEvents=false, acceptSslCerts=true, webStorageEnabled=true, locationContextEnabled=true, browserName=firefox, takesScreenshot=true, javascriptEnabled=true, cssSelectorsEnabled=true}]
Session ID: 939e719a-e728-4472-8862-2e2edfae7297
	at sun.reflect.GeneratedConstructorAccessor19.newInstance(Unknown Source)
	at sun.reflect.DelegatingConstructorAccessorImpl.newInstance(Unknown Source)
	at java.lang.reflect.Constructor.newInstance(Unknown Source)
	at org.openqa.selenium.remote.ErrorHandler.createThrowable(ErrorHandler.java:206)
	at org.openqa.selenium.remote.ErrorHandler.throwIfResponseFailed(ErrorHandler.java:158)
	at org.openqa.selenium.remote.RemoteWebDriver.execute(RemoteWebDriver.java:678)
	at org.openqa.selenium.remote.RemoteWebElement.execute(RemoteWebElement.java:327)
	at org.openqa.selenium.remote.RemoteWebElement.click(RemoteWebElement.java:85)
	at com.lima.test.AdjunoLIMADocumentSentTest.Test_13_5_uploadmultiplefile(AdjunoLIMADocumentSentTest.java:675)
	at sun.reflect.NativeMethodAccessorImpl.invoke0(Native Method)
	at sun.reflect.NativeMethodAccessorImpl.invoke(Unknown Source)
	at sun.reflect.DelegatingMethodAccessorImpl.invoke(Unknown Source)
	at java.lang.reflect.Method.invoke(Unknown Source)
	at org.testng.internal.MethodInvocationHelper.invokeMethod(MethodInvocationHelper.java:100)
	at org.testng.internal.Invoker.invokeMethod(Invoker.java:646)
	at org.testng.internal.Invoker.invokeTestMethod(Invoker.java:811)
	at org.testng.internal.Invoker.invokeTestMethods(Invoker.java:1129)
	at org.testng.internal.TestMethodWorker.invokeTestMethods(TestMethodWorker.java:129)
	at org.testng.internal.TestMethodWorker.run(TestMethodWorker.java:112)
	at org.testng.TestRunner.privateRun(TestRunner.java:746)
	at org.testng.TestRunner.run(TestRunner.java:600)
	at org.testng.SuiteRunner.runTest(SuiteRunner.java:366)
	at org.testng.SuiteRunner.runSequentially(SuiteRunner.java:361)
	at org.testng.SuiteRunner.privateRun(SuiteRunner.java:319)
	at org.testng.SuiteRunner.run(SuiteRunner.java:268)
	at org.testng.SuiteRunnerWorker.runSuite(SuiteRunnerWorker.java:52)
	at org.testng.SuiteRunnerWorker.run(SuiteRunnerWorker.java:86)
	at org.testng.TestNG.runSuitesSequentially(TestNG.java:1264)
	at org.testng.TestNG.runSuitesLocally(TestNG.java:1189)
	at org.testng.TestNG.runSuites(TestNG.java:1104)
	at org.testng.TestNG.run(TestNG.java:1076)
	at org.testng.remote.AbstractRemoteTestNG.run(AbstractRemoteTestNG.java:126)
	at org.testng.remote.RemoteTestNG.initAndRun(RemoteTestNG.java:152)
	at org.testng.remote.RemoteTestNG.main(RemoteTestNG.java:57)
</pre></div></td>
<td>5</td>
<td>com.lima.test.AdjunoLIMADocumentSentTest@1dfe2924</td></tr>
<tr>
<td title='com.lima.test.AdjunoLIMADocumentSentTest.Test_14_1_2_3_checkforstatus()'><b>Test_14_1_2_3_checkforstatus</b><br>Test class: com.lima.test.AdjunoLIMADocumentSentTest</td>
<td><div><pre>org.openqa.selenium.WebDriverException: window.ArenaForms.LIMA_DocumentsDespatch_SUT_PARAM is undefined
Command duration or timeout: 156 milliseconds
Build info: version: &apos;2.53.1&apos;, revision: &apos;a36b8b1&apos;, time: &apos;2016-06-30 17:32:46&apos;
System info: host: &apos;LAPTOP-L9I71BEA&apos;, ip: &apos;192.168.1.16&apos;, os.name: &apos;Windows 10&apos;, os.arch: &apos;amd64&apos;, os.version: &apos;10.0&apos;, java.version: &apos;1.8.0_121&apos;
Driver info: org.openqa.selenium.firefox.FirefoxDriver
Capabilities [{applicationCacheEnabled=true, rotatable=false, handlesAlerts=true, databaseEnabled=true, version=47.0.1, platform=WINDOWS, nativeEvents=false, acceptSslCerts=true, webStorageEnabled=true, locationContextEnabled=true, browserName=firefox, takesScreenshot=true, javascriptEnabled=true, cssSelectorsEnabled=true}]
Session ID: 939e719a-e728-4472-8862-2e2edfae7297
	at org.openqa.selenium.remote.ErrorHandler.createThrowable(ErrorHandler.java:206)
	at org.openqa.selenium.remote.ErrorHandler.throwIfResponseFailed(ErrorHandler.java:158)
	at org.openqa.selenium.remote.RemoteWebDriver.execute(RemoteWebDriver.java:678)
	at org.openqa.selenium.remote.RemoteWebDriver.executeScript(RemoteWebDriver.java:577)
	at com.lima.library.AdjunoUILibrary.getElement(AdjunoUILibrary.java:91)
	at com.lima.pagefactory.AdjunoLIMADocumentSentPOM.clearInputField(AdjunoLIMADocumentSentPOM.java:511)
	at com.lima.test.AdjunoLIMADocumentSentTest.Test_14_1_2_3_checkforstatus(AdjunoLIMADocumentSentTest.java:718)
Caused by: org.openqa.selenium.WebDriverException: window.ArenaForms.LIMA_DocumentsDespatch_SUT_PARAM is undefined
Build info: version: &apos;2.53.1&apos;, revision: &apos;a36b8b1&apos;, time: &apos;2016-06-30 17:32:46&apos;
System info: host: &apos;LAPTOP-L9I71BEA&apos;, ip: &apos;192.168.1.16&apos;, os.name: &apos;Windows 10&apos;, os.arch: &apos;amd64&apos;, os.version: &apos;10.0&apos;, java.version: &apos;1.8.0_121&apos;
Driver info: driver.version: unknown
	at &lt;anonymous class&gt;.anonymous(https://uat-lima46.adjuno.com/default.aspx?Guid=7eb3e1230ab94fe78a14f6287d05a941&amp;MenuId=&amp;Action=ToolApply&amp;ActionOption=Documents%20Sent line 69 &gt; Function:1)
	at &lt;anonymous class&gt;.handleEvaluateEvent(https://uat-lima46.adjuno.com/default.aspx?Guid=7eb3e1230ab94fe78a14f6287d05a941&amp;MenuId=&amp;Action=ToolApply&amp;ActionOption=Documents%20Sent:69)
... Removed 28 stack frames</pre></div><a href='#' onClick='toggleBox("stack-trace1573832937", this, "Click to show all stack frames", "Click to hide stack frames")'>Click to show all stack frames</a>
<div class='stack-trace' id='stack-trace1573832937'><pre>org.openqa.selenium.WebDriverException: window.ArenaForms.LIMA_DocumentsDespatch_SUT_PARAM is undefined
Command duration or timeout: 156 milliseconds
Build info: version: &apos;2.53.1&apos;, revision: &apos;a36b8b1&apos;, time: &apos;2016-06-30 17:32:46&apos;
System info: host: &apos;LAPTOP-L9I71BEA&apos;, ip: &apos;192.168.1.16&apos;, os.name: &apos;Windows 10&apos;, os.arch: &apos;amd64&apos;, os.version: &apos;10.0&apos;, java.version: &apos;1.8.0_121&apos;
Driver info: org.openqa.selenium.firefox.FirefoxDriver
Capabilities [{applicationCacheEnabled=true, rotatable=false, handlesAlerts=true, databaseEnabled=true, version=47.0.1, platform=WINDOWS, nativeEvents=false, acceptSslCerts=true, webStorageEnabled=true, locationContextEnabled=true, browserName=firefox, takesScreenshot=true, javascriptEnabled=true, cssSelectorsEnabled=true}]
Session ID: 939e719a-e728-4472-8862-2e2edfae7297
	at sun.reflect.GeneratedConstructorAccessor19.newInstance(Unknown Source)
	at sun.reflect.DelegatingConstructorAccessorImpl.newInstance(Unknown Source)
	at java.lang.reflect.Constructor.newInstance(Unknown Source)
	at org.openqa.selenium.remote.ErrorHandler.createThrowable(ErrorHandler.java:206)
	at org.openqa.selenium.remote.ErrorHandler.throwIfResponseFailed(ErrorHandler.java:158)
	at org.openqa.selenium.remote.RemoteWebDriver.execute(RemoteWebDriver.java:678)
	at org.openqa.selenium.remote.RemoteWebDriver.executeScript(RemoteWebDriver.java:577)
	at com.lima.library.AdjunoUILibrary.getElement(AdjunoUILibrary.java:91)
	at com.lima.pagefactory.AdjunoLIMADocumentSentPOM.clearInputField(AdjunoLIMADocumentSentPOM.java:511)
	at com.lima.test.AdjunoLIMADocumentSentTest.Test_14_1_2_3_checkforstatus(AdjunoLIMADocumentSentTest.java:718)
	at sun.reflect.NativeMethodAccessorImpl.invoke0(Native Method)
	at sun.reflect.NativeMethodAccessorImpl.invoke(Unknown Source)
	at sun.reflect.DelegatingMethodAccessorImpl.invoke(Unknown Source)
	at java.lang.reflect.Method.invoke(Unknown Source)
	at org.testng.internal.MethodInvocationHelper.invokeMethod(MethodInvocationHelper.java:100)
	at org.testng.internal.Invoker.invokeMethod(Invoker.java:646)
	at org.testng.internal.Invoker.invokeTestMethod(Invoker.java:811)
	at org.testng.internal.Invoker.invokeTestMethods(Invoker.java:1129)
	at org.testng.internal.TestMethodWorker.invokeTestMethods(TestMethodWorker.java:129)
	at org.testng.internal.TestMethodWorker.run(TestMethodWorker.java:112)
	at org.testng.TestRunner.privateRun(TestRunner.java:746)
	at org.testng.TestRunner.run(TestRunner.java:600)
	at org.testng.SuiteRunner.runTest(SuiteRunner.java:366)
	at org.testng.SuiteRunner.runSequentially(SuiteRunner.java:361)
	at org.testng.SuiteRunner.privateRun(SuiteRunner.java:319)
	at org.testng.SuiteRunner.run(SuiteRunner.java:268)
	at org.testng.SuiteRunnerWorker.runSuite(SuiteRunnerWorker.java:52)
	at org.testng.SuiteRunnerWorker.run(SuiteRunnerWorker.java:86)
	at org.testng.TestNG.runSuitesSequentially(TestNG.java:1264)
	at org.testng.TestNG.runSuitesLocally(TestNG.java:1189)
	at org.testng.TestNG.runSuites(TestNG.java:1104)
	at org.testng.TestNG.run(TestNG.java:1076)
	at org.testng.remote.AbstractRemoteTestNG.run(AbstractRemoteTestNG.java:126)
	at org.testng.remote.RemoteTestNG.initAndRun(RemoteTestNG.java:152)
	at org.testng.remote.RemoteTestNG.main(RemoteTestNG.java:57)
Caused by: org.openqa.selenium.WebDriverException: window.ArenaForms.LIMA_DocumentsDespatch_SUT_PARAM is undefined
Build info: version: &apos;2.53.1&apos;, revision: &apos;a36b8b1&apos;, time: &apos;2016-06-30 17:32:46&apos;
System info: host: &apos;LAPTOP-L9I71BEA&apos;, ip: &apos;192.168.1.16&apos;, os.name: &apos;Windows 10&apos;, os.arch: &apos;amd64&apos;, os.version: &apos;10.0&apos;, java.version: &apos;1.8.0_121&apos;
Driver info: driver.version: unknown
	at &lt;anonymous class&gt;.anonymous(https://uat-lima46.adjuno.com/default.aspx?Guid=7eb3e1230ab94fe78a14f6287d05a941&amp;MenuId=&amp;Action=ToolApply&amp;ActionOption=Documents%20Sent line 69 &gt; Function:1)
	at &lt;anonymous class&gt;.handleEvaluateEvent(https://uat-lima46.adjuno.com/default.aspx?Guid=7eb3e1230ab94fe78a14f6287d05a941&amp;MenuId=&amp;Action=ToolApply&amp;ActionOption=Documents%20Sent:69)
</pre></div></td>
<td>2</td>
<td>com.lima.test.AdjunoLIMADocumentSentTest@1dfe2924</td></tr>
<tr>
<td title='com.lima.test.AdjunoLIMADocumentSentTest.Test_14_1_5_7_uploadmultiplefileinupdate()'><b>Test_14_1_5_7_uploadmultiplefileinupdate</b><br>Test class: com.lima.test.AdjunoLIMADocumentSentTest</td>
<td><div><pre>org.openqa.selenium.WebDriverException: Element is not clickable at point (1037, 6). Other element would receive the click: &lt;div style=&quot;display: block; width: 1366px; height: 1518px; z-index: 9020;&quot; id=&quot;ext-gen284&quot; class=&quot;ext-el-mask&quot;&gt;&lt;/div&gt;
Command duration or timeout: 579 milliseconds
Build info: version: &apos;2.53.1&apos;, revision: &apos;a36b8b1&apos;, time: &apos;2016-06-30 17:32:46&apos;
System info: host: &apos;LAPTOP-L9I71BEA&apos;, ip: &apos;192.168.1.16&apos;, os.name: &apos;Windows 10&apos;, os.arch: &apos;amd64&apos;, os.version: &apos;10.0&apos;, java.version: &apos;1.8.0_121&apos;
Driver info: org.openqa.selenium.firefox.FirefoxDriver
Capabilities [{applicationCacheEnabled=true, rotatable=false, handlesAlerts=true, databaseEnabled=true, version=47.0.1, platform=WINDOWS, nativeEvents=false, acceptSslCerts=true, webStorageEnabled=true, locationContextEnabled=true, browserName=firefox, takesScreenshot=true, javascriptEnabled=true, cssSelectorsEnabled=true}]
Session ID: 939e719a-e728-4472-8862-2e2edfae7297
	at org.openqa.selenium.remote.ErrorHandler.createThrowable(ErrorHandler.java:206)
	at org.openqa.selenium.remote.ErrorHandler.throwIfResponseFailed(ErrorHandler.java:158)
	at org.openqa.selenium.remote.RemoteWebDriver.execute(RemoteWebDriver.java:678)
	at org.openqa.selenium.remote.RemoteWebElement.execute(RemoteWebElement.java:327)
	at org.openqa.selenium.remote.RemoteWebElement.click(RemoteWebElement.java:85)
	at com.lima.test.AdjunoLIMADocumentSentTest.Test_14_1_5_7_uploadmultiplefileinupdate(AdjunoLIMADocumentSentTest.java:822)
... Removed 28 stack frames</pre></div><a href='#' onClick='toggleBox("stack-trace552494603", this, "Click to show all stack frames", "Click to hide stack frames")'>Click to show all stack frames</a>
<div class='stack-trace' id='stack-trace552494603'><pre>org.openqa.selenium.WebDriverException: Element is not clickable at point (1037, 6). Other element would receive the click: &lt;div style=&quot;display: block; width: 1366px; height: 1518px; z-index: 9020;&quot; id=&quot;ext-gen284&quot; class=&quot;ext-el-mask&quot;&gt;&lt;/div&gt;
Command duration or timeout: 579 milliseconds
Build info: version: &apos;2.53.1&apos;, revision: &apos;a36b8b1&apos;, time: &apos;2016-06-30 17:32:46&apos;
System info: host: &apos;LAPTOP-L9I71BEA&apos;, ip: &apos;192.168.1.16&apos;, os.name: &apos;Windows 10&apos;, os.arch: &apos;amd64&apos;, os.version: &apos;10.0&apos;, java.version: &apos;1.8.0_121&apos;
Driver info: org.openqa.selenium.firefox.FirefoxDriver
Capabilities [{applicationCacheEnabled=true, rotatable=false, handlesAlerts=true, databaseEnabled=true, version=47.0.1, platform=WINDOWS, nativeEvents=false, acceptSslCerts=true, webStorageEnabled=true, locationContextEnabled=true, browserName=firefox, takesScreenshot=true, javascriptEnabled=true, cssSelectorsEnabled=true}]
Session ID: 939e719a-e728-4472-8862-2e2edfae7297
	at sun.reflect.GeneratedConstructorAccessor19.newInstance(Unknown Source)
	at sun.reflect.DelegatingConstructorAccessorImpl.newInstance(Unknown Source)
	at java.lang.reflect.Constructor.newInstance(Unknown Source)
	at org.openqa.selenium.remote.ErrorHandler.createThrowable(ErrorHandler.java:206)
	at org.openqa.selenium.remote.ErrorHandler.throwIfResponseFailed(ErrorHandler.java:158)
	at org.openqa.selenium.remote.RemoteWebDriver.execute(RemoteWebDriver.java:678)
	at org.openqa.selenium.remote.RemoteWebElement.execute(RemoteWebElement.java:327)
	at org.openqa.selenium.remote.RemoteWebElement.click(RemoteWebElement.java:85)
	at com.lima.test.AdjunoLIMADocumentSentTest.Test_14_1_5_7_uploadmultiplefileinupdate(AdjunoLIMADocumentSentTest.java:822)
	at sun.reflect.NativeMethodAccessorImpl.invoke0(Native Method)
	at sun.reflect.NativeMethodAccessorImpl.invoke(Unknown Source)
	at sun.reflect.DelegatingMethodAccessorImpl.invoke(Unknown Source)
	at java.lang.reflect.Method.invoke(Unknown Source)
	at org.testng.internal.MethodInvocationHelper.invokeMethod(MethodInvocationHelper.java:100)
	at org.testng.internal.Invoker.invokeMethod(Invoker.java:646)
	at org.testng.internal.Invoker.invokeTestMethod(Invoker.java:811)
	at org.testng.internal.Invoker.invokeTestMethods(Invoker.java:1129)
	at org.testng.internal.TestMethodWorker.invokeTestMethods(TestMethodWorker.java:129)
	at org.testng.internal.TestMethodWorker.run(TestMethodWorker.java:112)
	at org.testng.TestRunner.privateRun(TestRunner.java:746)
	at org.testng.TestRunner.run(TestRunner.java:600)
	at org.testng.SuiteRunner.runTest(SuiteRunner.java:366)
	at org.testng.SuiteRunner.runSequentially(SuiteRunner.java:361)
	at org.testng.SuiteRunner.privateRun(SuiteRunner.java:319)
	at org.testng.SuiteRunner.run(SuiteRunner.java:268)
	at org.testng.SuiteRunnerWorker.runSuite(SuiteRunnerWorker.java:52)
	at org.testng.SuiteRunnerWorker.run(SuiteRunnerWorker.java:86)
	at org.testng.TestNG.runSuitesSequentially(TestNG.java:1264)
	at org.testng.TestNG.runSuitesLocally(TestNG.java:1189)
	at org.testng.TestNG.runSuites(TestNG.java:1104)
	at org.testng.TestNG.run(TestNG.java:1076)
	at org.testng.remote.AbstractRemoteTestNG.run(AbstractRemoteTestNG.java:126)
	at org.testng.remote.RemoteTestNG.initAndRun(RemoteTestNG.java:152)
	at org.testng.remote.RemoteTestNG.main(RemoteTestNG.java:57)
</pre></div></td>
<td>4</td>
<td>com.lima.test.AdjunoLIMADocumentSentTest@1dfe2924</td></tr>
<tr>
<td title='com.lima.test.AdjunoLIMADocumentSentTest.Test_clickComplete()'><b>Test_clickComplete</b><br>Test class: com.lima.test.AdjunoLIMADocumentSentTest</td>
<td><div><pre>org.openqa.selenium.WebDriverException: Element is not clickable at point (367, 14). Other element would receive the click: &lt;div style=&quot;display: block; width: 1366px; height: 1518px; z-index: 9020;&quot; id=&quot;ext-gen284&quot; class=&quot;ext-el-mask&quot;&gt;&lt;/div&gt;
Command duration or timeout: 328 milliseconds
Build info: version: &apos;2.53.1&apos;, revision: &apos;a36b8b1&apos;, time: &apos;2016-06-30 17:32:46&apos;
System info: host: &apos;LAPTOP-L9I71BEA&apos;, ip: &apos;192.168.1.16&apos;, os.name: &apos;Windows 10&apos;, os.arch: &apos;amd64&apos;, os.version: &apos;10.0&apos;, java.version: &apos;1.8.0_121&apos;
Driver info: org.openqa.selenium.firefox.FirefoxDriver
Capabilities [{applicationCacheEnabled=true, rotatable=false, handlesAlerts=true, databaseEnabled=true, version=47.0.1, platform=WINDOWS, nativeEvents=false, acceptSslCerts=true, webStorageEnabled=true, locationContextEnabled=true, browserName=firefox, takesScreenshot=true, javascriptEnabled=true, cssSelectorsEnabled=true}]
Session ID: 939e719a-e728-4472-8862-2e2edfae7297
	at org.openqa.selenium.remote.ErrorHandler.createThrowable(ErrorHandler.java:206)
	at org.openqa.selenium.remote.ErrorHandler.throwIfResponseFailed(ErrorHandler.java:158)
	at org.openqa.selenium.remote.RemoteWebDriver.execute(RemoteWebDriver.java:678)
	at org.openqa.selenium.remote.RemoteWebElement.execute(RemoteWebElement.java:327)
	at org.openqa.selenium.remote.RemoteWebElement.click(RemoteWebElement.java:85)
	at org.openqa.selenium.support.pagefactory.internal.LocatingElementHandler.invoke(LocatingElementHandler.java:51)
	at com.sun.proxy.$Proxy9.click(Unknown Source)
	at com.lima.pagefactory.AdjunoLIMADocumentSentPOM.clickButtonUsingWebElement(AdjunoLIMADocumentSentPOM.java:677)
	at com.lima.test.AdjunoLIMADocumentSentTest.Test_clickComplete(AdjunoLIMADocumentSentTest.java:706)
... Removed 31 stack frames</pre></div><a href='#' onClick='toggleBox("stack-trace1352532563", this, "Click to show all stack frames", "Click to hide stack frames")'>Click to show all stack frames</a>
<div class='stack-trace' id='stack-trace1352532563'><pre>org.openqa.selenium.WebDriverException: Element is not clickable at point (367, 14). Other element would receive the click: &lt;div style=&quot;display: block; width: 1366px; height: 1518px; z-index: 9020;&quot; id=&quot;ext-gen284&quot; class=&quot;ext-el-mask&quot;&gt;&lt;/div&gt;
Command duration or timeout: 328 milliseconds
Build info: version: &apos;2.53.1&apos;, revision: &apos;a36b8b1&apos;, time: &apos;2016-06-30 17:32:46&apos;
System info: host: &apos;LAPTOP-L9I71BEA&apos;, ip: &apos;192.168.1.16&apos;, os.name: &apos;Windows 10&apos;, os.arch: &apos;amd64&apos;, os.version: &apos;10.0&apos;, java.version: &apos;1.8.0_121&apos;
Driver info: org.openqa.selenium.firefox.FirefoxDriver
Capabilities [{applicationCacheEnabled=true, rotatable=false, handlesAlerts=true, databaseEnabled=true, version=47.0.1, platform=WINDOWS, nativeEvents=false, acceptSslCerts=true, webStorageEnabled=true, locationContextEnabled=true, browserName=firefox, takesScreenshot=true, javascriptEnabled=true, cssSelectorsEnabled=true}]
Session ID: 939e719a-e728-4472-8862-2e2edfae7297
	at sun.reflect.GeneratedConstructorAccessor19.newInstance(Unknown Source)
	at sun.reflect.DelegatingConstructorAccessorImpl.newInstance(Unknown Source)
	at java.lang.reflect.Constructor.newInstance(Unknown Source)
	at org.openqa.selenium.remote.ErrorHandler.createThrowable(ErrorHandler.java:206)
	at org.openqa.selenium.remote.ErrorHandler.throwIfResponseFailed(ErrorHandler.java:158)
	at org.openqa.selenium.remote.RemoteWebDriver.execute(RemoteWebDriver.java:678)
	at org.openqa.selenium.remote.RemoteWebElement.execute(RemoteWebElement.java:327)
	at org.openqa.selenium.remote.RemoteWebElement.click(RemoteWebElement.java:85)
	at sun.reflect.GeneratedMethodAccessor3.invoke(Unknown Source)
	at sun.reflect.DelegatingMethodAccessorImpl.invoke(Unknown Source)
	at java.lang.reflect.Method.invoke(Unknown Source)
	at org.openqa.selenium.support.pagefactory.internal.LocatingElementHandler.invoke(LocatingElementHandler.java:51)
	at com.sun.proxy.$Proxy9.click(Unknown Source)
	at com.lima.pagefactory.AdjunoLIMADocumentSentPOM.clickButtonUsingWebElement(AdjunoLIMADocumentSentPOM.java:677)
	at com.lima.test.AdjunoLIMADocumentSentTest.Test_clickComplete(AdjunoLIMADocumentSentTest.java:706)
	at sun.reflect.NativeMethodAccessorImpl.invoke0(Native Method)
	at sun.reflect.NativeMethodAccessorImpl.invoke(Unknown Source)
	at sun.reflect.DelegatingMethodAccessorImpl.invoke(Unknown Source)
	at java.lang.reflect.Method.invoke(Unknown Source)
	at org.testng.internal.MethodInvocationHelper.invokeMethod(MethodInvocationHelper.java:100)
	at org.testng.internal.Invoker.invokeMethod(Invoker.java:646)
	at org.testng.internal.Invoker.invokeTestMethod(Invoker.java:811)
	at org.testng.internal.Invoker.invokeTestMethods(Invoker.java:1129)
	at org.testng.internal.TestMethodWorker.invokeTestMethods(TestMethodWorker.java:129)
	at org.testng.internal.TestMethodWorker.run(TestMethodWorker.java:112)
	at org.testng.TestRunner.privateRun(TestRunner.java:746)
	at org.testng.TestRunner.run(TestRunner.java:600)
	at org.testng.SuiteRunner.runTest(SuiteRunner.java:366)
	at org.testng.SuiteRunner.runSequentially(SuiteRunner.java:361)
	at org.testng.SuiteRunner.privateRun(SuiteRunner.java:319)
	at org.testng.SuiteRunner.run(SuiteRunner.java:268)
	at org.testng.SuiteRunnerWorker.runSuite(SuiteRunnerWorker.java:52)
	at org.testng.SuiteRunnerWorker.run(SuiteRunnerWorker.java:86)
	at org.testng.TestNG.runSuitesSequentially(TestNG.java:1264)
	at org.testng.TestNG.runSuitesLocally(TestNG.java:1189)
	at org.testng.TestNG.runSuites(TestNG.java:1104)
	at org.testng.TestNG.run(TestNG.java:1076)
	at org.testng.remote.AbstractRemoteTestNG.run(AbstractRemoteTestNG.java:126)
	at org.testng.remote.RemoteTestNG.initAndRun(RemoteTestNG.java:152)
	at org.testng.remote.RemoteTestNG.main(RemoteTestNG.java:57)
</pre></div></td>
<td>0</td>
<td>com.lima.test.AdjunoLIMADocumentSentTest@1dfe2924</td></tr>
<tr>
<td title='com.lima.test.AdjunoLIMADocumentSentTest.Test_close()'><b>Test_close</b><br>Test class: com.lima.test.AdjunoLIMADocumentSentTest</td>
<td><div><pre>org.openqa.selenium.WebDriverException: Element is not clickable at point (1030, 108.5). Other element would receive the click: &lt;div style=&quot;display: block; width: 1366px; height: 1518px; z-index: 9020;&quot; id=&quot;ext-gen284&quot; class=&quot;ext-el-mask&quot;&gt;&lt;/div&gt;
Command duration or timeout: 266 milliseconds
Build info: version: &apos;2.53.1&apos;, revision: &apos;a36b8b1&apos;, time: &apos;2016-06-30 17:32:46&apos;
System info: host: &apos;LAPTOP-L9I71BEA&apos;, ip: &apos;192.168.1.16&apos;, os.name: &apos;Windows 10&apos;, os.arch: &apos;amd64&apos;, os.version: &apos;10.0&apos;, java.version: &apos;1.8.0_121&apos;
Driver info: org.openqa.selenium.firefox.FirefoxDriver
Capabilities [{applicationCacheEnabled=true, rotatable=false, handlesAlerts=true, databaseEnabled=true, version=47.0.1, platform=WINDOWS, nativeEvents=false, acceptSslCerts=true, webStorageEnabled=true, locationContextEnabled=true, browserName=firefox, takesScreenshot=true, javascriptEnabled=true, cssSelectorsEnabled=true}]
Session ID: 939e719a-e728-4472-8862-2e2edfae7297
	at org.openqa.selenium.remote.ErrorHandler.createThrowable(ErrorHandler.java:206)
	at org.openqa.selenium.remote.ErrorHandler.throwIfResponseFailed(ErrorHandler.java:158)
	at org.openqa.selenium.remote.RemoteWebDriver.execute(RemoteWebDriver.java:678)
	at org.openqa.selenium.remote.RemoteWebElement.execute(RemoteWebElement.java:327)
	at org.openqa.selenium.remote.RemoteWebElement.click(RemoteWebElement.java:85)
	at org.openqa.selenium.support.pagefactory.internal.LocatingElementHandler.invoke(LocatingElementHandler.java:51)
	at com.sun.proxy.$Proxy9.click(Unknown Source)
	at com.lima.pagefactory.AdjunoLIMADocumentSentPOM.clickButtonUsingWebElement(AdjunoLIMADocumentSentPOM.java:677)
	at com.lima.test.AdjunoLIMADocumentSentTest.Test_close(AdjunoLIMADocumentSentTest.java:660)
... Removed 31 stack frames</pre></div><a href='#' onClick='toggleBox("stack-trace516667271", this, "Click to show all stack frames", "Click to hide stack frames")'>Click to show all stack frames</a>
<div class='stack-trace' id='stack-trace516667271'><pre>org.openqa.selenium.WebDriverException: Element is not clickable at point (1030, 108.5). Other element would receive the click: &lt;div style=&quot;display: block; width: 1366px; height: 1518px; z-index: 9020;&quot; id=&quot;ext-gen284&quot; class=&quot;ext-el-mask&quot;&gt;&lt;/div&gt;
Command duration or timeout: 266 milliseconds
Build info: version: &apos;2.53.1&apos;, revision: &apos;a36b8b1&apos;, time: &apos;2016-06-30 17:32:46&apos;
System info: host: &apos;LAPTOP-L9I71BEA&apos;, ip: &apos;192.168.1.16&apos;, os.name: &apos;Windows 10&apos;, os.arch: &apos;amd64&apos;, os.version: &apos;10.0&apos;, java.version: &apos;1.8.0_121&apos;
Driver info: org.openqa.selenium.firefox.FirefoxDriver
Capabilities [{applicationCacheEnabled=true, rotatable=false, handlesAlerts=true, databaseEnabled=true, version=47.0.1, platform=WINDOWS, nativeEvents=false, acceptSslCerts=true, webStorageEnabled=true, locationContextEnabled=true, browserName=firefox, takesScreenshot=true, javascriptEnabled=true, cssSelectorsEnabled=true}]
Session ID: 939e719a-e728-4472-8862-2e2edfae7297
	at sun.reflect.GeneratedConstructorAccessor19.newInstance(Unknown Source)
	at sun.reflect.DelegatingConstructorAccessorImpl.newInstance(Unknown Source)
	at java.lang.reflect.Constructor.newInstance(Unknown Source)
	at org.openqa.selenium.remote.ErrorHandler.createThrowable(ErrorHandler.java:206)
	at org.openqa.selenium.remote.ErrorHandler.throwIfResponseFailed(ErrorHandler.java:158)
	at org.openqa.selenium.remote.RemoteWebDriver.execute(RemoteWebDriver.java:678)
	at org.openqa.selenium.remote.RemoteWebElement.execute(RemoteWebElement.java:327)
	at org.openqa.selenium.remote.RemoteWebElement.click(RemoteWebElement.java:85)
	at sun.reflect.GeneratedMethodAccessor3.invoke(Unknown Source)
	at sun.reflect.DelegatingMethodAccessorImpl.invoke(Unknown Source)
	at java.lang.reflect.Method.invoke(Unknown Source)
	at org.openqa.selenium.support.pagefactory.internal.LocatingElementHandler.invoke(LocatingElementHandler.java:51)
	at com.sun.proxy.$Proxy9.click(Unknown Source)
	at com.lima.pagefactory.AdjunoLIMADocumentSentPOM.clickButtonUsingWebElement(AdjunoLIMADocumentSentPOM.java:677)
	at com.lima.test.AdjunoLIMADocumentSentTest.Test_close(AdjunoLIMADocumentSentTest.java:660)
	at sun.reflect.NativeMethodAccessorImpl.invoke0(Native Method)
	at sun.reflect.NativeMethodAccessorImpl.invoke(Unknown Source)
	at sun.reflect.DelegatingMethodAccessorImpl.invoke(Unknown Source)
	at java.lang.reflect.Method.invoke(Unknown Source)
	at org.testng.internal.MethodInvocationHelper.invokeMethod(MethodInvocationHelper.java:100)
	at org.testng.internal.Invoker.invokeMethod(Invoker.java:646)
	at org.testng.internal.Invoker.invokeTestMethod(Invoker.java:811)
	at org.testng.internal.Invoker.invokeTestMethods(Invoker.java:1129)
	at org.testng.internal.TestMethodWorker.invokeTestMethods(TestMethodWorker.java:129)
	at org.testng.internal.TestMethodWorker.run(TestMethodWorker.java:112)
	at org.testng.TestRunner.privateRun(TestRunner.java:746)
	at org.testng.TestRunner.run(TestRunner.java:600)
	at org.testng.SuiteRunner.runTest(SuiteRunner.java:366)
	at org.testng.SuiteRunner.runSequentially(SuiteRunner.java:361)
	at org.testng.SuiteRunner.privateRun(SuiteRunner.java:319)
	at org.testng.SuiteRunner.run(SuiteRunner.java:268)
	at org.testng.SuiteRunnerWorker.runSuite(SuiteRunnerWorker.java:52)
	at org.testng.SuiteRunnerWorker.run(SuiteRunnerWorker.java:86)
	at org.testng.TestNG.runSuitesSequentially(TestNG.java:1264)
	at org.testng.TestNG.runSuitesLocally(TestNG.java:1189)
	at org.testng.TestNG.runSuites(TestNG.java:1104)
	at org.testng.TestNG.run(TestNG.java:1076)
	at org.testng.remote.AbstractRemoteTestNG.run(AbstractRemoteTestNG.java:126)
	at org.testng.remote.RemoteTestNG.initAndRun(RemoteTestNG.java:152)
	at org.testng.remote.RemoteTestNG.main(RemoteTestNG.java:57)
</pre></div></td>
<td>3</td>
<td>com.lima.test.AdjunoLIMADocumentSentTest@1dfe2924</td></tr>
<tr>
<td title='com.lima.test.AdjunoLIMADocumentSentTest.checkforValidationMsg()'><b>checkforValidationMsg</b><br>Test class: com.lima.test.AdjunoLIMADocumentSentTest</td>
<td><div><pre>java.lang.AssertionError: The following asserts failed:
	error msg is not Visible expected [true] but found [false]
	at com.lima.test.AdjunoLIMADocumentSentTest.checkforValidationMsg(AdjunoLIMADocumentSentTest.java:479)
... Removed 26 stack frames</pre></div><a href='#' onClick='toggleBox("stack-trace25623662", this, "Click to show all stack frames", "Click to hide stack frames")'>Click to show all stack frames</a>
<div class='stack-trace' id='stack-trace25623662'><pre>java.lang.AssertionError: The following asserts failed:
	error msg is not Visible expected [true] but found [false]
	at org.testng.asserts.SoftAssert.assertAll(SoftAssert.java:43)
	at com.lima.test.AdjunoLIMADocumentSentTest.checkforValidationMsg(AdjunoLIMADocumentSentTest.java:479)
	at sun.reflect.NativeMethodAccessorImpl.invoke0(Native Method)
	at sun.reflect.NativeMethodAccessorImpl.invoke(Unknown Source)
	at sun.reflect.DelegatingMethodAccessorImpl.invoke(Unknown Source)
	at java.lang.reflect.Method.invoke(Unknown Source)
	at org.testng.internal.MethodInvocationHelper.invokeMethod(MethodInvocationHelper.java:100)
	at org.testng.internal.Invoker.invokeMethod(Invoker.java:646)
	at org.testng.internal.Invoker.invokeTestMethod(Invoker.java:811)
	at org.testng.internal.Invoker.invokeTestMethods(Invoker.java:1129)
	at org.testng.internal.TestMethodWorker.invokeTestMethods(TestMethodWorker.java:129)
	at org.testng.internal.TestMethodWorker.run(TestMethodWorker.java:112)
	at org.testng.TestRunner.privateRun(TestRunner.java:746)
	at org.testng.TestRunner.run(TestRunner.java:600)
	at org.testng.SuiteRunner.runTest(SuiteRunner.java:366)
	at org.testng.SuiteRunner.runSequentially(SuiteRunner.java:361)
	at org.testng.SuiteRunner.privateRun(SuiteRunner.java:319)
	at org.testng.SuiteRunner.run(SuiteRunner.java:268)
	at org.testng.SuiteRunnerWorker.runSuite(SuiteRunnerWorker.java:52)
	at org.testng.SuiteRunnerWorker.run(SuiteRunnerWorker.java:86)
	at org.testng.TestNG.runSuitesSequentially(TestNG.java:1264)
	at org.testng.TestNG.runSuitesLocally(TestNG.java:1189)
	at org.testng.TestNG.runSuites(TestNG.java:1104)
	at org.testng.TestNG.run(TestNG.java:1076)
	at org.testng.remote.AbstractRemoteTestNG.run(AbstractRemoteTestNG.java:126)
	at org.testng.remote.RemoteTestNG.initAndRun(RemoteTestNG.java:152)
	at org.testng.remote.RemoteTestNG.main(RemoteTestNG.java:57)
</pre></div></td>
<td>0</td>
<td>com.lima.test.AdjunoLIMADocumentSentTest@1dfe2924</td></tr>
</table><p>
<table width='100%' border='1' class='invocation-passed'>
<tr><td colspan='4' align='center'><b>PASSED TESTS</b></td></tr>
<tr><td><b>Test method</b></td>
<td width="30%"><b>Exception</b></td>
<td width="10%"><b>Time (seconds)</b></td>
<td><b>Instance</b></td>
</tr>
<tr>
<td title='com.lima.test.AdjunoLIMADocumentSentTest.Test_10_1_accessDocumentSent()'><b>Test_10_1_accessDocumentSent</b><br>Test class: com.lima.test.AdjunoLIMADocumentSentTest</td>
<td></td>
<td>26</td>
<td>com.lima.test.AdjunoLIMADocumentSentTest@1dfe2924</td></tr>
<tr>
<td title='com.lima.test.AdjunoLIMADocumentSentTest.Test_11_1_compareGridDataforsingle()'><b>Test_11_1_compareGridDataforsingle</b><br>Test class: com.lima.test.AdjunoLIMADocumentSentTest</td>
<td></td>
<td>53</td>
<td>com.lima.test.AdjunoLIMADocumentSentTest@1dfe2924</td></tr>
<tr>
<td title='com.lima.test.AdjunoLIMADocumentSentTest.Test_11_2_compareGridDataformulti()'><b>Test_11_2_compareGridDataformulti</b><br>Test class: com.lima.test.AdjunoLIMADocumentSentTest</td>
<td></td>
<td>29</td>
<td>com.lima.test.AdjunoLIMADocumentSentTest@1dfe2924</td></tr>
<tr>
<td title='com.lima.test.AdjunoLIMADocumentSentTest.Test_12_10_clickdeleteocumentbtn()'><b>Test_12_10_clickdeleteocumentbtn</b><br>Test class: com.lima.test.AdjunoLIMADocumentSentTest</td>
<td></td>
<td>4</td>
<td>com.lima.test.AdjunoLIMADocumentSentTest@1dfe2924</td></tr>
<tr>
<td title='com.lima.test.AdjunoLIMADocumentSentTest.Test_12_5_checkforUpdateChevrons()'><b>Test_12_5_checkforUpdateChevrons</b><br>Test class: com.lima.test.AdjunoLIMADocumentSentTest</td>
<td></td>
<td>4</td>
<td>com.lima.test.AdjunoLIMADocumentSentTest@1dfe2924</td></tr>
<tr>
<td title='com.lima.test.AdjunoLIMADocumentSentTest.Test_12_7_checkforShipmentDetails()'><b>Test_12_7_checkforShipmentDetails</b><br>Test class: com.lima.test.AdjunoLIMADocumentSentTest</td>
<td></td>
<td>3</td>
<td>com.lima.test.AdjunoLIMADocumentSentTest@1dfe2924</td></tr>
<tr>
<td title='com.lima.test.AdjunoLIMADocumentSentTest.Test_12_8_6_checkforDocumentsAttachment()'><b>Test_12_8_6_checkforDocumentsAttachment</b><br>Test class: com.lima.test.AdjunoLIMADocumentSentTest</td>
<td></td>
<td>0</td>
<td>com.lima.test.AdjunoLIMADocumentSentTest@1dfe2924</td></tr>
<tr>
<td title='com.lima.test.AdjunoLIMADocumentSentTest.Test_12_8_7_checkforHBLlink()'><b>Test_12_8_7_checkforHBLlink</b><br>Test class: com.lima.test.AdjunoLIMADocumentSentTest</td>
<td></td>
<td>11</td>
<td>com.lima.test.AdjunoLIMADocumentSentTest@1dfe2924</td></tr>
<tr>
<td title='com.lima.test.AdjunoLIMADocumentSentTest.Test_12_9_1_setvalueforDocumentRefrence()'><b>Test_12_9_1_setvalueforDocumentRefrence</b><br>Test class: com.lima.test.AdjunoLIMADocumentSentTest</td>
<td></td>
<td>11</td>
<td>com.lima.test.AdjunoLIMADocumentSentTest@1dfe2924</td></tr>
<tr>
<td title='com.lima.test.AdjunoLIMADocumentSentTest.Test_12_9_3_clickadddocumentbtn()'><b>Test_12_9_3_clickadddocumentbtn</b><br>Test class: com.lima.test.AdjunoLIMADocumentSentTest</td>
<td></td>
<td>4</td>
<td>com.lima.test.AdjunoLIMADocumentSentTest@1dfe2924</td></tr>
<tr>
<td title='com.lima.test.AdjunoLIMADocumentSentTest.Test_13_1_2_clickHyperlink()'><b>Test_13_1_2_clickHyperlink</b><br>Test class: com.lima.test.AdjunoLIMADocumentSentTest</td>
<td></td>
<td>11</td>
<td>com.lima.test.AdjunoLIMADocumentSentTest@1dfe2924</td></tr>
<tr>
<td title='com.lima.test.AdjunoLIMADocumentSentTest.Test_13_2_4_clickAddButton()'><b>Test_13_2_4_clickAddButton</b><br>Test class: com.lima.test.AdjunoLIMADocumentSentTest</td>
<td></td>
<td>2</td>
<td>com.lima.test.AdjunoLIMADocumentSentTest@1dfe2924</td></tr>
<tr>
<td title='com.lima.test.AdjunoLIMADocumentSentTest.Test_13_2_5_6_verifyfileupload()'><b>Test_13_2_5_6_verifyfileupload</b><br>Test class: com.lima.test.AdjunoLIMADocumentSentTest</td>
<td></td>
<td>36</td>
<td>com.lima.test.AdjunoLIMADocumentSentTest@1dfe2924</td></tr>
<tr>
<td title='com.lima.test.AdjunoLIMADocumentSentTest.Test_13_3_1_2_3_verifyFileNameAndSize()'><b>Test_13_3_1_2_3_verifyFileNameAndSize</b><br>Test class: com.lima.test.AdjunoLIMADocumentSentTest</td>
<td></td>
<td>30</td>
<td>com.lima.test.AdjunoLIMADocumentSentTest@1dfe2924</td></tr>
<tr>
<td title='com.lima.test.AdjunoLIMADocumentSentTest.Test_14_1_4_setallupdatevalues()'><b>Test_14_1_4_setallupdatevalues</b><br>Test class: com.lima.test.AdjunoLIMADocumentSentTest</td>
<td></td>
<td>17</td>
<td>com.lima.test.AdjunoLIMADocumentSentTest@1dfe2924</td></tr>
<tr>
<td title='com.lima.test.AdjunoLIMADocumentSentTest.Test_14_1_6_setvalueforDocumentRefrencefield()'><b>Test_14_1_6_setvalueforDocumentRefrencefield</b><br>Test class: com.lima.test.AdjunoLIMADocumentSentTest</td>
<td></td>
<td>11</td>
<td>com.lima.test.AdjunoLIMADocumentSentTest@1dfe2924</td></tr>
<tr>
<td title='com.lima.test.AdjunoLIMADocumentSentTest.checkForDocumentSentfields()'><b>checkForDocumentSentfields</b><br>Test class: com.lima.test.AdjunoLIMADocumentSentTest</td>
<td></td>
<td>1</td>
<td>com.lima.test.AdjunoLIMADocumentSentTest@1dfe2924</td></tr>
<tr>
<td title='com.lima.test.AdjunoLIMADocumentSentTest.checkforchevrons()'><b>checkforchevrons</b><br>Test class: com.lima.test.AdjunoLIMADocumentSentTest</td>
<td></td>
<td>1</td>
<td>com.lima.test.AdjunoLIMADocumentSentTest@1dfe2924</td></tr>
<tr>
<td title='com.lima.test.AdjunoLIMADocumentSentTest.selectCheckBoxData()'><b>selectCheckBoxData</b><br>Test class: com.lima.test.AdjunoLIMADocumentSentTest</td>
<td></td>
<td>15</td>
<td>com.lima.test.AdjunoLIMADocumentSentTest@1dfe2924</td></tr>
<tr>
<td title='com.lima.test.AdjunoLIMADocumentSentTest.setDetailsforCourierDetails()'><b>setDetailsforCourierDetails</b><br>Test class: com.lima.test.AdjunoLIMADocumentSentTest</td>
<td></td>
<td>13</td>
<td>com.lima.test.AdjunoLIMADocumentSentTest@1dfe2924</td></tr>
<tr>
<td title='com.lima.test.AdjunoLIMADocumentSentTest.setValueindocumentsentfield()'><b>setValueindocumentsentfield</b><br>Test class: com.lima.test.AdjunoLIMADocumentSentTest</td>
<td></td>
<td>16</td>
<td>com.lima.test.AdjunoLIMADocumentSentTest@1dfe2924</td></tr>
</table><p>
</body>
</html>