<?xml version="1.0" encoding="UTF-8"?>
<!-- Generated by org.testng.reporters.JUnitXMLReporter -->
<testsuite hostname="LAPTOP-L9I71BEA" name="Forward Reference" tests="50" failures="9" timestamp="5 Feb 2018 08:24:41 GMT" time="1084.607" errors="0">
  <testcase name="test_1_AccessForwardReference" time="30.636" classname="com.lima.test.AdjunoLIMAForwarderReferenceTest"/>
  <testcase name="test_2_verifyDropDownExistance" time="25.956" classname="com.lima.test.AdjunoLIMAForwarderReferenceTest"/>
  <testcase name="test_7_VerifyExistanceOfFields" time="10.94" classname="com.lima.test.AdjunoLIMAForwarderReferenceTest"/>
  <testcase name="test_8_VerifyExistanceOfFields" time="7.879" classname="com.lima.test.AdjunoLIMAForwarderReferenceTest"/>
  <testcase name="verifyExixtanceOFChevrons" time="0.985" classname="com.lima.test.AdjunoLIMAForwarderReferenceTest"/>
  <testcase name="test_9_VerifySingleCriteriaSearchData" time="62.867" classname="com.lima.test.AdjunoLIMAForwarderReferenceTest"/>
  <testcase name="test_10_VerifyMultipleCriteriaSearchData" time="29.688" classname="com.lima.test.AdjunoLIMAForwarderReferenceTest"/>
  <testcase name="test_11_VerifySingleInvalidCriteriaSearchData" time="16.47" classname="com.lima.test.AdjunoLIMAForwarderReferenceTest"/>
  <testcase name="test_12_VerifyMultipleInvalidCriteriaSearchData" time="18.993" classname="com.lima.test.AdjunoLIMAForwarderReferenceTest"/>
  <testcase name="test_14_VerifyStatusReferencedSearchData" time="81.358" classname="com.lima.test.AdjunoLIMAForwarderReferenceTest"/>
  <testcase name="test_15_VerifyConatinerSearchData" time="29.0" classname="com.lima.test.AdjunoLIMAForwarderReferenceTest"/>
  <testcase name="test_18_VerifyConatinerSearchData" time="11.326" classname="com.lima.test.AdjunoLIMAForwarderReferenceTest"/>
  <testcase name="test_20_VerifyConatinerAwaitingStaus" time="11.496" classname="com.lima.test.AdjunoLIMAForwarderReferenceTest"/>
  <testcase name="test_21_Click_Reference" time="13.673" classname="com.lima.test.AdjunoLIMAForwarderReferenceTest"/>
  <testcase name="test_22_verifyGridsInReferenceChevron" time="0.375" classname="com.lima.test.AdjunoLIMAForwarderReferenceTest"/>
  <testcase name="test_23_verifyGridForwarder" time="30.407" classname="com.lima.test.AdjunoLIMAForwarderReferenceTest">
    <failure type="java.lang.AssertionError" message="The following asserts failed:
	***** Test ID : 23 - In Forwarder Reference Tool the selected ETA value under Select Chevron does not match with ETA value displayed in Reference Chevron under GirdForwarder Details Grid ***** expected [true] but found [false]">
      <![CDATA[java.lang.AssertionError: The following asserts failed:
	***** Test ID : 23 - In Forwarder Reference Tool the selected ETA value under Select Chevron does not match with ETA value displayed in Reference Chevron under GirdForwarder Details Grid ***** expected [true] but found [false]
	at com.lima.test.AdjunoLIMAForwarderReferenceTest.test_23_verifyGridForwarder(AdjunoLIMAForwarderReferenceTest.java:637)
... Removed 26 stack frames]]>
    </failure>
  </testcase> <!-- test_23_verifyGridForwarder -->
  <testcase name="test_24_verifyGridForwarder" time="17.56" classname="com.lima.test.AdjunoLIMAForwarderReferenceTest"/>
  <testcase name="test_25_VerifyForwardReferenceMandatory" time="7.39" classname="com.lima.test.AdjunoLIMAForwarderReferenceTest"/>
  <testcase name="test_26_VerifyPoHyperLink" time="0.407" classname="com.lima.test.AdjunoLIMAForwarderReferenceTest"/>
  <testcase name="test_27_ClickHyperLink" time="5.679" classname="com.lima.test.AdjunoLIMAForwarderReferenceTest"/>
  <testcase name="test_28_VerifyShipQtyAndCtnInPOLink" time="1.079" classname="com.lima.test.AdjunoLIMAForwarderReferenceTest"/>
  <testcase name="test_29_VerifyMandatory" time="11.405" classname="com.lima.test.AdjunoLIMAForwarderReferenceTest"/>
  <testcase name="test_30_SetForwardRef" time="20.546" classname="com.lima.test.AdjunoLIMAForwarderReferenceTest"/>
  <testcase name="test_31_GetReference_Num" time="8.617" classname="com.lima.test.AdjunoLIMAForwarderReferenceTest"/>
  <testcase name="test_32_AccessEdit" time="41.143" classname="com.lima.test.AdjunoLIMAForwarderReferenceTest"/>
  <testcase name="test_33_clickForwardReference" time="22.659" classname="com.lima.test.AdjunoLIMAForwarderReferenceTest">
    <failure type="java.lang.AssertionError" message="The following asserts failed:
	*****Test id :33- In Shipment page the Forwarder Reference record is not found ***** expected [true] but found [false]">
      <![CDATA[java.lang.AssertionError: The following asserts failed:
	*****Test id :33- In Shipment page the Forwarder Reference record is not found ***** expected [true] but found [false]
	at com.lima.test.AdjunoLIMAForwarderReferenceTest.test_33_clickForwardReference(AdjunoLIMAForwarderReferenceTest.java:851)
... Removed 26 stack frames]]>
    </failure>
  </testcase> <!-- test_33_clickForwardReference -->
  <testcase name="test_35_verifyPONumber" time="33.987" classname="com.lima.test.AdjunoLIMAForwarderReferenceTest"/>
  <testcase name="test_36_checkStatus" time="2.992" classname="com.lima.test.AdjunoLIMAForwarderReferenceTest">
    <failure type="java.lang.AssertionError" message="The following asserts failed:
	***** Test Id :36 -  In PO Status Page&amp;quot;PO Number&amp;quot; Status is not matched as &amp;quot;Shipped&amp;quot; ***** expected [true] but found [false]">
      <![CDATA[java.lang.AssertionError: The following asserts failed:
	***** Test Id :36 -  In PO Status Page"PO Number" Status is not matched as "Shipped" ***** expected [true] but found [false]
	at com.lima.test.AdjunoLIMAForwarderReferenceTest.test_36_checkStatus(AdjunoLIMAForwarderReferenceTest.java:908)
... Removed 26 stack frames]]>
    </failure>
  </testcase> <!-- test_36_checkStatus -->
  <testcase name="test_37_verifyHyperLink" time="40.744" classname="com.lima.test.AdjunoLIMAForwarderReferenceTest">
    <failure type="java.lang.AssertionError" message="The following asserts failed:
	***** Test ID : 37 - In Shipped Page&amp;quot;PO Number Hyperlink&amp;quot; Field is not found ***** expected [true] but found [false],
	*****_37_In Shipped page &amp;quot;Po Number&amp;quot;field is not a hyperLink***** expected [true] but found [false],
	***** Test ID : 37 - In Shipped Page&amp;quot;Container Hyperlink&amp;quot; Field is not found ***** expected [true] but found [false],
	*****_37_*****_37_In Shipped page &amp;quot;Po Number&amp;quot;field is not a hyperLink*****In Shipped page &amp;quot;Container&amp;quot;field is not a hyperLink***** expected [true] but found [false]">
      <![CDATA[java.lang.AssertionError: The following asserts failed:
	***** Test ID : 37 - In Shipped Page"PO Number Hyperlink" Field is not found ***** expected [true] but found [false],
	*****_37_In Shipped page "Po Number"field is not a hyperLink***** expected [true] but found [false],
	***** Test ID : 37 - In Shipped Page"Container Hyperlink" Field is not found ***** expected [true] but found [false],
	*****_37_*****_37_In Shipped page "Po Number"field is not a hyperLink*****In Shipped page "Container"field is not a hyperLink***** expected [true] but found [false]
	at com.lima.test.AdjunoLIMAForwarderReferenceTest.test_37_verifyHyperLink(AdjunoLIMAForwarderReferenceTest.java:952)
... Removed 26 stack frames]]>
    </failure>
  </testcase> <!-- test_37_verifyHyperLink -->
  <testcase name="test_38_clickPONumberHyperLink" time="35.979" classname="com.lima.test.AdjunoLIMAForwarderReferenceTest">
    <failure type="org.openqa.selenium.WebDriverException" message="window.ArenaForms is undefined
Command duration or timeout: 79 milliseconds
Build info: version: &amp;apos;2.53.1&amp;apos;, revision: &amp;apos;a36b8b1&amp;apos;, time: &amp;apos;2016-06-30 17:32:46&amp;apos;
System info: host: &amp;apos;LAPTOP-L9I71BEA&amp;apos;, ip: &amp;apos;192.168.1.16&amp;apos;, os.name: &amp;apos;Windows 10&amp;apos;, os.arch: &amp;apos;amd64&amp;apos;, os.version: &amp;apos;10.0&amp;apos;, java.version: &amp;apos;1.8.0_121&amp;apos;
Driver info: org.openqa.selenium.firefox.FirefoxDriver
Capabilities [{applicationCacheEnabled=true, rotatable=false, handlesAlerts=true, databaseEnabled=true, version=47.0.1, platform=WINDOWS, nativeEvents=false, acceptSslCerts=true, webStorageEnabled=true, locationContextEnabled=true, browserName=firefox, takesScreenshot=true, javascriptEnabled=true, cssSelectorsEnabled=true}]
Session ID: 5aa5a2ff-11b4-4ba7-b4b0-ca8fac43a4d2">
      <![CDATA[org.openqa.selenium.WebDriverException: window.ArenaForms is undefined
Command duration or timeout: 79 milliseconds
Build info: version: '2.53.1', revision: 'a36b8b1', time: '2016-06-30 17:32:46'
System info: host: 'LAPTOP-L9I71BEA', ip: '192.168.1.16', os.name: 'Windows 10', os.arch: 'amd64', os.version: '10.0', java.version: '1.8.0_121'
Driver info: org.openqa.selenium.firefox.FirefoxDriver
Capabilities [{applicationCacheEnabled=true, rotatable=false, handlesAlerts=true, databaseEnabled=true, version=47.0.1, platform=WINDOWS, nativeEvents=false, acceptSslCerts=true, webStorageEnabled=true, locationContextEnabled=true, browserName=firefox, takesScreenshot=true, javascriptEnabled=true, cssSelectorsEnabled=true}]
Session ID: 5aa5a2ff-11b4-4ba7-b4b0-ca8fac43a4d2
	at org.openqa.selenium.remote.ErrorHandler.createThrowable(ErrorHandler.java:206)
	at org.openqa.selenium.remote.ErrorHandler.throwIfResponseFailed(ErrorHandler.java:158)
	at org.openqa.selenium.remote.RemoteWebDriver.execute(RemoteWebDriver.java:678)
	at org.openqa.selenium.remote.RemoteWebDriver.executeScript(RemoteWebDriver.java:577)
	at com.lima.library.AdjunoUILibrary.getElemetValue(AdjunoUILibrary.java:513)
	at com.lima.pagefactory.AdjunoLIMAForwarderReferencePOM.getFieldValue(AdjunoLIMAForwarderReferencePOM.java:993)
	at com.lima.test.AdjunoLIMAForwarderReferenceTest.test_38_clickPONumberHyperLink(AdjunoLIMAForwarderReferenceTest.java:965)
Caused by: org.openqa.selenium.WebDriverException: window.ArenaForms is undefined
Build info: version: '2.53.1', revision: 'a36b8b1', time: '2016-06-30 17:32:46'
System info: host: 'LAPTOP-L9I71BEA', ip: '192.168.1.16', os.name: 'Windows 10', os.arch: 'amd64', os.version: '10.0', java.version: '1.8.0_121'
Driver info: driver.version: unknown
	at <anonymous class>.anonymous(https://uat-lima46.adjuno.com/default.aspx?Guid=654f4eada53b44cd94a049b7f3b08741&MenuId=&Action=FindRequest&ActionOption=PO+Status&Reference=ACTIVITYLIMAUAT46_00160 line 69 > Function:1)
	at <anonymous class>.handleEvaluateEvent(https://uat-lima46.adjuno.com/default.aspx?Guid=654f4eada53b44cd94a049b7f3b08741&MenuId=&Action=FindRequest&ActionOption=PO+Status&Reference=ACTIVITYLIMAUAT46_00160:69)
... Removed 28 stack frames]]>
    </failure>
  </testcase> <!-- test_38_clickPONumberHyperLink -->
  <testcase name="test_39_clickContainerNoHyperLink" time="18.3" classname="com.lima.test.AdjunoLIMAForwarderReferenceTest"/>
  <testcase name="test_40_verifyContainerNoWithAwaitingStatus" time="36.73" classname="com.lima.test.AdjunoLIMAForwarderReferenceTest"/>
  <testcase name="test_41_verifyContainerNoWithReferenceStatus" time="23.936" classname="com.lima.test.AdjunoLIMAForwarderReferenceTest"/>
  <testcase name="test_42_Click_ReferenceTab" time="14.638" classname="com.lima.test.AdjunoLIMAForwarderReferenceTest"/>
  <testcase name="test_43_verifyGridsInReferenceChevron" time="0.344" classname="com.lima.test.AdjunoLIMAForwarderReferenceTest"/>
  <testcase name="test_44_verifyGridForwarder" time="30.034" classname="com.lima.test.AdjunoLIMAForwarderReferenceTest">
    <failure type="java.lang.AssertionError" message="The following asserts failed:
	***** Test ID : 44 - In Forwarder Reference Tool the selected ETA value under Select Chevron does not match with ETA value displayed in Reference Chevron under GirdForwarder Details Grid ***** expected [true] but found [false]">
      <![CDATA[java.lang.AssertionError: The following asserts failed:
	***** Test ID : 44 - In Forwarder Reference Tool the selected ETA value under Select Chevron does not match with ETA value displayed in Reference Chevron under GirdForwarder Details Grid ***** expected [true] but found [false]
	at com.lima.test.AdjunoLIMAForwarderReferenceTest.test_44_verifyGridForwarder(AdjunoLIMAForwarderReferenceTest.java:1112)
... Removed 26 stack frames]]>
    </failure>
  </testcase> <!-- test_44_verifyGridForwarder -->
  <testcase name="test_50_checkForward" time="4.264" classname="com.lima.test.AdjunoLIMAForwarderReferenceTest"/>
  <testcase name="test_45_VerifyForwardReferenceMandatory" time="9.131" classname="com.lima.test.AdjunoLIMAForwarderReferenceTest"/>
  <testcase name="test_48_ClickPOHyperLink" time="5.655" classname="com.lima.test.AdjunoLIMAForwarderReferenceTest"/>
  <testcase name="test_51_EditForwardReferenceValue" time="19.125" classname="com.lima.test.AdjunoLIMAForwarderReferenceTest"/>
  <testcase name="test_52_GetReference_Num" time="8.493" classname="com.lima.test.AdjunoLIMAForwarderReferenceTest"/>
  <testcase name="test_53_AccessEdit" time="39.944" classname="com.lima.test.AdjunoLIMAForwarderReferenceTest"/>
  <testcase name="test_54_clickForwardReference" time="10.751" classname="com.lima.test.AdjunoLIMAForwarderReferenceTest"/>
  <testcase name="test_57_verifyPONumber" time="30.633" classname="com.lima.test.AdjunoLIMAForwarderReferenceTest"/>
  <testcase name="test_58_checkStatus" time="3.022" classname="com.lima.test.AdjunoLIMAForwarderReferenceTest">
    <failure type="java.lang.AssertionError" message="The following asserts failed:
	***** Test Id :58 -  In PO Status Page&amp;quot;PO Number&amp;quot; Status is not matched as &amp;quot;Shipped&amp;quot; ***** expected [true] but found [false]">
      <![CDATA[java.lang.AssertionError: The following asserts failed:
	***** Test Id :58 -  In PO Status Page"PO Number" Status is not matched as "Shipped" ***** expected [true] but found [false]
	at com.lima.test.AdjunoLIMAForwarderReferenceTest.test_58_checkStatus(AdjunoLIMAForwarderReferenceTest.java:1335)
... Removed 26 stack frames]]>
    </failure>
  </testcase> <!-- test_58_checkStatus -->
  <testcase name="test_59_verifyHyperLink" time="40.686" classname="com.lima.test.AdjunoLIMAForwarderReferenceTest">
    <failure type="java.lang.AssertionError" message="The following asserts failed:
	***** Test ID : 37 - In Shipped Page&amp;quot;PO Number Hyperlink&amp;quot; Field is not found ***** expected [true] but found [false],
	*****_37_In Shipped page &amp;quot;Po Number&amp;quot;field is not a hyperLink***** expected [true] but found [false],
	***** Test ID : 37 - In Shipped Page&amp;quot;Container Hyperlink&amp;quot; Field is not found ***** expected [true] but found [false],
	*****_37_*****_37_In Shipped page &amp;quot;Po Number&amp;quot;field is not a hyperLink*****In Shipped page &amp;quot;Container&amp;quot;field is not a hyperLink***** expected [true] but found [false]">
      <![CDATA[java.lang.AssertionError: The following asserts failed:
	***** Test ID : 37 - In Shipped Page"PO Number Hyperlink" Field is not found ***** expected [true] but found [false],
	*****_37_In Shipped page "Po Number"field is not a hyperLink***** expected [true] but found [false],
	***** Test ID : 37 - In Shipped Page"Container Hyperlink" Field is not found ***** expected [true] but found [false],
	*****_37_*****_37_In Shipped page "Po Number"field is not a hyperLink*****In Shipped page "Container"field is not a hyperLink***** expected [true] but found [false]
	at com.lima.test.AdjunoLIMAForwarderReferenceTest.test_59_verifyHyperLink(AdjunoLIMAForwarderReferenceTest.java:1378)
... Removed 26 stack frames]]>
    </failure>
  </testcase> <!-- test_59_verifyHyperLink -->
  <testcase name="test_60_clickPONumberHyperLink" time="35.36" classname="com.lima.test.AdjunoLIMAForwarderReferenceTest">
    <failure type="org.openqa.selenium.WebDriverException" message="window.ArenaForms is undefined
Command duration or timeout: 63 milliseconds
Build info: version: &amp;apos;2.53.1&amp;apos;, revision: &amp;apos;a36b8b1&amp;apos;, time: &amp;apos;2016-06-30 17:32:46&amp;apos;
System info: host: &amp;apos;LAPTOP-L9I71BEA&amp;apos;, ip: &amp;apos;192.168.1.16&amp;apos;, os.name: &amp;apos;Windows 10&amp;apos;, os.arch: &amp;apos;amd64&amp;apos;, os.version: &amp;apos;10.0&amp;apos;, java.version: &amp;apos;1.8.0_121&amp;apos;
Driver info: org.openqa.selenium.firefox.FirefoxDriver
Capabilities [{applicationCacheEnabled=true, rotatable=false, handlesAlerts=true, databaseEnabled=true, version=47.0.1, platform=WINDOWS, nativeEvents=false, acceptSslCerts=true, webStorageEnabled=true, locationContextEnabled=true, browserName=firefox, takesScreenshot=true, javascriptEnabled=true, cssSelectorsEnabled=true}]
Session ID: 5aa5a2ff-11b4-4ba7-b4b0-ca8fac43a4d2">
      <![CDATA[org.openqa.selenium.WebDriverException: window.ArenaForms is undefined
Command duration or timeout: 63 milliseconds
Build info: version: '2.53.1', revision: 'a36b8b1', time: '2016-06-30 17:32:46'
System info: host: 'LAPTOP-L9I71BEA', ip: '192.168.1.16', os.name: 'Windows 10', os.arch: 'amd64', os.version: '10.0', java.version: '1.8.0_121'
Driver info: org.openqa.selenium.firefox.FirefoxDriver
Capabilities [{applicationCacheEnabled=true, rotatable=false, handlesAlerts=true, databaseEnabled=true, version=47.0.1, platform=WINDOWS, nativeEvents=false, acceptSslCerts=true, webStorageEnabled=true, locationContextEnabled=true, browserName=firefox, takesScreenshot=true, javascriptEnabled=true, cssSelectorsEnabled=true}]
Session ID: 5aa5a2ff-11b4-4ba7-b4b0-ca8fac43a4d2
	at org.openqa.selenium.remote.ErrorHandler.createThrowable(ErrorHandler.java:206)
	at org.openqa.selenium.remote.ErrorHandler.throwIfResponseFailed(ErrorHandler.java:158)
	at org.openqa.selenium.remote.RemoteWebDriver.execute(RemoteWebDriver.java:678)
	at org.openqa.selenium.remote.RemoteWebDriver.executeScript(RemoteWebDriver.java:577)
	at com.lima.library.AdjunoUILibrary.getElemetValue(AdjunoUILibrary.java:513)
	at com.lima.pagefactory.AdjunoLIMAForwarderReferencePOM.getFieldValue(AdjunoLIMAForwarderReferencePOM.java:993)
	at com.lima.test.AdjunoLIMAForwarderReferenceTest.test_60_clickPONumberHyperLink(AdjunoLIMAForwarderReferenceTest.java:1391)
Caused by: org.openqa.selenium.WebDriverException: window.ArenaForms is undefined
Build info: version: '2.53.1', revision: 'a36b8b1', time: '2016-06-30 17:32:46'
System info: host: 'LAPTOP-L9I71BEA', ip: '192.168.1.16', os.name: 'Windows 10', os.arch: 'amd64', os.version: '10.0', java.version: '1.8.0_121'
Driver info: driver.version: unknown
	at <anonymous class>.anonymous(https://uat-lima46.adjuno.com/default.aspx?Guid=654f4eada53b44cd94a049b7f3b08741&MenuId=&Action=FindRequest&ActionOption=PO+Status&Reference=ACTIVITYLIMAUAT46_00648 line 69 > Function:1)
	at <anonymous class>.handleEvaluateEvent(https://uat-lima46.adjuno.com/default.aspx?Guid=654f4eada53b44cd94a049b7f3b08741&MenuId=&Action=FindRequest&ActionOption=PO+Status&Reference=ACTIVITYLIMAUAT46_00648:69)
... Removed 28 stack frames]]>
    </failure>
  </testcase> <!-- test_60_clickPONumberHyperLink -->
  <testcase name="test_61_clickContainerNoHyperLink" time="16.784" classname="com.lima.test.AdjunoLIMAForwarderReferenceTest"/>
  <testcase name="test_62_verifyContainerNoWithAwaitingStatus" time="33.02" classname="com.lima.test.AdjunoLIMAForwarderReferenceTest"/>
  <testcase name="test_63_verifyContainerNoWithReferenceStatus" time="31.09" classname="com.lima.test.AdjunoLIMAForwarderReferenceTest"/>
</testsuite> <!-- Forward Reference -->
