<?xml version="1.0" encoding="UTF-8"?>
<!-- Generated by org.testng.reporters.JUnitXMLReporter -->
<testsuite hostname="LAPTOP-L9I71BEA" name="Off Dock Location" tests="51" failures="17" timestamp="5 Feb 2018 10:35:29 GMT" time="1095.299" errors="0">
  <testcase name="test_1_accessOffDockLocation" time="10.382" classname="com.lima.test.AdjunoLIMAOffDockLocationTest"/>
  <testcase name="test_2_VerifyExistanceOfChevorns" time="0.875" classname="com.lima.test.AdjunoLIMAOffDockLocationTest"/>
  <testcase name="test_3_VerifyExistanceOfFields" time="1.375" classname="com.lima.test.AdjunoLIMAOffDockLocationTest"/>
  <testcase name="test_4_VerifyStatusDropDownValues" time="0.094" classname="com.lima.test.AdjunoLIMAOffDockLocationTest"/>
  <testcase name="test_8_VerifyInvalidContainer" time="27.224" classname="com.lima.test.AdjunoLIMAOffDockLocationTest"/>
  <testcase name="getValidContainerList" time="48.589" classname="com.lima.test.AdjunoLIMAOffDockLocationTest"/>
  <testcase name="test_12_verifyDestinationPort" time="48.802" classname="com.lima.test.AdjunoLIMAOffDockLocationTest"/>
  <testcase name="test_13_verifyEtaFrom" time="42.549" classname="com.lima.test.AdjunoLIMAOffDockLocationTest"/>
  <testcase name="test_14_verifyEtaTo" time="48.312" classname="com.lima.test.AdjunoLIMAOffDockLocationTest"/>
  <testcase name="test_15_verifyStatus" time="37.32" classname="com.lima.test.AdjunoLIMAOffDockLocationTest"/>
  <testcase name="test_16_verifyVessel" time="38.652" classname="com.lima.test.AdjunoLIMAOffDockLocationTest"/>
  <testcase name="test_19_verifyForwardRef" time="39.033" classname="com.lima.test.AdjunoLIMAOffDockLocationTest"/>
  <testcase name="test_9_VerifyValidContainerSearch" time="47.709" classname="com.lima.test.AdjunoLIMAOffDockLocationTest"/>
  <testcase name="test_10_verifyFieldsInSelectChevron" time="2.032" classname="com.lima.test.AdjunoLIMAOffDockLocationTest"/>
  <testcase name="test_11_verifyValidationMessage" time="9.726" classname="com.lima.test.AdjunoLIMAOffDockLocationTest"/>
  <testcase name="test_21_downloadOffDocktemplate" time="15.17" classname="com.lima.test.AdjunoLIMAOffDockLocationTest"/>
  <testcase name="test_22_verifyUpdateChevron" time="16.256" classname="com.lima.test.AdjunoLIMAOffDockLocationTest"/>
  <testcase name="test_23_uploadOffDockTemplate" time="25.609" classname="com.lima.test.AdjunoLIMAOffDockLocationTest"/>
  <testcase name="test_23_verifyField" time="2.297" classname="com.lima.test.AdjunoLIMAOffDockLocationTest"/>
  <testcase name="test_25_VerifyMandatory" time="0.156" classname="com.lima.test.AdjunoLIMAOffDockLocationTest">
    <failure type="java.lang.AssertionError" message="The following asserts failed:
	***** Test ID : 25- off Dock Arrived Date Mandatory message is not displayed In Off Dock Location Tool Under Update Chevron &amp;quot; off Dock Location &amp;quot; Field Mandatory message is not displayed***** expected [true] but found [false]">
      <![CDATA[java.lang.AssertionError: The following asserts failed:
	***** Test ID : 25- off Dock Arrived Date Mandatory message is not displayed In Off Dock Location Tool Under Update Chevron " off Dock Location " Field Mandatory message is not displayed***** expected [true] but found [false]
	at com.lima.test.AdjunoLIMAOffDockLocationTest.test_25_VerifyMandatory(AdjunoLIMAOffDockLocationTest.java:989)
... Removed 26 stack frames]]>
    </failure>
  </testcase> <!-- test_25_VerifyMandatory -->
  <testcase name="test_24_VerifyGridValue" time="18.38" classname="com.lima.test.AdjunoLIMAOffDockLocationTest"/>
  <testcase name="test_26_deleteRow" time="9.456" classname="com.lima.test.AdjunoLIMAOffDockLocationTest"/>
  <testcase name="test_upload" time="50.84" classname="com.lima.test.AdjunoLIMAOffDockLocationTest"/>
  <testcase name="test_27_complete" time="11.006" classname="com.lima.test.AdjunoLIMAOffDockLocationTest"/>
  <testcase name="test_29_accessOffDockLocation" time="15.219" classname="com.lima.test.AdjunoLIMAOffDockLocationTest"/>
  <testcase name="test_30_SearchForData" time="53.308" classname="com.lima.test.AdjunoLIMAOffDockLocationTest"/>
  <testcase name="test_30_verifyField" time="2.297" classname="com.lima.test.AdjunoLIMAOffDockLocationTest"/>
  <testcase name="test_32_VerifyMandatory" time="0.154" classname="com.lima.test.AdjunoLIMAOffDockLocationTest"/>
  <testcase name="test_31_VerifyGridValue" time="22.414" classname="com.lima.test.AdjunoLIMAOffDockLocationTest"/>
  <testcase name="test_34_complete" time="16.633" classname="com.lima.test.AdjunoLIMAOffDockLocationTest">
    <failure type="org.openqa.selenium.NoSuchElementException" message="Unable to locate element: {&amp;quot;method&amp;quot;:&amp;quot;xpath&amp;quot;,&amp;quot;selector&amp;quot;:&amp;quot;.//*[@id=&amp;apos;ProgressForm_FeedbackControl_inner&amp;apos;]&amp;quot;}
Command duration or timeout: 10.20 seconds
For documentation on this error, please visit: http://seleniumhq.org/exceptions/no_such_element.html
Build info: version: &amp;apos;2.53.1&amp;apos;, revision: &amp;apos;a36b8b1&amp;apos;, time: &amp;apos;2016-06-30 17:32:46&amp;apos;
System info: host: &amp;apos;LAPTOP-L9I71BEA&amp;apos;, ip: &amp;apos;192.168.1.16&amp;apos;, os.name: &amp;apos;Windows 10&amp;apos;, os.arch: &amp;apos;amd64&amp;apos;, os.version: &amp;apos;10.0&amp;apos;, java.version: &amp;apos;1.8.0_121&amp;apos;
Driver info: org.openqa.selenium.firefox.FirefoxDriver
Capabilities [{applicationCacheEnabled=true, rotatable=false, handlesAlerts=true, databaseEnabled=true, version=47.0.1, platform=WINDOWS, nativeEvents=false, acceptSslCerts=true, webStorageEnabled=true, locationContextEnabled=true, browserName=firefox, takesScreenshot=true, javascriptEnabled=true, cssSelectorsEnabled=true}]
Session ID: 7e60156a-ee10-47b1-ab8b-f27d8434adf8
*** Element info: {Using=xpath, value=.//*[@id=&amp;apos;ProgressForm_FeedbackControl_inner&amp;apos;]}">
      <![CDATA[org.openqa.selenium.NoSuchElementException: Unable to locate element: {"method":"xpath","selector":".//*[@id='ProgressForm_FeedbackControl_inner']"}
Command duration or timeout: 10.20 seconds
For documentation on this error, please visit: http://seleniumhq.org/exceptions/no_such_element.html
Build info: version: '2.53.1', revision: 'a36b8b1', time: '2016-06-30 17:32:46'
System info: host: 'LAPTOP-L9I71BEA', ip: '192.168.1.16', os.name: 'Windows 10', os.arch: 'amd64', os.version: '10.0', java.version: '1.8.0_121'
Driver info: org.openqa.selenium.firefox.FirefoxDriver
Capabilities [{applicationCacheEnabled=true, rotatable=false, handlesAlerts=true, databaseEnabled=true, version=47.0.1, platform=WINDOWS, nativeEvents=false, acceptSslCerts=true, webStorageEnabled=true, locationContextEnabled=true, browserName=firefox, takesScreenshot=true, javascriptEnabled=true, cssSelectorsEnabled=true}]
Session ID: 7e60156a-ee10-47b1-ab8b-f27d8434adf8
*** Element info: {Using=xpath, value=.//*[@id='ProgressForm_FeedbackControl_inner']}
	at org.openqa.selenium.remote.ErrorHandler.createThrowable(ErrorHandler.java:206)
	at org.openqa.selenium.remote.ErrorHandler.throwIfResponseFailed(ErrorHandler.java:158)
	at org.openqa.selenium.remote.RemoteWebDriver.execute(RemoteWebDriver.java:678)
	at org.openqa.selenium.remote.RemoteWebDriver.findElement(RemoteWebDriver.java:363)
	at org.openqa.selenium.remote.RemoteWebDriver.findElementByXPath(RemoteWebDriver.java:500)
	at org.openqa.selenium.By$ByXPath.findElement(By.java:361)
	at org.openqa.selenium.remote.RemoteWebDriver.findElement(RemoteWebDriver.java:355)
	at org.openqa.selenium.support.pagefactory.DefaultElementLocator.findElement(DefaultElementLocator.java:69)
	at org.openqa.selenium.support.pagefactory.internal.LocatingElementHandler.invoke(LocatingElementHandler.java:38)
	at com.sun.proxy.$Proxy9.getText(Unknown Source)
	at com.lima.test.AdjunoLIMAOffDockLocationTest.test_34_complete(AdjunoLIMAOffDockLocationTest.java:1332)
Caused by: org.openqa.selenium.NoSuchElementException: Unable to locate element: {"method":"xpath","selector":".//*[@id='ProgressForm_FeedbackControl_inner']"}
For documentation on this error, please visit: http://seleniumhq.org/exceptions/no_such_element.html
Build info: version: '2.53.1', revision: 'a36b8b1', time: '2016-06-30 17:32:46'
System info: host: 'LAPTOP-L9I71BEA', ip: '192.168.1.16', os.name: 'Windows 10', os.arch: 'amd64', os.version: '10.0', java.version: '1.8.0_121'
Driver info: driver.version: unknown
	at <anonymous class>.FirefoxDriver.prototype.findElementInternal_(file:///C:/Users/Anand/AppData/Local/Temp/anonymous1399365416665257795webdriver-profile/extensions/fxdriver@googlecode.com/components/driver-component.js:10770)
	at <anonymous class>.fxdriver.Timer.prototype.setTimeout/<.notify(file:///C:/Users/Anand/AppData/Local/Temp/anonymous1399365416665257795webdriver-profile/extensions/fxdriver@googlecode.com/components/driver-component.js:625)
... Removed 28 stack frames]]>
    </failure>
  </testcase> <!-- test_34_complete -->
  <testcase name="test_36_ClickOnTrackLink" time="34.464" classname="com.lima.test.AdjunoLIMAOffDockLocationTest"/>
  <testcase name="test_37_setTrackNumber" time="0.297" classname="com.lima.test.AdjunoLIMAOffDockLocationTest">
    <failure type="java.lang.AssertionError" message="The following asserts failed:
	***** Test ID:37-Track number value is empty***** expected [true] but found [false]">
      <![CDATA[java.lang.AssertionError: The following asserts failed:
	***** Test ID:37-Track number value is empty***** expected [true] but found [false]
	at com.lima.test.AdjunoLIMAOffDockLocationTest.test_37_setTrackNumber(AdjunoLIMAOffDockLocationTest.java:1378)
... Removed 26 stack frames]]>
    </failure>
  </testcase> <!-- test_37_setTrackNumber -->
  <testcase name="test_38_clickOffLink" time="10.574" classname="com.lima.test.AdjunoLIMAOffDockLocationTest">
    <failure type="org.openqa.selenium.ElementNotVisibleException" message="Element is not currently visible and so may not be interacted with
Command duration or timeout: 10.23 seconds
Build info: version: &amp;apos;2.53.1&amp;apos;, revision: &amp;apos;a36b8b1&amp;apos;, time: &amp;apos;2016-06-30 17:32:46&amp;apos;
System info: host: &amp;apos;LAPTOP-L9I71BEA&amp;apos;, ip: &amp;apos;192.168.1.16&amp;apos;, os.name: &amp;apos;Windows 10&amp;apos;, os.arch: &amp;apos;amd64&amp;apos;, os.version: &amp;apos;10.0&amp;apos;, java.version: &amp;apos;1.8.0_121&amp;apos;
Driver info: org.openqa.selenium.firefox.FirefoxDriver
Capabilities [{applicationCacheEnabled=true, rotatable=false, handlesAlerts=true, databaseEnabled=true, version=47.0.1, platform=WINDOWS, nativeEvents=false, acceptSslCerts=true, webStorageEnabled=true, locationContextEnabled=true, browserName=firefox, takesScreenshot=true, javascriptEnabled=true, cssSelectorsEnabled=true}]
Session ID: 7e60156a-ee10-47b1-ab8b-f27d8434adf8">
      <![CDATA[org.openqa.selenium.ElementNotVisibleException: Element is not currently visible and so may not be interacted with
Command duration or timeout: 10.23 seconds
Build info: version: '2.53.1', revision: 'a36b8b1', time: '2016-06-30 17:32:46'
System info: host: 'LAPTOP-L9I71BEA', ip: '192.168.1.16', os.name: 'Windows 10', os.arch: 'amd64', os.version: '10.0', java.version: '1.8.0_121'
Driver info: org.openqa.selenium.firefox.FirefoxDriver
Capabilities [{applicationCacheEnabled=true, rotatable=false, handlesAlerts=true, databaseEnabled=true, version=47.0.1, platform=WINDOWS, nativeEvents=false, acceptSslCerts=true, webStorageEnabled=true, locationContextEnabled=true, browserName=firefox, takesScreenshot=true, javascriptEnabled=true, cssSelectorsEnabled=true}]
Session ID: 7e60156a-ee10-47b1-ab8b-f27d8434adf8
	at org.openqa.selenium.remote.ErrorHandler.createThrowable(ErrorHandler.java:206)
	at org.openqa.selenium.remote.ErrorHandler.throwIfResponseFailed(ErrorHandler.java:158)
	at org.openqa.selenium.remote.RemoteWebDriver.execute(RemoteWebDriver.java:678)
	at org.openqa.selenium.remote.RemoteWebElement.execute(RemoteWebElement.java:327)
	at org.openqa.selenium.remote.RemoteWebElement.click(RemoteWebElement.java:85)
	at org.openqa.selenium.support.pagefactory.internal.LocatingElementHandler.invoke(LocatingElementHandler.java:51)
	at com.sun.proxy.$Proxy9.click(Unknown Source)
	at com.lima.pagefactory.AdjunoLIMAOffDockLocationPOM.clickButtonUsingWebElement(AdjunoLIMAOffDockLocationPOM.java:439)
	at com.lima.test.AdjunoLIMAOffDockLocationTest.test_38_clickOffLink(AdjunoLIMAOffDockLocationTest.java:1388)
Caused by: org.openqa.selenium.ElementNotVisibleException: Element is not currently visible and so may not be interacted with
Build info: version: '2.53.1', revision: 'a36b8b1', time: '2016-06-30 17:32:46'
System info: host: 'LAPTOP-L9I71BEA', ip: '192.168.1.16', os.name: 'Windows 10', os.arch: 'amd64', os.version: '10.0', java.version: '1.8.0_121'
Driver info: driver.version: unknown
	at <anonymous class>.fxdriver.preconditions.visible(file:///C:/Users/Anand/AppData/Local/Temp/anonymous1399365416665257795webdriver-profile/extensions/fxdriver@googlecode.com/components/command-processor.js:10092)
	at <anonymous class>.DelayedCommand.prototype.checkPreconditions_(file:///C:/Users/Anand/AppData/Local/Temp/anonymous1399365416665257795webdriver-profile/extensions/fxdriver@googlecode.com/components/command-processor.js:12644)
	at <anonymous class>.DelayedCommand.prototype.executeInternal_/h(file:///C:/Users/Anand/AppData/Local/Temp/anonymous1399365416665257795webdriver-profile/extensions/fxdriver@googlecode.com/components/command-processor.js:12661)
	at <anonymous class>.fxdriver.Timer.prototype.setTimeout/<.notify(file:///C:/Users/Anand/AppData/Local/Temp/anonymous1399365416665257795webdriver-profile/extensions/fxdriver@googlecode.com/components/command-processor.js:625)
... Removed 32 stack frames]]>
    </failure>
  </testcase> <!-- test_38_clickOffLink -->
  <testcase name="test_39_accessOffDockLocation" time="9.608" classname="com.lima.test.AdjunoLIMAOffDockLocationTest"/>
  <testcase name="test_39_SearchContainerSearch" time="36.604" classname="com.lima.test.AdjunoLIMAOffDockLocationTest">
    <failure type="java.lang.AssertionError" message="The following asserts failed:
	***** Test ID:39- NO search Result for this criteria ***** expected [true] but found [false]">
      <![CDATA[java.lang.AssertionError: The following asserts failed:
	***** Test ID:39- NO search Result for this criteria ***** expected [true] but found [false]
	at com.lima.test.AdjunoLIMAOffDockLocationTest.test_39_SearchContainerSearch(AdjunoLIMAOffDockLocationTest.java:1490)
... Removed 26 stack frames]]>
    </failure>
  </testcase> <!-- test_39_SearchContainerSearch -->
  <testcase name="test_40_navigateToOffDockChevron" time="32.853" classname="com.lima.test.AdjunoLIMAOffDockLocationTest">
    <failure type="java.lang.AssertionError" message="The following asserts failed:
	***** Test ID:40-  Off Dock Location Chevron Page is not loaded***** expected [true] but found [false]">
      <![CDATA[java.lang.AssertionError: The following asserts failed:
	***** Test ID:40-  Off Dock Location Chevron Page is not loaded***** expected [true] but found [false]
	at com.lima.test.AdjunoLIMAOffDockLocationTest.test_40_navigateToOffDockChevron(AdjunoLIMAOffDockLocationTest.java:1518)
... Removed 26 stack frames]]>
    </failure>
  </testcase> <!-- test_40_navigateToOffDockChevron -->
  <testcase name="test_41_VerifyGridValue" time="5.133" classname="com.lima.test.AdjunoLIMAOffDockLocationTest">
    <failure type="org.openqa.selenium.WebDriverException" message="window.ArenaForms.LIMA_Shipment_SUT_Off_Dock_Storage_SUT is undefined
Command duration or timeout: 125 milliseconds
Build info: version: &amp;apos;2.53.1&amp;apos;, revision: &amp;apos;a36b8b1&amp;apos;, time: &amp;apos;2016-06-30 17:32:46&amp;apos;
System info: host: &amp;apos;LAPTOP-L9I71BEA&amp;apos;, ip: &amp;apos;192.168.1.16&amp;apos;, os.name: &amp;apos;Windows 10&amp;apos;, os.arch: &amp;apos;amd64&amp;apos;, os.version: &amp;apos;10.0&amp;apos;, java.version: &amp;apos;1.8.0_121&amp;apos;
Driver info: org.openqa.selenium.firefox.FirefoxDriver
Capabilities [{applicationCacheEnabled=true, rotatable=false, handlesAlerts=true, databaseEnabled=true, version=47.0.1, platform=WINDOWS, nativeEvents=false, acceptSslCerts=true, webStorageEnabled=true, locationContextEnabled=true, browserName=firefox, takesScreenshot=true, javascriptEnabled=true, cssSelectorsEnabled=true}]
Session ID: 7e60156a-ee10-47b1-ab8b-f27d8434adf8">
      <![CDATA[org.openqa.selenium.WebDriverException: window.ArenaForms.LIMA_Shipment_SUT_Off_Dock_Storage_SUT is undefined
Command duration or timeout: 125 milliseconds
Build info: version: '2.53.1', revision: 'a36b8b1', time: '2016-06-30 17:32:46'
System info: host: 'LAPTOP-L9I71BEA', ip: '192.168.1.16', os.name: 'Windows 10', os.arch: 'amd64', os.version: '10.0', java.version: '1.8.0_121'
Driver info: org.openqa.selenium.firefox.FirefoxDriver
Capabilities [{applicationCacheEnabled=true, rotatable=false, handlesAlerts=true, databaseEnabled=true, version=47.0.1, platform=WINDOWS, nativeEvents=false, acceptSslCerts=true, webStorageEnabled=true, locationContextEnabled=true, browserName=firefox, takesScreenshot=true, javascriptEnabled=true, cssSelectorsEnabled=true}]
Session ID: 7e60156a-ee10-47b1-ab8b-f27d8434adf8
	at org.openqa.selenium.remote.ErrorHandler.createThrowable(ErrorHandler.java:206)
	at org.openqa.selenium.remote.ErrorHandler.throwIfResponseFailed(ErrorHandler.java:158)
	at org.openqa.selenium.remote.RemoteWebDriver.execute(RemoteWebDriver.java:678)
	at org.openqa.selenium.remote.RemoteWebDriver.executeScript(RemoteWebDriver.java:577)
	at com.lima.library.AdjunoUILibrary.getNoOfRowsGrid(AdjunoUILibrary.java:181)
	at com.lima.pagefactory.AdjunoLIMAOffDockLocationPOM.getNoOfRowsGrid(AdjunoLIMAOffDockLocationPOM.java:388)
	at com.lima.test.AdjunoLIMAOffDockLocationTest.test_41_VerifyGridValue(AdjunoLIMAOffDockLocationTest.java:1529)
Caused by: org.openqa.selenium.WebDriverException: window.ArenaForms.LIMA_Shipment_SUT_Off_Dock_Storage_SUT is undefined
Build info: version: '2.53.1', revision: 'a36b8b1', time: '2016-06-30 17:32:46'
System info: host: 'LAPTOP-L9I71BEA', ip: '192.168.1.16', os.name: 'Windows 10', os.arch: 'amd64', os.version: '10.0', java.version: '1.8.0_121'
Driver info: driver.version: unknown
	at <anonymous class>.anonymous(https://uat-lima46.adjuno.com/default.aspx?Guid=bceab4ac53304898a3208a5ee45eb8d4&MenuId=&Action=ToolApply&ActionOption=Off%20Dock%20Location line 69 > Function:1)
	at <anonymous class>.handleEvaluateEvent(https://uat-lima46.adjuno.com/default.aspx?Guid=bceab4ac53304898a3208a5ee45eb8d4&MenuId=&Action=ToolApply&ActionOption=Off%20Dock%20Location:69)
... Removed 28 stack frames]]>
    </failure>
  </testcase> <!-- test_41_VerifyGridValue -->
  <testcase name="test_42_complete" time="20.446" classname="com.lima.test.AdjunoLIMAOffDockLocationTest">
    <failure type="org.openqa.selenium.NoSuchElementException" message="Unable to locate element: {&amp;quot;method&amp;quot;:&amp;quot;xpath&amp;quot;,&amp;quot;selector&amp;quot;:&amp;quot;.//*[@id=&amp;apos;ProgressForm_FeedbackControl_inner&amp;apos;]&amp;quot;}
Command duration or timeout: 10.23 seconds
For documentation on this error, please visit: http://seleniumhq.org/exceptions/no_such_element.html
Build info: version: &amp;apos;2.53.1&amp;apos;, revision: &amp;apos;a36b8b1&amp;apos;, time: &amp;apos;2016-06-30 17:32:46&amp;apos;
System info: host: &amp;apos;LAPTOP-L9I71BEA&amp;apos;, ip: &amp;apos;192.168.1.16&amp;apos;, os.name: &amp;apos;Windows 10&amp;apos;, os.arch: &amp;apos;amd64&amp;apos;, os.version: &amp;apos;10.0&amp;apos;, java.version: &amp;apos;1.8.0_121&amp;apos;
Driver info: org.openqa.selenium.firefox.FirefoxDriver
Capabilities [{applicationCacheEnabled=true, rotatable=false, handlesAlerts=true, databaseEnabled=true, version=47.0.1, platform=WINDOWS, nativeEvents=false, acceptSslCerts=true, webStorageEnabled=true, locationContextEnabled=true, browserName=firefox, takesScreenshot=true, javascriptEnabled=true, cssSelectorsEnabled=true}]
Session ID: 7e60156a-ee10-47b1-ab8b-f27d8434adf8
*** Element info: {Using=xpath, value=.//*[@id=&amp;apos;ProgressForm_FeedbackControl_inner&amp;apos;]}">
      <![CDATA[org.openqa.selenium.NoSuchElementException: Unable to locate element: {"method":"xpath","selector":".//*[@id='ProgressForm_FeedbackControl_inner']"}
Command duration or timeout: 10.23 seconds
For documentation on this error, please visit: http://seleniumhq.org/exceptions/no_such_element.html
Build info: version: '2.53.1', revision: 'a36b8b1', time: '2016-06-30 17:32:46'
System info: host: 'LAPTOP-L9I71BEA', ip: '192.168.1.16', os.name: 'Windows 10', os.arch: 'amd64', os.version: '10.0', java.version: '1.8.0_121'
Driver info: org.openqa.selenium.firefox.FirefoxDriver
Capabilities [{applicationCacheEnabled=true, rotatable=false, handlesAlerts=true, databaseEnabled=true, version=47.0.1, platform=WINDOWS, nativeEvents=false, acceptSslCerts=true, webStorageEnabled=true, locationContextEnabled=true, browserName=firefox, takesScreenshot=true, javascriptEnabled=true, cssSelectorsEnabled=true}]
Session ID: 7e60156a-ee10-47b1-ab8b-f27d8434adf8
*** Element info: {Using=xpath, value=.//*[@id='ProgressForm_FeedbackControl_inner']}
	at org.openqa.selenium.remote.ErrorHandler.createThrowable(ErrorHandler.java:206)
	at org.openqa.selenium.remote.ErrorHandler.throwIfResponseFailed(ErrorHandler.java:158)
	at org.openqa.selenium.remote.RemoteWebDriver.execute(RemoteWebDriver.java:678)
	at org.openqa.selenium.remote.RemoteWebDriver.findElement(RemoteWebDriver.java:363)
	at org.openqa.selenium.remote.RemoteWebDriver.findElementByXPath(RemoteWebDriver.java:500)
	at org.openqa.selenium.By$ByXPath.findElement(By.java:361)
	at org.openqa.selenium.remote.RemoteWebDriver.findElement(RemoteWebDriver.java:355)
	at org.openqa.selenium.support.pagefactory.DefaultElementLocator.findElement(DefaultElementLocator.java:69)
	at org.openqa.selenium.support.pagefactory.internal.LocatingElementHandler.invoke(LocatingElementHandler.java:38)
	at com.sun.proxy.$Proxy9.getText(Unknown Source)
	at com.lima.test.AdjunoLIMAOffDockLocationTest.test_42_complete(AdjunoLIMAOffDockLocationTest.java:1577)
Caused by: org.openqa.selenium.NoSuchElementException: Unable to locate element: {"method":"xpath","selector":".//*[@id='ProgressForm_FeedbackControl_inner']"}
For documentation on this error, please visit: http://seleniumhq.org/exceptions/no_such_element.html
Build info: version: '2.53.1', revision: 'a36b8b1', time: '2016-06-30 17:32:46'
System info: host: 'LAPTOP-L9I71BEA', ip: '192.168.1.16', os.name: 'Windows 10', os.arch: 'amd64', os.version: '10.0', java.version: '1.8.0_121'
Driver info: driver.version: unknown
	at <anonymous class>.FirefoxDriver.prototype.findElementInternal_(file:///C:/Users/Anand/AppData/Local/Temp/anonymous1399365416665257795webdriver-profile/extensions/fxdriver@googlecode.com/components/driver-component.js:10770)
	at <anonymous class>.fxdriver.Timer.prototype.setTimeout/<.notify(file:///C:/Users/Anand/AppData/Local/Temp/anonymous1399365416665257795webdriver-profile/extensions/fxdriver@googlecode.com/components/driver-component.js:625)
... Removed 28 stack frames]]>
    </failure>
  </testcase> <!-- test_42_complete -->
  <testcase name="test_44_ClickOnTrackLink" time="38.884" classname="com.lima.test.AdjunoLIMAOffDockLocationTest"/>
  <testcase name="test_45_setTrackNumber" time="0.25" classname="com.lima.test.AdjunoLIMAOffDockLocationTest">
    <failure type="java.lang.AssertionError" message="The following asserts failed:
	***** Test ID:45-Track number value is empty***** expected [true] but found [false]">
      <![CDATA[java.lang.AssertionError: The following asserts failed:
	***** Test ID:45-Track number value is empty***** expected [true] but found [false]
	at com.lima.test.AdjunoLIMAOffDockLocationTest.test_45_setTrackNumber(AdjunoLIMAOffDockLocationTest.java:1626)
... Removed 26 stack frames]]>
    </failure>
  </testcase> <!-- test_45_setTrackNumber -->
  <testcase name="test_46_clickOffLink" time="10.409" classname="com.lima.test.AdjunoLIMAOffDockLocationTest">
    <failure type="org.openqa.selenium.ElementNotVisibleException" message="Element is not currently visible and so may not be interacted with
Command duration or timeout: 10.10 seconds
Build info: version: &amp;apos;2.53.1&amp;apos;, revision: &amp;apos;a36b8b1&amp;apos;, time: &amp;apos;2016-06-30 17:32:46&amp;apos;
System info: host: &amp;apos;LAPTOP-L9I71BEA&amp;apos;, ip: &amp;apos;192.168.1.16&amp;apos;, os.name: &amp;apos;Windows 10&amp;apos;, os.arch: &amp;apos;amd64&amp;apos;, os.version: &amp;apos;10.0&amp;apos;, java.version: &amp;apos;1.8.0_121&amp;apos;
Driver info: org.openqa.selenium.firefox.FirefoxDriver
Capabilities [{applicationCacheEnabled=true, rotatable=false, handlesAlerts=true, databaseEnabled=true, version=47.0.1, platform=WINDOWS, nativeEvents=false, acceptSslCerts=true, webStorageEnabled=true, locationContextEnabled=true, browserName=firefox, takesScreenshot=true, javascriptEnabled=true, cssSelectorsEnabled=true}]
Session ID: 7e60156a-ee10-47b1-ab8b-f27d8434adf8">
      <![CDATA[org.openqa.selenium.ElementNotVisibleException: Element is not currently visible and so may not be interacted with
Command duration or timeout: 10.10 seconds
Build info: version: '2.53.1', revision: 'a36b8b1', time: '2016-06-30 17:32:46'
System info: host: 'LAPTOP-L9I71BEA', ip: '192.168.1.16', os.name: 'Windows 10', os.arch: 'amd64', os.version: '10.0', java.version: '1.8.0_121'
Driver info: org.openqa.selenium.firefox.FirefoxDriver
Capabilities [{applicationCacheEnabled=true, rotatable=false, handlesAlerts=true, databaseEnabled=true, version=47.0.1, platform=WINDOWS, nativeEvents=false, acceptSslCerts=true, webStorageEnabled=true, locationContextEnabled=true, browserName=firefox, takesScreenshot=true, javascriptEnabled=true, cssSelectorsEnabled=true}]
Session ID: 7e60156a-ee10-47b1-ab8b-f27d8434adf8
	at org.openqa.selenium.remote.ErrorHandler.createThrowable(ErrorHandler.java:206)
	at org.openqa.selenium.remote.ErrorHandler.throwIfResponseFailed(ErrorHandler.java:158)
	at org.openqa.selenium.remote.RemoteWebDriver.execute(RemoteWebDriver.java:678)
	at org.openqa.selenium.remote.RemoteWebElement.execute(RemoteWebElement.java:327)
	at org.openqa.selenium.remote.RemoteWebElement.click(RemoteWebElement.java:85)
	at org.openqa.selenium.support.pagefactory.internal.LocatingElementHandler.invoke(LocatingElementHandler.java:51)
	at com.sun.proxy.$Proxy9.click(Unknown Source)
	at com.lima.pagefactory.AdjunoLIMAOffDockLocationPOM.clickButtonUsingWebElement(AdjunoLIMAOffDockLocationPOM.java:439)
	at com.lima.test.AdjunoLIMAOffDockLocationTest.test_46_clickOffLink(AdjunoLIMAOffDockLocationTest.java:1636)
Caused by: org.openqa.selenium.ElementNotVisibleException: Element is not currently visible and so may not be interacted with
Build info: version: '2.53.1', revision: 'a36b8b1', time: '2016-06-30 17:32:46'
System info: host: 'LAPTOP-L9I71BEA', ip: '192.168.1.16', os.name: 'Windows 10', os.arch: 'amd64', os.version: '10.0', java.version: '1.8.0_121'
Driver info: driver.version: unknown
	at <anonymous class>.fxdriver.preconditions.visible(file:///C:/Users/Anand/AppData/Local/Temp/anonymous1399365416665257795webdriver-profile/extensions/fxdriver@googlecode.com/components/command-processor.js:10092)
	at <anonymous class>.DelayedCommand.prototype.checkPreconditions_(file:///C:/Users/Anand/AppData/Local/Temp/anonymous1399365416665257795webdriver-profile/extensions/fxdriver@googlecode.com/components/command-processor.js:12644)
	at <anonymous class>.DelayedCommand.prototype.executeInternal_/h(file:///C:/Users/Anand/AppData/Local/Temp/anonymous1399365416665257795webdriver-profile/extensions/fxdriver@googlecode.com/components/command-processor.js:12661)
	at <anonymous class>.fxdriver.Timer.prototype.setTimeout/<.notify(file:///C:/Users/Anand/AppData/Local/Temp/anonymous1399365416665257795webdriver-profile/extensions/fxdriver@googlecode.com/components/command-processor.js:625)
... Removed 32 stack frames]]>
    </failure>
  </testcase> <!-- test_46_clickOffLink -->
  <testcase name="test_47_accessOffDockLocation" time="9.857" classname="com.lima.test.AdjunoLIMAOffDockLocationTest"/>
  <testcase name="test_47_SearchContainerSearch" time="29.942" classname="com.lima.test.AdjunoLIMAOffDockLocationTest">
    <failure type="java.lang.AssertionError" message="The following asserts failed:
	***** Test ID:47- NO search Result for this criteria ***** expected [true] but found [false]">
      <![CDATA[java.lang.AssertionError: The following asserts failed:
	***** Test ID:47- NO search Result for this criteria ***** expected [true] but found [false]
	at com.lima.test.AdjunoLIMAOffDockLocationTest.test_47_SearchContainerSearch(AdjunoLIMAOffDockLocationTest.java:1733)
... Removed 26 stack frames]]>
    </failure>
  </testcase> <!-- test_47_SearchContainerSearch -->
  <testcase name="test_48_navigateToOffDockChevron" time="34.761" classname="com.lima.test.AdjunoLIMAOffDockLocationTest">
    <failure type="java.lang.AssertionError" message="The following asserts failed:
	***** Test ID:48-  Off Dock Location Chevron Page is not loaded***** expected [true] but found [false]">
      <![CDATA[java.lang.AssertionError: The following asserts failed:
	***** Test ID:48-  Off Dock Location Chevron Page is not loaded***** expected [true] but found [false]
	at com.lima.test.AdjunoLIMAOffDockLocationTest.test_48_navigateToOffDockChevron(AdjunoLIMAOffDockLocationTest.java:1761)
... Removed 26 stack frames]]>
    </failure>
  </testcase> <!-- test_48_navigateToOffDockChevron -->
  <testcase name="test_49_VerifyGridValue" time="0.156" classname="com.lima.test.AdjunoLIMAOffDockLocationTest">
    <failure type="org.openqa.selenium.WebDriverException" message="window.ArenaForms.LIMA_Shipment_SUT_Off_Dock_Storage_SUT is undefined
Command duration or timeout: 156 milliseconds
Build info: version: &amp;apos;2.53.1&amp;apos;, revision: &amp;apos;a36b8b1&amp;apos;, time: &amp;apos;2016-06-30 17:32:46&amp;apos;
System info: host: &amp;apos;LAPTOP-L9I71BEA&amp;apos;, ip: &amp;apos;192.168.1.16&amp;apos;, os.name: &amp;apos;Windows 10&amp;apos;, os.arch: &amp;apos;amd64&amp;apos;, os.version: &amp;apos;10.0&amp;apos;, java.version: &amp;apos;1.8.0_121&amp;apos;
Driver info: org.openqa.selenium.firefox.FirefoxDriver
Capabilities [{applicationCacheEnabled=true, rotatable=false, handlesAlerts=true, databaseEnabled=true, version=47.0.1, platform=WINDOWS, nativeEvents=false, acceptSslCerts=true, webStorageEnabled=true, locationContextEnabled=true, browserName=firefox, takesScreenshot=true, javascriptEnabled=true, cssSelectorsEnabled=true}]
Session ID: 7e60156a-ee10-47b1-ab8b-f27d8434adf8">
      <![CDATA[org.openqa.selenium.WebDriverException: window.ArenaForms.LIMA_Shipment_SUT_Off_Dock_Storage_SUT is undefined
Command duration or timeout: 156 milliseconds
Build info: version: '2.53.1', revision: 'a36b8b1', time: '2016-06-30 17:32:46'
System info: host: 'LAPTOP-L9I71BEA', ip: '192.168.1.16', os.name: 'Windows 10', os.arch: 'amd64', os.version: '10.0', java.version: '1.8.0_121'
Driver info: org.openqa.selenium.firefox.FirefoxDriver
Capabilities [{applicationCacheEnabled=true, rotatable=false, handlesAlerts=true, databaseEnabled=true, version=47.0.1, platform=WINDOWS, nativeEvents=false, acceptSslCerts=true, webStorageEnabled=true, locationContextEnabled=true, browserName=firefox, takesScreenshot=true, javascriptEnabled=true, cssSelectorsEnabled=true}]
Session ID: 7e60156a-ee10-47b1-ab8b-f27d8434adf8
	at org.openqa.selenium.remote.ErrorHandler.createThrowable(ErrorHandler.java:206)
	at org.openqa.selenium.remote.ErrorHandler.throwIfResponseFailed(ErrorHandler.java:158)
	at org.openqa.selenium.remote.RemoteWebDriver.execute(RemoteWebDriver.java:678)
	at org.openqa.selenium.remote.RemoteWebDriver.executeScript(RemoteWebDriver.java:577)
	at com.lima.library.AdjunoUILibrary.getNoOfRowsGrid(AdjunoUILibrary.java:181)
	at com.lima.pagefactory.AdjunoLIMAOffDockLocationPOM.getNoOfRowsGrid(AdjunoLIMAOffDockLocationPOM.java:388)
	at com.lima.test.AdjunoLIMAOffDockLocationTest.test_49_VerifyGridValue(AdjunoLIMAOffDockLocationTest.java:1770)
Caused by: org.openqa.selenium.WebDriverException: window.ArenaForms.LIMA_Shipment_SUT_Off_Dock_Storage_SUT is undefined
Build info: version: '2.53.1', revision: 'a36b8b1', time: '2016-06-30 17:32:46'
System info: host: 'LAPTOP-L9I71BEA', ip: '192.168.1.16', os.name: 'Windows 10', os.arch: 'amd64', os.version: '10.0', java.version: '1.8.0_121'
Driver info: driver.version: unknown
	at <anonymous class>.anonymous(https://uat-lima46.adjuno.com/default.aspx?Guid=bceab4ac53304898a3208a5ee45eb8d4&MenuId=&Action=ToolApply&ActionOption=Off%20Dock%20Location line 69 > Function:1)
	at <anonymous class>.handleEvaluateEvent(https://uat-lima46.adjuno.com/default.aspx?Guid=bceab4ac53304898a3208a5ee45eb8d4&MenuId=&Action=ToolApply&ActionOption=Off%20Dock%20Location:69)
... Removed 28 stack frames]]>
    </failure>
  </testcase> <!-- test_49_VerifyGridValue -->
  <testcase name="test_50_complete" time="20.315" classname="com.lima.test.AdjunoLIMAOffDockLocationTest">
    <failure type="org.openqa.selenium.NoSuchElementException" message="Unable to locate element: {&amp;quot;method&amp;quot;:&amp;quot;xpath&amp;quot;,&amp;quot;selector&amp;quot;:&amp;quot;.//*[@id=&amp;apos;ProgressForm_FeedbackControl_inner&amp;apos;]&amp;quot;}
Command duration or timeout: 10.17 seconds
For documentation on this error, please visit: http://seleniumhq.org/exceptions/no_such_element.html
Build info: version: &amp;apos;2.53.1&amp;apos;, revision: &amp;apos;a36b8b1&amp;apos;, time: &amp;apos;2016-06-30 17:32:46&amp;apos;
System info: host: &amp;apos;LAPTOP-L9I71BEA&amp;apos;, ip: &amp;apos;192.168.1.16&amp;apos;, os.name: &amp;apos;Windows 10&amp;apos;, os.arch: &amp;apos;amd64&amp;apos;, os.version: &amp;apos;10.0&amp;apos;, java.version: &amp;apos;1.8.0_121&amp;apos;
Driver info: org.openqa.selenium.firefox.FirefoxDriver
Capabilities [{applicationCacheEnabled=true, rotatable=false, handlesAlerts=true, databaseEnabled=true, version=47.0.1, platform=WINDOWS, nativeEvents=false, acceptSslCerts=true, webStorageEnabled=true, locationContextEnabled=true, browserName=firefox, takesScreenshot=true, javascriptEnabled=true, cssSelectorsEnabled=true}]
Session ID: 7e60156a-ee10-47b1-ab8b-f27d8434adf8
*** Element info: {Using=xpath, value=.//*[@id=&amp;apos;ProgressForm_FeedbackControl_inner&amp;apos;]}">
      <![CDATA[org.openqa.selenium.NoSuchElementException: Unable to locate element: {"method":"xpath","selector":".//*[@id='ProgressForm_FeedbackControl_inner']"}
Command duration or timeout: 10.17 seconds
For documentation on this error, please visit: http://seleniumhq.org/exceptions/no_such_element.html
Build info: version: '2.53.1', revision: 'a36b8b1', time: '2016-06-30 17:32:46'
System info: host: 'LAPTOP-L9I71BEA', ip: '192.168.1.16', os.name: 'Windows 10', os.arch: 'amd64', os.version: '10.0', java.version: '1.8.0_121'
Driver info: org.openqa.selenium.firefox.FirefoxDriver
Capabilities [{applicationCacheEnabled=true, rotatable=false, handlesAlerts=true, databaseEnabled=true, version=47.0.1, platform=WINDOWS, nativeEvents=false, acceptSslCerts=true, webStorageEnabled=true, locationContextEnabled=true, browserName=firefox, takesScreenshot=true, javascriptEnabled=true, cssSelectorsEnabled=true}]
Session ID: 7e60156a-ee10-47b1-ab8b-f27d8434adf8
*** Element info: {Using=xpath, value=.//*[@id='ProgressForm_FeedbackControl_inner']}
	at org.openqa.selenium.remote.ErrorHandler.createThrowable(ErrorHandler.java:206)
	at org.openqa.selenium.remote.ErrorHandler.throwIfResponseFailed(ErrorHandler.java:158)
	at org.openqa.selenium.remote.RemoteWebDriver.execute(RemoteWebDriver.java:678)
	at org.openqa.selenium.remote.RemoteWebDriver.findElement(RemoteWebDriver.java:363)
	at org.openqa.selenium.remote.RemoteWebDriver.findElementByXPath(RemoteWebDriver.java:500)
	at org.openqa.selenium.By$ByXPath.findElement(By.java:361)
	at org.openqa.selenium.remote.RemoteWebDriver.findElement(RemoteWebDriver.java:355)
	at org.openqa.selenium.support.pagefactory.DefaultElementLocator.findElement(DefaultElementLocator.java:69)
	at org.openqa.selenium.support.pagefactory.internal.LocatingElementHandler.invoke(LocatingElementHandler.java:38)
	at com.sun.proxy.$Proxy9.getText(Unknown Source)
	at com.lima.test.AdjunoLIMAOffDockLocationTest.test_50_complete(AdjunoLIMAOffDockLocationTest.java:1834)
Caused by: org.openqa.selenium.NoSuchElementException: Unable to locate element: {"method":"xpath","selector":".//*[@id='ProgressForm_FeedbackControl_inner']"}
For documentation on this error, please visit: http://seleniumhq.org/exceptions/no_such_element.html
Build info: version: '2.53.1', revision: 'a36b8b1', time: '2016-06-30 17:32:46'
System info: host: 'LAPTOP-L9I71BEA', ip: '192.168.1.16', os.name: 'Windows 10', os.arch: 'amd64', os.version: '10.0', java.version: '1.8.0_121'
Driver info: driver.version: unknown
	at <anonymous class>.FirefoxDriver.prototype.findElementInternal_(file:///C:/Users/Anand/AppData/Local/Temp/anonymous1399365416665257795webdriver-profile/extensions/fxdriver@googlecode.com/components/driver-component.js:10770)
	at <anonymous class>.fxdriver.Timer.prototype.setTimeout/<.notify(file:///C:/Users/Anand/AppData/Local/Temp/anonymous1399365416665257795webdriver-profile/extensions/fxdriver@googlecode.com/components/driver-component.js:625)
... Removed 28 stack frames]]>
    </failure>
  </testcase> <!-- test_50_complete -->
  <testcase name="test_52_ClickOnTrackLink" time="34.146" classname="com.lima.test.AdjunoLIMAOffDockLocationTest"/>
  <testcase name="test_53_setTrackNumber" time="0.281" classname="com.lima.test.AdjunoLIMAOffDockLocationTest">
    <failure type="java.lang.AssertionError" message="The following asserts failed:
	***** Test ID:53-Track number value is empty***** expected [true] but found [false]">
      <![CDATA[java.lang.AssertionError: The following asserts failed:
	***** Test ID:53-Track number value is empty***** expected [true] but found [false]
	at com.lima.test.AdjunoLIMAOffDockLocationTest.test_53_setTrackNumber(AdjunoLIMAOffDockLocationTest.java:1881)
... Removed 26 stack frames]]>
    </failure>
  </testcase> <!-- test_53_setTrackNumber -->
  <testcase name="test_54_clickOffLink" time="10.498" classname="com.lima.test.AdjunoLIMAOffDockLocationTest">
    <failure type="org.openqa.selenium.ElementNotVisibleException" message="Element is not currently visible and so may not be interacted with
Command duration or timeout: 10.15 seconds
Build info: version: &amp;apos;2.53.1&amp;apos;, revision: &amp;apos;a36b8b1&amp;apos;, time: &amp;apos;2016-06-30 17:32:46&amp;apos;
System info: host: &amp;apos;LAPTOP-L9I71BEA&amp;apos;, ip: &amp;apos;192.168.1.16&amp;apos;, os.name: &amp;apos;Windows 10&amp;apos;, os.arch: &amp;apos;amd64&amp;apos;, os.version: &amp;apos;10.0&amp;apos;, java.version: &amp;apos;1.8.0_121&amp;apos;
Driver info: org.openqa.selenium.firefox.FirefoxDriver
Capabilities [{applicationCacheEnabled=true, rotatable=false, handlesAlerts=true, databaseEnabled=true, version=47.0.1, platform=WINDOWS, nativeEvents=false, acceptSslCerts=true, webStorageEnabled=true, locationContextEnabled=true, browserName=firefox, takesScreenshot=true, javascriptEnabled=true, cssSelectorsEnabled=true}]
Session ID: 7e60156a-ee10-47b1-ab8b-f27d8434adf8">
      <![CDATA[org.openqa.selenium.ElementNotVisibleException: Element is not currently visible and so may not be interacted with
Command duration or timeout: 10.15 seconds
Build info: version: '2.53.1', revision: 'a36b8b1', time: '2016-06-30 17:32:46'
System info: host: 'LAPTOP-L9I71BEA', ip: '192.168.1.16', os.name: 'Windows 10', os.arch: 'amd64', os.version: '10.0', java.version: '1.8.0_121'
Driver info: org.openqa.selenium.firefox.FirefoxDriver
Capabilities [{applicationCacheEnabled=true, rotatable=false, handlesAlerts=true, databaseEnabled=true, version=47.0.1, platform=WINDOWS, nativeEvents=false, acceptSslCerts=true, webStorageEnabled=true, locationContextEnabled=true, browserName=firefox, takesScreenshot=true, javascriptEnabled=true, cssSelectorsEnabled=true}]
Session ID: 7e60156a-ee10-47b1-ab8b-f27d8434adf8
	at org.openqa.selenium.remote.ErrorHandler.createThrowable(ErrorHandler.java:206)
	at org.openqa.selenium.remote.ErrorHandler.throwIfResponseFailed(ErrorHandler.java:158)
	at org.openqa.selenium.remote.RemoteWebDriver.execute(RemoteWebDriver.java:678)
	at org.openqa.selenium.remote.RemoteWebElement.execute(RemoteWebElement.java:327)
	at org.openqa.selenium.remote.RemoteWebElement.click(RemoteWebElement.java:85)
	at org.openqa.selenium.support.pagefactory.internal.LocatingElementHandler.invoke(LocatingElementHandler.java:51)
	at com.sun.proxy.$Proxy9.click(Unknown Source)
	at com.lima.pagefactory.AdjunoLIMAOffDockLocationPOM.clickButtonUsingWebElement(AdjunoLIMAOffDockLocationPOM.java:439)
	at com.lima.test.AdjunoLIMAOffDockLocationTest.test_54_clickOffLink(AdjunoLIMAOffDockLocationTest.java:1893)
Caused by: org.openqa.selenium.ElementNotVisibleException: Element is not currently visible and so may not be interacted with
Build info: version: '2.53.1', revision: 'a36b8b1', time: '2016-06-30 17:32:46'
System info: host: 'LAPTOP-L9I71BEA', ip: '192.168.1.16', os.name: 'Windows 10', os.arch: 'amd64', os.version: '10.0', java.version: '1.8.0_121'
Driver info: driver.version: unknown
	at <anonymous class>.fxdriver.preconditions.visible(file:///C:/Users/Anand/AppData/Local/Temp/anonymous1399365416665257795webdriver-profile/extensions/fxdriver@googlecode.com/components/command-processor.js:10092)
	at <anonymous class>.DelayedCommand.prototype.checkPreconditions_(file:///C:/Users/Anand/AppData/Local/Temp/anonymous1399365416665257795webdriver-profile/extensions/fxdriver@googlecode.com/components/command-processor.js:12644)
	at <anonymous class>.DelayedCommand.prototype.executeInternal_/h(file:///C:/Users/Anand/AppData/Local/Temp/anonymous1399365416665257795webdriver-profile/extensions/fxdriver@googlecode.com/components/command-processor.js:12661)
	at <anonymous class>.fxdriver.Timer.prototype.setTimeout/<.notify(file:///C:/Users/Anand/AppData/Local/Temp/anonymous1399365416665257795webdriver-profile/extensions/fxdriver@googlecode.com/components/command-processor.js:625)
... Removed 32 stack frames]]>
    </failure>
  </testcase> <!-- test_54_clickOffLink -->
  <testcase name="test_55_accessOffDockLocation" time="9.132" classname="com.lima.test.AdjunoLIMAOffDockLocationTest"/>
  <testcase name="test_55_SearchContainerSearch" time="32.914" classname="com.lima.test.AdjunoLIMAOffDockLocationTest">
    <failure type="java.lang.AssertionError" message="The following asserts failed:
	***** Test ID:55- NO search Result for this criteria ***** expected [true] but found [false]">
      <![CDATA[java.lang.AssertionError: The following asserts failed:
	***** Test ID:55- NO search Result for this criteria ***** expected [true] but found [false]
	at com.lima.test.AdjunoLIMAOffDockLocationTest.test_55_SearchContainerSearch(AdjunoLIMAOffDockLocationTest.java:1986)
... Removed 26 stack frames]]>
    </failure>
  </testcase> <!-- test_55_SearchContainerSearch -->
</testsuite> <!-- Off Dock Location -->
