<?xml version="1.0" encoding="UTF-8"?>
<!-- Generated by org.testng.reporters.JUnitXMLReporter -->
<testsuite hostname="LAPTOP-L9I71BEA" name="ProductionCheck" tests="20" failures="1" timestamp="5 Feb 2018 06:42:12 GMT" time="475.933" errors="0">
  <testcase name="test_1_accessProductionCheck" time="17.386" classname="com.lima.test.AdjunoLIMAProductionCheckTest"/>
  <testcase name="Test_2_checkChevrons" time="0.875" classname="com.lima.test.AdjunoLIMAProductionCheckTest"/>
  <testcase name="Test_3_checkSearchParamsFields" time="1.407" classname="com.lima.test.AdjunoLIMAProductionCheckTest"/>
  <testcase name="Test_4_verifyMandatoryFieldSearchParam" time="19.985" classname="com.lima.test.AdjunoLIMAProductionCheckTest"/>
  <testcase name="Test_5_checkForInvalidPoNumber" time="11.235" classname="com.lima.test.AdjunoLIMAProductionCheckTest"/>
  <testcase name="Test_7_verifyProductionStatusAny" time="29.129" classname="com.lima.test.AdjunoLIMAProductionCheckTest"/>
  <testcase name="Test_8_verifyProductionStatusPending" time="33.911" classname="com.lima.test.AdjunoLIMAProductionCheckTest"/>
  <testcase name="verify_Test_6_ProductionStatusProgressed" time="29.45" classname="com.lima.test.AdjunoLIMAProductionCheckTest"/>
  <testcase name="Test_9_verifyProductionStatusPartProgressed" time="22.908" classname="com.lima.test.AdjunoLIMAProductionCheckTest"/>
  <testcase name="Test_11_verifyCheckBoxClicked" time="38.813" classname="com.lima.test.AdjunoLIMAProductionCheckTest"/>
  <testcase name="Test_12_verifyCaptionsInOrdersGrid" time="1.438" classname="com.lima.test.AdjunoLIMAProductionCheckTest"/>
  <testcase name="Test_13_verifyCopyDownsDisplayed" time="0.625" classname="com.lima.test.AdjunoLIMAProductionCheckTest"/>
  <testcase name="Test_14_verifyCaptionsInProductsGrid" time="2.781" classname="com.lima.test.AdjunoLIMAProductionCheckTest"/>
  <testcase name="Test_12_verifyRecordsInOrderGrid" time="0.703" classname="com.lima.test.AdjunoLIMAProductionCheckTest"/>
  <testcase name="Test_16_verifyDetailsInProductsGrid" time="82.698" classname="com.lima.test.AdjunoLIMAProductionCheckTest"/>
  <testcase name="Test_17_verifyMandatoryFieldInProductsGrid" time="31.384" classname="com.lima.test.AdjunoLIMAProductionCheckTest"/>
  <testcase name="Test_18_verifyProductConfirmation" time="22.288" classname="com.lima.test.AdjunoLIMAProductionCheckTest"/>
  <testcase name="Test_21_verifyCompleteProcess" time="3.011" classname="com.lima.test.AdjunoLIMAProductionCheckTest"/>
  <testcase name="test_24_accessEdit" time="45.155" classname="com.lima.test.AdjunoLIMAProductionCheckTest"/>
  <testcase name="test_24_verifyPOStatus" time="43.33" classname="com.lima.test.AdjunoLIMAProductionCheckTest">
    <failure type="java.lang.AssertionError" message="The following asserts failed:
	*****_24_Status is not Order Progressed for the progressed Po number under PO status report page***** expected [true] but found [false]">
      <![CDATA[java.lang.AssertionError: The following asserts failed:
	*****_24_Status is not Order Progressed for the progressed Po number under PO status report page***** expected [true] but found [false]
	at com.lima.test.AdjunoLIMAProductionCheckTest.test_24_verifyPOStatus(AdjunoLIMAProductionCheckTest.java:785)
... Removed 26 stack frames]]>
    </failure>
  </testcase> <!-- test_24_verifyPOStatus -->
</testsuite> <!-- ProductionCheck -->
