<?xml version="1.0" encoding="UTF-8"?>
<!-- Generated by org.testng.reporters.JUnitXMLReporter -->
<testsuite hostname="LAPTOP-L9I71BEA" name="Shipment Booking" tests="58" failures="4" timestamp="5 Feb 2018 07:01:49 GMT" time="1177.173" errors="0">
  <testcase name="Test_0_accessshipmentBooking" time="28.732" classname="com.lima.test.AdjunoLIMAShipmentBookingTest"/>
  <testcase name="Test_2_checkForChevorons" time="1.297" classname="com.lima.test.AdjunoLIMAShipmentBookingTest"/>
  <testcase name="Test_3_checkForShipmentBookingfields" time="1.829" classname="com.lima.test.AdjunoLIMAShipmentBookingTest"/>
  <testcase name="Test_9_verifyIncorrectmsg" time="24.391" classname="com.lima.test.AdjunoLIMAShipmentBookingTest"/>
  <testcase name="Test_10_verifyPODetails" time="44.087" classname="com.lima.test.AdjunoLIMAShipmentBookingTest"/>
  <testcase name="Test_11_compareGridData" time="0.83" classname="com.lima.test.AdjunoLIMAShipmentBookingTest"/>
  <testcase name="Test_13_verifyGridHeader" time="5.61" classname="com.lima.test.AdjunoLIMAShipmentBookingTest"/>
  <testcase name="Test_16_17_verifyShipmentDetailsData" time="3.766" classname="com.lima.test.AdjunoLIMAShipmentBookingTest"/>
  <testcase name="Test_19_verifyinvalidcheckbox" time="49.392" classname="com.lima.test.AdjunoLIMAShipmentBookingTest"/>
  <testcase name="Test_20_verifyBookingCheveron" time="47.478" classname="com.lima.test.AdjunoLIMAShipmentBookingTest"/>
  <testcase name="Test_21_verifyBookingDetails" time="3.14" classname="com.lima.test.AdjunoLIMAShipmentBookingTest"/>
  <testcase name="Test_22_clickPOHyperlink" time="6.89" classname="com.lima.test.AdjunoLIMAShipmentBookingTest"/>
  <testcase name="Test_23_26_clickBookingProduct" time="18.005" classname="com.lima.test.AdjunoLIMAShipmentBookingTest"/>
  <testcase name="Test_27_29_verifyBookingValue" time="12.219" classname="com.lima.test.AdjunoLIMAShipmentBookingTest"/>
  <testcase name="Test_30_clickRoutingTab" time="11.84" classname="com.lima.test.AdjunoLIMAShipmentBookingTest"/>
  <testcase name="Test_31_checkForShipmentSectionField" time="1.734" classname="com.lima.test.AdjunoLIMAShipmentBookingTest"/>
  <testcase name="Test_33_checkForVoyageLegsSectionField" time="1.141" classname="com.lima.test.AdjunoLIMAShipmentBookingTest"/>
  <testcase name="setVoyageField" time="19.823" classname="com.lima.test.AdjunoLIMAShipmentBookingTest"/>
  <testcase name="Test_34_clickaddLegButton" time="4.434" classname="com.lima.test.AdjunoLIMAShipmentBookingTest"/>
  <testcase name="Test_35_deleteLegButton" time="5.345" classname="com.lima.test.AdjunoLIMAShipmentBookingTest"/>
  <testcase name="Test_32_setValueForShipmentSectionField" time="8.816" classname="com.lima.test.AdjunoLIMAShipmentBookingTest"/>
  <testcase name="clickKPICheveron" time="12.726" classname="com.lima.test.AdjunoLIMAShipmentBookingTest"/>
  <testcase name="Test_36_verifyKPIdetails" time="6.5" classname="com.lima.test.AdjunoLIMAShipmentBookingTest"/>
  <testcase name="Test_37_verifyMandatoryFieldComment" time="0.078" classname="com.lima.test.AdjunoLIMAShipmentBookingTest">
    <failure type="java.lang.AssertionError" message="The following asserts failed:
	*****test ID:_37_&amp;apos;&amp;gt; KPI Reason is a required field&amp;apos; message is not displayed***** expected [true] but found [false]">
      <![CDATA[java.lang.AssertionError: The following asserts failed:
	*****test ID:_37_'> KPI Reason is a required field' message is not displayed***** expected [true] but found [false]
	at com.lima.test.AdjunoLIMAShipmentBookingTest.Test_37_verifyMandatoryFieldComment(AdjunoLIMAShipmentBookingTest.java:1163)
... Removed 26 stack frames]]>
    </failure>
  </testcase> <!-- Test_37_verifyMandatoryFieldComment -->
  <testcase name="Test_38_setKPIReasonField" time="17.903" classname="com.lima.test.AdjunoLIMAShipmentBookingTest"/>
  <testcase name="Test_39_verifyViewDetails" time="8.27" classname="com.lima.test.AdjunoLIMAShipmentBookingTest"/>
  <testcase name="Test_40_accessEdit" time="49.165" classname="com.lima.test.AdjunoLIMAShipmentBookingTest"/>
  <testcase name="Test_42_verifyPOStatus" time="46.571" classname="com.lima.test.AdjunoLIMAShipmentBookingTest"/>
  <testcase name="compareEDITShipmentGridData" time="20.302" classname="com.lima.test.AdjunoLIMAShipmentBookingTest"/>
  <testcase name="Test_45_clickSearchTab1" time="11.475" classname="com.lima.test.AdjunoLIMAShipmentBookingTest"/>
  <testcase name="Test_46_amendedPOdetails" time="35.925" classname="com.lima.test.AdjunoLIMAShipmentBookingTest"/>
  <testcase name="Test_47_selectamenmendshipmentcheckbox" time="18.138" classname="com.lima.test.AdjunoLIMAShipmentBookingTest"/>
  <testcase name="Test_48_EditBookingfielddetils" time="28.237" classname="com.lima.test.AdjunoLIMAShipmentBookingTest"/>
  <testcase name="Test_49_veifyKPIfielddetils" time="37.538" classname="com.lima.test.AdjunoLIMAShipmentBookingTest"/>
  <testcase name="Test_51_verifyeditViewDetails" time="6.171" classname="com.lima.test.AdjunoLIMAShipmentBookingTest"/>
  <testcase name="Test_52_accessEditDetails" time="47.963" classname="com.lima.test.AdjunoLIMAShipmentBookingTest"/>
  <testcase name="clkshipmentbooking" time="1.468" classname="com.lima.test.AdjunoLIMAShipmentBookingTest"/>
  <testcase name="Test_55_verifyeditPOStatus" time="45.02" classname="com.lima.test.AdjunoLIMAShipmentBookingTest"/>
  <testcase name="compareEditGridData" time="0.213" classname="com.lima.test.AdjunoLIMAShipmentBookingTest"/>
  <testcase name="Test_61_verifySearchtabFields2" time="16.876" classname="com.lima.test.AdjunoLIMAShipmentBookingTest"/>
  <testcase name="Test_62_verifyBookingmadeStatus" time="26.235" classname="com.lima.test.AdjunoLIMAShipmentBookingTest"/>
  <testcase name="Test_63_clickcancelbutton" time="15.88" classname="com.lima.test.AdjunoLIMAShipmentBookingTest"/>
  <testcase name="Test_64_verifyMandatoryFieldCommentKPI" time="14.14" classname="com.lima.test.AdjunoLIMAShipmentBookingTest"/>
  <testcase name="Test_65_setBookingKPIReasonField" time="17.458" classname="com.lima.test.AdjunoLIMAShipmentBookingTest"/>
  <testcase name="Test_66_verifyBookingeditViewDetails" time="39.612" classname="com.lima.test.AdjunoLIMAShipmentBookingTest">
    <failure type="org.openqa.selenium.NoSuchElementException" message="Unable to locate element: {&amp;quot;method&amp;quot;:&amp;quot;xpath&amp;quot;,&amp;quot;selector&amp;quot;:&amp;quot;.//*[@id=&amp;apos;ProgressForm_FeedbackControl_inner&amp;apos;]&amp;quot;}
Command duration or timeout: 10.18 seconds
For documentation on this error, please visit: http://seleniumhq.org/exceptions/no_such_element.html
Build info: version: &amp;apos;2.53.1&amp;apos;, revision: &amp;apos;a36b8b1&amp;apos;, time: &amp;apos;2016-06-30 17:32:46&amp;apos;
System info: host: &amp;apos;LAPTOP-L9I71BEA&amp;apos;, ip: &amp;apos;192.168.1.16&amp;apos;, os.name: &amp;apos;Windows 10&amp;apos;, os.arch: &amp;apos;amd64&amp;apos;, os.version: &amp;apos;10.0&amp;apos;, java.version: &amp;apos;1.8.0_121&amp;apos;
Driver info: org.openqa.selenium.firefox.FirefoxDriver
Capabilities [{applicationCacheEnabled=true, rotatable=false, handlesAlerts=true, databaseEnabled=true, version=47.0.1, platform=WINDOWS, nativeEvents=false, acceptSslCerts=true, webStorageEnabled=true, locationContextEnabled=true, browserName=firefox, takesScreenshot=true, javascriptEnabled=true, cssSelectorsEnabled=true}]
Session ID: 3e80a194-8e69-4c29-b770-087fbb04eda9
*** Element info: {Using=xpath, value=.//*[@id=&amp;apos;ProgressForm_FeedbackControl_inner&amp;apos;]}">
      <![CDATA[org.openqa.selenium.NoSuchElementException: Unable to locate element: {"method":"xpath","selector":".//*[@id='ProgressForm_FeedbackControl_inner']"}
Command duration or timeout: 10.18 seconds
For documentation on this error, please visit: http://seleniumhq.org/exceptions/no_such_element.html
Build info: version: '2.53.1', revision: 'a36b8b1', time: '2016-06-30 17:32:46'
System info: host: 'LAPTOP-L9I71BEA', ip: '192.168.1.16', os.name: 'Windows 10', os.arch: 'amd64', os.version: '10.0', java.version: '1.8.0_121'
Driver info: org.openqa.selenium.firefox.FirefoxDriver
Capabilities [{applicationCacheEnabled=true, rotatable=false, handlesAlerts=true, databaseEnabled=true, version=47.0.1, platform=WINDOWS, nativeEvents=false, acceptSslCerts=true, webStorageEnabled=true, locationContextEnabled=true, browserName=firefox, takesScreenshot=true, javascriptEnabled=true, cssSelectorsEnabled=true}]
Session ID: 3e80a194-8e69-4c29-b770-087fbb04eda9
*** Element info: {Using=xpath, value=.//*[@id='ProgressForm_FeedbackControl_inner']}
	at org.openqa.selenium.remote.ErrorHandler.createThrowable(ErrorHandler.java:206)
	at org.openqa.selenium.remote.ErrorHandler.throwIfResponseFailed(ErrorHandler.java:158)
	at org.openqa.selenium.remote.RemoteWebDriver.execute(RemoteWebDriver.java:678)
	at org.openqa.selenium.remote.RemoteWebDriver.findElement(RemoteWebDriver.java:363)
	at org.openqa.selenium.remote.RemoteWebDriver.findElementByXPath(RemoteWebDriver.java:500)
	at org.openqa.selenium.By$ByXPath.findElement(By.java:361)
	at org.openqa.selenium.remote.RemoteWebDriver.findElement(RemoteWebDriver.java:355)
	at org.openqa.selenium.support.pagefactory.DefaultElementLocator.findElement(DefaultElementLocator.java:69)
	at org.openqa.selenium.support.pagefactory.internal.LocatingElementHandler.invoke(LocatingElementHandler.java:38)
	at com.sun.proxy.$Proxy9.getText(Unknown Source)
	at com.lima.test.AdjunoLIMAShipmentBookingTest.Test_66_verifyBookingeditViewDetails(AdjunoLIMAShipmentBookingTest.java:1648)
Caused by: org.openqa.selenium.NoSuchElementException: Unable to locate element: {"method":"xpath","selector":".//*[@id='ProgressForm_FeedbackControl_inner']"}
For documentation on this error, please visit: http://seleniumhq.org/exceptions/no_such_element.html
Build info: version: '2.53.1', revision: 'a36b8b1', time: '2016-06-30 17:32:46'
System info: host: 'LAPTOP-L9I71BEA', ip: '192.168.1.16', os.name: 'Windows 10', os.arch: 'amd64', os.version: '10.0', java.version: '1.8.0_121'
Driver info: driver.version: unknown
	at <anonymous class>.FirefoxDriver.prototype.findElementInternal_(file:///C:/Users/Anand/AppData/Local/Temp/anonymous139745649108824676webdriver-profile/extensions/fxdriver@googlecode.com/components/driver-component.js:10770)
	at <anonymous class>.fxdriver.Timer.prototype.setTimeout/<.notify(file:///C:/Users/Anand/AppData/Local/Temp/anonymous139745649108824676webdriver-profile/extensions/fxdriver@googlecode.com/components/driver-component.js:625)
... Removed 29 stack frames]]>
    </failure>
  </testcase> <!-- Test_66_verifyBookingeditViewDetails -->
  <testcase name="Test_67_accessBookingEditDetails" time="48.555" classname="com.lima.test.AdjunoLIMAShipmentBookingTest"/>
  <testcase name="Test_68_lnkshipmentbooking" time="1.375" classname="com.lima.test.AdjunoLIMAShipmentBookingTest"/>
  <testcase name="Test_69_verifyBookingPOStatus" time="44.945" classname="com.lima.test.AdjunoLIMAShipmentBookingTest"/>
  <testcase name="compareBookingGridData" time="0.207" classname="com.lima.test.AdjunoLIMAShipmentBookingTest"/>
  <testcase name="Test_72_verifySearchtabFields3" time="15.939" classname="com.lima.test.AdjunoLIMAShipmentBookingTest"/>
  <testcase name="Test_73_verifyBookingmadeStatus3" time="29.052" classname="com.lima.test.AdjunoLIMAShipmentBookingTest"/>
  <testcase name="Test_74_clickAddDialogbutton" time="12.135" classname="com.lima.test.AdjunoLIMAShipmentBookingTest"/>
  <testcase name="Test_75_checkDialogFields" time="0.75" classname="com.lima.test.AdjunoLIMAShipmentBookingTest"/>
  <testcase name="Test_76_verifyMandatoryDialogMessage" time="31.695" classname="com.lima.test.AdjunoLIMAShipmentBookingTest"/>
  <testcase name="Test_77_verifyCompleteMessage" time="26.29" classname="com.lima.test.AdjunoLIMAShipmentBookingTest"/>
  <testcase name="Test_81_verifyDailogColumn" time="15.297" classname="com.lima.test.AdjunoLIMAShipmentBookingTest">
    <failure type="org.openqa.selenium.NoSuchElementException" message="Unable to locate element: {&amp;quot;method&amp;quot;:&amp;quot;xpath&amp;quot;,&amp;quot;selector&amp;quot;:&amp;quot;.//*[@id=&amp;apos;InnerContent&amp;apos;]/div[3]/div[2]/div[2]/table/tbody/tr[2]/td[25]/span/a&amp;quot;}
Command duration or timeout: 10.28 seconds
For documentation on this error, please visit: http://seleniumhq.org/exceptions/no_such_element.html
Build info: version: &amp;apos;2.53.1&amp;apos;, revision: &amp;apos;a36b8b1&amp;apos;, time: &amp;apos;2016-06-30 17:32:46&amp;apos;
System info: host: &amp;apos;LAPTOP-L9I71BEA&amp;apos;, ip: &amp;apos;192.168.1.16&amp;apos;, os.name: &amp;apos;Windows 10&amp;apos;, os.arch: &amp;apos;amd64&amp;apos;, os.version: &amp;apos;10.0&amp;apos;, java.version: &amp;apos;1.8.0_121&amp;apos;
Driver info: org.openqa.selenium.firefox.FirefoxDriver
Capabilities [{applicationCacheEnabled=true, rotatable=false, handlesAlerts=true, databaseEnabled=true, version=47.0.1, platform=WINDOWS, nativeEvents=false, acceptSslCerts=true, webStorageEnabled=true, locationContextEnabled=true, browserName=firefox, takesScreenshot=true, javascriptEnabled=true, cssSelectorsEnabled=true}]
Session ID: 3e80a194-8e69-4c29-b770-087fbb04eda9
*** Element info: {Using=xpath, value=.//*[@id=&amp;apos;InnerContent&amp;apos;]/div[3]/div[2]/div[2]/table/tbody/tr[2]/td[25]/span/a}">
      <![CDATA[org.openqa.selenium.NoSuchElementException: Unable to locate element: {"method":"xpath","selector":".//*[@id='InnerContent']/div[3]/div[2]/div[2]/table/tbody/tr[2]/td[25]/span/a"}
Command duration or timeout: 10.28 seconds
For documentation on this error, please visit: http://seleniumhq.org/exceptions/no_such_element.html
Build info: version: '2.53.1', revision: 'a36b8b1', time: '2016-06-30 17:32:46'
System info: host: 'LAPTOP-L9I71BEA', ip: '192.168.1.16', os.name: 'Windows 10', os.arch: 'amd64', os.version: '10.0', java.version: '1.8.0_121'
Driver info: org.openqa.selenium.firefox.FirefoxDriver
Capabilities [{applicationCacheEnabled=true, rotatable=false, handlesAlerts=true, databaseEnabled=true, version=47.0.1, platform=WINDOWS, nativeEvents=false, acceptSslCerts=true, webStorageEnabled=true, locationContextEnabled=true, browserName=firefox, takesScreenshot=true, javascriptEnabled=true, cssSelectorsEnabled=true}]
Session ID: 3e80a194-8e69-4c29-b770-087fbb04eda9
*** Element info: {Using=xpath, value=.//*[@id='InnerContent']/div[3]/div[2]/div[2]/table/tbody/tr[2]/td[25]/span/a}
	at org.openqa.selenium.remote.ErrorHandler.createThrowable(ErrorHandler.java:206)
	at org.openqa.selenium.remote.ErrorHandler.throwIfResponseFailed(ErrorHandler.java:158)
	at org.openqa.selenium.remote.RemoteWebDriver.execute(RemoteWebDriver.java:678)
	at org.openqa.selenium.remote.RemoteWebDriver.findElement(RemoteWebDriver.java:363)
	at org.openqa.selenium.remote.RemoteWebDriver.findElementByXPath(RemoteWebDriver.java:500)
	at org.openqa.selenium.By$ByXPath.findElement(By.java:361)
	at org.openqa.selenium.remote.RemoteWebDriver.findElement(RemoteWebDriver.java:355)
	at org.openqa.selenium.support.pagefactory.DefaultElementLocator.findElement(DefaultElementLocator.java:69)
	at org.openqa.selenium.support.pagefactory.internal.LocatingElementHandler.invoke(LocatingElementHandler.java:38)
	at com.sun.proxy.$Proxy9.getAttribute(Unknown Source)
	at com.lima.test.AdjunoLIMAShipmentBookingTest.Test_81_verifyDailogColumn(AdjunoLIMAShipmentBookingTest.java:1916)
Caused by: org.openqa.selenium.NoSuchElementException: Unable to locate element: {"method":"xpath","selector":".//*[@id='InnerContent']/div[3]/div[2]/div[2]/table/tbody/tr[2]/td[25]/span/a"}
For documentation on this error, please visit: http://seleniumhq.org/exceptions/no_such_element.html
Build info: version: '2.53.1', revision: 'a36b8b1', time: '2016-06-30 17:32:46'
System info: host: 'LAPTOP-L9I71BEA', ip: '192.168.1.16', os.name: 'Windows 10', os.arch: 'amd64', os.version: '10.0', java.version: '1.8.0_121'
Driver info: driver.version: unknown
	at <anonymous class>.FirefoxDriver.prototype.findElementInternal_(file:///C:/Users/Anand/AppData/Local/Temp/anonymous139745649108824676webdriver-profile/extensions/fxdriver@googlecode.com/components/driver-component.js:10770)
	at <anonymous class>.fxdriver.Timer.prototype.setTimeout/<.notify(file:///C:/Users/Anand/AppData/Local/Temp/anonymous139745649108824676webdriver-profile/extensions/fxdriver@googlecode.com/components/driver-component.js:625)
... Removed 29 stack frames]]>
    </failure>
  </testcase> <!-- Test_81_verifyDailogColumn -->
  <testcase name="Test_83_verifyVendorBookingStatus" time="49.862" classname="com.lima.test.AdjunoLIMAShipmentBookingTest"/>
  <testcase name="Test_84_verifyShipAuthorityBookingStatus" time="35.711" classname="com.lima.test.AdjunoLIMAShipmentBookingTest">
    <failure type="java.lang.AssertionError" message="The following asserts failed:
	***** Test Id:84 - No results are found  ***** expected [true] but found [false]">
      <![CDATA[java.lang.AssertionError: The following asserts failed:
	***** Test Id:84 - No results are found  ***** expected [true] but found [false]
	at com.lima.test.AdjunoLIMAShipmentBookingTest.Test_84_verifyShipAuthorityBookingStatus(AdjunoLIMAShipmentBookingTest.java:2021)
... Removed 26 stack frames]]>
    </failure>
  </testcase> <!-- Test_84_verifyShipAuthorityBookingStatus -->
</testsuite> <!-- Shipment Booking -->
