<?xml version="1.0" encoding="UTF-8"?>
<!-- Generated by org.testng.reporters.JUnitXMLReporter -->
<testsuite hostname="LAPTOP-L9I71BEA" name="Vendor Booking" tests="43" failures="5" timestamp="2 Feb 2018 12:10:24 GMT" time="1416.22" errors="0">
  <testcase name="test_1_verifyAccessConfirmArrival" time="12.484" classname="com.lima.test.AdjunoLIMAVendorBookingTest"/>
  <testcase name="test_2_VerifyChevronsInVendorBookingSearchPage" time="0.844" classname="com.lima.test.AdjunoLIMAVendorBookingTest"/>
  <testcase name="test_3_VerifySearchFeildsUnderSearchChevron" time="2.266" classname="com.lima.test.AdjunoLIMAVendorBookingTest"/>
  <testcase name="test_4_CheckMandatoryFieldsInSearchChevron" time="6.391" classname="com.lima.test.AdjunoLIMAVendorBookingTest"/>
  <testcase name="test_5_SetShipmentDueFieldAndCheckMandtoryFields" time="9.782" classname="com.lima.test.AdjunoLIMAVendorBookingTest"/>
  <testcase name="test_5_CheckForPendingStatusAndInvalidContainerNumberInSearchPage" time="22.16" classname="com.lima.test.AdjunoLIMAVendorBookingTest"/>
  <testcase name="test_6_CheckForPendingStatusAndValidContainerNumberInSearchPage" time="45.694" classname="com.lima.test.AdjunoLIMAVendorBookingTest"/>
  <testcase name="test_7_CheckForResultantGridHeadersInSelectPage" time="5.235" classname="com.lima.test.AdjunoLIMAVendorBookingTest"/>
  <testcase name="test_8_VerifyValidationMessageWithoutSelectingAnyRecordInSelectChevron" time="12.7" classname="com.lima.test.AdjunoLIMAVendorBookingTest"/>
  <testcase name="test_9_SelectMultipleRecordsAndVerifyInBookingPage" time="59.553" classname="com.lima.test.AdjunoLIMAVendorBookingTest">
    <failure type="java.lang.AssertionError" message="The following asserts failed:
	For PONumber &amp;apos;71217&amp;apos;, BkdQty field has issues on PO Details Grid in Bookings pageFor PONumber &amp;apos;testABC09&amp;apos;, BkdQty field has issues on PO Details Grid in Bookings pageFor PONumber &amp;apos;testABC09&amp;apos;, BkdCtns field has issues on PO Details Grid in Bookings pageFor PONumber &amp;apos;testABC09&amp;apos;, BkdCBM field has issues on PO Details Grid in Bookings page expected [true] but found [false]">
      <![CDATA[java.lang.AssertionError: The following asserts failed:
	For PONumber '71217', BkdQty field has issues on PO Details Grid in Bookings pageFor PONumber 'testABC09', BkdQty field has issues on PO Details Grid in Bookings pageFor PONumber 'testABC09', BkdCtns field has issues on PO Details Grid in Bookings pageFor PONumber 'testABC09', BkdCBM field has issues on PO Details Grid in Bookings page expected [true] but found [false]
	at com.lima.test.AdjunoLIMAVendorBookingTest.test_9_SelectMultipleRecordsAndVerifyInBookingPage(AdjunoLIMAVendorBookingTest.java:611)
... Removed 26 stack frames]]>
    </failure>
  </testcase> <!-- test_9_SelectMultipleRecordsAndVerifyInBookingPage -->
  <testcase name="test_10_SelectOneRecordAndVerifyInBookingPage" time="55.727" classname="com.lima.test.AdjunoLIMAVendorBookingTest">
    <failure type="java.lang.AssertionError" message="The following asserts failed:
	For PONumber &amp;apos;71217&amp;apos;, BkdQty field has issues on PO Details Grid in Bookings page expected [true] but found [false]">
      <![CDATA[java.lang.AssertionError: The following asserts failed:
	For PONumber '71217', BkdQty field has issues on PO Details Grid in Bookings page expected [true] but found [false]
	at com.lima.test.AdjunoLIMAVendorBookingTest.test_10_SelectOneRecordAndVerifyInBookingPage(AdjunoLIMAVendorBookingTest.java:663)
... Removed 26 stack frames]]>
    </failure>
  </testcase> <!-- test_10_SelectOneRecordAndVerifyInBookingPage -->
  <testcase name="test_11_VerifyGridsInBookingPage" time="48.386" classname="com.lima.test.AdjunoLIMAVendorBookingTest"/>
  <testcase name="test_12_VerifyFieldsInConatinerDetailsPanel" time="0.812" classname="com.lima.test.AdjunoLIMAVendorBookingTest"/>
  <testcase name="test_14_InspectFactoryDetailsDropDown" time="44.565" classname="com.lima.test.AdjunoLIMAVendorBookingTest"/>
  <testcase name="test_15_InspectNotifyPartyDetailsDropDown" time="24.586" classname="com.lima.test.AdjunoLIMAVendorBookingTest"/>
  <testcase name="test_13_CheckForPODetailsGridInBookingPage" time="54.755" classname="com.lima.test.AdjunoLIMAVendorBookingTest"/>
  <testcase name="test_14_CheckForShipmentDetailsPanel" time="1.11" classname="com.lima.test.AdjunoLIMAVendorBookingTest"/>
  <testcase name="test_15_InspectOriginPortDropDownInShipmentDetailsPanel" time="147.548" classname="com.lima.test.AdjunoLIMAVendorBookingTest"/>
  <testcase name="test_15_16_VerifyColumnHeaderInCYConatinerRequirementsGrid" time="55.113" classname="com.lima.test.AdjunoLIMAVendorBookingTest"/>
  <testcase name="test_17_ContainerDetailsGridMandatoryFieldCheckInBookingPage" time="0.078" classname="com.lima.test.AdjunoLIMAVendorBookingTest"/>
  <testcase name="test_18_ProductDetailsGridMandatoryFieldCheckInBookingPage" time="20.849" classname="com.lima.test.AdjunoLIMAVendorBookingTest"/>
  <testcase name="test_19_ShipmentDetailsGridMandatoryFieldCheckInBookingPage" time="4.064" classname="com.lima.test.AdjunoLIMAVendorBookingTest"/>
  <testcase name="test_21_SetFieldValuesInContainerDetailsPanel" time="3.015" classname="com.lima.test.AdjunoLIMAVendorBookingTest"/>
  <testcase name="test_22_VerifyVendorDetailsHyperLink" time="15.803" classname="com.lima.test.AdjunoLIMAVendorBookingTest"/>
  <testcase name="test_23_VerifyVendorAddressIsEditableInCatalog" time="135.668" classname="com.lima.test.AdjunoLIMAVendorBookingTest"/>
  <testcase name="test_23_VerifyConsigneeDetailsHyperLink" time="23.979" classname="com.lima.test.AdjunoLIMAVendorBookingTest"/>
  <testcase name="test_24_VerifyProductDetailsGridFunctionality" time="57.896" classname="com.lima.test.AdjunoLIMAVendorBookingTest"/>
  <testcase name="test_25_ChangeModeFieldInShipmentDetailsPanel" time="19.379" classname="com.lima.test.AdjunoLIMAVendorBookingTest">
    <failure type="java.lang.AssertionError" message="The following asserts failed:
	*****test ID:25_Changing Mode pop up is not displayed in Booking page***** expected [true] but found [false],
	*****test ID:25_Validation Message in Changing Mode pop up is wrong***** expected [true] but found [false]">
      <![CDATA[java.lang.AssertionError: The following asserts failed:
	*****test ID:25_Changing Mode pop up is not displayed in Booking page***** expected [true] but found [false],
	*****test ID:25_Validation Message in Changing Mode pop up is wrong***** expected [true] but found [false]
	at com.lima.test.AdjunoLIMAVendorBookingTest.test_25_ChangeModeFieldInShipmentDetailsPanel(AdjunoLIMAVendorBookingTest.java:1389)
... Removed 26 stack frames]]>
    </failure>
  </testcase> <!-- test_25_ChangeModeFieldInShipmentDetailsPanel -->
  <testcase name="test_26_ClickNoButtonInChangeModePopUp" time="15.334" classname="com.lima.test.AdjunoLIMAVendorBookingTest">
    <failure type="org.openqa.selenium.ElementNotVisibleException" message="Element is not currently visible and so may not be interacted with
Command duration or timeout: 10.22 seconds
Build info: version: &amp;apos;2.53.1&amp;apos;, revision: &amp;apos;a36b8b1&amp;apos;, time: &amp;apos;2016-06-30 17:32:46&amp;apos;
System info: host: &amp;apos;LAPTOP-L9I71BEA&amp;apos;, ip: &amp;apos;192.168.1.16&amp;apos;, os.name: &amp;apos;Windows 10&amp;apos;, os.arch: &amp;apos;amd64&amp;apos;, os.version: &amp;apos;10.0&amp;apos;, java.version: &amp;apos;1.8.0_121&amp;apos;
Driver info: org.openqa.selenium.firefox.FirefoxDriver
Capabilities [{applicationCacheEnabled=true, rotatable=false, handlesAlerts=true, databaseEnabled=true, version=47.0.1, platform=WINDOWS, nativeEvents=false, acceptSslCerts=true, webStorageEnabled=true, locationContextEnabled=true, browserName=firefox, takesScreenshot=true, javascriptEnabled=true, cssSelectorsEnabled=true}]
Session ID: edb92ee1-63d1-4d31-869c-efaff906b106">
      <![CDATA[org.openqa.selenium.ElementNotVisibleException: Element is not currently visible and so may not be interacted with
Command duration or timeout: 10.22 seconds
Build info: version: '2.53.1', revision: 'a36b8b1', time: '2016-06-30 17:32:46'
System info: host: 'LAPTOP-L9I71BEA', ip: '192.168.1.16', os.name: 'Windows 10', os.arch: 'amd64', os.version: '10.0', java.version: '1.8.0_121'
Driver info: org.openqa.selenium.firefox.FirefoxDriver
Capabilities [{applicationCacheEnabled=true, rotatable=false, handlesAlerts=true, databaseEnabled=true, version=47.0.1, platform=WINDOWS, nativeEvents=false, acceptSslCerts=true, webStorageEnabled=true, locationContextEnabled=true, browserName=firefox, takesScreenshot=true, javascriptEnabled=true, cssSelectorsEnabled=true}]
Session ID: edb92ee1-63d1-4d31-869c-efaff906b106
	at org.openqa.selenium.remote.ErrorHandler.createThrowable(ErrorHandler.java:206)
	at org.openqa.selenium.remote.ErrorHandler.throwIfResponseFailed(ErrorHandler.java:158)
	at org.openqa.selenium.remote.RemoteWebDriver.execute(RemoteWebDriver.java:678)
	at org.openqa.selenium.remote.RemoteWebElement.execute(RemoteWebElement.java:327)
	at org.openqa.selenium.remote.RemoteWebElement.click(RemoteWebElement.java:85)
	at com.lima.pagefactory.AdjunoLIMAVendorBookingPOM.clickButton(AdjunoLIMAVendorBookingPOM.java:716)
	at com.lima.test.AdjunoLIMAVendorBookingTest.test_26_ClickNoButtonInChangeModePopUp(AdjunoLIMAVendorBookingTest.java:1401)
Caused by: org.openqa.selenium.ElementNotVisibleException: Element is not currently visible and so may not be interacted with
Build info: version: '2.53.1', revision: 'a36b8b1', time: '2016-06-30 17:32:46'
System info: host: 'LAPTOP-L9I71BEA', ip: '192.168.1.16', os.name: 'Windows 10', os.arch: 'amd64', os.version: '10.0', java.version: '1.8.0_121'
Driver info: driver.version: unknown
	at <anonymous class>.fxdriver.preconditions.visible(file:///C:/Users/Anand/AppData/Local/Temp/anonymous6977059626027483131webdriver-profile/extensions/fxdriver@googlecode.com/components/command-processor.js:10092)
	at <anonymous class>.DelayedCommand.prototype.checkPreconditions_(file:///C:/Users/Anand/AppData/Local/Temp/anonymous6977059626027483131webdriver-profile/extensions/fxdriver@googlecode.com/components/command-processor.js:12644)
	at <anonymous class>.DelayedCommand.prototype.executeInternal_/h(file:///C:/Users/Anand/AppData/Local/Temp/anonymous6977059626027483131webdriver-profile/extensions/fxdriver@googlecode.com/components/command-processor.js:12661)
	at <anonymous class>.fxdriver.Timer.prototype.setTimeout/<.notify(file:///C:/Users/Anand/AppData/Local/Temp/anonymous6977059626027483131webdriver-profile/extensions/fxdriver@googlecode.com/components/command-processor.js:625)
... Removed 29 stack frames]]>
    </failure>
  </testcase> <!-- test_26_ClickNoButtonInChangeModePopUp -->
  <testcase name="test_27_ClickYesButtonInChangeModePopUp" time="24.557" classname="com.lima.test.AdjunoLIMAVendorBookingTest">
    <failure type="org.openqa.selenium.ElementNotVisibleException" message="Element is not currently visible and so may not be interacted with
Command duration or timeout: 10.15 seconds
Build info: version: &amp;apos;2.53.1&amp;apos;, revision: &amp;apos;a36b8b1&amp;apos;, time: &amp;apos;2016-06-30 17:32:46&amp;apos;
System info: host: &amp;apos;LAPTOP-L9I71BEA&amp;apos;, ip: &amp;apos;192.168.1.16&amp;apos;, os.name: &amp;apos;Windows 10&amp;apos;, os.arch: &amp;apos;amd64&amp;apos;, os.version: &amp;apos;10.0&amp;apos;, java.version: &amp;apos;1.8.0_121&amp;apos;
Driver info: org.openqa.selenium.firefox.FirefoxDriver
Capabilities [{applicationCacheEnabled=true, rotatable=false, handlesAlerts=true, databaseEnabled=true, version=47.0.1, platform=WINDOWS, nativeEvents=false, acceptSslCerts=true, webStorageEnabled=true, locationContextEnabled=true, browserName=firefox, takesScreenshot=true, javascriptEnabled=true, cssSelectorsEnabled=true}]
Session ID: edb92ee1-63d1-4d31-869c-efaff906b106">
      <![CDATA[org.openqa.selenium.ElementNotVisibleException: Element is not currently visible and so may not be interacted with
Command duration or timeout: 10.15 seconds
Build info: version: '2.53.1', revision: 'a36b8b1', time: '2016-06-30 17:32:46'
System info: host: 'LAPTOP-L9I71BEA', ip: '192.168.1.16', os.name: 'Windows 10', os.arch: 'amd64', os.version: '10.0', java.version: '1.8.0_121'
Driver info: org.openqa.selenium.firefox.FirefoxDriver
Capabilities [{applicationCacheEnabled=true, rotatable=false, handlesAlerts=true, databaseEnabled=true, version=47.0.1, platform=WINDOWS, nativeEvents=false, acceptSslCerts=true, webStorageEnabled=true, locationContextEnabled=true, browserName=firefox, takesScreenshot=true, javascriptEnabled=true, cssSelectorsEnabled=true}]
Session ID: edb92ee1-63d1-4d31-869c-efaff906b106
	at org.openqa.selenium.remote.ErrorHandler.createThrowable(ErrorHandler.java:206)
	at org.openqa.selenium.remote.ErrorHandler.throwIfResponseFailed(ErrorHandler.java:158)
	at org.openqa.selenium.remote.RemoteWebDriver.execute(RemoteWebDriver.java:678)
	at org.openqa.selenium.remote.RemoteWebElement.execute(RemoteWebElement.java:327)
	at org.openqa.selenium.remote.RemoteWebElement.click(RemoteWebElement.java:85)
	at com.lima.pagefactory.AdjunoLIMAVendorBookingPOM.clickButton(AdjunoLIMAVendorBookingPOM.java:716)
	at com.lima.test.AdjunoLIMAVendorBookingTest.test_27_ClickYesButtonInChangeModePopUp(AdjunoLIMAVendorBookingTest.java:1436)
Caused by: org.openqa.selenium.ElementNotVisibleException: Element is not currently visible and so may not be interacted with
Build info: version: '2.53.1', revision: 'a36b8b1', time: '2016-06-30 17:32:46'
System info: host: 'LAPTOP-L9I71BEA', ip: '192.168.1.16', os.name: 'Windows 10', os.arch: 'amd64', os.version: '10.0', java.version: '1.8.0_121'
Driver info: driver.version: unknown
	at <anonymous class>.fxdriver.preconditions.visible(file:///C:/Users/Anand/AppData/Local/Temp/anonymous6977059626027483131webdriver-profile/extensions/fxdriver@googlecode.com/components/command-processor.js:10092)
	at <anonymous class>.DelayedCommand.prototype.checkPreconditions_(file:///C:/Users/Anand/AppData/Local/Temp/anonymous6977059626027483131webdriver-profile/extensions/fxdriver@googlecode.com/components/command-processor.js:12644)
	at <anonymous class>.DelayedCommand.prototype.executeInternal_/h(file:///C:/Users/Anand/AppData/Local/Temp/anonymous6977059626027483131webdriver-profile/extensions/fxdriver@googlecode.com/components/command-processor.js:12661)
	at <anonymous class>.fxdriver.Timer.prototype.setTimeout/<.notify(file:///C:/Users/Anand/AppData/Local/Temp/anonymous6977059626027483131webdriver-profile/extensions/fxdriver@googlecode.com/components/command-processor.js:625)
... Removed 29 stack frames]]>
    </failure>
  </testcase> <!-- test_27_ClickYesButtonInChangeModePopUp -->
  <testcase name="test_28_InspectOriginPortDropDown" time="0.672" classname="com.lima.test.AdjunoLIMAVendorBookingTest"/>
  <testcase name="test_28_SetDataInAllFieldsUnderShipmentDetailsPanel" time="9.518" classname="com.lima.test.AdjunoLIMAVendorBookingTest"/>
  <testcase name="test_29_VerifyAddtionalRequirementHyperLinkInProductsGrid" time="7.064" classname="com.lima.test.AdjunoLIMAVendorBookingTest"/>
  <testcase name="test_34_CloseAdditionalRequirementPopUp" time="4.25" classname="com.lima.test.AdjunoLIMAVendorBookingTest"/>
  <testcase name="test_35_36_37_38_39_40_VerifyCYContainerRequirementGridFunctionality" time="21.504" classname="com.lima.test.AdjunoLIMAVendorBookingTest"/>
  <testcase name="test_41_42_43_VerifyCompleteFunctionality" time="73.974" classname="com.lima.test.AdjunoLIMAVendorBookingTest"/>
  <testcase name="test_44_VerifyPurchaseOrderPage" time="8.985" classname="com.lima.test.AdjunoLIMAVendorBookingTest"/>
  <testcase name="test_45_VerifyLatestShipmentRelatedLinkInPurchaseOrderPage" time="13.111" classname="com.lima.test.AdjunoLIMAVendorBookingTest"/>
  <testcase name="test_46_CheckForBookedPOStatusFunctionality" time="43.277" classname="com.lima.test.AdjunoLIMAVendorBookingTest"/>
  <testcase name="test_45_VerifyBookedPOInAwaitingStatus" time="32.236" classname="com.lima.test.AdjunoLIMAVendorBookingTest"/>
  <testcase name="test_46_47_VerifyBookedPOInBookedStatus" time="23.845" classname="com.lima.test.AdjunoLIMAVendorBookingTest"/>
  <testcase name="test_48_49_50_VerifyCancelBookingFunctionality" time="159.265" classname="com.lima.test.AdjunoLIMAVendorBookingTest"/>
  <testcase name="test_51_CheckForPOStatusFunctionalityForCancelBooking" time="42.381" classname="com.lima.test.AdjunoLIMAVendorBookingTest"/>
</testsuite> <!-- Vendor Booking -->
