<?xml version="1.0" encoding="UTF-8"?>
<testng-results skipped="0" failed="1" total="30" passed="29">
  <reporter-output>
  </reporter-output>
  <suite name="Default suite" duration-ms="599323" started-at="2018-02-05T06:00:49Z" finished-at="2018-02-05T06:10:49Z">
    <groups>
    </groups>
    <test name="Default test" duration-ms="599323" started-at="2018-02-05T06:00:49Z" finished-at="2018-02-05T06:10:49Z">
      <class name="com.lima.test.AdjunoLIMABookingConfirmationTest">
        <test-method status="PASS" signature="setup()[pri:0, instance:com.lima.test.AdjunoLIMABookingConfirmationTest@1bce4f0a]" name="setup" is-config="true" duration-ms="45158" started-at="2018-02-05T11:30:49Z" finished-at="2018-02-05T11:31:35Z">
          <reporter-output>
          </reporter-output>
        </test-method> <!-- setup -->
        <test-method status="PASS" signature="test_1_accessBookingConfirmation()[pri:1, instance:com.lima.test.AdjunoLIMABookingConfirmationTest@1bce4f0a]" name="test_1_accessBookingConfirmation" duration-ms="14654" started-at="2018-02-05T11:31:35Z" finished-at="2018-02-05T11:31:49Z">
          <reporter-output>
          </reporter-output>
        </test-method> <!-- test_1_accessBookingConfirmation -->
        <test-method status="PASS" signature="test_2_VerifyChevrons()[pri:10, instance:com.lima.test.AdjunoLIMABookingConfirmationTest@1bce4f0a]" name="test_2_VerifyChevrons" duration-ms="1298" started-at="2018-02-05T11:31:49Z" finished-at="2018-02-05T11:31:51Z">
          <reporter-output>
          </reporter-output>
        </test-method> <!-- test_2_VerifyChevrons -->
        <test-method status="PASS" signature="test_3_VerifySearchFields()[pri:15, instance:com.lima.test.AdjunoLIMABookingConfirmationTest@1bce4f0a]" name="test_3_VerifySearchFields" duration-ms="2705" started-at="2018-02-05T11:31:51Z" finished-at="2018-02-05T11:31:53Z">
          <reporter-output>
          </reporter-output>
        </test-method> <!-- test_3_VerifySearchFields -->
        <test-method status="PASS" signature="test_4_SetAwaitingAndInvalidPONumber()[pri:20, instance:com.lima.test.AdjunoLIMABookingConfirmationTest@1bce4f0a]" name="test_4_SetAwaitingAndInvalidPONumber" duration-ms="36156" started-at="2018-02-05T11:31:53Z" finished-at="2018-02-05T11:32:29Z">
          <reporter-output>
          </reporter-output>
        </test-method> <!-- test_4_SetAwaitingAndInvalidPONumber -->
        <test-method status="PASS" signature="test_5_SetAwaitingAndValidPONumber()[pri:25, instance:com.lima.test.AdjunoLIMABookingConfirmationTest@1bce4f0a]" name="test_5_SetAwaitingAndValidPONumber" duration-ms="37445" started-at="2018-02-05T11:32:29Z" finished-at="2018-02-05T11:33:07Z">
          <reporter-output>
          </reporter-output>
        </test-method> <!-- test_5_SetAwaitingAndValidPONumber -->
        <test-method status="PASS" signature="test_6_VerifyGridHeader()[pri:30, instance:com.lima.test.AdjunoLIMABookingConfirmationTest@1bce4f0a]" name="test_6_VerifyGridHeader" duration-ms="4183" started-at="2018-02-05T11:33:07Z" finished-at="2018-02-05T11:33:11Z">
          <reporter-output>
          </reporter-output>
        </test-method> <!-- test_6_VerifyGridHeader -->
        <test-method status="PASS" signature="test_7_VerifyErrorMessageAtUpdateChev()[pri:35, instance:com.lima.test.AdjunoLIMABookingConfirmationTest@1bce4f0a]" name="test_7_VerifyErrorMessageAtUpdateChev" duration-ms="11378" started-at="2018-02-05T11:33:11Z" finished-at="2018-02-05T11:33:22Z">
          <reporter-output>
          </reporter-output>
        </test-method> <!-- test_7_VerifyErrorMessageAtUpdateChev -->
        <test-method status="PASS" signature="test_8_VerifyUpdatePageLoaded()[pri:40, instance:com.lima.test.AdjunoLIMABookingConfirmationTest@1bce4f0a]" name="test_8_VerifyUpdatePageLoaded" duration-ms="16400" started-at="2018-02-05T11:33:22Z" finished-at="2018-02-05T11:33:39Z">
          <reporter-output>
          </reporter-output>
        </test-method> <!-- test_8_VerifyUpdatePageLoaded -->
        <test-method status="PASS" signature="test_9_VerifyGridsInUpdatePage()[pri:45, instance:com.lima.test.AdjunoLIMABookingConfirmationTest@1bce4f0a]" name="test_9_VerifyGridsInUpdatePage" duration-ms="813" started-at="2018-02-05T11:33:39Z" finished-at="2018-02-05T11:33:40Z">
          <reporter-output>
          </reporter-output>
        </test-method> <!-- test_9_VerifyGridsInUpdatePage -->
        <test-method status="PASS" signature="test_10_VerifyCopyDownsDisplayed()[pri:50, instance:com.lima.test.AdjunoLIMABookingConfirmationTest@1bce4f0a]" name="test_10_VerifyCopyDownsDisplayed" duration-ms="1421" started-at="2018-02-05T11:33:40Z" finished-at="2018-02-05T11:33:41Z">
          <reporter-output>
          </reporter-output>
        </test-method> <!-- test_10_VerifyCopyDownsDisplayed -->
        <test-method status="PASS" signature="test_11_VerifyBookingConfirmationGridCaptions()[pri:55, instance:com.lima.test.AdjunoLIMABookingConfirmationTest@1bce4f0a]" name="test_11_VerifyBookingConfirmationGridCaptions" duration-ms="5333" started-at="2018-02-05T11:33:41Z" finished-at="2018-02-05T11:33:46Z">
          <reporter-output>
          </reporter-output>
        </test-method> <!-- test_11_VerifyBookingConfirmationGridCaptions -->
        <test-method status="PASS" signature="test_12_VerifyBookingConfirmationPOGridCaptions()[pri:60, instance:com.lima.test.AdjunoLIMABookingConfirmationTest@1bce4f0a]" name="test_12_VerifyBookingConfirmationPOGridCaptions" duration-ms="2725" started-at="2018-02-05T11:33:46Z" finished-at="2018-02-05T11:33:49Z">
          <reporter-output>
          </reporter-output>
        </test-method> <!-- test_12_VerifyBookingConfirmationPOGridCaptions -->
        <test-method status="PASS" signature="test_13_VerifyMandatoryFields()[pri:65, instance:com.lima.test.AdjunoLIMABookingConfirmationTest@1bce4f0a]" name="test_13_VerifyMandatoryFields" duration-ms="12355" started-at="2018-02-05T11:33:49Z" finished-at="2018-02-05T11:34:02Z">
          <reporter-output>
          </reporter-output>
        </test-method> <!-- test_13_VerifyMandatoryFields -->
        <test-method status="PASS" signature="test_14_SetConfirmedStatusNo()[pri:70, instance:com.lima.test.AdjunoLIMABookingConfirmationTest@1bce4f0a]" name="test_14_SetConfirmedStatusNo" duration-ms="6280" started-at="2018-02-05T11:34:02Z" finished-at="2018-02-05T11:34:08Z">
          <reporter-output>
          </reporter-output>
        </test-method> <!-- test_14_SetConfirmedStatusNo -->
        <test-method status="PASS" signature="test_15_SetReasonValue()[pri:75, instance:com.lima.test.AdjunoLIMABookingConfirmationTest@1bce4f0a]" name="test_15_SetReasonValue" duration-ms="4301" started-at="2018-02-05T11:34:08Z" finished-at="2018-02-05T11:34:12Z">
          <reporter-output>
          </reporter-output>
        </test-method> <!-- test_15_SetReasonValue -->
        <test-method status="PASS" signature="test_16_VerifyDiaologsHyperLink()[pri:80, instance:com.lima.test.AdjunoLIMABookingConfirmationTest@1bce4f0a]" name="test_16_VerifyDiaologsHyperLink" duration-ms="8351" started-at="2018-02-05T11:34:12Z" finished-at="2018-02-05T11:34:20Z">
          <reporter-output>
          </reporter-output>
        </test-method> <!-- test_16_VerifyDiaologsHyperLink -->
        <test-method status="PASS" signature="test_17_VerifyMandatoryFieldInDailogPopUp()[pri:85, instance:com.lima.test.AdjunoLIMABookingConfirmationTest@1bce4f0a]" name="test_17_VerifyMandatoryFieldInDailogPopUp" duration-ms="4702" started-at="2018-02-05T11:34:20Z" finished-at="2018-02-05T11:34:25Z">
          <reporter-output>
          </reporter-output>
        </test-method> <!-- test_17_VerifyMandatoryFieldInDailogPopUp -->
        <test-method status="PASS" signature="test_18_SetMessageField()[pri:90, instance:com.lima.test.AdjunoLIMABookingConfirmationTest@1bce4f0a]" name="test_18_SetMessageField" duration-ms="6888" started-at="2018-02-05T11:34:25Z" finished-at="2018-02-05T11:34:32Z">
          <reporter-output>
          </reporter-output>
        </test-method> <!-- test_18_SetMessageField -->
        <test-method status="PASS" signature="test_19_CloseDailogPopUp()[pri:100, instance:com.lima.test.AdjunoLIMABookingConfirmationTest@1bce4f0a]" name="test_19_CloseDailogPopUp" duration-ms="5001" started-at="2018-02-05T11:34:32Z" finished-at="2018-02-05T11:34:37Z">
          <reporter-output>
          </reporter-output>
        </test-method> <!-- test_19_CloseDailogPopUp -->
        <test-method status="PASS" signature="test_20_VerifyPONumberHyperLink()[pri:105, instance:com.lima.test.AdjunoLIMABookingConfirmationTest@1bce4f0a]" name="test_20_VerifyPONumberHyperLink" duration-ms="23738" started-at="2018-02-05T11:34:37Z" finished-at="2018-02-05T11:35:01Z">
          <reporter-output>
          </reporter-output>
        </test-method> <!-- test_20_VerifyPONumberHyperLink -->
        <test-method status="PASS" signature="test_21_VerifyCompletePage()[pri:120, instance:com.lima.test.AdjunoLIMABookingConfirmationTest@1bce4f0a]" name="test_21_VerifyCompletePage" duration-ms="25321" started-at="2018-02-05T11:35:01Z" finished-at="2018-02-05T11:35:26Z">
          <reporter-output>
          </reporter-output>
        </test-method> <!-- test_21_VerifyCompletePage -->
        <test-method status="PASS" signature="test_25_VerifyPOStatus()[pri:135, instance:com.lima.test.AdjunoLIMABookingConfirmationTest@1bce4f0a]" name="test_25_VerifyPOStatus" duration-ms="33569" started-at="2018-02-05T11:35:26Z" finished-at="2018-02-05T11:36:00Z">
          <reporter-output>
          </reporter-output>
        </test-method> <!-- test_25_VerifyPOStatus -->
        <test-method status="PASS" signature="Test_26_VerifyPONumberInAwaitingStatus()[pri:140, instance:com.lima.test.AdjunoLIMABookingConfirmationTest@1bce4f0a]" name="Test_26_VerifyPONumberInAwaitingStatus" duration-ms="29652" started-at="2018-02-05T11:36:00Z" finished-at="2018-02-05T11:36:29Z">
          <reporter-output>
          </reporter-output>
        </test-method> <!-- Test_26_VerifyPONumberInAwaitingStatus -->
        <test-method status="PASS" signature="Test_27_VerifyPONumberInDeclinedStatus()[pri:145, instance:com.lima.test.AdjunoLIMABookingConfirmationTest@1bce4f0a]" name="Test_27_VerifyPONumberInDeclinedStatus" duration-ms="15520" started-at="2018-02-05T11:36:29Z" finished-at="2018-02-05T11:36:45Z">
          <reporter-output>
          </reporter-output>
        </test-method> <!-- Test_27_VerifyPONumberInDeclinedStatus -->
        <test-method status="PASS" signature="Test_28_VerifyDeclinedPOStatusInBookingDairy()[pri:150, instance:com.lima.test.AdjunoLIMABookingConfirmationTest@1bce4f0a]" name="Test_28_VerifyDeclinedPOStatusInBookingDairy" duration-ms="50265" started-at="2018-02-05T11:36:45Z" finished-at="2018-02-05T11:37:35Z">
          <reporter-output>
          </reporter-output>
        </test-method> <!-- Test_28_VerifyDeclinedPOStatusInBookingDairy -->
        <test-method status="PASS" signature="Test_29_SetBookingConfirmedStatusYes()[pri:155, instance:com.lima.test.AdjunoLIMABookingConfirmationTest@1bce4f0a]" name="Test_29_SetBookingConfirmedStatusYes" duration-ms="54304" started-at="2018-02-05T11:37:35Z" finished-at="2018-02-05T11:38:29Z">
          <reporter-output>
          </reporter-output>
        </test-method> <!-- Test_29_SetBookingConfirmedStatusYes -->
        <test-method status="PASS" signature="Test_33_VerifyConfirmedPOStatus()[pri:170, instance:com.lima.test.AdjunoLIMABookingConfirmationTest@1bce4f0a]" name="Test_33_VerifyConfirmedPOStatus" duration-ms="58944" started-at="2018-02-05T11:38:29Z" finished-at="2018-02-05T11:39:28Z">
          <reporter-output>
          </reporter-output>
        </test-method> <!-- Test_33_VerifyConfirmedPOStatus -->
        <test-method status="PASS" signature="Test_34_VerifyConfirmedPOInDeclinedStatus()[pri:175, instance:com.lima.test.AdjunoLIMABookingConfirmationTest@1bce4f0a]" name="Test_34_VerifyConfirmedPOInDeclinedStatus" duration-ms="28266" started-at="2018-02-05T11:39:28Z" finished-at="2018-02-05T11:39:57Z">
          <reporter-output>
          </reporter-output>
        </test-method> <!-- Test_34_VerifyConfirmedPOInDeclinedStatus -->
        <test-method status="PASS" signature="Test_35_VerifyConfirmedPOInConfirmedStatus()[pri:180, instance:com.lima.test.AdjunoLIMABookingConfirmationTest@1bce4f0a]" name="Test_35_VerifyConfirmedPOInConfirmedStatus" duration-ms="13372" started-at="2018-02-05T11:39:57Z" finished-at="2018-02-05T11:40:10Z">
          <reporter-output>
          </reporter-output>
        </test-method> <!-- Test_35_VerifyConfirmedPOInConfirmedStatus -->
        <test-method status="FAIL" signature="Test_36_VerifyConfirmedPOInBookingDairy()[pri:185, instance:com.lima.test.AdjunoLIMABookingConfirmationTest@1bce4f0a]" name="Test_36_VerifyConfirmedPOInBookingDairy" duration-ms="38646" started-at="2018-02-05T11:40:10Z" finished-at="2018-02-05T11:40:49Z">
          <exception class="org.openqa.selenium.NoSuchWindowException">
            <message>
              <![CDATA[Window not found. The browser window may have been closed.
Command duration or timeout: 1.16 seconds
Build info: version: '2.53.1', revision: 'a36b8b1', time: '2016-06-30 17:32:46'
System info: host: 'LAPTOP-L9I71BEA', ip: '192.168.1.124', os.name: 'Windows 10', os.arch: 'amd64', os.version: '10.0', java.version: '1.8.0_121'
Driver info: org.openqa.selenium.firefox.FirefoxDriver
Capabilities [{applicationCacheEnabled=true, rotatable=false, handlesAlerts=true, databaseEnabled=true, version=47.0.1, platform=WINDOWS, nativeEvents=false, acceptSslCerts=true, webStorageEnabled=true, locationContextEnabled=true, browserName=firefox, takesScreenshot=true, javascriptEnabled=true, cssSelectorsEnabled=true}]
Session ID: 760c86ec-518c-4064-b717-8b6289bc38b1]]>
            </message>
            <full-stacktrace>
              <![CDATA[org.openqa.selenium.NoSuchWindowException: Window not found. The browser window may have been closed.
Command duration or timeout: 1.16 seconds
Build info: version: '2.53.1', revision: 'a36b8b1', time: '2016-06-30 17:32:46'
System info: host: 'LAPTOP-L9I71BEA', ip: '192.168.1.124', os.name: 'Windows 10', os.arch: 'amd64', os.version: '10.0', java.version: '1.8.0_121'
Driver info: org.openqa.selenium.firefox.FirefoxDriver
Capabilities [{applicationCacheEnabled=true, rotatable=false, handlesAlerts=true, databaseEnabled=true, version=47.0.1, platform=WINDOWS, nativeEvents=false, acceptSslCerts=true, webStorageEnabled=true, locationContextEnabled=true, browserName=firefox, takesScreenshot=true, javascriptEnabled=true, cssSelectorsEnabled=true}]
Session ID: 760c86ec-518c-4064-b717-8b6289bc38b1
	at sun.reflect.NativeConstructorAccessorImpl.newInstance0(Native Method)
	at sun.reflect.NativeConstructorAccessorImpl.newInstance(Unknown Source)
	at sun.reflect.DelegatingConstructorAccessorImpl.newInstance(Unknown Source)
	at java.lang.reflect.Constructor.newInstance(Unknown Source)
	at org.openqa.selenium.remote.ErrorHandler.createThrowable(ErrorHandler.java:206)
	at org.openqa.selenium.remote.ErrorHandler.throwIfResponseFailed(ErrorHandler.java:158)
	at org.openqa.selenium.remote.RemoteWebDriver.execute(RemoteWebDriver.java:678)
	at org.openqa.selenium.remote.RemoteWebDriver.executeScript(RemoteWebDriver.java:577)
	at com.lima.library.AdjunoUILibrary.getGridCellElementValue(AdjunoUILibrary.java:416)
	at com.lima.pagefactory.AdjunoLIMABookingConfirmationPOM.getGridCellValue(AdjunoLIMABookingConfirmationPOM.java:794)
	at com.lima.test.AdjunoLIMABookingConfirmationTest.Test_36_VerifyConfirmedPOInBookingDairy(AdjunoLIMABookingConfirmationTest.java:1010)
	at sun.reflect.NativeMethodAccessorImpl.invoke0(Native Method)
	at sun.reflect.NativeMethodAccessorImpl.invoke(Unknown Source)
	at sun.reflect.DelegatingMethodAccessorImpl.invoke(Unknown Source)
	at java.lang.reflect.Method.invoke(Unknown Source)
	at org.testng.internal.MethodInvocationHelper.invokeMethod(MethodInvocationHelper.java:100)
	at org.testng.internal.Invoker.invokeMethod(Invoker.java:646)
	at org.testng.internal.Invoker.invokeTestMethod(Invoker.java:811)
	at org.testng.internal.Invoker.invokeTestMethods(Invoker.java:1129)
	at org.testng.internal.TestMethodWorker.invokeTestMethods(TestMethodWorker.java:129)
	at org.testng.internal.TestMethodWorker.run(TestMethodWorker.java:112)
	at org.testng.TestRunner.privateRun(TestRunner.java:746)
	at org.testng.TestRunner.run(TestRunner.java:600)
	at org.testng.SuiteRunner.runTest(SuiteRunner.java:366)
	at org.testng.SuiteRunner.runSequentially(SuiteRunner.java:361)
	at org.testng.SuiteRunner.privateRun(SuiteRunner.java:319)
	at org.testng.SuiteRunner.run(SuiteRunner.java:268)
	at org.testng.SuiteRunnerWorker.runSuite(SuiteRunnerWorker.java:52)
	at org.testng.SuiteRunnerWorker.run(SuiteRunnerWorker.java:86)
	at org.testng.TestNG.runSuitesSequentially(TestNG.java:1264)
	at org.testng.TestNG.runSuitesLocally(TestNG.java:1189)
	at org.testng.TestNG.runSuites(TestNG.java:1104)
	at org.testng.TestNG.run(TestNG.java:1076)
	at org.testng.remote.AbstractRemoteTestNG.run(AbstractRemoteTestNG.java:126)
	at org.testng.remote.RemoteTestNG.initAndRun(RemoteTestNG.java:152)
	at org.testng.remote.RemoteTestNG.main(RemoteTestNG.java:57)
Caused by: org.openqa.selenium.NoSuchWindowException: Window not found. The browser window may have been closed.
Build info: version: '2.53.1', revision: 'a36b8b1', time: '2016-06-30 17:32:46'
System info: host: 'LAPTOP-L9I71BEA', ip: '192.168.1.124', os.name: 'Windows 10', os.arch: 'amd64', os.version: '10.0', java.version: '1.8.0_121'
Driver info: driver.version: unknown
	at <anonymous class>.nsCommandProcessor.prototype.execute(file:///C:/Users/Anand/AppData/Local/Temp/anonymous7932571166864051089webdriver-profile/extensions/fxdriver@googlecode.com/components/command-processor.js:12719)
	at <anonymous class>.Dispatcher.executeAs/<(file:///C:/Users/Anand/AppData/Local/Temp/anonymous7932571166864051089webdriver-profile/extensions/fxdriver@googlecode.com/components/driver-component.js:9558)
	at <anonymous class>.Resource.prototype.handle(file:///C:/Users/Anand/AppData/Local/Temp/anonymous7932571166864051089webdriver-profile/extensions/fxdriver@googlecode.com/components/driver-component.js:9705)
	at <anonymous class>.Dispatcher.prototype.dispatch(file:///C:/Users/Anand/AppData/Local/Temp/anonymous7932571166864051089webdriver-profile/extensions/fxdriver@googlecode.com/components/driver-component.js:9652)
	at <anonymous class>.WebDriverServer/<.handle(file:///C:/Users/Anand/AppData/Local/Temp/anonymous7932571166864051089webdriver-profile/extensions/fxdriver@googlecode.com/components/driver-component.js:12517)
	at <anonymous class>.createHandlerFunc/<(file:///C:/Users/Anand/AppData/Local/Temp/anonymous7932571166864051089webdriver-profile/extensions/fxdriver@googlecode.com/components/httpd.js:2054)
	at <anonymous class>.ServerHandler.prototype.handleResponse(file:///C:/Users/Anand/AppData/Local/Temp/anonymous7932571166864051089webdriver-profile/extensions/fxdriver@googlecode.com/components/httpd.js:2387)
	at <anonymous class>.Connection.prototype.process(file:///C:/Users/Anand/AppData/Local/Temp/anonymous7932571166864051089webdriver-profile/extensions/fxdriver@googlecode.com/components/httpd.js:1223)
	at <anonymous class>.RequestReader.prototype._handleResponse(file:///C:/Users/Anand/AppData/Local/Temp/anonymous7932571166864051089webdriver-profile/extensions/fxdriver@googlecode.com/components/httpd.js:1677)
	at <anonymous class>.RequestReader.prototype._processBody(file:///C:/Users/Anand/AppData/Local/Temp/anonymous7932571166864051089webdriver-profile/extensions/fxdriver@googlecode.com/components/httpd.js:1525)
	at <anonymous class>.RequestReader.prototype.onInputStreamReady(file:///C:/Users/Anand/AppData/Local/Temp/anonymous7932571166864051089webdriver-profile/extensions/fxdriver@googlecode.com/components/httpd.js:1393)
]]>
            </full-stacktrace>
          </exception> <!-- org.openqa.selenium.NoSuchWindowException -->
          <reporter-output>
          </reporter-output>
        </test-method> <!-- Test_36_VerifyConfirmedPOInBookingDairy -->
      </class> <!-- com.lima.test.AdjunoLIMABookingConfirmationTest -->
    </test> <!-- Default test -->
  </suite> <!-- Default suite -->
</testng-results>
